[ 2014-12-26T16:08:22+08:00 ] 127.0.0.1 /projcet/babyweb/htdocs/en/index.php/index/index.shtml
INFO: [ route_check ] --START--
INFO: CheckRoute Behavior ::run [ RunTime:0.002154s ]
INFO: [ route_check ] --END-- [ RunTime:0.002352s ]
INFO: [ app_begin ] --START--
INFO: ReadHtmlCache Behavior ::run [ RunTime:0.001664s ]
INFO: [ app_begin ] --END-- [ RunTime:0.001838s ]
SQL: SHOW COLUMNS FROM `website_link` [ RunTime:0.006764s ]
SQL: SELECT * FROM `website_link` WHERE ( `lang` = 'en' ) ORDER BY link_sort LIMIT 10   [ RunTime:0.000740s ]
SQL: SHOW COLUMNS FROM `website_index_images` [ RunTime:0.006147s ]
SQL: SELECT * FROM `website_index_images` WHERE ( lang='en' and used=1 ) ORDER BY num asc,id asc  [ RunTime:0.001942s ]
NOTIC: [8] Trying to get property of non-object D:\wamp\www\projcet\babyweb\en\Lib\Action\IndexAction.class.php 第 11 行.
NOTIC: [8] Trying to get property of non-object D:\wamp\www\projcet\babyweb\en\Lib\Action\IndexAction.class.php 第 11 行.
NOTIC: [8] Trying to get property of non-object D:\wamp\www\projcet\babyweb\en\Lib\Action\IndexAction.class.php 第 12 行.
NOTIC: [8] Trying to get property of non-object D:\wamp\www\projcet\babyweb\en\Lib\Action\IndexAction.class.php 第 12 行.
NOTIC: [8] Trying to get property of non-object D:\wamp\www\projcet\babyweb\en\Lib\Action\IndexAction.class.php 第 13 行.
INFO: [ view_parse ] --START--
NOTIC: [8] Use of undefined constant one - assumed 'one' D:\wamp\www\projcet\babyweb\en\Runtime\Cache\d04b781bf3e959fc3dbbf3d56ba3909a.php 第 128 行.
NOTIC: [8] Use of undefined constant one3 - assumed 'one3' D:\wamp\www\projcet\babyweb\en\Runtime\Cache\d04b781bf3e959fc3dbbf3d56ba3909a.php 第 135 行.
NOTIC: [8] Use of undefined constant one - assumed 'one' D:\wamp\www\projcet\babyweb\en\Runtime\Cache\d04b781bf3e959fc3dbbf3d56ba3909a.php 第 128 行.
NOTIC: [8] Use of undefined constant one3 - assumed 'one3' D:\wamp\www\projcet\babyweb\en\Runtime\Cache\d04b781bf3e959fc3dbbf3d56ba3909a.php 第 135 行.
NOTIC: [8] Use of undefined constant one - assumed 'one' D:\wamp\www\projcet\babyweb\en\Runtime\Cache\d04b781bf3e959fc3dbbf3d56ba3909a.php 第 205 行.
NOTIC: [8] Use of undefined constant one - assumed 'one' D:\wamp\www\projcet\babyweb\en\Runtime\Cache\d04b781bf3e959fc3dbbf3d56ba3909a.php 第 205 行.
INFO: ParseTemplate Behavior ::run [ RunTime:0.126368s ]
INFO: [ view_parse ] --END-- [ RunTime:0.126504s ]
INFO: [ view_filter ] --START--
INFO: ContentReplace Behavior ::run [ RunTime:0.001778s ]
INFO: TokenBuild Behavior ::run [ RunTime:0.001653s ]
INFO: WriteHtmlCache Behavior ::run [ RunTime:0.001450s ]
INFO: ShowRuntime Behavior ::run [ RunTime:0.002207s ]
INFO: [ view_filter ] --END-- [ RunTime:0.007580s ]
INFO: [ view_end ] --START--
INFO: ShowPageTrace Behavior ::run [ RunTime:0.001689s ]
INFO: [ view_end ] --END-- [ RunTime:0.001872s ]

[ 2014-12-26T16:08:28+08:00 ] 127.0.0.1 /projcet/babyweb/htdocs/en/index.php/index/link.shtml
INFO: [ route_check ] --START--
INFO: CheckRoute Behavior ::run [ RunTime:0.002846s ]
INFO: [ route_check ] --END-- [ RunTime:0.003053s ]
INFO: [ app_begin ] --START--
INFO: ReadHtmlCache Behavior ::run [ RunTime:0.005955s ]
INFO: [ app_begin ] --END-- [ RunTime:0.006213s ]
SQL: SHOW COLUMNS FROM `website_link` [ RunTime:0.005736s ]
SQL: SELECT * FROM `website_link` WHERE ( `lang` = 'en' ) ORDER BY link_sort LIMIT 10   [ RunTime:0.000789s ]
SQL: SELECT * FROM `website_link` WHERE ( `lang` = 'en' ) ORDER BY link_sort  [ RunTime:0.001025s ]
INFO: [ view_parse ] --START--
INFO: ParseTemplate Behavior ::run [ RunTime:0.029471s ]
INFO: [ view_parse ] --END-- [ RunTime:0.029646s ]
INFO: [ view_filter ] --START--
INFO: ContentReplace Behavior ::run [ RunTime:0.001422s ]
INFO: TokenBuild Behavior ::run [ RunTime:0.001134s ]
INFO: WriteHtmlCache Behavior ::run [ RunTime:0.001074s ]
INFO: ShowRuntime Behavior ::run [ RunTime:0.001498s ]
INFO: [ view_filter ] --END-- [ RunTime:0.005638s ]
INFO: [ view_end ] --START--
INFO: ShowPageTrace Behavior ::run [ RunTime:0.001599s ]
INFO: [ view_end ] --END-- [ RunTime:0.001750s ]

[ 2014-12-26T16:09:16+08:00 ] 127.0.0.1 /projcet/babyweb/htdocs/en/index.php/index/index.shtml
INFO: [ route_check ] --START--
INFO: CheckRoute Behavior ::run [ RunTime:0.004259s ]
INFO: [ route_check ] --END-- [ RunTime:0.004465s ]
INFO: [ app_begin ] --START--
INFO: ReadHtmlCache Behavior ::run [ RunTime:0.002412s ]
INFO: [ app_begin ] --END-- [ RunTime:0.002678s ]
SQL: SHOW COLUMNS FROM `website_link` [ RunTime:0.008029s ]
SQL: SELECT * FROM `website_link` WHERE ( `lang` = 'en' ) ORDER BY link_sort LIMIT 10   [ RunTime:0.002130s ]
SQL: SHOW COLUMNS FROM `website_index_images` [ RunTime:0.008168s ]
SQL: SELECT * FROM `website_index_images` WHERE ( lang='en' and used=1 ) ORDER BY num asc,id asc  [ RunTime:0.003635s ]
NOTIC: [8] Trying to get property of non-object D:\wamp\www\projcet\babyweb\en\Lib\Action\IndexAction.class.php 第 11 行.
NOTIC: [8] Trying to get property of non-object D:\wamp\www\projcet\babyweb\en\Lib\Action\IndexAction.class.php 第 11 行.
NOTIC: [8] Trying to get property of non-object D:\wamp\www\projcet\babyweb\en\Lib\Action\IndexAction.class.php 第 12 行.
NOTIC: [8] Trying to get property of non-object D:\wamp\www\projcet\babyweb\en\Lib\Action\IndexAction.class.php 第 12 行.
NOTIC: [8] Trying to get property of non-object D:\wamp\www\projcet\babyweb\en\Lib\Action\IndexAction.class.php 第 13 行.
INFO: [ view_parse ] --START--
NOTIC: [8] Use of undefined constant one - assumed 'one' D:\wamp\www\projcet\babyweb\en\Runtime\Cache\d04b781bf3e959fc3dbbf3d56ba3909a.php 第 128 行.
NOTIC: [8] Use of undefined constant one3 - assumed 'one3' D:\wamp\www\projcet\babyweb\en\Runtime\Cache\d04b781bf3e959fc3dbbf3d56ba3909a.php 第 135 行.
NOTIC: [8] Use of undefined constant one - assumed 'one' D:\wamp\www\projcet\babyweb\en\Runtime\Cache\d04b781bf3e959fc3dbbf3d56ba3909a.php 第 128 行.
NOTIC: [8] Use of undefined constant one3 - assumed 'one3' D:\wamp\www\projcet\babyweb\en\Runtime\Cache\d04b781bf3e959fc3dbbf3d56ba3909a.php 第 135 行.
NOTIC: [8] Use of undefined constant one - assumed 'one' D:\wamp\www\projcet\babyweb\en\Runtime\Cache\d04b781bf3e959fc3dbbf3d56ba3909a.php 第 205 行.
NOTIC: [8] Use of undefined constant one - assumed 'one' D:\wamp\www\projcet\babyweb\en\Runtime\Cache\d04b781bf3e959fc3dbbf3d56ba3909a.php 第 205 行.
INFO: ParseTemplate Behavior ::run [ RunTime:0.077923s ]
INFO: [ view_parse ] --END-- [ RunTime:0.078143s ]
INFO: [ view_filter ] --START--
INFO: ContentReplace Behavior ::run [ RunTime:0.002267s ]
INFO: TokenBuild Behavior ::run [ RunTime:0.001990s ]
INFO: WriteHtmlCache Behavior ::run [ RunTime:0.001334s ]
INFO: ShowRuntime Behavior ::run [ RunTime:0.001862s ]
INFO: [ view_filter ] --END-- [ RunTime:0.007984s ]
INFO: [ view_end ] --START--
INFO: ShowPageTrace Behavior ::run [ RunTime:0.001749s ]
INFO: [ view_end ] --END-- [ RunTime:0.001982s ]

[ 2014-12-26T16:09:20+08:00 ] 127.0.0.1 /projcet/babyweb/htdocs/en/index.php/index/link.shtml
INFO: [ route_check ] --START--
INFO: CheckRoute Behavior ::run [ RunTime:0.002073s ]
INFO: [ route_check ] --END-- [ RunTime:0.002283s ]
INFO: [ app_begin ] --START--
INFO: ReadHtmlCache Behavior ::run [ RunTime:0.001722s ]
INFO: [ app_begin ] --END-- [ RunTime:0.001871s ]
SQL: SHOW COLUMNS FROM `website_link` [ RunTime:0.005921s ]
SQL: SELECT * FROM `website_link` WHERE ( `lang` = 'en' ) ORDER BY link_sort LIMIT 10   [ RunTime:0.001125s ]
SQL: SELECT * FROM `website_link` WHERE ( `lang` = 'en' ) ORDER BY link_sort  [ RunTime:0.001557s ]
INFO: [ view_parse ] --START--
INFO: ParseTemplate Behavior ::run [ RunTime:0.022809s ]
INFO: [ view_parse ] --END-- [ RunTime:0.023021s ]
INFO: [ view_filter ] --START--
INFO: ContentReplace Behavior ::run [ RunTime:0.001205s ]
INFO: TokenBuild Behavior ::run [ RunTime:0.001145s ]
INFO: WriteHtmlCache Behavior ::run [ RunTime:0.000750s ]
INFO: ShowRuntime Behavior ::run [ RunTime:0.001177s ]
INFO: [ view_filter ] --END-- [ RunTime:0.004743s ]
INFO: [ view_end ] --START--
INFO: ShowPageTrace Behavior ::run [ RunTime:0.001584s ]
INFO: [ view_end ] --END-- [ RunTime:0.001743s ]

[ 2014-12-26T16:28:18+08:00 ] 127.0.0.1 /projcet/babyweb/htdocs/en/index.php/index/declaration.shtml
INFO: [ route_check ] --START--
INFO: CheckRoute Behavior ::run [ RunTime:0.002473s ]
INFO: [ route_check ] --END-- [ RunTime:0.002672s ]
INFO: [ app_begin ] --START--
INFO: ReadHtmlCache Behavior ::run [ RunTime:0.001392s ]
INFO: [ app_begin ] --END-- [ RunTime:0.001523s ]
SQL: SHOW COLUMNS FROM `website_link` [ RunTime:0.005406s ]
SQL: SELECT * FROM `website_link` WHERE ( `lang` = 'en' ) ORDER BY link_sort LIMIT 10   [ RunTime:0.001103s ]
INFO: [ view_parse ] --START--
INFO: ParseTemplate Behavior ::run [ RunTime:0.070741s ]
INFO: [ view_parse ] --END-- [ RunTime:0.070917s ]
INFO: [ view_filter ] --START--
INFO: ContentReplace Behavior ::run [ RunTime:0.001494s ]
INFO: TokenBuild Behavior ::run [ RunTime:0.001209s ]
INFO: WriteHtmlCache Behavior ::run [ RunTime:0.000976s ]
INFO: ShowRuntime Behavior ::run [ RunTime:0.001645s ]
INFO: [ view_filter ] --END-- [ RunTime:0.005819s ]
INFO: [ view_end ] --START--
INFO: ShowPageTrace Behavior ::run [ RunTime:0.001954s ]
INFO: [ view_end ] --END-- [ RunTime:0.002188s ]

[ 2014-12-26T16:28:19+08:00 ] 127.0.0.1 /projcet/babyweb/htdocs/en/index.php/index/privacyPolicy.shtml
INFO: [ route_check ] --START--
INFO: CheckRoute Behavior ::run [ RunTime:0.001473s ]
INFO: [ route_check ] --END-- [ RunTime:0.001601s ]
INFO: [ app_begin ] --START--
INFO: ReadHtmlCache Behavior ::run [ RunTime:0.001069s ]
INFO: [ app_begin ] --END-- [ RunTime:0.001173s ]
SQL: SHOW COLUMNS FROM `website_link` [ RunTime:0.004221s ]
SQL: SELECT * FROM `website_link` WHERE ( `lang` = 'en' ) ORDER BY link_sort LIMIT 10   [ RunTime:0.001321s ]
INFO: [ view_parse ] --START--
INFO: ParseTemplate Behavior ::run [ RunTime:0.070545s ]
INFO: [ view_parse ] --END-- [ RunTime:0.070694s ]
INFO: [ view_filter ] --START--
INFO: ContentReplace Behavior ::run [ RunTime:0.000986s ]
INFO: TokenBuild Behavior ::run [ RunTime:0.001305s ]
INFO: WriteHtmlCache Behavior ::run [ RunTime:0.000666s ]
INFO: ShowRuntime Behavior ::run [ RunTime:0.001019s ]
INFO: [ view_filter ] --END-- [ RunTime:0.004256s ]
INFO: [ view_end ] --START--
INFO: ShowPageTrace Behavior ::run [ RunTime:0.001301s ]
INFO: [ view_end ] --END-- [ RunTime:0.001403s ]

[ 2014-12-26T16:28:20+08:00 ] 127.0.0.1 /projcet/babyweb/htdocs/en/index.php/index/link.shtml
INFO: [ route_check ] --START--
INFO: CheckRoute Behavior ::run [ RunTime:0.001337s ]
INFO: [ route_check ] --END-- [ RunTime:0.001459s ]
INFO: [ app_begin ] --START--
INFO: ReadHtmlCache Behavior ::run [ RunTime:0.000995s ]
INFO: [ app_begin ] --END-- [ RunTime:0.001084s ]
SQL: SHOW COLUMNS FROM `website_link` [ RunTime:0.011658s ]
SQL: SELECT * FROM `website_link` WHERE ( `lang` = 'en' ) ORDER BY link_sort LIMIT 10   [ RunTime:0.000825s ]
SQL: SELECT * FROM `website_link` WHERE ( `lang` = 'en' ) ORDER BY link_sort  [ RunTime:0.000408s ]
INFO: [ view_parse ] --START--
INFO: ParseTemplate Behavior ::run [ RunTime:0.033273s ]
INFO: [ view_parse ] --END-- [ RunTime:0.033421s ]
INFO: [ view_filter ] --START--
INFO: ContentReplace Behavior ::run [ RunTime:0.000963s ]
INFO: TokenBuild Behavior ::run [ RunTime:0.001004s ]
INFO: WriteHtmlCache Behavior ::run [ RunTime:0.000614s ]
INFO: ShowRuntime Behavior ::run [ RunTime:0.001296s ]
INFO: [ view_filter ] --END-- [ RunTime:0.004143s ]
INFO: [ view_end ] --START--
INFO: ShowPageTrace Behavior ::run [ RunTime:0.001190s ]
INFO: [ view_end ] --END-- [ RunTime:0.001293s ]

[ 2014-12-26T16:28:20+08:00 ] 127.0.0.1 /projcet/babyweb/htdocs/en/index.php/index/privacyPolicy.shtml
INFO: [ route_check ] --START--
INFO: CheckRoute Behavior ::run [ RunTime:0.001663s ]
INFO: [ route_check ] --END-- [ RunTime:0.001795s ]
INFO: [ app_begin ] --START--
INFO: ReadHtmlCache Behavior ::run [ RunTime:0.001052s ]
INFO: [ app_begin ] --END-- [ RunTime:0.001152s ]
SQL: SHOW COLUMNS FROM `website_link` [ RunTime:0.004209s ]
SQL: SELECT * FROM `website_link` WHERE ( `lang` = 'en' ) ORDER BY link_sort LIMIT 10   [ RunTime:0.000584s ]
INFO: [ view_parse ] --START--
INFO: ParseTemplate Behavior ::run [ RunTime:0.015386s ]
INFO: [ view_parse ] --END-- [ RunTime:0.015607s ]
INFO: [ view_filter ] --START--
INFO: ContentReplace Behavior ::run [ RunTime:0.000981s ]
INFO: TokenBuild Behavior ::run [ RunTime:0.000846s ]
INFO: WriteHtmlCache Behavior ::run [ RunTime:0.000626s ]
INFO: ShowRuntime Behavior ::run [ RunTime:0.000892s ]
INFO: [ view_filter ] --END-- [ RunTime:0.003604s ]
INFO: [ view_end ] --START--
INFO: ShowPageTrace Behavior ::run [ RunTime:0.001175s ]
INFO: [ view_end ] --END-- [ RunTime:0.001280s ]

[ 2014-12-26T16:28:21+08:00 ] 127.0.0.1 /projcet/babyweb/htdocs/en/index.php/index/declaration.shtml
INFO: [ route_check ] --START--
INFO: CheckRoute Behavior ::run [ RunTime:0.001596s ]
INFO: [ route_check ] --END-- [ RunTime:0.001719s ]
INFO: [ app_begin ] --START--
INFO: ReadHtmlCache Behavior ::run [ RunTime:0.001161s ]
INFO: [ app_begin ] --END-- [ RunTime:0.001254s ]
SQL: SHOW COLUMNS FROM `website_link` [ RunTime:0.004387s ]
SQL: SELECT * FROM `website_link` WHERE ( `lang` = 'en' ) ORDER BY link_sort LIMIT 10   [ RunTime:0.000574s ]
INFO: [ view_parse ] --START--
INFO: ParseTemplate Behavior ::run [ RunTime:0.017847s ]
INFO: [ view_parse ] --END-- [ RunTime:0.017976s ]
INFO: [ view_filter ] --START--
INFO: ContentReplace Behavior ::run [ RunTime:0.000999s ]
INFO: TokenBuild Behavior ::run [ RunTime:0.000901s ]
INFO: WriteHtmlCache Behavior ::run [ RunTime:0.000664s ]
INFO: ShowRuntime Behavior ::run [ RunTime:0.000933s ]
INFO: [ view_filter ] --END-- [ RunTime:0.003737s ]
INFO: [ view_end ] --START--
INFO: ShowPageTrace Behavior ::run [ RunTime:0.004426s ]
INFO: [ view_end ] --END-- [ RunTime:0.004576s ]

[ 2014-12-26T16:28:22+08:00 ] 127.0.0.1 /projcet/babyweb/htdocs/en/index.php/index/link.shtml
INFO: [ route_check ] --START--
INFO: CheckRoute Behavior ::run [ RunTime:0.001615s ]
INFO: [ route_check ] --END-- [ RunTime:0.001761s ]
INFO: [ app_begin ] --START--
INFO: ReadHtmlCache Behavior ::run [ RunTime:0.000961s ]
INFO: [ app_begin ] --END-- [ RunTime:0.001051s ]
SQL: SHOW COLUMNS FROM `website_link` [ RunTime:0.004472s ]
SQL: SELECT * FROM `website_link` WHERE ( `lang` = 'en' ) ORDER BY link_sort LIMIT 10   [ RunTime:0.000748s ]
SQL: SELECT * FROM `website_link` WHERE ( `lang` = 'en' ) ORDER BY link_sort  [ RunTime:0.000669s ]
INFO: [ view_parse ] --START--
INFO: ParseTemplate Behavior ::run [ RunTime:0.017440s ]
INFO: [ view_parse ] --END-- [ RunTime:0.017568s ]
INFO: [ view_filter ] --START--
INFO: ContentReplace Behavior ::run [ RunTime:0.000897s ]
INFO: TokenBuild Behavior ::run [ RunTime:0.000991s ]
INFO: WriteHtmlCache Behavior ::run [ RunTime:0.000679s ]
INFO: ShowRuntime Behavior ::run [ RunTime:0.000984s ]
INFO: [ view_filter ] --END-- [ RunTime:0.003794s ]
INFO: [ view_end ] --START--
INFO: ShowPageTrace Behavior ::run [ RunTime:0.001064s ]
INFO: [ view_end ] --END-- [ RunTime:0.001150s ]

