[ 2014-12-22T11:09:38+08:00 ] 10.1.1.228 /
INFO: [ app_begin ] --START--
INFO: ReadHtmlCache Behavior ::run [ RunTime:0.001040s ]
INFO: [ app_begin ] --END-- [ RunTime:0.001232s ]
SQL: SHOW COLUMNS FROM `website_index_images` [ RunTime:0.154674s ]
SQL: SELECT * FROM `website_index_images` WHERE ( lang='en' and used=1 ) ORDER BY num asc,id asc  [ RunTime:0.001328s ]
INFO: [ view_parse ] --START--
NOTIC: [8] Use of undefined constant one - assumed 'one' D:\wamp\www\projcet\babyweb\en\Runtime\Cache\d04b781bf3e959fc3dbbf3d56ba3909a.php 第 128 行.
NOTIC: [8] Use of undefined constant one3 - assumed 'one3' D:\wamp\www\projcet\babyweb\en\Runtime\Cache\d04b781bf3e959fc3dbbf3d56ba3909a.php 第 143 行.
NOTIC: [8] Use of undefined constant one - assumed 'one' D:\wamp\www\projcet\babyweb\en\Runtime\Cache\d04b781bf3e959fc3dbbf3d56ba3909a.php 第 213 行.
INFO: ParseTemplate Behavior ::run [ RunTime:0.139600s ]
INFO: [ view_parse ] --END-- [ RunTime:0.139744s ]
INFO: [ view_filter ] --START--
INFO: ContentReplace Behavior ::run [ RunTime:0.000877s ]
INFO: TokenBuild Behavior ::run [ RunTime:0.000671s ]
INFO: WriteHtmlCache Behavior ::run [ RunTime:0.000563s ]
INFO: ShowRuntime Behavior ::run [ RunTime:0.000867s ]
INFO: [ view_filter ] --END-- [ RunTime:0.003240s ]
INFO: [ view_end ] --START--
INFO: ShowPageTrace Behavior ::run [ RunTime:0.005701s ]
INFO: [ view_end ] --END-- [ RunTime:0.005858s ]

[ 2014-12-22T11:09:48+08:00 ] 10.1.1.228 /
INFO: [ app_begin ] --START--
INFO: ReadHtmlCache Behavior ::run [ RunTime:0.001467s ]
INFO: [ app_begin ] --END-- [ RunTime:0.001656s ]
SQL: SHOW COLUMNS FROM `website_index_images` [ RunTime:0.005470s ]
SQL: SELECT * FROM `website_index_images` WHERE ( lang='en' and used=1 ) ORDER BY num asc,id asc  [ RunTime:0.001088s ]
INFO: [ view_parse ] --START--
NOTIC: [8] Use of undefined constant one - assumed 'one' D:\wamp\www\projcet\babyweb\en\Runtime\Cache\d04b781bf3e959fc3dbbf3d56ba3909a.php 第 128 行.
NOTIC: [8] Use of undefined constant one3 - assumed 'one3' D:\wamp\www\projcet\babyweb\en\Runtime\Cache\d04b781bf3e959fc3dbbf3d56ba3909a.php 第 143 行.
NOTIC: [8] Use of undefined constant one - assumed 'one' D:\wamp\www\projcet\babyweb\en\Runtime\Cache\d04b781bf3e959fc3dbbf3d56ba3909a.php 第 213 行.
INFO: ParseTemplate Behavior ::run [ RunTime:0.046217s ]
INFO: [ view_parse ] --END-- [ RunTime:0.046361s ]
INFO: [ view_filter ] --START--
INFO: ContentReplace Behavior ::run [ RunTime:0.001212s ]
INFO: TokenBuild Behavior ::run [ RunTime:0.000974s ]
INFO: WriteHtmlCache Behavior ::run [ RunTime:0.000771s ]
INFO: ShowRuntime Behavior ::run [ RunTime:0.001057s ]
INFO: [ view_filter ] --END-- [ RunTime:0.004427s ]
INFO: [ view_end ] --START--
INFO: ShowPageTrace Behavior ::run [ RunTime:0.001614s ]
INFO: [ view_end ] --END-- [ RunTime:0.001824s ]

[ 2014-12-22T11:10:03+08:00 ] 10.1.1.228 /
INFO: [ app_begin ] --START--
INFO: ReadHtmlCache Behavior ::run [ RunTime:0.000975s ]
INFO: [ app_begin ] --END-- [ RunTime:0.001099s ]
SQL: SHOW COLUMNS FROM `website_index_images` [ RunTime:0.005504s ]
SQL: SELECT * FROM `website_index_images` WHERE ( lang='en' and used=1 ) ORDER BY num asc,id asc  [ RunTime:0.001058s ]
INFO: [ view_parse ] --START--
NOTIC: [8] Use of undefined constant one - assumed 'one' D:\wamp\www\projcet\babyweb\en\Runtime\Cache\d04b781bf3e959fc3dbbf3d56ba3909a.php 第 128 行.
NOTIC: [8] Use of undefined constant one3 - assumed 'one3' D:\wamp\www\projcet\babyweb\en\Runtime\Cache\d04b781bf3e959fc3dbbf3d56ba3909a.php 第 143 行.
NOTIC: [8] Use of undefined constant one - assumed 'one' D:\wamp\www\projcet\babyweb\en\Runtime\Cache\d04b781bf3e959fc3dbbf3d56ba3909a.php 第 213 行.
INFO: ParseTemplate Behavior ::run [ RunTime:0.041212s ]
INFO: [ view_parse ] --END-- [ RunTime:0.041325s ]
INFO: [ view_filter ] --START--
INFO: ContentReplace Behavior ::run [ RunTime:0.000855s ]
INFO: TokenBuild Behavior ::run [ RunTime:0.000742s ]
INFO: WriteHtmlCache Behavior ::run [ RunTime:0.000630s ]
INFO: ShowRuntime Behavior ::run [ RunTime:0.000837s ]
INFO: [ view_filter ] --END-- [ RunTime:0.003366s ]
INFO: [ view_end ] --START--
INFO: ShowPageTrace Behavior ::run [ RunTime:0.001163s ]
INFO: [ view_end ] --END-- [ RunTime:0.001310s ]

[ 2014-12-22T11:10:36+08:00 ] 10.1.1.228 /
INFO: [ app_begin ] --START--
INFO: ReadHtmlCache Behavior ::run [ RunTime:0.000943s ]
INFO: [ app_begin ] --END-- [ RunTime:0.001070s ]
SQL: SHOW COLUMNS FROM `website_index_images` [ RunTime:0.004930s ]
SQL: SELECT * FROM `website_index_images` WHERE ( lang='en' and used=1 ) ORDER BY num asc,id asc  [ RunTime:0.000935s ]
INFO: [ view_parse ] --START--
NOTIC: [8] Use of undefined constant one - assumed 'one' D:\wamp\www\projcet\babyweb\en\Runtime\Cache\d04b781bf3e959fc3dbbf3d56ba3909a.php 第 128 行.
NOTIC: [8] Use of undefined constant one3 - assumed 'one3' D:\wamp\www\projcet\babyweb\en\Runtime\Cache\d04b781bf3e959fc3dbbf3d56ba3909a.php 第 143 行.
NOTIC: [8] Use of undefined constant one - assumed 'one' D:\wamp\www\projcet\babyweb\en\Runtime\Cache\d04b781bf3e959fc3dbbf3d56ba3909a.php 第 213 行.
INFO: ParseTemplate Behavior ::run [ RunTime:0.042447s ]
INFO: [ view_parse ] --END-- [ RunTime:0.042578s ]
INFO: [ view_filter ] --START--
INFO: ContentReplace Behavior ::run [ RunTime:0.000938s ]
INFO: TokenBuild Behavior ::run [ RunTime:0.000949s ]
INFO: WriteHtmlCache Behavior ::run [ RunTime:0.000613s ]
INFO: ShowRuntime Behavior ::run [ RunTime:0.000754s ]
INFO: [ view_filter ] --END-- [ RunTime:0.003620s ]
INFO: [ view_end ] --START--
INFO: ShowPageTrace Behavior ::run [ RunTime:0.001281s ]
INFO: [ view_end ] --END-- [ RunTime:0.001384s ]

[ 2014-12-22T11:23:12+08:00 ] 10.1.1.228 /
INFO: [ app_begin ] --START--
INFO: ReadHtmlCache Behavior ::run [ RunTime:0.001047s ]
INFO: [ app_begin ] --END-- [ RunTime:0.001186s ]
SQL: SHOW COLUMNS FROM `website_index_images` [ RunTime:0.005529s ]
SQL: SELECT * FROM `website_index_images` WHERE ( lang='en' and used=1 ) ORDER BY num asc,id asc  [ RunTime:0.001266s ]
INFO: [ view_parse ] --START--
NOTIC: [8] Use of undefined constant one - assumed 'one' D:\wamp\www\projcet\babyweb\en\Runtime\Cache\d04b781bf3e959fc3dbbf3d56ba3909a.php 第 128 行.
NOTIC: [8] Use of undefined constant one3 - assumed 'one3' D:\wamp\www\projcet\babyweb\en\Runtime\Cache\d04b781bf3e959fc3dbbf3d56ba3909a.php 第 143 行.
NOTIC: [8] Use of undefined constant one - assumed 'one' D:\wamp\www\projcet\babyweb\en\Runtime\Cache\d04b781bf3e959fc3dbbf3d56ba3909a.php 第 213 行.
INFO: ParseTemplate Behavior ::run [ RunTime:0.041079s ]
INFO: [ view_parse ] --END-- [ RunTime:0.041191s ]
INFO: [ view_filter ] --START--
INFO: ContentReplace Behavior ::run [ RunTime:0.000768s ]
INFO: TokenBuild Behavior ::run [ RunTime:0.000591s ]
INFO: WriteHtmlCache Behavior ::run [ RunTime:0.000512s ]
INFO: ShowRuntime Behavior ::run [ RunTime:0.000737s ]
INFO: [ view_filter ] --END-- [ RunTime:0.002854s ]
INFO: [ view_end ] --START--
INFO: ShowPageTrace Behavior ::run [ RunTime:0.001363s ]
INFO: [ view_end ] --END-- [ RunTime:0.001502s ]

[ 2014-12-22T11:23:17+08:00 ] 10.1.1.228 /
INFO: [ app_begin ] --START--
INFO: ReadHtmlCache Behavior ::run [ RunTime:0.000979s ]
INFO: [ app_begin ] --END-- [ RunTime:0.001102s ]
SQL: SHOW COLUMNS FROM `website_index_images` [ RunTime:0.004906s ]
SQL: SELECT * FROM `website_index_images` WHERE ( lang='en' and used=1 ) ORDER BY num asc,id asc  [ RunTime:0.000679s ]
INFO: [ view_parse ] --START--
NOTIC: [8] Use of undefined constant one - assumed 'one' D:\wamp\www\projcet\babyweb\en\Runtime\Cache\d04b781bf3e959fc3dbbf3d56ba3909a.php 第 128 行.
NOTIC: [8] Use of undefined constant one3 - assumed 'one3' D:\wamp\www\projcet\babyweb\en\Runtime\Cache\d04b781bf3e959fc3dbbf3d56ba3909a.php 第 143 行.
NOTIC: [8] Use of undefined constant one - assumed 'one' D:\wamp\www\projcet\babyweb\en\Runtime\Cache\d04b781bf3e959fc3dbbf3d56ba3909a.php 第 213 行.
INFO: ParseTemplate Behavior ::run [ RunTime:0.041310s ]
INFO: [ view_parse ] --END-- [ RunTime:0.041458s ]
INFO: [ view_filter ] --START--
INFO: ContentReplace Behavior ::run [ RunTime:0.001135s ]
INFO: TokenBuild Behavior ::run [ RunTime:0.000848s ]
INFO: WriteHtmlCache Behavior ::run [ RunTime:0.000570s ]
INFO: ShowRuntime Behavior ::run [ RunTime:0.000714s ]
INFO: [ view_filter ] --END-- [ RunTime:0.003587s ]
INFO: [ view_end ] --START--
INFO: ShowPageTrace Behavior ::run [ RunTime:0.001187s ]
INFO: [ view_end ] --END-- [ RunTime:0.001293s ]

[ 2014-12-22T11:27:17+08:00 ] 10.1.1.228 /
INFO: [ app_begin ] --START--
INFO: ReadHtmlCache Behavior ::run [ RunTime:0.001043s ]
INFO: [ app_begin ] --END-- [ RunTime:0.001168s ]
SQL: SHOW COLUMNS FROM `website_index_images` [ RunTime:0.004358s ]
SQL: SELECT * FROM `website_index_images` WHERE ( lang='en' and used=1 ) ORDER BY num asc,id asc  [ RunTime:0.002435s ]
INFO: [ view_parse ] --START--
NOTIC: [8] Use of undefined constant one - assumed 'one' D:\wamp\www\projcet\babyweb\en\Runtime\Cache\d04b781bf3e959fc3dbbf3d56ba3909a.php 第 128 行.
NOTIC: [8] Use of undefined constant one3 - assumed 'one3' D:\wamp\www\projcet\babyweb\en\Runtime\Cache\d04b781bf3e959fc3dbbf3d56ba3909a.php 第 143 行.
NOTIC: [8] Use of undefined constant one - assumed 'one' D:\wamp\www\projcet\babyweb\en\Runtime\Cache\d04b781bf3e959fc3dbbf3d56ba3909a.php 第 213 行.
INFO: ParseTemplate Behavior ::run [ RunTime:0.037239s ]
INFO: [ view_parse ] --END-- [ RunTime:0.037348s ]
INFO: [ view_filter ] --START--
INFO: ContentReplace Behavior ::run [ RunTime:0.000748s ]
INFO: TokenBuild Behavior ::run [ RunTime:0.000746s ]
INFO: WriteHtmlCache Behavior ::run [ RunTime:0.000489s ]
INFO: ShowRuntime Behavior ::run [ RunTime:0.000794s ]
INFO: [ view_filter ] --END-- [ RunTime:0.003036s ]
INFO: [ view_end ] --START--
INFO: ShowPageTrace Behavior ::run [ RunTime:0.001293s ]
INFO: [ view_end ] --END-- [ RunTime:0.001432s ]

[ 2014-12-22T11:28:49+08:00 ] 10.1.1.228 /
INFO: [ app_begin ] --START--
INFO: ReadHtmlCache Behavior ::run [ RunTime:0.000923s ]
INFO: [ app_begin ] --END-- [ RunTime:0.001040s ]
SQL: SHOW COLUMNS FROM `website_index_images` [ RunTime:0.004183s ]
SQL: SELECT * FROM `website_index_images` WHERE ( lang='en' and used=1 ) ORDER BY num asc,id asc  [ RunTime:0.000784s ]
INFO: [ view_parse ] --START--
NOTIC: [8] Use of undefined constant one - assumed 'one' D:\wamp\www\projcet\babyweb\en\Runtime\Cache\d04b781bf3e959fc3dbbf3d56ba3909a.php 第 128 行.
NOTIC: [8] Use of undefined constant one3 - assumed 'one3' D:\wamp\www\projcet\babyweb\en\Runtime\Cache\d04b781bf3e959fc3dbbf3d56ba3909a.php 第 143 行.
NOTIC: [8] Use of undefined constant one - assumed 'one' D:\wamp\www\projcet\babyweb\en\Runtime\Cache\d04b781bf3e959fc3dbbf3d56ba3909a.php 第 213 行.
INFO: ParseTemplate Behavior ::run [ RunTime:0.037871s ]
INFO: [ view_parse ] --END-- [ RunTime:0.038214s ]
INFO: [ view_filter ] --START--
INFO: ContentReplace Behavior ::run [ RunTime:0.001120s ]
INFO: TokenBuild Behavior ::run [ RunTime:0.000597s ]
INFO: WriteHtmlCache Behavior ::run [ RunTime:0.000448s ]
INFO: ShowRuntime Behavior ::run [ RunTime:0.000739s ]
INFO: [ view_filter ] --END-- [ RunTime:0.003150s ]
INFO: [ view_end ] --START--
INFO: ShowPageTrace Behavior ::run [ RunTime:0.001240s ]
INFO: [ view_end ] --END-- [ RunTime:0.001347s ]

[ 2014-12-22T11:29:54+08:00 ] 10.1.1.228 /
INFO: [ app_begin ] --START--
INFO: ReadHtmlCache Behavior ::run [ RunTime:0.001449s ]
INFO: [ app_begin ] --END-- [ RunTime:0.001626s ]
SQL: SHOW COLUMNS FROM `website_index_images` [ RunTime:0.005722s ]
SQL: SELECT * FROM `website_index_images` WHERE ( lang='en' and used=1 ) ORDER BY num asc,id asc  [ RunTime:0.001474s ]
INFO: [ view_parse ] --START--
NOTIC: [8] Use of undefined constant one - assumed 'one' D:\wamp\www\projcet\babyweb\en\Runtime\Cache\d04b781bf3e959fc3dbbf3d56ba3909a.php 第 128 行.
NOTIC: [8] Use of undefined constant one3 - assumed 'one3' D:\wamp\www\projcet\babyweb\en\Runtime\Cache\d04b781bf3e959fc3dbbf3d56ba3909a.php 第 143 行.
NOTIC: [8] Use of undefined constant one - assumed 'one' D:\wamp\www\projcet\babyweb\en\Runtime\Cache\d04b781bf3e959fc3dbbf3d56ba3909a.php 第 213 行.
INFO: ParseTemplate Behavior ::run [ RunTime:0.043648s ]
INFO: [ view_parse ] --END-- [ RunTime:0.043785s ]
INFO: [ view_filter ] --START--
INFO: ContentReplace Behavior ::run [ RunTime:0.000777s ]
INFO: TokenBuild Behavior ::run [ RunTime:0.000756s ]
INFO: WriteHtmlCache Behavior ::run [ RunTime:0.000624s ]
INFO: ShowRuntime Behavior ::run [ RunTime:0.000837s ]
INFO: [ view_filter ] --END-- [ RunTime:0.003297s ]
INFO: [ view_end ] --START--
INFO: ShowPageTrace Behavior ::run [ RunTime:0.001401s ]
INFO: [ view_end ] --END-- [ RunTime:0.001643s ]

[ 2014-12-22T11:32:17+08:00 ] 10.1.1.228 /
INFO: [ app_begin ] --START--
INFO: ReadHtmlCache Behavior ::run [ RunTime:0.009292s ]
INFO: [ app_begin ] --END-- [ RunTime:0.009450s ]
SQL: SHOW COLUMNS FROM `website_index_images` [ RunTime:0.007218s ]
SQL: SELECT * FROM `website_index_images` WHERE ( lang='en' and used=1 ) ORDER BY num asc,id asc  [ RunTime:0.001230s ]
INFO: [ view_parse ] --START--
NOTIC: [8] Use of undefined constant one - assumed 'one' D:\wamp\www\projcet\babyweb\en\Runtime\Cache\d04b781bf3e959fc3dbbf3d56ba3909a.php 第 128 行.
NOTIC: [8] Use of undefined constant one3 - assumed 'one3' D:\wamp\www\projcet\babyweb\en\Runtime\Cache\d04b781bf3e959fc3dbbf3d56ba3909a.php 第 143 行.
NOTIC: [8] Use of undefined constant one - assumed 'one' D:\wamp\www\projcet\babyweb\en\Runtime\Cache\d04b781bf3e959fc3dbbf3d56ba3909a.php 第 128 行.
NOTIC: [8] Use of undefined constant one3 - assumed 'one3' D:\wamp\www\projcet\babyweb\en\Runtime\Cache\d04b781bf3e959fc3dbbf3d56ba3909a.php 第 143 行.
NOTIC: [8] Use of undefined constant one - assumed 'one' D:\wamp\www\projcet\babyweb\en\Runtime\Cache\d04b781bf3e959fc3dbbf3d56ba3909a.php 第 213 行.
NOTIC: [8] Use of undefined constant one - assumed 'one' D:\wamp\www\projcet\babyweb\en\Runtime\Cache\d04b781bf3e959fc3dbbf3d56ba3909a.php 第 213 行.
INFO: ParseTemplate Behavior ::run [ RunTime:0.053353s ]
INFO: [ view_parse ] --END-- [ RunTime:0.053629s ]
INFO: [ view_filter ] --START--
INFO: ContentReplace Behavior ::run [ RunTime:0.001321s ]
INFO: TokenBuild Behavior ::run [ RunTime:0.000850s ]
INFO: WriteHtmlCache Behavior ::run [ RunTime:0.000745s ]
INFO: ShowRuntime Behavior ::run [ RunTime:0.001000s ]
INFO: [ view_filter ] --END-- [ RunTime:0.004279s ]
INFO: [ view_end ] --START--
INFO: ShowPageTrace Behavior ::run [ RunTime:0.001429s ]
INFO: [ view_end ] --END-- [ RunTime:0.001568s ]

[ 2014-12-22T11:35:45+08:00 ] 10.1.1.228 /
INFO: [ app_begin ] --START--
INFO: ReadHtmlCache Behavior ::run [ RunTime:0.001380s ]
INFO: [ app_begin ] --END-- [ RunTime:0.001546s ]
SQL: SHOW COLUMNS FROM `website_index_images` [ RunTime:0.004509s ]
SQL: SELECT * FROM `website_index_images` WHERE ( lang='en' and used=1 ) ORDER BY num asc,id asc  [ RunTime:0.000725s ]
INFO: [ view_parse ] --START--
NOTIC: [8] Use of undefined constant one - assumed 'one' D:\wamp\www\projcet\babyweb\en\Runtime\Cache\d04b781bf3e959fc3dbbf3d56ba3909a.php 第 128 行.
NOTIC: [8] Use of undefined constant one3 - assumed 'one3' D:\wamp\www\projcet\babyweb\en\Runtime\Cache\d04b781bf3e959fc3dbbf3d56ba3909a.php 第 143 行.
NOTIC: [8] Use of undefined constant one - assumed 'one' D:\wamp\www\projcet\babyweb\en\Runtime\Cache\d04b781bf3e959fc3dbbf3d56ba3909a.php 第 128 行.
NOTIC: [8] Use of undefined constant one3 - assumed 'one3' D:\wamp\www\projcet\babyweb\en\Runtime\Cache\d04b781bf3e959fc3dbbf3d56ba3909a.php 第 143 行.
NOTIC: [8] Use of undefined constant one - assumed 'one' D:\wamp\www\projcet\babyweb\en\Runtime\Cache\d04b781bf3e959fc3dbbf3d56ba3909a.php 第 213 行.
NOTIC: [8] Use of undefined constant one - assumed 'one' D:\wamp\www\projcet\babyweb\en\Runtime\Cache\d04b781bf3e959fc3dbbf3d56ba3909a.php 第 213 行.
INFO: ParseTemplate Behavior ::run [ RunTime:0.043396s ]
INFO: [ view_parse ] --END-- [ RunTime:0.043537s ]
INFO: [ view_filter ] --START--
INFO: ContentReplace Behavior ::run [ RunTime:0.001077s ]
INFO: TokenBuild Behavior ::run [ RunTime:0.000901s ]
INFO: WriteHtmlCache Behavior ::run [ RunTime:0.000682s ]
INFO: ShowRuntime Behavior ::run [ RunTime:0.000908s ]
INFO: [ view_filter ] --END-- [ RunTime:0.003806s ]
INFO: [ view_end ] --START--
INFO: ShowPageTrace Behavior ::run [ RunTime:0.001440s ]
INFO: [ view_end ] --END-- [ RunTime:0.001569s ]

[ 2014-12-22T11:35:53+08:00 ] 10.1.1.228 /
INFO: [ app_begin ] --START--
INFO: ReadHtmlCache Behavior ::run [ RunTime:0.001134s ]
INFO: [ app_begin ] --END-- [ RunTime:0.001265s ]
SQL: SHOW COLUMNS FROM `website_index_images` [ RunTime:0.004760s ]
SQL: SELECT * FROM `website_index_images` WHERE ( lang='en' and used=1 ) ORDER BY num asc,id asc  [ RunTime:0.000831s ]
INFO: [ view_parse ] --START--
NOTIC: [8] Use of undefined constant one - assumed 'one' D:\wamp\www\projcet\babyweb\en\Runtime\Cache\d04b781bf3e959fc3dbbf3d56ba3909a.php 第 128 行.
NOTIC: [8] Use of undefined constant one3 - assumed 'one3' D:\wamp\www\projcet\babyweb\en\Runtime\Cache\d04b781bf3e959fc3dbbf3d56ba3909a.php 第 143 行.
NOTIC: [8] Use of undefined constant one - assumed 'one' D:\wamp\www\projcet\babyweb\en\Runtime\Cache\d04b781bf3e959fc3dbbf3d56ba3909a.php 第 128 行.
NOTIC: [8] Use of undefined constant one3 - assumed 'one3' D:\wamp\www\projcet\babyweb\en\Runtime\Cache\d04b781bf3e959fc3dbbf3d56ba3909a.php 第 143 行.
NOTIC: [8] Use of undefined constant one - assumed 'one' D:\wamp\www\projcet\babyweb\en\Runtime\Cache\d04b781bf3e959fc3dbbf3d56ba3909a.php 第 213 行.
NOTIC: [8] Use of undefined constant one - assumed 'one' D:\wamp\www\projcet\babyweb\en\Runtime\Cache\d04b781bf3e959fc3dbbf3d56ba3909a.php 第 213 行.
INFO: ParseTemplate Behavior ::run [ RunTime:0.037380s ]
INFO: [ view_parse ] --END-- [ RunTime:0.037498s ]
INFO: [ view_filter ] --START--
INFO: ContentReplace Behavior ::run [ RunTime:0.001094s ]
INFO: TokenBuild Behavior ::run [ RunTime:0.001059s ]
INFO: WriteHtmlCache Behavior ::run [ RunTime:0.000728s ]
INFO: ShowRuntime Behavior ::run [ RunTime:0.001056s ]
INFO: [ view_filter ] --END-- [ RunTime:0.004289s ]
INFO: [ view_end ] --START--
INFO: ShowPageTrace Behavior ::run [ RunTime:0.001360s ]
INFO: [ view_end ] --END-- [ RunTime:0.001524s ]

[ 2014-12-22T11:36:32+08:00 ] 10.1.1.228 /
INFO: [ app_begin ] --START--
INFO: ReadHtmlCache Behavior ::run [ RunTime:0.000979s ]
INFO: [ app_begin ] --END-- [ RunTime:0.001098s ]
SQL: SHOW COLUMNS FROM `website_index_images` [ RunTime:0.005394s ]
SQL: SELECT * FROM `website_index_images` WHERE ( lang='en' and used=1 ) ORDER BY num asc,id asc  [ RunTime:0.000852s ]
INFO: [ view_parse ] --START--
NOTIC: [8] Use of undefined constant one - assumed 'one' D:\wamp\www\projcet\babyweb\en\Runtime\Cache\d04b781bf3e959fc3dbbf3d56ba3909a.php 第 128 行.
NOTIC: [8] Use of undefined constant one3 - assumed 'one3' D:\wamp\www\projcet\babyweb\en\Runtime\Cache\d04b781bf3e959fc3dbbf3d56ba3909a.php 第 143 行.
NOTIC: [8] Use of undefined constant one - assumed 'one' D:\wamp\www\projcet\babyweb\en\Runtime\Cache\d04b781bf3e959fc3dbbf3d56ba3909a.php 第 128 行.
NOTIC: [8] Use of undefined constant one3 - assumed 'one3' D:\wamp\www\projcet\babyweb\en\Runtime\Cache\d04b781bf3e959fc3dbbf3d56ba3909a.php 第 143 行.
NOTIC: [8] Use of undefined constant one - assumed 'one' D:\wamp\www\projcet\babyweb\en\Runtime\Cache\d04b781bf3e959fc3dbbf3d56ba3909a.php 第 213 行.
NOTIC: [8] Use of undefined constant one - assumed 'one' D:\wamp\www\projcet\babyweb\en\Runtime\Cache\d04b781bf3e959fc3dbbf3d56ba3909a.php 第 213 行.
INFO: ParseTemplate Behavior ::run [ RunTime:0.039905s ]
INFO: [ view_parse ] --END-- [ RunTime:0.040015s ]
INFO: [ view_filter ] --START--
INFO: ContentReplace Behavior ::run [ RunTime:0.000752s ]
INFO: TokenBuild Behavior ::run [ RunTime:0.000590s ]
INFO: WriteHtmlCache Behavior ::run [ RunTime:0.000436s ]
INFO: ShowRuntime Behavior ::run [ RunTime:0.000711s ]
INFO: [ view_filter ] --END-- [ RunTime:0.002725s ]
INFO: [ view_end ] --START--
INFO: ShowPageTrace Behavior ::run [ RunTime:0.001163s ]
INFO: [ view_end ] --END-- [ RunTime:0.001297s ]

[ 2014-12-22T13:58:54+08:00 ] 10.1.1.228 /
INFO: [ app_begin ] --START--
INFO: ReadHtmlCache Behavior ::run [ RunTime:0.001447s ]
INFO: [ app_begin ] --END-- [ RunTime:0.001609s ]
SQL: SHOW COLUMNS FROM `website_index_images` [ RunTime:0.005122s ]
SQL: SELECT * FROM `website_index_images` WHERE ( lang='en' and used=1 ) ORDER BY num asc,id asc  [ RunTime:0.000876s ]
NOTIC: [8] unserialize() [<a href='function.unserialize'>function.unserialize</a>]: Error at offset 0 of 42 bytes D:\wamp\www\projcet\babyweb\en\Lib\Action\IndexAction.class.php 第 10 行.
INFO: [ view_parse ] --START--
NOTIC: [8] Use of undefined constant one - assumed 'one' D:\wamp\www\projcet\babyweb\en\Runtime\Cache\d04b781bf3e959fc3dbbf3d56ba3909a.php 第 128 行.
NOTIC: [8] Use of undefined constant one3 - assumed 'one3' D:\wamp\www\projcet\babyweb\en\Runtime\Cache\d04b781bf3e959fc3dbbf3d56ba3909a.php 第 143 行.
NOTIC: [8] Use of undefined constant one - assumed 'one' D:\wamp\www\projcet\babyweb\en\Runtime\Cache\d04b781bf3e959fc3dbbf3d56ba3909a.php 第 128 行.
NOTIC: [8] Use of undefined constant one3 - assumed 'one3' D:\wamp\www\projcet\babyweb\en\Runtime\Cache\d04b781bf3e959fc3dbbf3d56ba3909a.php 第 143 行.
NOTIC: [8] Use of undefined constant one - assumed 'one' D:\wamp\www\projcet\babyweb\en\Runtime\Cache\d04b781bf3e959fc3dbbf3d56ba3909a.php 第 213 行.
NOTIC: [8] Use of undefined constant one - assumed 'one' D:\wamp\www\projcet\babyweb\en\Runtime\Cache\d04b781bf3e959fc3dbbf3d56ba3909a.php 第 213 行.
INFO: ParseTemplate Behavior ::run [ RunTime:0.039682s ]
INFO: [ view_parse ] --END-- [ RunTime:0.039791s ]
INFO: [ view_filter ] --START--
INFO: ContentReplace Behavior ::run [ RunTime:0.001006s ]
INFO: TokenBuild Behavior ::run [ RunTime:0.000930s ]
INFO: WriteHtmlCache Behavior ::run [ RunTime:0.000627s ]
INFO: ShowRuntime Behavior ::run [ RunTime:0.000818s ]
INFO: [ view_filter ] --END-- [ RunTime:0.003698s ]
INFO: [ view_end ] --START--
INFO: ShowPageTrace Behavior ::run [ RunTime:0.002989s ]
INFO: [ view_end ] --END-- [ RunTime:0.003175s ]

[ 2014-12-22T14:00:25+08:00 ] 10.1.1.228 /
INFO: [ app_begin ] --START--
INFO: ReadHtmlCache Behavior ::run [ RunTime:0.001739s ]
INFO: [ app_begin ] --END-- [ RunTime:0.001861s ]
SQL: SHOW COLUMNS FROM `website_index_images` [ RunTime:0.004182s ]
SQL: SELECT * FROM `website_index_images` WHERE ( lang='en' and used=1 ) ORDER BY num asc,id asc  [ RunTime:0.000973s ]
NOTIC: [8] Trying to get property of non-object D:\wamp\www\projcet\babyweb\en\Lib\Action\IndexAction.class.php 第 11 行.
NOTIC: [8] Trying to get property of non-object D:\wamp\www\projcet\babyweb\en\Lib\Action\IndexAction.class.php 第 11 行.
NOTIC: [8] Trying to get property of non-object D:\wamp\www\projcet\babyweb\en\Lib\Action\IndexAction.class.php 第 12 行.
NOTIC: [8] Trying to get property of non-object D:\wamp\www\projcet\babyweb\en\Lib\Action\IndexAction.class.php 第 12 行.
NOTIC: [8] Trying to get property of non-object D:\wamp\www\projcet\babyweb\en\Lib\Action\IndexAction.class.php 第 13 行.
INFO: [ view_parse ] --START--
NOTIC: [8] Use of undefined constant one - assumed 'one' D:\wamp\www\projcet\babyweb\en\Runtime\Cache\d04b781bf3e959fc3dbbf3d56ba3909a.php 第 128 行.
NOTIC: [8] Use of undefined constant one3 - assumed 'one3' D:\wamp\www\projcet\babyweb\en\Runtime\Cache\d04b781bf3e959fc3dbbf3d56ba3909a.php 第 143 行.
NOTIC: [8] Use of undefined constant one - assumed 'one' D:\wamp\www\projcet\babyweb\en\Runtime\Cache\d04b781bf3e959fc3dbbf3d56ba3909a.php 第 128 行.
NOTIC: [8] Use of undefined constant one3 - assumed 'one3' D:\wamp\www\projcet\babyweb\en\Runtime\Cache\d04b781bf3e959fc3dbbf3d56ba3909a.php 第 143 行.
NOTIC: [8] Use of undefined constant one - assumed 'one' D:\wamp\www\projcet\babyweb\en\Runtime\Cache\d04b781bf3e959fc3dbbf3d56ba3909a.php 第 213 行.
NOTIC: [8] Use of undefined constant one - assumed 'one' D:\wamp\www\projcet\babyweb\en\Runtime\Cache\d04b781bf3e959fc3dbbf3d56ba3909a.php 第 213 行.
INFO: ParseTemplate Behavior ::run [ RunTime:0.046084s ]
INFO: [ view_parse ] --END-- [ RunTime:0.046198s ]
INFO: [ view_filter ] --START--
INFO: ContentReplace Behavior ::run [ RunTime:0.001888s ]
INFO: TokenBuild Behavior ::run [ RunTime:0.001897s ]
INFO: WriteHtmlCache Behavior ::run [ RunTime:0.001796s ]
INFO: ShowRuntime Behavior ::run [ RunTime:0.002465s ]
INFO: [ view_filter ] --END-- [ RunTime:0.008389s ]
INFO: [ view_end ] --START--
INFO: ShowPageTrace Behavior ::run [ RunTime:0.003672s ]
INFO: [ view_end ] --END-- [ RunTime:0.003822s ]

[ 2014-12-22T14:01:41+08:00 ] 10.1.1.228 /
INFO: [ app_begin ] --START--
INFO: ReadHtmlCache Behavior ::run [ RunTime:0.002349s ]
INFO: [ app_begin ] --END-- [ RunTime:0.002567s ]
SQL: SHOW COLUMNS FROM `website_index_images` [ RunTime:0.006883s ]
SQL: SELECT * FROM `website_index_images` WHERE ( lang='en' and used=1 ) ORDER BY num asc,id asc  [ RunTime:0.002133s ]
NOTIC: [8] Trying to get property of non-object D:\wamp\www\projcet\babyweb\en\Lib\Action\IndexAction.class.php 第 11 行.
NOTIC: [8] Trying to get property of non-object D:\wamp\www\projcet\babyweb\en\Lib\Action\IndexAction.class.php 第 11 行.
NOTIC: [8] Trying to get property of non-object D:\wamp\www\projcet\babyweb\en\Lib\Action\IndexAction.class.php 第 12 行.
NOTIC: [8] Trying to get property of non-object D:\wamp\www\projcet\babyweb\en\Lib\Action\IndexAction.class.php 第 12 行.
NOTIC: [8] Trying to get property of non-object D:\wamp\www\projcet\babyweb\en\Lib\Action\IndexAction.class.php 第 13 行.
INFO: [ view_parse ] --START--
NOTIC: [8] Use of undefined constant one - assumed 'one' D:\wamp\www\projcet\babyweb\en\Runtime\Cache\d04b781bf3e959fc3dbbf3d56ba3909a.php 第 128 行.
NOTIC: [8] Use of undefined constant one3 - assumed 'one3' D:\wamp\www\projcet\babyweb\en\Runtime\Cache\d04b781bf3e959fc3dbbf3d56ba3909a.php 第 136 行.
NOTIC: [8] Use of undefined constant one - assumed 'one' D:\wamp\www\projcet\babyweb\en\Runtime\Cache\d04b781bf3e959fc3dbbf3d56ba3909a.php 第 128 行.
NOTIC: [8] Use of undefined constant one3 - assumed 'one3' D:\wamp\www\projcet\babyweb\en\Runtime\Cache\d04b781bf3e959fc3dbbf3d56ba3909a.php 第 136 行.
NOTIC: [8] Use of undefined constant one - assumed 'one' D:\wamp\www\projcet\babyweb\en\Runtime\Cache\d04b781bf3e959fc3dbbf3d56ba3909a.php 第 206 行.
NOTIC: [8] Use of undefined constant one - assumed 'one' D:\wamp\www\projcet\babyweb\en\Runtime\Cache\d04b781bf3e959fc3dbbf3d56ba3909a.php 第 206 行.
INFO: ParseTemplate Behavior ::run [ RunTime:0.056626s ]
INFO: [ view_parse ] --END-- [ RunTime:0.056863s ]
INFO: [ view_filter ] --START--
INFO: ContentReplace Behavior ::run [ RunTime:0.002050s ]
INFO: TokenBuild Behavior ::run [ RunTime:0.002003s ]
INFO: WriteHtmlCache Behavior ::run [ RunTime:0.001641s ]
INFO: ShowRuntime Behavior ::run [ RunTime:0.002379s ]
INFO: [ view_filter ] --END-- [ RunTime:0.008550s ]
INFO: [ view_end ] --START--
INFO: ShowPageTrace Behavior ::run [ RunTime:0.002468s ]
INFO: [ view_end ] --END-- [ RunTime:0.002647s ]

[ 2014-12-22T14:02:39+08:00 ] 10.1.1.228 /
INFO: [ app_begin ] --START--
INFO: ReadHtmlCache Behavior ::run [ RunTime:0.000981s ]
INFO: [ app_begin ] --END-- [ RunTime:0.001104s ]
SQL: SHOW COLUMNS FROM `website_index_images` [ RunTime:0.005857s ]
SQL: SELECT * FROM `website_index_images` WHERE ( lang='en' and used=1 ) ORDER BY num asc,id asc  [ RunTime:0.000956s ]
NOTIC: [8] Trying to get property of non-object D:\wamp\www\projcet\babyweb\en\Lib\Action\IndexAction.class.php 第 11 行.
NOTIC: [8] Trying to get property of non-object D:\wamp\www\projcet\babyweb\en\Lib\Action\IndexAction.class.php 第 11 行.
NOTIC: [8] Trying to get property of non-object D:\wamp\www\projcet\babyweb\en\Lib\Action\IndexAction.class.php 第 12 行.
NOTIC: [8] Trying to get property of non-object D:\wamp\www\projcet\babyweb\en\Lib\Action\IndexAction.class.php 第 12 行.
NOTIC: [8] Trying to get property of non-object D:\wamp\www\projcet\babyweb\en\Lib\Action\IndexAction.class.php 第 13 行.
INFO: [ view_parse ] --START--
NOTIC: [8] Use of undefined constant one - assumed 'one' D:\wamp\www\projcet\babyweb\en\Runtime\Cache\d04b781bf3e959fc3dbbf3d56ba3909a.php 第 128 行.
NOTIC: [8] Use of undefined constant one3 - assumed 'one3' D:\wamp\www\projcet\babyweb\en\Runtime\Cache\d04b781bf3e959fc3dbbf3d56ba3909a.php 第 135 行.
NOTIC: [8] Use of undefined constant one - assumed 'one' D:\wamp\www\projcet\babyweb\en\Runtime\Cache\d04b781bf3e959fc3dbbf3d56ba3909a.php 第 128 行.
NOTIC: [8] Use of undefined constant one3 - assumed 'one3' D:\wamp\www\projcet\babyweb\en\Runtime\Cache\d04b781bf3e959fc3dbbf3d56ba3909a.php 第 135 行.
NOTIC: [8] Use of undefined constant one - assumed 'one' D:\wamp\www\projcet\babyweb\en\Runtime\Cache\d04b781bf3e959fc3dbbf3d56ba3909a.php 第 205 行.
NOTIC: [8] Use of undefined constant one - assumed 'one' D:\wamp\www\projcet\babyweb\en\Runtime\Cache\d04b781bf3e959fc3dbbf3d56ba3909a.php 第 205 行.
INFO: ParseTemplate Behavior ::run [ RunTime:0.036086s ]
INFO: [ view_parse ] --END-- [ RunTime:0.036205s ]
INFO: [ view_filter ] --START--
INFO: ContentReplace Behavior ::run [ RunTime:0.000939s ]
INFO: TokenBuild Behavior ::run [ RunTime:0.000608s ]
INFO: WriteHtmlCache Behavior ::run [ RunTime:0.000446s ]
INFO: ShowRuntime Behavior ::run [ RunTime:0.000713s ]
INFO: [ view_filter ] --END-- [ RunTime:0.002950s ]
INFO: [ view_end ] --START--
INFO: ShowPageTrace Behavior ::run [ RunTime:0.002524s ]
INFO: [ view_end ] --END-- [ RunTime:0.002637s ]

[ 2014-12-22T17:28:14+08:00 ] 10.1.1.228 /
INFO: [ app_begin ] --START--
INFO: ReadHtmlCache Behavior ::run [ RunTime:0.001036s ]
INFO: [ app_begin ] --END-- [ RunTime:0.001178s ]
SQL: SHOW COLUMNS FROM `website_index_images` [ RunTime:0.005857s ]
SQL: SELECT * FROM `website_index_images` WHERE ( lang='en' and used=1 ) ORDER BY num asc,id asc  [ RunTime:0.001240s ]
NOTIC: [8] Trying to get property of non-object D:\wamp\www\projcet\babyweb\en\Lib\Action\IndexAction.class.php 第 11 行.
NOTIC: [8] Trying to get property of non-object D:\wamp\www\projcet\babyweb\en\Lib\Action\IndexAction.class.php 第 11 行.
NOTIC: [8] Trying to get property of non-object D:\wamp\www\projcet\babyweb\en\Lib\Action\IndexAction.class.php 第 12 行.
NOTIC: [8] Trying to get property of non-object D:\wamp\www\projcet\babyweb\en\Lib\Action\IndexAction.class.php 第 12 行.
NOTIC: [8] Trying to get property of non-object D:\wamp\www\projcet\babyweb\en\Lib\Action\IndexAction.class.php 第 13 行.
INFO: [ view_parse ] --START--
NOTIC: [8] Use of undefined constant one - assumed 'one' D:\wamp\www\projcet\babyweb\en\Runtime\Cache\d04b781bf3e959fc3dbbf3d56ba3909a.php 第 128 行.
NOTIC: [8] Use of undefined constant one3 - assumed 'one3' D:\wamp\www\projcet\babyweb\en\Runtime\Cache\d04b781bf3e959fc3dbbf3d56ba3909a.php 第 135 行.
NOTIC: [8] Use of undefined constant one - assumed 'one' D:\wamp\www\projcet\babyweb\en\Runtime\Cache\d04b781bf3e959fc3dbbf3d56ba3909a.php 第 128 行.
NOTIC: [8] Use of undefined constant one3 - assumed 'one3' D:\wamp\www\projcet\babyweb\en\Runtime\Cache\d04b781bf3e959fc3dbbf3d56ba3909a.php 第 135 行.
NOTIC: [8] Use of undefined constant one - assumed 'one' D:\wamp\www\projcet\babyweb\en\Runtime\Cache\d04b781bf3e959fc3dbbf3d56ba3909a.php 第 205 行.
NOTIC: [8] Use of undefined constant one - assumed 'one' D:\wamp\www\projcet\babyweb\en\Runtime\Cache\d04b781bf3e959fc3dbbf3d56ba3909a.php 第 205 行.
INFO: ParseTemplate Behavior ::run [ RunTime:0.050638s ]
INFO: [ view_parse ] --END-- [ RunTime:0.050769s ]
INFO: [ view_filter ] --START--
INFO: ContentReplace Behavior ::run [ RunTime:0.000801s ]
INFO: TokenBuild Behavior ::run [ RunTime:0.000635s ]
INFO: WriteHtmlCache Behavior ::run [ RunTime:0.000485s ]
INFO: ShowRuntime Behavior ::run [ RunTime:0.000754s ]
INFO: [ view_filter ] --END-- [ RunTime:0.002914s ]
INFO: [ view_end ] --START--
INFO: ShowPageTrace Behavior ::run [ RunTime:0.001418s ]
INFO: [ view_end ] --END-- [ RunTime:0.001575s ]

