[ 2014-12-25T14:44:37+08:00 ] 127.0.0.1 /projcet/babyweb/htdocs/en/
INFO: [ app_begin ] --START--
INFO: ReadHtmlCache Behavior ::run [ RunTime:0.002197s ]
INFO: [ app_begin ] --END-- [ RunTime:0.002470s ]
SQL: SHOW COLUMNS FROM `link` [ RunTime:0.005633s ]
SQL: SELECT * FROM `link` WHERE ( `lang` = 'en' ) ORDER BY link_sort LIMIT 10   [ RunTime:0.000937s ]
SQL: SHOW COLUMNS FROM `website_index_images` [ RunTime:0.006654s ]
SQL: SELECT * FROM `website_index_images` WHERE ( lang='en' and used=1 ) ORDER BY num asc,id asc  [ RunTime:0.002130s ]
NOTIC: [8] Trying to get property of non-object D:\wamp\www\projcet\babyweb\en\Lib\Action\IndexAction.class.php 第 11 行.
NOTIC: [8] Trying to get property of non-object D:\wamp\www\projcet\babyweb\en\Lib\Action\IndexAction.class.php 第 11 行.
NOTIC: [8] Trying to get property of non-object D:\wamp\www\projcet\babyweb\en\Lib\Action\IndexAction.class.php 第 12 行.
NOTIC: [8] Trying to get property of non-object D:\wamp\www\projcet\babyweb\en\Lib\Action\IndexAction.class.php 第 12 行.
NOTIC: [8] Trying to get property of non-object D:\wamp\www\projcet\babyweb\en\Lib\Action\IndexAction.class.php 第 13 行.
INFO: [ view_parse ] --START--
NOTIC: [8] Use of undefined constant one - assumed 'one' D:\wamp\www\projcet\babyweb\en\Runtime\Cache\d04b781bf3e959fc3dbbf3d56ba3909a.php 第 128 行.
NOTIC: [8] Use of undefined constant one3 - assumed 'one3' D:\wamp\www\projcet\babyweb\en\Runtime\Cache\d04b781bf3e959fc3dbbf3d56ba3909a.php 第 135 行.
NOTIC: [8] Use of undefined constant one - assumed 'one' D:\wamp\www\projcet\babyweb\en\Runtime\Cache\d04b781bf3e959fc3dbbf3d56ba3909a.php 第 128 行.
NOTIC: [8] Use of undefined constant one3 - assumed 'one3' D:\wamp\www\projcet\babyweb\en\Runtime\Cache\d04b781bf3e959fc3dbbf3d56ba3909a.php 第 135 行.
NOTIC: [8] Use of undefined constant one - assumed 'one' D:\wamp\www\projcet\babyweb\en\Runtime\Cache\d04b781bf3e959fc3dbbf3d56ba3909a.php 第 205 行.
NOTIC: [8] Use of undefined constant one - assumed 'one' D:\wamp\www\projcet\babyweb\en\Runtime\Cache\d04b781bf3e959fc3dbbf3d56ba3909a.php 第 205 行.
INFO: ParseTemplate Behavior ::run [ RunTime:0.082436s ]
INFO: [ view_parse ] --END-- [ RunTime:0.082688s ]
INFO: [ view_filter ] --START--
INFO: ContentReplace Behavior ::run [ RunTime:0.001758s ]
INFO: TokenBuild Behavior ::run [ RunTime:0.001642s ]
INFO: WriteHtmlCache Behavior ::run [ RunTime:0.001003s ]
INFO: ShowRuntime Behavior ::run [ RunTime:0.001390s ]
INFO: [ view_filter ] --END-- [ RunTime:0.006296s ]
INFO: [ view_end ] --START--
INFO: ShowPageTrace Behavior ::run [ RunTime:0.001801s ]
INFO: [ view_end ] --END-- [ RunTime:0.001999s ]

