[ 2014-12-29T10:13:57+08:00 ] 127.0.0.1 /projcet/babyweb/htdocs/fr/index.php/index/declaration.shtml
INFO: [ route_check ] --START--
INFO: CheckRoute Behavior ::run [ RunTime:0.001866s ]
INFO: [ route_check ] --END-- [ RunTime:0.002031s ]
INFO: [ app_begin ] --START--
INFO: ReadHtmlCache Behavior ::run [ RunTime:0.001373s ]
INFO: [ app_begin ] --END-- [ RunTime:0.001488s ]
SQL: SHOW COLUMNS FROM `website_link` [ RunTime:0.005251s ]
SQL: SELECT * FROM `website_link` WHERE ( `lang` = 'fr' ) ORDER BY link_sort LIMIT 10   [ RunTime:0.000530s ]
SQL: SELECT COUNT(*) AS tp_count FROM `website_link` WHERE ( `lang` = 'fr' ) LIMIT 1   [ RunTime:0.000899s ]
INFO: [ view_parse ] --START--
INFO: ParseTemplate Behavior ::run [ RunTime:0.046865s ]
INFO: [ view_parse ] --END-- [ RunTime:0.047074s ]
INFO: [ view_filter ] --START--
INFO: ContentReplace Behavior ::run [ RunTime:0.001575s ]
INFO: TokenBuild Behavior ::run [ RunTime:0.001771s ]
INFO: WriteHtmlCache Behavior ::run [ RunTime:0.001371s ]
INFO: ShowRuntime Behavior ::run [ RunTime:0.001847s ]
INFO: [ view_filter ] --END-- [ RunTime:0.007158s ]
INFO: [ view_end ] --START--
INFO: ShowPageTrace Behavior ::run [ RunTime:0.002412s ]
INFO: [ view_end ] --END-- [ RunTime:0.002614s ]

[ 2014-12-29T10:13:58+08:00 ] 127.0.0.1 /projcet/babyweb/htdocs/fr/index.php/index/privacyPolicy.shtml
INFO: [ route_check ] --START--
INFO: CheckRoute Behavior ::run [ RunTime:0.001452s ]
INFO: [ route_check ] --END-- [ RunTime:0.001602s ]
INFO: [ app_begin ] --START--
INFO: ReadHtmlCache Behavior ::run [ RunTime:0.001234s ]
INFO: [ app_begin ] --END-- [ RunTime:0.001368s ]
SQL: SHOW COLUMNS FROM `website_link` [ RunTime:0.004628s ]
SQL: SELECT * FROM `website_link` WHERE ( `lang` = 'fr' ) ORDER BY link_sort LIMIT 10   [ RunTime:0.000484s ]
SQL: SELECT COUNT(*) AS tp_count FROM `website_link` WHERE ( `lang` = 'fr' ) LIMIT 1   [ RunTime:0.000406s ]
INFO: [ view_parse ] --START--
INFO: ParseTemplate Behavior ::run [ RunTime:0.017819s ]
INFO: [ view_parse ] --END-- [ RunTime:0.017981s ]
INFO: [ view_filter ] --START--
INFO: ContentReplace Behavior ::run [ RunTime:0.001145s ]
INFO: TokenBuild Behavior ::run [ RunTime:0.000984s ]
INFO: WriteHtmlCache Behavior ::run [ RunTime:0.000680s ]
INFO: ShowRuntime Behavior ::run [ RunTime:0.000946s ]
INFO: [ view_filter ] --END-- [ RunTime:0.004005s ]
INFO: [ view_end ] --START--
INFO: ShowPageTrace Behavior ::run [ RunTime:0.001551s ]
INFO: [ view_end ] --END-- [ RunTime:0.001704s ]

[ 2014-12-29T10:13:59+08:00 ] 127.0.0.1 /projcet/babyweb/htdocs/fr/index.php/index/declaration.shtml
INFO: [ route_check ] --START--
INFO: CheckRoute Behavior ::run [ RunTime:0.001513s ]
INFO: [ route_check ] --END-- [ RunTime:0.001653s ]
INFO: [ app_begin ] --START--
INFO: ReadHtmlCache Behavior ::run [ RunTime:0.001157s ]
INFO: [ app_begin ] --END-- [ RunTime:0.001252s ]
SQL: SHOW COLUMNS FROM `website_link` [ RunTime:0.004211s ]
SQL: SELECT * FROM `website_link` WHERE ( `lang` = 'fr' ) ORDER BY link_sort LIMIT 10   [ RunTime:0.000549s ]
SQL: SELECT COUNT(*) AS tp_count FROM `website_link` WHERE ( `lang` = 'fr' ) LIMIT 1   [ RunTime:0.000460s ]
INFO: [ view_parse ] --START--
INFO: ParseTemplate Behavior ::run [ RunTime:0.017446s ]
INFO: [ view_parse ] --END-- [ RunTime:0.017579s ]
INFO: [ view_filter ] --START--
INFO: ContentReplace Behavior ::run [ RunTime:0.001007s ]
INFO: TokenBuild Behavior ::run [ RunTime:0.001093s ]
INFO: WriteHtmlCache Behavior ::run [ RunTime:0.000787s ]
INFO: ShowRuntime Behavior ::run [ RunTime:0.000948s ]
INFO: [ view_filter ] --END-- [ RunTime:0.004123s ]
INFO: [ view_end ] --START--
INFO: ShowPageTrace Behavior ::run [ RunTime:0.001460s ]
INFO: [ view_end ] --END-- [ RunTime:0.007243s ]

[ 2014-12-29T10:17:50+08:00 ] 127.0.0.1 /projcet/babyweb/htdocs/fr/index.php/index/link.shtml
INFO: [ route_check ] --START--
INFO: CheckRoute Behavior ::run [ RunTime:0.001838s ]
INFO: [ route_check ] --END-- [ RunTime:0.002086s ]
INFO: [ app_begin ] --START--
INFO: ReadHtmlCache Behavior ::run [ RunTime:0.001222s ]
INFO: [ app_begin ] --END-- [ RunTime:0.001345s ]
SQL: SHOW COLUMNS FROM `website_link` [ RunTime:0.004497s ]
SQL: SELECT * FROM `website_link` WHERE ( `lang` = 'fr' ) ORDER BY link_sort LIMIT 10   [ RunTime:0.000569s ]
SQL: SELECT * FROM `website_link` WHERE ( `lang` = 'fr' ) ORDER BY link_sort  [ RunTime:0.000469s ]
INFO: [ view_parse ] --START--
INFO: ParseTemplate Behavior ::run [ RunTime:0.078808s ]
INFO: [ view_parse ] --END-- [ RunTime:0.078994s ]
INFO: [ view_filter ] --START--
INFO: ContentReplace Behavior ::run [ RunTime:0.001458s ]
INFO: TokenBuild Behavior ::run [ RunTime:0.001290s ]
INFO: WriteHtmlCache Behavior ::run [ RunTime:0.000999s ]
INFO: ShowRuntime Behavior ::run [ RunTime:0.001419s ]
INFO: [ view_filter ] --END-- [ RunTime:0.005653s ]
INFO: [ view_end ] --START--
INFO: ShowPageTrace Behavior ::run [ RunTime:0.002014s ]
INFO: [ view_end ] --END-- [ RunTime:0.002171s ]

[ 2014-12-29T10:17:51+08:00 ] 127.0.0.1 /projcet/babyweb/htdocs/fr/index.php/index/privacyPolicy.shtml
INFO: [ route_check ] --START--
INFO: CheckRoute Behavior ::run [ RunTime:0.001330s ]
INFO: [ route_check ] --END-- [ RunTime:0.001483s ]
INFO: [ app_begin ] --START--
INFO: ReadHtmlCache Behavior ::run [ RunTime:0.000970s ]
INFO: [ app_begin ] --END-- [ RunTime:0.001071s ]
SQL: SHOW COLUMNS FROM `website_link` [ RunTime:0.004175s ]
SQL: SELECT * FROM `website_link` WHERE ( `lang` = 'fr' ) ORDER BY link_sort LIMIT 10   [ RunTime:0.000592s ]
SQL: SELECT COUNT(*) AS tp_count FROM `website_link` WHERE ( `lang` = 'fr' ) LIMIT 1   [ RunTime:0.000492s ]
INFO: [ view_parse ] --START--
INFO: ParseTemplate Behavior ::run [ RunTime:0.016863s ]
INFO: [ view_parse ] --END-- [ RunTime:0.017060s ]
INFO: [ view_filter ] --START--
INFO: ContentReplace Behavior ::run [ RunTime:0.000944s ]
INFO: TokenBuild Behavior ::run [ RunTime:0.000790s ]
INFO: WriteHtmlCache Behavior ::run [ RunTime:0.000638s ]
INFO: ShowRuntime Behavior ::run [ RunTime:0.001089s ]
INFO: [ view_filter ] --END-- [ RunTime:0.003724s ]
INFO: [ view_end ] --START--
INFO: ShowPageTrace Behavior ::run [ RunTime:0.001625s ]
INFO: [ view_end ] --END-- [ RunTime:0.001767s ]

[ 2014-12-29T10:17:52+08:00 ] 127.0.0.1 /projcet/babyweb/htdocs/fr/index.php/index/declaration.shtml
INFO: [ route_check ] --START--
INFO: CheckRoute Behavior ::run [ RunTime:0.001530s ]
INFO: [ route_check ] --END-- [ RunTime:0.001666s ]
INFO: [ app_begin ] --START--
INFO: ReadHtmlCache Behavior ::run [ RunTime:0.001072s ]
INFO: [ app_begin ] --END-- [ RunTime:0.001162s ]
SQL: SHOW COLUMNS FROM `website_link` [ RunTime:0.005557s ]
SQL: SELECT * FROM `website_link` WHERE ( `lang` = 'fr' ) ORDER BY link_sort LIMIT 10   [ RunTime:0.000902s ]
SQL: SELECT COUNT(*) AS tp_count FROM `website_link` WHERE ( `lang` = 'fr' ) LIMIT 1   [ RunTime:0.000628s ]
INFO: [ view_parse ] --START--
INFO: ParseTemplate Behavior ::run [ RunTime:0.017326s ]
INFO: [ view_parse ] --END-- [ RunTime:0.017462s ]
INFO: [ view_filter ] --START--
INFO: ContentReplace Behavior ::run [ RunTime:0.000909s ]
INFO: TokenBuild Behavior ::run [ RunTime:0.000778s ]
INFO: WriteHtmlCache Behavior ::run [ RunTime:0.001639s ]
INFO: ShowRuntime Behavior ::run [ RunTime:0.000912s ]
INFO: [ view_filter ] --END-- [ RunTime:0.004494s ]
INFO: [ view_end ] --START--
INFO: ShowPageTrace Behavior ::run [ RunTime:0.001899s ]
INFO: [ view_end ] --END-- [ RunTime:0.002091s ]

[ 2014-12-29T10:17:53+08:00 ] 127.0.0.1 /projcet/babyweb/htdocs/fr/index.php/index/link.shtml
INFO: [ route_check ] --START--
INFO: CheckRoute Behavior ::run [ RunTime:0.001563s ]
INFO: [ route_check ] --END-- [ RunTime:0.001745s ]
INFO: [ app_begin ] --START--
INFO: ReadHtmlCache Behavior ::run [ RunTime:0.000989s ]
INFO: [ app_begin ] --END-- [ RunTime:0.001085s ]
SQL: SHOW COLUMNS FROM `website_link` [ RunTime:0.004437s ]
SQL: SELECT * FROM `website_link` WHERE ( `lang` = 'fr' ) ORDER BY link_sort LIMIT 10   [ RunTime:0.000680s ]
SQL: SELECT * FROM `website_link` WHERE ( `lang` = 'fr' ) ORDER BY link_sort  [ RunTime:0.000513s ]
INFO: [ view_parse ] --START--
INFO: ParseTemplate Behavior ::run [ RunTime:0.016762s ]
INFO: [ view_parse ] --END-- [ RunTime:0.016934s ]
INFO: [ view_filter ] --START--
INFO: ContentReplace Behavior ::run [ RunTime:0.001002s ]
INFO: TokenBuild Behavior ::run [ RunTime:0.000808s ]
INFO: WriteHtmlCache Behavior ::run [ RunTime:0.000613s ]
INFO: ShowRuntime Behavior ::run [ RunTime:0.001132s ]
INFO: [ view_filter ] --END-- [ RunTime:0.003853s ]
INFO: [ view_end ] --START--
INFO: ShowPageTrace Behavior ::run [ RunTime:0.001469s ]
INFO: [ view_end ] --END-- [ RunTime:0.001621s ]

[ 2014-12-29T10:23:49+08:00 ] 127.0.0.1 /projcet/babyweb/htdocs/fr/index.php/index/link.shtml
INFO: [ route_check ] --START--
INFO: CheckRoute Behavior ::run [ RunTime:0.002054s ]
INFO: [ route_check ] --END-- [ RunTime:0.002269s ]
INFO: [ app_begin ] --START--
INFO: ReadHtmlCache Behavior ::run [ RunTime:0.001777s ]
INFO: [ app_begin ] --END-- [ RunTime:0.001873s ]
SQL: SHOW COLUMNS FROM `website_link` [ RunTime:0.004767s ]
SQL: SELECT * FROM `website_link` WHERE ( `lang` = 'fr' ) ORDER BY link_sort LIMIT 10   [ RunTime:0.000992s ]
SQL: SELECT * FROM `website_link` WHERE ( `lang` = 'fr' ) ORDER BY link_sort  [ RunTime:0.000837s ]
INFO: [ view_parse ] --START--
INFO: ParseTemplate Behavior ::run [ RunTime:0.021633s ]
INFO: [ view_parse ] --END-- [ RunTime:0.021820s ]
INFO: [ view_filter ] --START--
INFO: ContentReplace Behavior ::run [ RunTime:0.001470s ]
INFO: TokenBuild Behavior ::run [ RunTime:0.001202s ]
INFO: WriteHtmlCache Behavior ::run [ RunTime:0.001053s ]
INFO: ShowRuntime Behavior ::run [ RunTime:0.001342s ]
INFO: [ view_filter ] --END-- [ RunTime:0.005330s ]
INFO: [ view_end ] --START--
INFO: ShowPageTrace Behavior ::run [ RunTime:0.001707s ]
INFO: [ view_end ] --END-- [ RunTime:0.001839s ]

[ 2014-12-29T10:23:51+08:00 ] 127.0.0.1 /projcet/babyweb/htdocs/fr/index.php/index/declaration.shtml
INFO: [ route_check ] --START--
INFO: CheckRoute Behavior ::run [ RunTime:0.001980s ]
INFO: [ route_check ] --END-- [ RunTime:0.002180s ]
INFO: [ app_begin ] --START--
INFO: ReadHtmlCache Behavior ::run [ RunTime:0.001692s ]
INFO: [ app_begin ] --END-- [ RunTime:0.001794s ]
SQL: SHOW COLUMNS FROM `website_link` [ RunTime:0.004180s ]
SQL: SELECT * FROM `website_link` WHERE ( `lang` = 'fr' ) ORDER BY link_sort LIMIT 10   [ RunTime:0.000608s ]
SQL: SELECT COUNT(*) AS tp_count FROM `website_link` WHERE ( `lang` = 'fr' ) LIMIT 1   [ RunTime:0.000512s ]
INFO: [ view_parse ] --START--
INFO: ParseTemplate Behavior ::run [ RunTime:0.022333s ]
INFO: [ view_parse ] --END-- [ RunTime:0.022459s ]
INFO: [ view_filter ] --START--
INFO: ContentReplace Behavior ::run [ RunTime:0.001303s ]
INFO: TokenBuild Behavior ::run [ RunTime:0.001207s ]
INFO: WriteHtmlCache Behavior ::run [ RunTime:0.000996s ]
INFO: ShowRuntime Behavior ::run [ RunTime:0.001346s ]
INFO: [ view_filter ] --END-- [ RunTime:0.005250s ]
INFO: [ view_end ] --START--
INFO: ShowPageTrace Behavior ::run [ RunTime:0.004236s ]
INFO: [ view_end ] --END-- [ RunTime:0.004372s ]

[ 2014-12-29T10:23:51+08:00 ] 127.0.0.1 /projcet/babyweb/htdocs/fr/index.php/index/privacyPolicy.shtml
INFO: [ route_check ] --START--
INFO: CheckRoute Behavior ::run [ RunTime:0.001956s ]
INFO: [ route_check ] --END-- [ RunTime:0.002085s ]
INFO: [ app_begin ] --START--
INFO: ReadHtmlCache Behavior ::run [ RunTime:0.001483s ]
INFO: [ app_begin ] --END-- [ RunTime:0.001573s ]
SQL: SHOW COLUMNS FROM `website_link` [ RunTime:0.004265s ]
SQL: SELECT * FROM `website_link` WHERE ( `lang` = 'fr' ) ORDER BY link_sort LIMIT 10   [ RunTime:0.000933s ]
SQL: SELECT COUNT(*) AS tp_count FROM `website_link` WHERE ( `lang` = 'fr' ) LIMIT 1   [ RunTime:0.000475s ]
INFO: [ view_parse ] --START--
INFO: ParseTemplate Behavior ::run [ RunTime:0.019355s ]
INFO: [ view_parse ] --END-- [ RunTime:0.019481s ]
INFO: [ view_filter ] --START--
INFO: ContentReplace Behavior ::run [ RunTime:0.001241s ]
INFO: TokenBuild Behavior ::run [ RunTime:0.001196s ]
INFO: WriteHtmlCache Behavior ::run [ RunTime:0.001189s ]
INFO: ShowRuntime Behavior ::run [ RunTime:0.001477s ]
INFO: [ view_filter ] --END-- [ RunTime:0.005371s ]
INFO: [ view_end ] --START--
INFO: ShowPageTrace Behavior ::run [ RunTime:0.004830s ]
INFO: [ view_end ] --END-- [ RunTime:0.005000s ]

[ 2014-12-29T10:23:52+08:00 ] 127.0.0.1 /projcet/babyweb/htdocs/fr/index.php/index/link.shtml
INFO: [ route_check ] --START--
INFO: CheckRoute Behavior ::run [ RunTime:0.002042s ]
INFO: [ route_check ] --END-- [ RunTime:0.002184s ]
INFO: [ app_begin ] --START--
INFO: ReadHtmlCache Behavior ::run [ RunTime:0.001438s ]
INFO: [ app_begin ] --END-- [ RunTime:0.001539s ]
SQL: SHOW COLUMNS FROM `website_link` [ RunTime:0.003956s ]
SQL: SELECT * FROM `website_link` WHERE ( `lang` = 'fr' ) ORDER BY link_sort LIMIT 10   [ RunTime:0.000994s ]
SQL: SELECT * FROM `website_link` WHERE ( `lang` = 'fr' ) ORDER BY link_sort  [ RunTime:0.000962s ]
INFO: [ view_parse ] --START--
INFO: ParseTemplate Behavior ::run [ RunTime:0.018719s ]
INFO: [ view_parse ] --END-- [ RunTime:0.018862s ]
INFO: [ view_filter ] --START--
INFO: ContentReplace Behavior ::run [ RunTime:0.001449s ]
INFO: TokenBuild Behavior ::run [ RunTime:0.001130s ]
INFO: WriteHtmlCache Behavior ::run [ RunTime:0.000973s ]
INFO: ShowRuntime Behavior ::run [ RunTime:0.001382s ]
INFO: [ view_filter ] --END-- [ RunTime:0.005187s ]
INFO: [ view_end ] --START--
INFO: ShowPageTrace Behavior ::run [ RunTime:0.001494s ]
INFO: [ view_end ] --END-- [ RunTime:0.001581s ]

[ 2014-12-29T10:23:53+08:00 ] 127.0.0.1 /projcet/babyweb/htdocs/fr/index.php/index/declaration.shtml
INFO: [ route_check ] --START--
INFO: CheckRoute Behavior ::run [ RunTime:0.001686s ]
INFO: [ route_check ] --END-- [ RunTime:0.001823s ]
INFO: [ app_begin ] --START--
INFO: ReadHtmlCache Behavior ::run [ RunTime:0.001403s ]
INFO: [ app_begin ] --END-- [ RunTime:0.001497s ]
SQL: SHOW COLUMNS FROM `website_link` [ RunTime:0.004246s ]
SQL: SELECT * FROM `website_link` WHERE ( `lang` = 'fr' ) ORDER BY link_sort LIMIT 10   [ RunTime:0.001100s ]
SQL: SELECT COUNT(*) AS tp_count FROM `website_link` WHERE ( `lang` = 'fr' ) LIMIT 1   [ RunTime:0.000737s ]
INFO: [ view_parse ] --START--
INFO: ParseTemplate Behavior ::run [ RunTime:0.025298s ]
INFO: [ view_parse ] --END-- [ RunTime:0.025438s ]
INFO: [ view_filter ] --START--
INFO: ContentReplace Behavior ::run [ RunTime:0.001393s ]
INFO: TokenBuild Behavior ::run [ RunTime:0.001331s ]
INFO: WriteHtmlCache Behavior ::run [ RunTime:0.000997s ]
INFO: ShowRuntime Behavior ::run [ RunTime:0.001443s ]
INFO: [ view_filter ] --END-- [ RunTime:0.005480s ]
INFO: [ view_end ] --START--
INFO: ShowPageTrace Behavior ::run [ RunTime:0.002060s ]
INFO: [ view_end ] --END-- [ RunTime:0.002239s ]

[ 2014-12-29T10:23:53+08:00 ] 127.0.0.1 /projcet/babyweb/htdocs/fr/index.php/index/link.shtml
INFO: [ route_check ] --START--
INFO: CheckRoute Behavior ::run [ RunTime:0.001878s ]
INFO: [ route_check ] --END-- [ RunTime:0.002020s ]
INFO: [ app_begin ] --START--
INFO: ReadHtmlCache Behavior ::run [ RunTime:0.001407s ]
INFO: [ app_begin ] --END-- [ RunTime:0.001505s ]
SQL: SHOW COLUMNS FROM `website_link` [ RunTime:0.004537s ]
SQL: SELECT * FROM `website_link` WHERE ( `lang` = 'fr' ) ORDER BY link_sort LIMIT 10   [ RunTime:0.001097s ]
SQL: SELECT * FROM `website_link` WHERE ( `lang` = 'fr' ) ORDER BY link_sort  [ RunTime:0.000599s ]
INFO: [ view_parse ] --START--
INFO: ParseTemplate Behavior ::run [ RunTime:0.022383s ]
INFO: [ view_parse ] --END-- [ RunTime:0.022538s ]
INFO: [ view_filter ] --START--
INFO: ContentReplace Behavior ::run [ RunTime:0.001249s ]
INFO: TokenBuild Behavior ::run [ RunTime:0.001110s ]
INFO: WriteHtmlCache Behavior ::run [ RunTime:0.000958s ]
INFO: ShowRuntime Behavior ::run [ RunTime:0.001286s ]
INFO: [ view_filter ] --END-- [ RunTime:0.004904s ]
INFO: [ view_end ] --START--
INFO: ShowPageTrace Behavior ::run [ RunTime:0.001472s ]
INFO: [ view_end ] --END-- [ RunTime:0.001571s ]

[ 2014-12-29T10:25:13+08:00 ] 127.0.0.1 /projcet/babyweb/htdocs/fr/index.php/index/link.shtml
INFO: [ route_check ] --START--
INFO: CheckRoute Behavior ::run [ RunTime:0.001932s ]
INFO: [ route_check ] --END-- [ RunTime:0.002086s ]
INFO: [ app_begin ] --START--
INFO: ReadHtmlCache Behavior ::run [ RunTime:0.001312s ]
INFO: [ app_begin ] --END-- [ RunTime:0.001418s ]
SQL: SHOW COLUMNS FROM `website_link` [ RunTime:0.004056s ]
SQL: SELECT * FROM `website_link` WHERE ( `lang` = 'fr' ) ORDER BY link_sort LIMIT 10   [ RunTime:0.000792s ]
SQL: SELECT * FROM `website_link` WHERE ( `lang` = 'fr' ) ORDER BY link_sort  [ RunTime:0.000605s ]
INFO: [ view_parse ] --START--
INFO: ParseTemplate Behavior ::run [ RunTime:0.021300s ]
INFO: [ view_parse ] --END-- [ RunTime:0.021467s ]
INFO: [ view_filter ] --START--
INFO: ContentReplace Behavior ::run [ RunTime:0.000951s ]
INFO: TokenBuild Behavior ::run [ RunTime:0.000887s ]
INFO: WriteHtmlCache Behavior ::run [ RunTime:0.000722s ]
INFO: ShowRuntime Behavior ::run [ RunTime:0.000916s ]
INFO: [ view_filter ] --END-- [ RunTime:0.003777s ]
INFO: [ view_end ] --START--
INFO: ShowPageTrace Behavior ::run [ RunTime:0.001139s ]
INFO: [ view_end ] --END-- [ RunTime:0.001249s ]

