[ 2014-11-19T08:49:51+08:00 ] 127.0.0.1 /projcet/babyweb/htdocs/cn/
INFO: [ app_begin ] --START--
INFO: ReadHtmlCache Behavior ::run [ RunTime:0.013286s ]
INFO: [ app_begin ] --END-- [ RunTime:0.013678s ]
SQL: SHOW COLUMNS FROM `website_index_images` [ RunTime:0.040443s ]
SQL: SELECT * FROM `website_index_images` WHERE ( lang='zh-Hans' and used=1 ) ORDER BY num asc,id asc  [ RunTime:0.001055s ]
INFO: [ view_parse ] --START--
NOTIC: [8] Use of undefined constant one - assumed 'one' D:\wamp\www\projcet\babyweb\cn\Runtime\Cache\5ec3307169fe79e2b7d3e10856dd48ce.php 第 128 行.
NOTIC: [8] Use of undefined constant one3 - assumed 'one3' D:\wamp\www\projcet\babyweb\cn\Runtime\Cache\5ec3307169fe79e2b7d3e10856dd48ce.php 第 141 行.
NOTIC: [8] Use of undefined constant one - assumed 'one' D:\wamp\www\projcet\babyweb\cn\Runtime\Cache\5ec3307169fe79e2b7d3e10856dd48ce.php 第 250 行.
NOTIC: [8] Use of undefined constant one3 - assumed 'one3' D:\wamp\www\projcet\babyweb\cn\Runtime\Cache\5ec3307169fe79e2b7d3e10856dd48ce.php 第 263 行.
INFO: ParseTemplate Behavior ::run [ RunTime:0.107121s ]
INFO: [ view_parse ] --END-- [ RunTime:0.107297s ]
INFO: [ view_filter ] --START--
INFO: ContentReplace Behavior ::run [ RunTime:0.001582s ]
INFO: TokenBuild Behavior ::run [ RunTime:0.011723s ]
INFO: WriteHtmlCache Behavior ::run [ RunTime:0.001069s ]
INFO: ShowRuntime Behavior ::run [ RunTime:0.001060s ]
INFO: [ view_filter ] --END-- [ RunTime:0.015768s ]
INFO: [ view_end ] --START--
INFO: ShowPageTrace Behavior ::run [ RunTime:0.002388s ]
INFO: [ view_end ] --END-- [ RunTime:0.002520s ]

[ 2014-11-19T08:51:33+08:00 ] 127.0.0.1 /projcet/babyweb/htdocs/cn/
INFO: [ app_begin ] --START--
INFO: ReadHtmlCache Behavior ::run [ RunTime:0.001025s ]
INFO: [ app_begin ] --END-- [ RunTime:0.001209s ]
SQL: SHOW COLUMNS FROM `website_index_images` [ RunTime:0.002822s ]
SQL: SELECT * FROM `website_index_images` WHERE ( lang='zh-Hans' and used=1 ) ORDER BY num asc,id asc  [ RunTime:0.002687s ]
INFO: [ view_parse ] --START--
NOTIC: [8] Use of undefined constant one - assumed 'one' D:\wamp\www\projcet\babyweb\cn\Runtime\Cache\5ec3307169fe79e2b7d3e10856dd48ce.php 第 128 行.
NOTIC: [8] Use of undefined constant one3 - assumed 'one3' D:\wamp\www\projcet\babyweb\cn\Runtime\Cache\5ec3307169fe79e2b7d3e10856dd48ce.php 第 141 行.
NOTIC: [8] Use of undefined constant one - assumed 'one' D:\wamp\www\projcet\babyweb\cn\Runtime\Cache\5ec3307169fe79e2b7d3e10856dd48ce.php 第 250 行.
NOTIC: [8] Use of undefined constant one3 - assumed 'one3' D:\wamp\www\projcet\babyweb\cn\Runtime\Cache\5ec3307169fe79e2b7d3e10856dd48ce.php 第 263 行.
INFO: ParseTemplate Behavior ::run [ RunTime:0.044691s ]
INFO: [ view_parse ] --END-- [ RunTime:0.044835s ]
INFO: [ view_filter ] --START--
INFO: ContentReplace Behavior ::run [ RunTime:0.000684s ]
INFO: TokenBuild Behavior ::run [ RunTime:0.000482s ]
INFO: WriteHtmlCache Behavior ::run [ RunTime:0.000356s ]
INFO: ShowRuntime Behavior ::run [ RunTime:0.000631s ]
INFO: [ view_filter ] --END-- [ RunTime:0.002460s ]
INFO: [ view_end ] --START--
INFO: ShowPageTrace Behavior ::run [ RunTime:0.000754s ]
INFO: [ view_end ] --END-- [ RunTime:0.000878s ]

[ 2014-11-19T09:04:50+08:00 ] 127.0.0.1 /projcet/babyweb/htdocs/cn/
INFO: [ app_begin ] --START--
INFO: ReadHtmlCache Behavior ::run [ RunTime:0.000694s ]
INFO: [ app_begin ] --END-- [ RunTime:0.000830s ]
SQL: SHOW COLUMNS FROM `website_index_images` [ RunTime:0.003596s ]
SQL: SELECT * FROM `website_index_images` WHERE ( lang='zh-Hans' and used=1 ) ORDER BY num asc,id asc  [ RunTime:0.000502s ]
INFO: [ view_parse ] --START--
NOTIC: [8] Use of undefined constant one - assumed 'one' D:\wamp\www\projcet\babyweb\cn\Runtime\Cache\5ec3307169fe79e2b7d3e10856dd48ce.php 第 128 行.
NOTIC: [8] Use of undefined constant one3 - assumed 'one3' D:\wamp\www\projcet\babyweb\cn\Runtime\Cache\5ec3307169fe79e2b7d3e10856dd48ce.php 第 141 行.
NOTIC: [8] Use of undefined constant one - assumed 'one' D:\wamp\www\projcet\babyweb\cn\Runtime\Cache\5ec3307169fe79e2b7d3e10856dd48ce.php 第 250 行.
NOTIC: [8] Use of undefined constant one3 - assumed 'one3' D:\wamp\www\projcet\babyweb\cn\Runtime\Cache\5ec3307169fe79e2b7d3e10856dd48ce.php 第 263 行.
INFO: ParseTemplate Behavior ::run [ RunTime:0.038550s ]
INFO: [ view_parse ] --END-- [ RunTime:0.038684s ]
INFO: [ view_filter ] --START--
INFO: ContentReplace Behavior ::run [ RunTime:0.000692s ]
INFO: TokenBuild Behavior ::run [ RunTime:0.000515s ]
INFO: WriteHtmlCache Behavior ::run [ RunTime:0.000350s ]
INFO: ShowRuntime Behavior ::run [ RunTime:0.000641s ]
INFO: [ view_filter ] --END-- [ RunTime:0.002503s ]
INFO: [ view_end ] --START--
INFO: ShowPageTrace Behavior ::run [ RunTime:0.000680s ]
INFO: [ view_end ] --END-- [ RunTime:0.000790s ]

[ 2014-11-19T09:32:46+08:00 ] 127.0.0.1 /projcet/babyweb/htdocs/cn/
INFO: [ app_begin ] --START--
INFO: ReadHtmlCache Behavior ::run [ RunTime:0.001706s ]
INFO: [ app_begin ] --END-- [ RunTime:0.001978s ]
SQL: SHOW COLUMNS FROM `website_index_images` [ RunTime:0.003548s ]
SQL: SELECT * FROM `website_index_images` WHERE ( lang='zh-Hans' and used=1 ) ORDER BY num asc,id asc  [ RunTime:0.000867s ]
INFO: [ view_parse ] --START--
NOTIC: [8] Use of undefined constant one - assumed 'one' D:\wamp\www\projcet\babyweb\cn\Runtime\Cache\5ec3307169fe79e2b7d3e10856dd48ce.php 第 128 行.
NOTIC: [8] Use of undefined constant one3 - assumed 'one3' D:\wamp\www\projcet\babyweb\cn\Runtime\Cache\5ec3307169fe79e2b7d3e10856dd48ce.php 第 141 行.
NOTIC: [8] Use of undefined constant one - assumed 'one' D:\wamp\www\projcet\babyweb\cn\Runtime\Cache\5ec3307169fe79e2b7d3e10856dd48ce.php 第 250 行.
NOTIC: [8] Use of undefined constant one3 - assumed 'one3' D:\wamp\www\projcet\babyweb\cn\Runtime\Cache\5ec3307169fe79e2b7d3e10856dd48ce.php 第 263 行.
INFO: ParseTemplate Behavior ::run [ RunTime:0.035883s ]
INFO: [ view_parse ] --END-- [ RunTime:0.036023s ]
INFO: [ view_filter ] --START--
INFO: ContentReplace Behavior ::run [ RunTime:0.000580s ]
INFO: TokenBuild Behavior ::run [ RunTime:0.000603s ]
INFO: WriteHtmlCache Behavior ::run [ RunTime:0.000328s ]
INFO: ShowRuntime Behavior ::run [ RunTime:0.000620s ]
INFO: [ view_filter ] --END-- [ RunTime:0.002414s ]
INFO: [ view_end ] --START--
INFO: ShowPageTrace Behavior ::run [ RunTime:0.000702s ]
INFO: [ view_end ] --END-- [ RunTime:0.000800s ]

[ 2014-11-19T09:32:50+08:00 ] 127.0.0.1 /projcet/babyweb/htdocs/cn/index.php/product/index.shtml
INFO: [ route_check ] --START--
INFO: CheckRoute Behavior ::run [ RunTime:0.014702s ]
INFO: [ route_check ] --END-- [ RunTime:0.015075s ]
INFO: [ app_begin ] --START--
INFO: ReadHtmlCache Behavior ::run [ RunTime:0.000921s ]
INFO: [ app_begin ] --END-- [ RunTime:0.001080s ]
SQL: SHOW COLUMNS FROM `website_apps` [ RunTime:0.005159s ]
NOTIC: [8] Undefined index: cata_id D:\wamp\www\projcet\babyweb\cn\Lib\Action\ProductAction.class.php 第 15 行.
NOTIC: [8] Undefined index: search_word D:\wamp\www\projcet\babyweb\cn\Lib\Action\ProductAction.class.php 第 16 行.
NOTIC: [8] Undefined index: cata_id D:\wamp\www\projcet\babyweb\cn\Lib\Action\ProductAction.class.php 第 22 行.
NOTIC: [8] Undefined index: is_hot D:\wamp\www\projcet\babyweb\cn\Lib\Action\ProductAction.class.php 第 23 行.
SQL: SELECT `id`,`ipad_id`,`iphone_id`,`cell_android_url`,`android_url`,`app_name`,`app_images`,`intro`,`myapp_url` FROM `website_apps` WHERE ( `del` = 0 ) AND ( `lang` = 'zh-Hans' ) ORDER BY id desc LIMIT 0,9   [ RunTime:0.001485s ]
ERR: 1054:Unknown column 'myapp_url' in 'field list'
 [ SQL语句 ] : SELECT `id`,`ipad_id`,`iphone_id`,`cell_android_url`,`android_url`,`app_name`,`app_images`,`intro`,`myapp_url` FROM `website_apps` WHERE ( `del` = 0 ) AND ( `lang` = 'zh-Hans' ) ORDER BY id desc LIMIT 0,9  
NOTIC: [2] Invalid argument supplied for foreach() D:\wamp\www\projcet\babyweb\cn\Lib\Action\ProductAction.class.php 第 56 行.
INFO: [ view_parse ] --START--
INFO: ParseTemplate Behavior ::run [ RunTime:0.043935s ]
INFO: [ view_parse ] --END-- [ RunTime:0.044160s ]
INFO: [ view_filter ] --START--
INFO: ContentReplace Behavior ::run [ RunTime:0.000799s ]
INFO: TokenBuild Behavior ::run [ RunTime:0.000889s ]
INFO: WriteHtmlCache Behavior ::run [ RunTime:0.000601s ]
INFO: ShowRuntime Behavior ::run [ RunTime:0.001265s ]
INFO: [ view_filter ] --END-- [ RunTime:0.004097s ]
INFO: [ view_end ] --START--
INFO: ShowPageTrace Behavior ::run [ RunTime:0.001279s ]
INFO: [ view_end ] --END-- [ RunTime:0.001594s ]

[ 2014-11-19T09:42:00+08:00 ] 127.0.0.1 /projcet/babyweb/htdocs/cn/index.php/product/index.shtml
INFO: [ route_check ] --START--
INFO: CheckRoute Behavior ::run [ RunTime:0.001185s ]
INFO: [ route_check ] --END-- [ RunTime:0.001343s ]
INFO: [ app_begin ] --START--
INFO: ReadHtmlCache Behavior ::run [ RunTime:0.000966s ]
INFO: [ app_begin ] --END-- [ RunTime:0.001072s ]
SQL: SHOW COLUMNS FROM `website_apps` [ RunTime:0.003941s ]
NOTIC: [8] Undefined index: cata_id D:\wamp\www\projcet\babyweb\cn\Lib\Action\ProductAction.class.php 第 15 行.
NOTIC: [8] Undefined index: search_word D:\wamp\www\projcet\babyweb\cn\Lib\Action\ProductAction.class.php 第 16 行.
NOTIC: [8] Undefined index: cata_id D:\wamp\www\projcet\babyweb\cn\Lib\Action\ProductAction.class.php 第 22 行.
NOTIC: [8] Undefined index: is_hot D:\wamp\www\projcet\babyweb\cn\Lib\Action\ProductAction.class.php 第 23 行.
SQL: SELECT `id`,`ipad_id`,`iphone_id`,`cell_android_url`,`android_url`,`app_name`,`app_images`,`intro`,`myapp_url` FROM `website_apps` WHERE ( `del` = 0 ) AND ( `lang` = 'zh-Hans' ) ORDER BY id desc LIMIT 0,9   [ RunTime:0.000697s ]
ERR: 1054:Unknown column 'myapp_url' in 'field list'
 [ SQL语句 ] : SELECT `id`,`ipad_id`,`iphone_id`,`cell_android_url`,`android_url`,`app_name`,`app_images`,`intro`,`myapp_url` FROM `website_apps` WHERE ( `del` = 0 ) AND ( `lang` = 'zh-Hans' ) ORDER BY id desc LIMIT 0,9  
NOTIC: [2] Invalid argument supplied for foreach() D:\wamp\www\projcet\babyweb\cn\Lib\Action\ProductAction.class.php 第 56 行.
INFO: [ view_parse ] --START--
INFO: ParseTemplate Behavior ::run [ RunTime:0.017854s ]
INFO: [ view_parse ] --END-- [ RunTime:0.018026s ]
INFO: [ view_filter ] --START--
INFO: ContentReplace Behavior ::run [ RunTime:0.000835s ]
INFO: TokenBuild Behavior ::run [ RunTime:0.000678s ]
INFO: WriteHtmlCache Behavior ::run [ RunTime:0.000435s ]
INFO: ShowRuntime Behavior ::run [ RunTime:0.000770s ]
INFO: [ view_filter ] --END-- [ RunTime:0.003065s ]
INFO: [ view_end ] --START--
INFO: ShowPageTrace Behavior ::run [ RunTime:0.000971s ]
INFO: [ view_end ] --END-- [ RunTime:0.001123s ]

[ 2014-11-19T09:42:13+08:00 ] 127.0.0.1 /projcet/babyweb/htdocs/cn/index.php/product/index.shtml
INFO: [ route_check ] --START--
INFO: CheckRoute Behavior ::run [ RunTime:0.001177s ]
INFO: [ route_check ] --END-- [ RunTime:0.001356s ]
INFO: [ app_begin ] --START--
INFO: ReadHtmlCache Behavior ::run [ RunTime:0.000751s ]
INFO: [ app_begin ] --END-- [ RunTime:0.000916s ]
SQL: SHOW COLUMNS FROM `website_apps` [ RunTime:0.005577s ]
NOTIC: [8] Undefined index: cata_id D:\wamp\www\projcet\babyweb\cn\Lib\Action\ProductAction.class.php 第 15 行.
NOTIC: [8] Undefined index: search_word D:\wamp\www\projcet\babyweb\cn\Lib\Action\ProductAction.class.php 第 16 行.
NOTIC: [8] Undefined index: cata_id D:\wamp\www\projcet\babyweb\cn\Lib\Action\ProductAction.class.php 第 22 行.
NOTIC: [8] Undefined index: is_hot D:\wamp\www\projcet\babyweb\cn\Lib\Action\ProductAction.class.php 第 23 行.
SQL: SELECT `id`,`ipad_id`,`iphone_id`,`cell_android_url`,`android_url`,`app_name`,`app_images`,`intro`,`myapp_url` FROM `website_apps` WHERE ( `del` = 0 ) AND ( `lang` = 'zh-Hans' ) ORDER BY id desc LIMIT 0,9   [ RunTime:0.001861s ]
ERR: 1054:Unknown column 'myapp_url' in 'field list'
 [ SQL语句 ] : SELECT `id`,`ipad_id`,`iphone_id`,`cell_android_url`,`android_url`,`app_name`,`app_images`,`intro`,`myapp_url` FROM `website_apps` WHERE ( `del` = 0 ) AND ( `lang` = 'zh-Hans' ) ORDER BY id desc LIMIT 0,9  
NOTIC: [2] Invalid argument supplied for foreach() D:\wamp\www\projcet\babyweb\cn\Lib\Action\ProductAction.class.php 第 56 行.
INFO: [ view_parse ] --START--
INFO: ParseTemplate Behavior ::run [ RunTime:0.019177s ]
INFO: [ view_parse ] --END-- [ RunTime:0.019375s ]
INFO: [ view_filter ] --START--
INFO: ContentReplace Behavior ::run [ RunTime:0.000557s ]
INFO: TokenBuild Behavior ::run [ RunTime:0.000468s ]
INFO: WriteHtmlCache Behavior ::run [ RunTime:0.000336s ]
INFO: ShowRuntime Behavior ::run [ RunTime:0.000550s ]
INFO: [ view_filter ] --END-- [ RunTime:0.002208s ]
INFO: [ view_end ] --START--
INFO: ShowPageTrace Behavior ::run [ RunTime:0.000688s ]
INFO: [ view_end ] --END-- [ RunTime:0.000825s ]

[ 2014-11-19T09:42:49+08:00 ] 127.0.0.1 /projcet/babyweb/htdocs/cn/index.php/product/index.shtml
INFO: [ route_check ] --START--
INFO: CheckRoute Behavior ::run [ RunTime:0.001185s ]
INFO: [ route_check ] --END-- [ RunTime:0.001345s ]
INFO: [ app_begin ] --START--
INFO: ReadHtmlCache Behavior ::run [ RunTime:0.000893s ]
INFO: [ app_begin ] --END-- [ RunTime:0.001021s ]
SQL: SHOW COLUMNS FROM `website_apps` [ RunTime:0.003812s ]
NOTIC: [8] Undefined index: cata_id D:\wamp\www\projcet\babyweb\cn\Lib\Action\ProductAction.class.php 第 15 行.
NOTIC: [8] Undefined index: search_word D:\wamp\www\projcet\babyweb\cn\Lib\Action\ProductAction.class.php 第 16 行.
NOTIC: [8] Undefined index: cata_id D:\wamp\www\projcet\babyweb\cn\Lib\Action\ProductAction.class.php 第 22 行.
NOTIC: [8] Undefined index: is_hot D:\wamp\www\projcet\babyweb\cn\Lib\Action\ProductAction.class.php 第 23 行.
SQL: SELECT `id`,`ipad_id`,`iphone_id`,`cell_android_url`,`android_url`,`app_name`,`app_images`,`intro`,`myapp_url` FROM `website_apps` WHERE ( `del` = 0 ) AND ( `lang` = 'zh-Hans' ) ORDER BY id desc LIMIT 0,9   [ RunTime:0.000530s ]
ERR: 1054:Unknown column 'myapp_url' in 'field list'
 [ SQL语句 ] : SELECT `id`,`ipad_id`,`iphone_id`,`cell_android_url`,`android_url`,`app_name`,`app_images`,`intro`,`myapp_url` FROM `website_apps` WHERE ( `del` = 0 ) AND ( `lang` = 'zh-Hans' ) ORDER BY id desc LIMIT 0,9  
NOTIC: [2] Invalid argument supplied for foreach() D:\wamp\www\projcet\babyweb\cn\Lib\Action\ProductAction.class.php 第 56 行.
INFO: [ view_parse ] --START--
INFO: ParseTemplate Behavior ::run [ RunTime:0.018053s ]
INFO: [ view_parse ] --END-- [ RunTime:0.018260s ]
INFO: [ view_filter ] --START--
INFO: ContentReplace Behavior ::run [ RunTime:0.001013s ]
INFO: TokenBuild Behavior ::run [ RunTime:0.000800s ]
INFO: WriteHtmlCache Behavior ::run [ RunTime:0.000498s ]
INFO: ShowRuntime Behavior ::run [ RunTime:0.000712s ]
INFO: [ view_filter ] --END-- [ RunTime:0.003525s ]
INFO: [ view_end ] --START--
INFO: ShowPageTrace Behavior ::run [ RunTime:0.000846s ]
INFO: [ view_end ] --END-- [ RunTime:0.000957s ]

[ 2014-11-19T09:43:10+08:00 ] 127.0.0.1 /projcet/babyweb/htdocs/cn/index.php/product/index.shtml
INFO: [ route_check ] --START--
INFO: CheckRoute Behavior ::run [ RunTime:0.000914s ]
INFO: [ route_check ] --END-- [ RunTime:0.001076s ]
INFO: [ app_begin ] --START--
INFO: ReadHtmlCache Behavior ::run [ RunTime:0.000588s ]
INFO: [ app_begin ] --END-- [ RunTime:0.000775s ]
SQL: SHOW COLUMNS FROM `website_apps` [ RunTime:0.003622s ]
NOTIC: [8] Undefined index: cata_id D:\wamp\www\projcet\babyweb\cn\Lib\Action\ProductAction.class.php 第 15 行.
NOTIC: [8] Undefined index: search_word D:\wamp\www\projcet\babyweb\cn\Lib\Action\ProductAction.class.php 第 16 行.
NOTIC: [8] Undefined index: cata_id D:\wamp\www\projcet\babyweb\cn\Lib\Action\ProductAction.class.php 第 23 行.
NOTIC: [8] Undefined index: is_hot D:\wamp\www\projcet\babyweb\cn\Lib\Action\ProductAction.class.php 第 24 行.
SQL: SELECT `id`,`ipad_id`,`iphone_id`,`cell_android_url`,`android_url`,`app_name`,`app_images`,`intro`,`myapp_url` FROM `website_apps` WHERE ( `del` = 0 ) AND ( `lang` = 'zh-Hans' ) ORDER BY id desc LIMIT 0,9   [ RunTime:0.000400s ]
ERR: 1054:Unknown column 'myapp_url' in 'field list'
 [ SQL语句 ] : SELECT `id`,`ipad_id`,`iphone_id`,`cell_android_url`,`android_url`,`app_name`,`app_images`,`intro`,`myapp_url` FROM `website_apps` WHERE ( `del` = 0 ) AND ( `lang` = 'zh-Hans' ) ORDER BY id desc LIMIT 0,9  
NOTIC: [2] Invalid argument supplied for foreach() D:\wamp\www\projcet\babyweb\cn\Lib\Action\ProductAction.class.php 第 57 行.
INFO: [ view_parse ] --START--
INFO: ParseTemplate Behavior ::run [ RunTime:0.017670s ]
INFO: [ view_parse ] --END-- [ RunTime:0.018172s ]
INFO: [ view_filter ] --START--
INFO: ContentReplace Behavior ::run [ RunTime:0.000735s ]
INFO: TokenBuild Behavior ::run [ RunTime:0.000474s ]
INFO: WriteHtmlCache Behavior ::run [ RunTime:0.000290s ]
INFO: ShowRuntime Behavior ::run [ RunTime:0.000605s ]
INFO: [ view_filter ] --END-- [ RunTime:0.002464s ]
INFO: [ view_end ] --START--
INFO: ShowPageTrace Behavior ::run [ RunTime:0.000606s ]
INFO: [ view_end ] --END-- [ RunTime:0.000716s ]

[ 2014-11-19T09:43:21+08:00 ] 127.0.0.1 /projcet/babyweb/htdocs/cn/index.php/product/index.shtml
INFO: [ route_check ] --START--
INFO: CheckRoute Behavior ::run [ RunTime:0.001477s ]
INFO: [ route_check ] --END-- [ RunTime:0.001700s ]
INFO: [ app_begin ] --START--
INFO: ReadHtmlCache Behavior ::run [ RunTime:0.002393s ]
INFO: [ app_begin ] --END-- [ RunTime:0.002599s ]
SQL: SHOW COLUMNS FROM `website_apps` [ RunTime:0.003577s ]
NOTIC: [8] Undefined index: cata_id D:\wamp\www\projcet\babyweb\cn\Lib\Action\ProductAction.class.php 第 15 行.
NOTIC: [8] Undefined index: search_word D:\wamp\www\projcet\babyweb\cn\Lib\Action\ProductAction.class.php 第 16 行.

[ 2014-11-19T09:43:48+08:00 ] 127.0.0.1 /projcet/babyweb/htdocs/cn/index.php/product/index.shtml
INFO: [ route_check ] --START--
INFO: CheckRoute Behavior ::run [ RunTime:0.000928s ]
INFO: [ route_check ] --END-- [ RunTime:0.001075s ]
INFO: [ app_begin ] --START--
INFO: ReadHtmlCache Behavior ::run [ RunTime:0.000576s ]
INFO: [ app_begin ] --END-- [ RunTime:0.000696s ]
SQL: SHOW COLUMNS FROM `website_apps` [ RunTime:0.003479s ]
NOTIC: [8] Undefined index: cata_id D:\wamp\www\projcet\babyweb\cn\Lib\Action\ProductAction.class.php 第 15 行.
NOTIC: [8] Undefined index: search_word D:\wamp\www\projcet\babyweb\cn\Lib\Action\ProductAction.class.php 第 16 行.
NOTIC: [8] Undefined index: cata_id D:\wamp\www\projcet\babyweb\cn\Lib\Action\ProductAction.class.php 第 22 行.
NOTIC: [8] Undefined index: is_hot D:\wamp\www\projcet\babyweb\cn\Lib\Action\ProductAction.class.php 第 23 行.
SQL: SELECT `id`,`ipad_id`,`iphone_id`,`cell_android_url`,`android_url`,`app_name`,`app_images`,`intro`,`myapp_url` FROM `website_apps` WHERE ( `del` = 0 ) AND ( `lang` = 'zh-Hans' ) ORDER BY id desc LIMIT 0,9   [ RunTime:0.000758s ]
ERR: 1054:Unknown column 'myapp_url' in 'field list'
 [ SQL语句 ] : SELECT `id`,`ipad_id`,`iphone_id`,`cell_android_url`,`android_url`,`app_name`,`app_images`,`intro`,`myapp_url` FROM `website_apps` WHERE ( `del` = 0 ) AND ( `lang` = 'zh-Hans' ) ORDER BY id desc LIMIT 0,9  
NOTIC: [2] Invalid argument supplied for foreach() D:\wamp\www\projcet\babyweb\cn\Lib\Action\ProductAction.class.php 第 58 行.

[ 2014-11-19T09:43:51+08:00 ] 127.0.0.1 /projcet/babyweb/htdocs/cn/index.php/product/index.shtml
INFO: [ route_check ] --START--
INFO: CheckRoute Behavior ::run [ RunTime:0.000845s ]
INFO: [ route_check ] --END-- [ RunTime:0.001016s ]
INFO: [ app_begin ] --START--
INFO: ReadHtmlCache Behavior ::run [ RunTime:0.001257s ]
INFO: [ app_begin ] --END-- [ RunTime:0.001428s ]
SQL: SHOW COLUMNS FROM `website_apps` [ RunTime:0.004796s ]
NOTIC: [8] Undefined index: cata_id D:\wamp\www\projcet\babyweb\cn\Lib\Action\ProductAction.class.php 第 15 行.
NOTIC: [8] Undefined index: search_word D:\wamp\www\projcet\babyweb\cn\Lib\Action\ProductAction.class.php 第 16 行.
NOTIC: [8] Undefined index: cata_id D:\wamp\www\projcet\babyweb\cn\Lib\Action\ProductAction.class.php 第 22 行.
NOTIC: [8] Undefined index: is_hot D:\wamp\www\projcet\babyweb\cn\Lib\Action\ProductAction.class.php 第 23 行.
SQL: SELECT `id`,`ipad_id`,`iphone_id`,`cell_android_url`,`android_url`,`app_name`,`app_images`,`intro`,`myapp_url` FROM `website_apps` WHERE ( `del` = 0 ) AND ( `lang` = 'zh-Hans' ) ORDER BY id desc LIMIT 0,9   [ RunTime:0.000518s ]
ERR: 1054:Unknown column 'myapp_url' in 'field list'
 [ SQL语句 ] : SELECT `id`,`ipad_id`,`iphone_id`,`cell_android_url`,`android_url`,`app_name`,`app_images`,`intro`,`myapp_url` FROM `website_apps` WHERE ( `del` = 0 ) AND ( `lang` = 'zh-Hans' ) ORDER BY id desc LIMIT 0,9  
NOTIC: [2] Invalid argument supplied for foreach() D:\wamp\www\projcet\babyweb\cn\Lib\Action\ProductAction.class.php 第 58 行.

[ 2014-11-19T09:43:56+08:00 ] 127.0.0.1 /projcet/babyweb/htdocs/cn/index.php/product/index.shtml
INFO: [ route_check ] --START--
INFO: CheckRoute Behavior ::run [ RunTime:0.000851s ]
INFO: [ route_check ] --END-- [ RunTime:0.001041s ]
INFO: [ app_begin ] --START--
INFO: ReadHtmlCache Behavior ::run [ RunTime:0.000848s ]
INFO: [ app_begin ] --END-- [ RunTime:0.001036s ]
SQL: SHOW COLUMNS FROM `website_apps` [ RunTime:0.003945s ]
NOTIC: [8] Undefined index: cata_id D:\wamp\www\projcet\babyweb\cn\Lib\Action\ProductAction.class.php 第 15 行.
NOTIC: [8] Undefined index: search_word D:\wamp\www\projcet\babyweb\cn\Lib\Action\ProductAction.class.php 第 16 行.
NOTIC: [8] Undefined index: cata_id D:\wamp\www\projcet\babyweb\cn\Lib\Action\ProductAction.class.php 第 22 行.
NOTIC: [8] Undefined index: is_hot D:\wamp\www\projcet\babyweb\cn\Lib\Action\ProductAction.class.php 第 23 行.
SQL: SELECT `id`,`ipad_id`,`iphone_id`,`cell_android_url`,`android_url`,`app_name`,`app_images`,`intro`,`myapp_url` FROM `website_apps` WHERE ( `del` = 0 ) AND ( `lang` = 'zh-Hans' ) ORDER BY id desc LIMIT 0,9   [ RunTime:0.000419s ]
ERR: 1054:Unknown column 'myapp_url' in 'field list'
 [ SQL语句 ] : SELECT `id`,`ipad_id`,`iphone_id`,`cell_android_url`,`android_url`,`app_name`,`app_images`,`intro`,`myapp_url` FROM `website_apps` WHERE ( `del` = 0 ) AND ( `lang` = 'zh-Hans' ) ORDER BY id desc LIMIT 0,9  
NOTIC: [2] Invalid argument supplied for foreach() D:\wamp\www\projcet\babyweb\cn\Lib\Action\ProductAction.class.php 第 56 行.
INFO: [ view_parse ] --START--
INFO: ParseTemplate Behavior ::run [ RunTime:0.020237s ]
INFO: [ view_parse ] --END-- [ RunTime:0.020405s ]
INFO: [ view_filter ] --START--
INFO: ContentReplace Behavior ::run [ RunTime:0.000773s ]
INFO: TokenBuild Behavior ::run [ RunTime:0.000500s ]
INFO: WriteHtmlCache Behavior ::run [ RunTime:0.000378s ]
INFO: ShowRuntime Behavior ::run [ RunTime:0.000639s ]
INFO: [ view_filter ] --END-- [ RunTime:0.002657s ]
INFO: [ view_end ] --START--
INFO: ShowPageTrace Behavior ::run [ RunTime:0.000639s ]
INFO: [ view_end ] --END-- [ RunTime:0.000748s ]

[ 2014-11-19T09:44:09+08:00 ] 127.0.0.1 /projcet/babyweb/htdocs/cn/index.php/product/index.shtml
INFO: [ route_check ] --START--
INFO: CheckRoute Behavior ::run [ RunTime:0.001447s ]
INFO: [ route_check ] --END-- [ RunTime:0.001715s ]
INFO: [ app_begin ] --START--
INFO: ReadHtmlCache Behavior ::run [ RunTime:0.000955s ]
INFO: [ app_begin ] --END-- [ RunTime:0.001106s ]
SQL: SHOW COLUMNS FROM `website_apps` [ RunTime:0.003383s ]
NOTIC: [8] Undefined index: cata_id D:\wamp\www\projcet\babyweb\cn\Lib\Action\ProductAction.class.php 第 15 行.
NOTIC: [8] Undefined index: search_word D:\wamp\www\projcet\babyweb\cn\Lib\Action\ProductAction.class.php 第 16 行.
NOTIC: [8] Undefined index: cata_id D:\wamp\www\projcet\babyweb\cn\Lib\Action\ProductAction.class.php 第 22 行.
NOTIC: [8] Undefined index: is_hot D:\wamp\www\projcet\babyweb\cn\Lib\Action\ProductAction.class.php 第 23 行.
SQL: SELECT `id`,`ipad_id`,`iphone_id`,`cell_android_url`,`android_url`,`app_name`,`app_images`,`intro`,`myapp_url` FROM `website_apps` WHERE ( `del` = 0 ) AND ( `lang` = 'zh-Hans' ) ORDER BY id desc LIMIT 0,9   [ RunTime:0.000453s ]
ERR: 1054:Unknown column 'myapp_url' in 'field list'
 [ SQL语句 ] : SELECT `id`,`ipad_id`,`iphone_id`,`cell_android_url`,`android_url`,`app_name`,`app_images`,`intro`,`myapp_url` FROM `website_apps` WHERE ( `del` = 0 ) AND ( `lang` = 'zh-Hans' ) ORDER BY id desc LIMIT 0,9  
NOTIC: [2] Invalid argument supplied for foreach() D:\wamp\www\projcet\babyweb\cn\Lib\Action\ProductAction.class.php 第 57 行.
INFO: [ view_parse ] --START--
INFO: ParseTemplate Behavior ::run [ RunTime:0.018021s ]
INFO: [ view_parse ] --END-- [ RunTime:0.018189s ]
INFO: [ view_filter ] --START--
INFO: ContentReplace Behavior ::run [ RunTime:0.000604s ]
INFO: TokenBuild Behavior ::run [ RunTime:0.000685s ]
INFO: WriteHtmlCache Behavior ::run [ RunTime:0.000545s ]
INFO: ShowRuntime Behavior ::run [ RunTime:0.000635s ]
INFO: [ view_filter ] --END-- [ RunTime:0.002776s ]
INFO: [ view_end ] --START--
INFO: ShowPageTrace Behavior ::run [ RunTime:0.000725s ]
INFO: [ view_end ] --END-- [ RunTime:0.000835s ]

[ 2014-11-19T09:44:14+08:00 ] 127.0.0.1 /projcet/babyweb/htdocs/cn/index.php/product/index.shtml
INFO: [ route_check ] --START--
INFO: CheckRoute Behavior ::run [ RunTime:0.001044s ]
INFO: [ route_check ] --END-- [ RunTime:0.001206s ]
INFO: [ app_begin ] --START--
INFO: ReadHtmlCache Behavior ::run [ RunTime:0.000937s ]
INFO: [ app_begin ] --END-- [ RunTime:0.001082s ]
SQL: SHOW COLUMNS FROM `website_apps` [ RunTime:0.004128s ]
NOTIC: [8] Undefined index: cata_id D:\wamp\www\projcet\babyweb\cn\Lib\Action\ProductAction.class.php 第 15 行.
NOTIC: [8] Undefined index: search_word D:\wamp\www\projcet\babyweb\cn\Lib\Action\ProductAction.class.php 第 16 行.
NOTIC: [8] Undefined index: cata_id D:\wamp\www\projcet\babyweb\cn\Lib\Action\ProductAction.class.php 第 22 行.
NOTIC: [8] Undefined index: is_hot D:\wamp\www\projcet\babyweb\cn\Lib\Action\ProductAction.class.php 第 23 行.
SQL: SELECT `id`,`ipad_id`,`iphone_id`,`cell_android_url`,`android_url`,`app_name`,`app_images`,`intro`,`myapp_url` FROM `website_apps` WHERE ( `del` = 0 ) AND ( `lang` = 'zh-Hans' ) ORDER BY id desc LIMIT 0,9   [ RunTime:0.000351s ]
ERR: 1054:Unknown column 'myapp_url' in 'field list'
 [ SQL语句 ] : SELECT `id`,`ipad_id`,`iphone_id`,`cell_android_url`,`android_url`,`app_name`,`app_images`,`intro`,`myapp_url` FROM `website_apps` WHERE ( `del` = 0 ) AND ( `lang` = 'zh-Hans' ) ORDER BY id desc LIMIT 0,9  
NOTIC: [2] Invalid argument supplied for foreach() D:\wamp\www\projcet\babyweb\cn\Lib\Action\ProductAction.class.php 第 58 行.

[ 2014-11-19T09:46:09+08:00 ] 127.0.0.1 /projcet/babyweb/htdocs/cn/index.php/product/index.shtml
INFO: [ route_check ] --START--
INFO: CheckRoute Behavior ::run [ RunTime:0.000933s ]
INFO: [ route_check ] --END-- [ RunTime:0.001118s ]
INFO: [ app_begin ] --START--
INFO: ReadHtmlCache Behavior ::run [ RunTime:0.000699s ]
INFO: [ app_begin ] --END-- [ RunTime:0.000830s ]
SQL: SHOW COLUMNS FROM `website_apps` [ RunTime:0.004220s ]
NOTIC: [8] Undefined index: cata_id D:\wamp\www\projcet\babyweb\cn\Lib\Action\ProductAction.class.php 第 15 行.
NOTIC: [8] Undefined index: search_word D:\wamp\www\projcet\babyweb\cn\Lib\Action\ProductAction.class.php 第 16 行.
NOTIC: [8] Undefined index: cata_id D:\wamp\www\projcet\babyweb\cn\Lib\Action\ProductAction.class.php 第 22 行.
NOTIC: [8] Undefined index: is_hot D:\wamp\www\projcet\babyweb\cn\Lib\Action\ProductAction.class.php 第 23 行.
SQL: SELECT `id`,`ipad_id`,`iphone_id`,`cell_android_url`,`android_url`,`app_name`,`app_images`,`intro`,`myapp_url` FROM `website_apps` WHERE ( `del` = 0 ) AND ( `lang` = 'zh-Hans' ) ORDER BY id desc LIMIT 0,9   [ RunTime:0.000561s ]
ERR: 1054:Unknown column 'myapp_url' in 'field list'
 [ SQL语句 ] : SELECT `id`,`ipad_id`,`iphone_id`,`cell_android_url`,`android_url`,`app_name`,`app_images`,`intro`,`myapp_url` FROM `website_apps` WHERE ( `del` = 0 ) AND ( `lang` = 'zh-Hans' ) ORDER BY id desc LIMIT 0,9  
NOTIC: [2] Invalid argument supplied for foreach() D:\wamp\www\projcet\babyweb\cn\Lib\Action\ProductAction.class.php 第 58 行.
ERR: Action:getLastSql您所请求的方法不存在！

[ 2014-11-19T09:46:24+08:00 ] 127.0.0.1 /projcet/babyweb/htdocs/cn/index.php/product/index.shtml
INFO: [ route_check ] --START--
INFO: CheckRoute Behavior ::run [ RunTime:0.001089s ]
INFO: [ route_check ] --END-- [ RunTime:0.001266s ]
INFO: [ app_begin ] --START--
INFO: ReadHtmlCache Behavior ::run [ RunTime:0.000778s ]
INFO: [ app_begin ] --END-- [ RunTime:0.000934s ]
SQL: SHOW COLUMNS FROM `website_apps` [ RunTime:0.003961s ]
NOTIC: [8] Undefined index: cata_id D:\wamp\www\projcet\babyweb\cn\Lib\Action\ProductAction.class.php 第 15 行.
NOTIC: [8] Undefined index: search_word D:\wamp\www\projcet\babyweb\cn\Lib\Action\ProductAction.class.php 第 16 行.
NOTIC: [8] Undefined index: cata_id D:\wamp\www\projcet\babyweb\cn\Lib\Action\ProductAction.class.php 第 22 行.
NOTIC: [8] Undefined index: is_hot D:\wamp\www\projcet\babyweb\cn\Lib\Action\ProductAction.class.php 第 23 行.
SQL: SELECT `id`,`ipad_id`,`iphone_id`,`cell_android_url`,`android_url`,`app_name`,`app_images`,`intro`,`myapp_url` FROM `website_apps` WHERE ( `del` = 0 ) AND ( `lang` = 'zh-Hans' ) ORDER BY id desc LIMIT 0,9   [ RunTime:0.000506s ]
ERR: 1054:Unknown column 'myapp_url' in 'field list'
 [ SQL语句 ] : SELECT `id`,`ipad_id`,`iphone_id`,`cell_android_url`,`android_url`,`app_name`,`app_images`,`intro`,`myapp_url` FROM `website_apps` WHERE ( `del` = 0 ) AND ( `lang` = 'zh-Hans' ) ORDER BY id desc LIMIT 0,9  
NOTIC: [2] Invalid argument supplied for foreach() D:\wamp\www\projcet\babyweb\cn\Lib\Action\ProductAction.class.php 第 58 行.
ERR: Action:getLastSql您所请求的方法不存在！

[ 2014-11-19T09:46:24+08:00 ] 127.0.0.1 /projcet/babyweb/htdocs/cn/index.php/product/index.shtml
INFO: [ route_check ] --START--
INFO: CheckRoute Behavior ::run [ RunTime:0.001123s ]
INFO: [ route_check ] --END-- [ RunTime:0.001284s ]
INFO: [ app_begin ] --START--
INFO: ReadHtmlCache Behavior ::run [ RunTime:0.000590s ]
INFO: [ app_begin ] --END-- [ RunTime:0.000701s ]
SQL: SHOW COLUMNS FROM `website_apps` [ RunTime:0.003546s ]
NOTIC: [8] Undefined index: cata_id D:\wamp\www\projcet\babyweb\cn\Lib\Action\ProductAction.class.php 第 15 行.
NOTIC: [8] Undefined index: search_word D:\wamp\www\projcet\babyweb\cn\Lib\Action\ProductAction.class.php 第 16 行.
NOTIC: [8] Undefined index: cata_id D:\wamp\www\projcet\babyweb\cn\Lib\Action\ProductAction.class.php 第 22 行.
NOTIC: [8] Undefined index: is_hot D:\wamp\www\projcet\babyweb\cn\Lib\Action\ProductAction.class.php 第 23 行.
SQL: SELECT `id`,`ipad_id`,`iphone_id`,`cell_android_url`,`android_url`,`app_name`,`app_images`,`intro`,`myapp_url` FROM `website_apps` WHERE ( `del` = 0 ) AND ( `lang` = 'zh-Hans' ) ORDER BY id desc LIMIT 0,9   [ RunTime:0.000370s ]
ERR: 1054:Unknown column 'myapp_url' in 'field list'
 [ SQL语句 ] : SELECT `id`,`ipad_id`,`iphone_id`,`cell_android_url`,`android_url`,`app_name`,`app_images`,`intro`,`myapp_url` FROM `website_apps` WHERE ( `del` = 0 ) AND ( `lang` = 'zh-Hans' ) ORDER BY id desc LIMIT 0,9  
NOTIC: [2] Invalid argument supplied for foreach() D:\wamp\www\projcet\babyweb\cn\Lib\Action\ProductAction.class.php 第 58 行.
ERR: Action:getLastSql您所请求的方法不存在！

[ 2014-11-19T09:46:25+08:00 ] 127.0.0.1 /projcet/babyweb/htdocs/cn/index.php/product/index.shtml
INFO: [ route_check ] --START--
INFO: CheckRoute Behavior ::run [ RunTime:0.001143s ]
INFO: [ route_check ] --END-- [ RunTime:0.001343s ]
INFO: [ app_begin ] --START--
INFO: ReadHtmlCache Behavior ::run [ RunTime:0.001029s ]
INFO: [ app_begin ] --END-- [ RunTime:0.001264s ]
SQL: SHOW COLUMNS FROM `website_apps` [ RunTime:0.002909s ]
NOTIC: [8] Undefined index: cata_id D:\wamp\www\projcet\babyweb\cn\Lib\Action\ProductAction.class.php 第 15 行.
NOTIC: [8] Undefined index: search_word D:\wamp\www\projcet\babyweb\cn\Lib\Action\ProductAction.class.php 第 16 行.
NOTIC: [8] Undefined index: cata_id D:\wamp\www\projcet\babyweb\cn\Lib\Action\ProductAction.class.php 第 22 行.
NOTIC: [8] Undefined index: is_hot D:\wamp\www\projcet\babyweb\cn\Lib\Action\ProductAction.class.php 第 23 行.
SQL: SELECT `id`,`ipad_id`,`iphone_id`,`cell_android_url`,`android_url`,`app_name`,`app_images`,`intro`,`myapp_url` FROM `website_apps` WHERE ( `del` = 0 ) AND ( `lang` = 'zh-Hans' ) ORDER BY id desc LIMIT 0,9   [ RunTime:0.000260s ]
ERR: 1054:Unknown column 'myapp_url' in 'field list'
 [ SQL语句 ] : SELECT `id`,`ipad_id`,`iphone_id`,`cell_android_url`,`android_url`,`app_name`,`app_images`,`intro`,`myapp_url` FROM `website_apps` WHERE ( `del` = 0 ) AND ( `lang` = 'zh-Hans' ) ORDER BY id desc LIMIT 0,9  
NOTIC: [2] Invalid argument supplied for foreach() D:\wamp\www\projcet\babyweb\cn\Lib\Action\ProductAction.class.php 第 58 行.
ERR: Action:getLastSql您所请求的方法不存在！

[ 2014-11-19T09:46:25+08:00 ] 127.0.0.1 /projcet/babyweb/htdocs/cn/index.php/product/index.shtml
INFO: [ route_check ] --START--
INFO: CheckRoute Behavior ::run [ RunTime:0.000974s ]
INFO: [ route_check ] --END-- [ RunTime:0.001165s ]
INFO: [ app_begin ] --START--
INFO: ReadHtmlCache Behavior ::run [ RunTime:0.000743s ]
INFO: [ app_begin ] --END-- [ RunTime:0.000890s ]
SQL: SHOW COLUMNS FROM `website_apps` [ RunTime:0.003112s ]
NOTIC: [8] Undefined index: cata_id D:\wamp\www\projcet\babyweb\cn\Lib\Action\ProductAction.class.php 第 15 行.
NOTIC: [8] Undefined index: search_word D:\wamp\www\projcet\babyweb\cn\Lib\Action\ProductAction.class.php 第 16 行.
NOTIC: [8] Undefined index: cata_id D:\wamp\www\projcet\babyweb\cn\Lib\Action\ProductAction.class.php 第 22 行.
NOTIC: [8] Undefined index: is_hot D:\wamp\www\projcet\babyweb\cn\Lib\Action\ProductAction.class.php 第 23 行.
SQL: SELECT `id`,`ipad_id`,`iphone_id`,`cell_android_url`,`android_url`,`app_name`,`app_images`,`intro`,`myapp_url` FROM `website_apps` WHERE ( `del` = 0 ) AND ( `lang` = 'zh-Hans' ) ORDER BY id desc LIMIT 0,9   [ RunTime:0.000425s ]
ERR: 1054:Unknown column 'myapp_url' in 'field list'
 [ SQL语句 ] : SELECT `id`,`ipad_id`,`iphone_id`,`cell_android_url`,`android_url`,`app_name`,`app_images`,`intro`,`myapp_url` FROM `website_apps` WHERE ( `del` = 0 ) AND ( `lang` = 'zh-Hans' ) ORDER BY id desc LIMIT 0,9  
NOTIC: [2] Invalid argument supplied for foreach() D:\wamp\www\projcet\babyweb\cn\Lib\Action\ProductAction.class.php 第 58 行.
ERR: Action:getLastSql您所请求的方法不存在！

[ 2014-11-19T09:47:09+08:00 ] 127.0.0.1 /projcet/babyweb/htdocs/cn/index.php/product/index.shtml
INFO: [ route_check ] --START--
INFO: CheckRoute Behavior ::run [ RunTime:0.001717s ]
INFO: [ route_check ] --END-- [ RunTime:0.002153s ]
INFO: [ app_begin ] --START--
INFO: ReadHtmlCache Behavior ::run [ RunTime:0.000977s ]
INFO: [ app_begin ] --END-- [ RunTime:0.001271s ]
SQL: SHOW COLUMNS FROM `website_apps` [ RunTime:0.003192s ]
NOTIC: [8] Undefined index: cata_id D:\wamp\www\projcet\babyweb\cn\Lib\Action\ProductAction.class.php 第 15 行.
NOTIC: [8] Undefined index: search_word D:\wamp\www\projcet\babyweb\cn\Lib\Action\ProductAction.class.php 第 16 行.
NOTIC: [8] Undefined index: cata_id D:\wamp\www\projcet\babyweb\cn\Lib\Action\ProductAction.class.php 第 22 行.
NOTIC: [8] Undefined index: is_hot D:\wamp\www\projcet\babyweb\cn\Lib\Action\ProductAction.class.php 第 23 行.
SQL: SELECT `id`,`ipad_id`,`iphone_id`,`cell_android_url`,`android_url`,`app_name`,`app_images`,`intro`,`myapp_url` FROM `website_apps` WHERE ( `del` = 0 ) AND ( `lang` = 'zh-Hans' ) ORDER BY id desc LIMIT 0,9   [ RunTime:0.001117s ]
ERR: 1054:Unknown column 'myapp_url' in 'field list'
 [ SQL语句 ] : SELECT `id`,`ipad_id`,`iphone_id`,`cell_android_url`,`android_url`,`app_name`,`app_images`,`intro`,`myapp_url` FROM `website_apps` WHERE ( `del` = 0 ) AND ( `lang` = 'zh-Hans' ) ORDER BY id desc LIMIT 0,9  
NOTIC: [2] Invalid argument supplied for foreach() D:\wamp\www\projcet\babyweb\cn\Lib\Action\ProductAction.class.php 第 56 行.
INFO: [ view_parse ] --START--
INFO: ParseTemplate Behavior ::run [ RunTime:0.017529s ]
INFO: [ view_parse ] --END-- [ RunTime:0.017708s ]
INFO: [ view_filter ] --START--
INFO: ContentReplace Behavior ::run [ RunTime:0.000567s ]
INFO: TokenBuild Behavior ::run [ RunTime:0.000491s ]
INFO: WriteHtmlCache Behavior ::run [ RunTime:0.000334s ]
INFO: ShowRuntime Behavior ::run [ RunTime:0.000580s ]
INFO: [ view_filter ] --END-- [ RunTime:0.002282s ]
INFO: [ view_end ] --START--
INFO: ShowPageTrace Behavior ::run [ RunTime:0.000619s ]
INFO: [ view_end ] --END-- [ RunTime:0.000735s ]

[ 2014-11-19T09:52:49+08:00 ] 127.0.0.1 /projcet/babyweb/htdocs/cn/index.php/product/index.shtml
INFO: [ route_check ] --START--
INFO: CheckRoute Behavior ::run [ RunTime:0.022999s ]
INFO: [ route_check ] --END-- [ RunTime:0.023261s ]
INFO: [ app_begin ] --START--
INFO: ReadHtmlCache Behavior ::run [ RunTime:0.000738s ]
INFO: [ app_begin ] --END-- [ RunTime:0.000871s ]
SQL: SHOW COLUMNS FROM `website_apps` [ RunTime:0.004051s ]
NOTIC: [8] Undefined index: cata_id D:\wamp\www\projcet\babyweb\cn\Lib\Action\ProductAction.class.php 第 15 行.
NOTIC: [8] Undefined index: search_word D:\wamp\www\projcet\babyweb\cn\Lib\Action\ProductAction.class.php 第 16 行.
NOTIC: [8] Undefined index: cata_id D:\wamp\www\projcet\babyweb\cn\Lib\Action\ProductAction.class.php 第 22 行.
NOTIC: [8] Undefined index: is_hot D:\wamp\www\projcet\babyweb\cn\Lib\Action\ProductAction.class.php 第 23 行.
SQL: SELECT `id`,`ipad_id`,`iphone_id`,`cell_android_url`,`android_url`,`app_name`,`app_images`,`intro`,`myapp_url` FROM `website_apps` WHERE ( `del` = 0 ) AND ( `lang` = 'zh-Hans' ) ORDER BY id desc LIMIT 0,9   [ RunTime:0.000671s ]
ERR: 1054:Unknown column 'myapp_url' in 'field list'
 [ SQL语句 ] : SELECT `id`,`ipad_id`,`iphone_id`,`cell_android_url`,`android_url`,`app_name`,`app_images`,`intro`,`myapp_url` FROM `website_apps` WHERE ( `del` = 0 ) AND ( `lang` = 'zh-Hans' ) ORDER BY id desc LIMIT 0,9  
NOTIC: [2] Invalid argument supplied for foreach() D:\wamp\www\projcet\babyweb\cn\Lib\Action\ProductAction.class.php 第 56 行.
INFO: [ view_parse ] --START--
INFO: ParseTemplate Behavior ::run [ RunTime:0.064427s ]
INFO: [ view_parse ] --END-- [ RunTime:0.064644s ]
INFO: [ view_filter ] --START--
INFO: ContentReplace Behavior ::run [ RunTime:0.000772s ]
INFO: TokenBuild Behavior ::run [ RunTime:0.000488s ]
INFO: WriteHtmlCache Behavior ::run [ RunTime:0.000451s ]
INFO: ShowRuntime Behavior ::run [ RunTime:0.000772s ]
INFO: [ view_filter ] --END-- [ RunTime:0.002825s ]
INFO: [ view_end ] --START--
INFO: ShowPageTrace Behavior ::run [ RunTime:0.000845s ]
INFO: [ view_end ] --END-- [ RunTime:0.001029s ]

[ 2014-11-19T09:53:00+08:00 ] 127.0.0.1 /projcet/babyweb/htdocs/cn/index.php/product/index.shtml
INFO: [ route_check ] --START--
INFO: CheckRoute Behavior ::run [ RunTime:0.002639s ]
INFO: [ route_check ] --END-- [ RunTime:0.002825s ]
INFO: [ app_begin ] --START--
INFO: ReadHtmlCache Behavior ::run [ RunTime:0.001581s ]
INFO: [ app_begin ] --END-- [ RunTime:0.002936s ]
SQL: SHOW COLUMNS FROM `website_apps` [ RunTime:0.003622s ]
NOTIC: [8] Undefined index: cata_id D:\wamp\www\projcet\babyweb\cn\Lib\Action\ProductAction.class.php 第 15 行.
NOTIC: [8] Undefined index: search_word D:\wamp\www\projcet\babyweb\cn\Lib\Action\ProductAction.class.php 第 16 行.
NOTIC: [8] Undefined index: cata_id D:\wamp\www\projcet\babyweb\cn\Lib\Action\ProductAction.class.php 第 22 行.
NOTIC: [8] Undefined index: is_hot D:\wamp\www\projcet\babyweb\cn\Lib\Action\ProductAction.class.php 第 23 行.
SQL: SELECT `id`,`ipad_id`,`iphone_id`,`cell_android_url`,`android_url`,`app_name`,`app_images`,`intro`,`myapp_url` FROM `website_apps` WHERE ( `del` = 0 ) AND ( `lang` = 'zh-Hans' ) ORDER BY id desc LIMIT 0,9   [ RunTime:0.000356s ]
ERR: 1054:Unknown column 'myapp_url' in 'field list'
 [ SQL语句 ] : SELECT `id`,`ipad_id`,`iphone_id`,`cell_android_url`,`android_url`,`app_name`,`app_images`,`intro`,`myapp_url` FROM `website_apps` WHERE ( `del` = 0 ) AND ( `lang` = 'zh-Hans' ) ORDER BY id desc LIMIT 0,9  
NOTIC: [2] Invalid argument supplied for foreach() D:\wamp\www\projcet\babyweb\cn\Lib\Action\ProductAction.class.php 第 56 行.
INFO: [ view_parse ] --START--
INFO: ParseTemplate Behavior ::run [ RunTime:0.023110s ]
INFO: [ view_parse ] --END-- [ RunTime:0.023338s ]
INFO: [ view_filter ] --START--
INFO: ContentReplace Behavior ::run [ RunTime:0.000789s ]
INFO: TokenBuild Behavior ::run [ RunTime:0.000603s ]
INFO: WriteHtmlCache Behavior ::run [ RunTime:0.000498s ]
INFO: ShowRuntime Behavior ::run [ RunTime:0.000798s ]
INFO: [ view_filter ] --END-- [ RunTime:0.003076s ]
INFO: [ view_end ] --START--
INFO: ShowPageTrace Behavior ::run [ RunTime:0.000945s ]
INFO: [ view_end ] --END-- [ RunTime:0.001068s ]

[ 2014-11-19T10:04:38+08:00 ] 127.0.0.1 /projcet/babyweb/htdocs/cn/index.php/product/index.shtml
INFO: [ route_check ] --START--
INFO: CheckRoute Behavior ::run [ RunTime:0.001866s ]
INFO: [ route_check ] --END-- [ RunTime:0.002134s ]
INFO: [ app_begin ] --START--
INFO: ReadHtmlCache Behavior ::run [ RunTime:0.001264s ]
INFO: [ app_begin ] --END-- [ RunTime:0.001475s ]
SQL: SHOW COLUMNS FROM `website_apps` [ RunTime:0.004057s ]
NOTIC: [8] Undefined index: cata_id D:\wamp\www\projcet\babyweb\cn\Lib\Action\ProductAction.class.php 第 15 行.
NOTIC: [8] Undefined index: search_word D:\wamp\www\projcet\babyweb\cn\Lib\Action\ProductAction.class.php 第 16 行.
NOTIC: [8] Undefined index: cata_id D:\wamp\www\projcet\babyweb\cn\Lib\Action\ProductAction.class.php 第 22 行.
NOTIC: [8] Undefined index: is_hot D:\wamp\www\projcet\babyweb\cn\Lib\Action\ProductAction.class.php 第 23 行.
SQL: SELECT `id`,`ipad_id`,`iphone_id`,`cell_android_url`,`android_url`,`app_name`,`app_images`,`intro`,`myapp_url` FROM `website_apps` WHERE ( `del` = 0 ) AND ( `lang` = 'zh-Hans' ) ORDER BY id desc LIMIT 0,9   [ RunTime:0.000548s ]
ERR: 1054:Unknown column 'myapp_url' in 'field list'
 [ SQL语句 ] : SELECT `id`,`ipad_id`,`iphone_id`,`cell_android_url`,`android_url`,`app_name`,`app_images`,`intro`,`myapp_url` FROM `website_apps` WHERE ( `del` = 0 ) AND ( `lang` = 'zh-Hans' ) ORDER BY id desc LIMIT 0,9  

[ 2014-11-19T10:05:30+08:00 ] 127.0.0.1 /projcet/babyweb/htdocs/cn/index.php/product/index.shtml
INFO: [ route_check ] --START--
INFO: CheckRoute Behavior ::run [ RunTime:0.001255s ]
INFO: [ route_check ] --END-- [ RunTime:0.001502s ]
INFO: [ app_begin ] --START--
INFO: ReadHtmlCache Behavior ::run [ RunTime:0.001056s ]
INFO: [ app_begin ] --END-- [ RunTime:0.001207s ]
SQL: SHOW COLUMNS FROM `website_apps` [ RunTime:0.005061s ]
NOTIC: [8] Undefined index: cata_id D:\wamp\www\projcet\babyweb\cn\Lib\Action\ProductAction.class.php 第 15 行.
NOTIC: [8] Undefined index: search_word D:\wamp\www\projcet\babyweb\cn\Lib\Action\ProductAction.class.php 第 16 行.
NOTIC: [8] Undefined index: cata_id D:\wamp\www\projcet\babyweb\cn\Lib\Action\ProductAction.class.php 第 22 行.
NOTIC: [8] Undefined index: is_hot D:\wamp\www\projcet\babyweb\cn\Lib\Action\ProductAction.class.php 第 23 行.
SQL: SELECT `id`,`ipad_id`,`iphone_id`,`cell_android_url`,`android_url`,`app_name`,`app_images`,`intro` FROM `website_apps` WHERE ( `del` = 0 ) AND ( `lang` = 'zh-Hans' ) ORDER BY id desc LIMIT 0,9   [ RunTime:0.001129s ]
SQL: SHOW COLUMNS FROM `app_langs` [ RunTime:0.003967s ]
SQL: SELECT `app_id`,`store_url` FROM `app_langs` WHERE ( lang = 'zh-Hans' and (app_id = 1393 or app_id = 1392) )  [ RunTime:0.023129s ]
SQL: SELECT `app_id`,`store_url` FROM `app_langs` WHERE ( lang = 'zh-Hans' and (app_id = 1396 or app_id = 1395) )  [ RunTime:0.000915s ]
SQL: SELECT `app_id`,`store_url` FROM `app_langs` WHERE ( lang = 'zh-Hans' and (app_id = 1380 or app_id = 1379) )  [ RunTime:0.009011s ]
SQL: SELECT `app_id`,`store_url` FROM `app_langs` WHERE ( lang = 'zh-Hans' and (app_id = 1382 or app_id = 1381) )  [ RunTime:0.001066s ]
SQL: SELECT `app_id`,`store_url` FROM `app_langs` WHERE ( lang = 'zh-Hans' and (app_id = 1366 or app_id = 1365) )  [ RunTime:0.004065s ]
SQL: SELECT `app_id`,`store_url` FROM `app_langs` WHERE ( lang = 'zh-Hans' and (app_id = 1362 or app_id = 1361) )  [ RunTime:0.010517s ]
SQL: SELECT `app_id`,`store_url` FROM `app_langs` WHERE ( lang = 'zh-Hans' and (app_id = 1368 or app_id = 1367) )  [ RunTime:0.000849s ]
SQL: SELECT `app_id`,`store_url` FROM `app_langs` WHERE ( lang = 'zh-Hans' and (app_id = 1377 or app_id = 1376) )  [ RunTime:0.004667s ]
SQL: SELECT `app_id`,`store_url` FROM `app_langs` WHERE ( lang = 'zh-Hans' and (app_id = 1335 or app_id = 1334) )  [ RunTime:0.009762s ]
INFO: [ view_parse ] --START--
NOTIC: [8] Undefined variable: down D:\wamp\www\projcet\babyweb\cn\Common\common.php 第 121 行.
NOTIC: [8] Undefined variable: down D:\wamp\www\projcet\babyweb\cn\Common\common.php 第 121 行.
NOTIC: [8] Undefined variable: down D:\wamp\www\projcet\babyweb\cn\Common\common.php 第 121 行.
NOTIC: [8] Undefined variable: down D:\wamp\www\projcet\babyweb\cn\Common\common.php 第 121 行.
NOTIC: [8] Undefined variable: down D:\wamp\www\projcet\babyweb\cn\Common\common.php 第 121 行.
NOTIC: [8] Undefined variable: down D:\wamp\www\projcet\babyweb\cn\Common\common.php 第 121 行.
NOTIC: [8] Undefined variable: down D:\wamp\www\projcet\babyweb\cn\Common\common.php 第 121 行.
NOTIC: [8] Undefined variable: down D:\wamp\www\projcet\babyweb\cn\Common\common.php 第 121 行.
INFO: ParseTemplate Behavior ::run [ RunTime:0.021998s ]
INFO: [ view_parse ] --END-- [ RunTime:0.022158s ]
INFO: [ view_filter ] --START--
INFO: ContentReplace Behavior ::run [ RunTime:0.001103s ]
INFO: TokenBuild Behavior ::run [ RunTime:0.000829s ]
INFO: WriteHtmlCache Behavior ::run [ RunTime:0.000609s ]
INFO: ShowRuntime Behavior ::run [ RunTime:0.001042s ]
INFO: [ view_filter ] --END-- [ RunTime:0.003932s ]
INFO: [ view_end ] --START--
INFO: ShowPageTrace Behavior ::run [ RunTime:0.001007s ]
INFO: [ view_end ] --END-- [ RunTime:0.001123s ]

