[ 2014-12-29T08:51:17+08:00 ] 127.0.0.1 /projcet/babyweb/htdocs/cn/
INFO: [ app_begin ] --START--
INFO: ReadHtmlCache Behavior ::run [ RunTime:0.001088s ]
INFO: [ app_begin ] --END-- [ RunTime:0.001229s ]
NOTIC: [2] mysql_connect() [<a href='function.mysql-connect'>function.mysql-connect</a>]: [2002] ÓÉÓÚÄ¿±ê¼ÆËã»ú»ý¼«¾Ü¾ø£¬ÎÞ·¨Á¬½Ó¡£
 (trying to connect via tcp://localhost:3306) D:\wamp\www\projcet\babyweb\ThinkPHP\Lib\Driver\Db\DbMysql.class.php ç¬¬ 55 è¡Œ.
NOTIC: [2] mysql_connect() [<a href='function.mysql-connect'>function.mysql-connect</a>]: ÓÉÓÚÄ¿±ê¼ÆËã»ú»ý¼«¾Ü¾ø£¬ÎÞ·¨Á¬½Ó¡£
 D:\wamp\www\projcet\babyweb\ThinkPHP\Lib\Driver\Db\DbMysql.class.php ç¬¬ 55 è¡Œ.
ERR: ÓÉÓÚÄ¿±ê¼ÆËã»ú»ý¼«¾Ü¾ø£¬ÎÞ·¨Á¬½Ó¡£


[ 2014-12-29T08:51:21+08:00 ] 127.0.0.1 /projcet/babyweb/htdocs/cn/
INFO: [ app_begin ] --START--
INFO: ReadHtmlCache Behavior ::run [ RunTime:0.000926s ]
INFO: [ app_begin ] --END-- [ RunTime:0.001072s ]
NOTIC: [2] mysql_connect() [<a href='function.mysql-connect'>function.mysql-connect</a>]: [2002] ÓÉÓÚÄ¿±ê¼ÆËã»ú»ý¼«¾Ü¾ø£¬ÎÞ·¨Á¬½Ó¡£
 (trying to connect via tcp://localhost:3306) D:\wamp\www\projcet\babyweb\ThinkPHP\Lib\Driver\Db\DbMysql.class.php ç¬¬ 55 è¡Œ.
NOTIC: [2] mysql_connect() [<a href='function.mysql-connect'>function.mysql-connect</a>]: ÓÉÓÚÄ¿±ê¼ÆËã»ú»ý¼«¾Ü¾ø£¬ÎÞ·¨Á¬½Ó¡£
 D:\wamp\www\projcet\babyweb\ThinkPHP\Lib\Driver\Db\DbMysql.class.php ç¬¬ 55 è¡Œ.
ERR: ÓÉÓÚÄ¿±ê¼ÆËã»ú»ý¼«¾Ü¾ø£¬ÎÞ·¨Á¬½Ó¡£


[ 2014-12-29T08:54:27+08:00 ] 127.0.0.1 /projcet/babyweb/htdocs/cn/
INFO: [ app_begin ] --START--
INFO: ReadHtmlCache Behavior ::run [ RunTime:0.000974s ]
INFO: [ app_begin ] --END-- [ RunTime:0.001193s ]
NOTIC: [2] mysql_connect() [<a href='function.mysql-connect'>function.mysql-connect</a>]: [2002] ÓÉÓÚÄ¿±ê¼ÆËã»ú»ý¼«¾Ü¾ø£¬ÎÞ·¨Á¬½Ó¡£
 (trying to connect via tcp://localhost:3306) D:\wamp\www\projcet\babyweb\ThinkPHP\Lib\Driver\Db\DbMysql.class.php ç¬¬ 55 è¡Œ.
NOTIC: [2] mysql_connect() [<a href='function.mysql-connect'>function.mysql-connect</a>]: ÓÉÓÚÄ¿±ê¼ÆËã»ú»ý¼«¾Ü¾ø£¬ÎÞ·¨Á¬½Ó¡£
 D:\wamp\www\projcet\babyweb\ThinkPHP\Lib\Driver\Db\DbMysql.class.php ç¬¬ 55 è¡Œ.
ERR: ÓÉÓÚÄ¿±ê¼ÆËã»ú»ý¼«¾Ü¾ø£¬ÎÞ·¨Á¬½Ó¡£


[ 2014-12-29T08:55:11+08:00 ] 127.0.0.1 /projcet/babyweb/htdocs/cn/
INFO: [ app_begin ] --START--
INFO: ReadHtmlCache Behavior ::run [ RunTime:0.000822s ]
INFO: [ app_begin ] --END-- [ RunTime:0.000987s ]
SQL: SHOW COLUMNS FROM `website_link` [ RunTime:0.035207s ]
SQL: SELECT * FROM `website_link` WHERE ( `lang` = 'zh-Hans' ) ORDER BY link_sort LIMIT 10   [ RunTime:0.005379s ]
SQL: SHOW COLUMNS FROM `website_index_images` [ RunTime:0.014794s ]
SQL: SELECT * FROM `website_index_images` WHERE ( lang='zh-Hans' and used=1 ) ORDER BY num asc,id asc  [ RunTime:0.001348s ]
NOTIC: [8] Trying to get property of non-object D:\wamp\www\projcet\babyweb\cn\Lib\Action\IndexAction.class.php ç¬¬ 11 è¡Œ.
NOTIC: [8] Trying to get property of non-object D:\wamp\www\projcet\babyweb\cn\Lib\Action\IndexAction.class.php ç¬¬ 11 è¡Œ.
NOTIC: [8] Trying to get property of non-object D:\wamp\www\projcet\babyweb\cn\Lib\Action\IndexAction.class.php ç¬¬ 12 è¡Œ.
NOTIC: [8] Trying to get property of non-object D:\wamp\www\projcet\babyweb\cn\Lib\Action\IndexAction.class.php ç¬¬ 12 è¡Œ.
NOTIC: [8] Trying to get property of non-object D:\wamp\www\projcet\babyweb\cn\Lib\Action\IndexAction.class.php ç¬¬ 13 è¡Œ.
INFO: [ view_parse ] --START--
NOTIC: [8] Use of undefined constant one - assumed 'one' D:\wamp\www\projcet\babyweb\cn\Runtime\Cache\5ec3307169fe79e2b7d3e10856dd48ce.php ç¬¬ 132 è¡Œ.
NOTIC: [8] Use of undefined constant one3 - assumed 'one3' D:\wamp\www\projcet\babyweb\cn\Runtime\Cache\5ec3307169fe79e2b7d3e10856dd48ce.php ç¬¬ 132 è¡Œ.
NOTIC: [8] Use of undefined constant one3 - assumed 'one3' D:\wamp\www\projcet\babyweb\cn\Runtime\Cache\5ec3307169fe79e2b7d3e10856dd48ce.php ç¬¬ 145 è¡Œ.
NOTIC: [8] Use of undefined constant one - assumed 'one' D:\wamp\www\projcet\babyweb\cn\Runtime\Cache\5ec3307169fe79e2b7d3e10856dd48ce.php ç¬¬ 132 è¡Œ.
NOTIC: [8] Use of undefined constant one3 - assumed 'one3' D:\wamp\www\projcet\babyweb\cn\Runtime\Cache\5ec3307169fe79e2b7d3e10856dd48ce.php ç¬¬ 132 è¡Œ.
NOTIC: [8] Use of undefined constant one3 - assumed 'one3' D:\wamp\www\projcet\babyweb\cn\Runtime\Cache\5ec3307169fe79e2b7d3e10856dd48ce.php ç¬¬ 145 è¡Œ.
NOTIC: [8] Use of undefined constant one - assumed 'one' D:\wamp\www\projcet\babyweb\cn\Runtime\Cache\5ec3307169fe79e2b7d3e10856dd48ce.php ç¬¬ 132 è¡Œ.
NOTIC: [8] Use of undefined constant one3 - assumed 'one3' D:\wamp\www\projcet\babyweb\cn\Runtime\Cache\5ec3307169fe79e2b7d3e10856dd48ce.php ç¬¬ 145 è¡Œ.
NOTIC: [8] Use of undefined constant one - assumed 'one' D:\wamp\www\projcet\babyweb\cn\Runtime\Cache\5ec3307169fe79e2b7d3e10856dd48ce.php ç¬¬ 254 è¡Œ.
NOTIC: [8] Use of undefined constant one3 - assumed 'one3' D:\wamp\www\projcet\babyweb\cn\Runtime\Cache\5ec3307169fe79e2b7d3e10856dd48ce.php ç¬¬ 254 è¡Œ.
NOTIC: [8] Use of undefined constant one3 - assumed 'one3' D:\wamp\www\projcet\babyweb\cn\Runtime\Cache\5ec3307169fe79e2b7d3e10856dd48ce.php ç¬¬ 267 è¡Œ.
NOTIC: [8] Use of undefined constant one - assumed 'one' D:\wamp\www\projcet\babyweb\cn\Runtime\Cache\5ec3307169fe79e2b7d3e10856dd48ce.php ç¬¬ 254 è¡Œ.
NOTIC: [8] Use of undefined constant one3 - assumed 'one3' D:\wamp\www\projcet\babyweb\cn\Runtime\Cache\5ec3307169fe79e2b7d3e10856dd48ce.php ç¬¬ 254 è¡Œ.
NOTIC: [8] Use of undefined constant one3 - assumed 'one3' D:\wamp\www\projcet\babyweb\cn\Runtime\Cache\5ec3307169fe79e2b7d3e10856dd48ce.php ç¬¬ 267 è¡Œ.
NOTIC: [8] Use of undefined constant one - assumed 'one' D:\wamp\www\projcet\babyweb\cn\Runtime\Cache\5ec3307169fe79e2b7d3e10856dd48ce.php ç¬¬ 254 è¡Œ.
NOTIC: [8] Use of undefined constant one3 - assumed 'one3' D:\wamp\www\projcet\babyweb\cn\Runtime\Cache\5ec3307169fe79e2b7d3e10856dd48ce.php ç¬¬ 267 è¡Œ.
INFO: ParseTemplate Behavior ::run [ RunTime:0.067918s ]
INFO: [ view_parse ] --END-- [ RunTime:0.068058s ]
INFO: [ view_filter ] --START--
INFO: ContentReplace Behavior ::run [ RunTime:0.001039s ]
INFO: TokenBuild Behavior ::run [ RunTime:0.000795s ]
INFO: WriteHtmlCache Behavior ::run [ RunTime:0.000484s ]
INFO: ShowRuntime Behavior ::run [ RunTime:0.000752s ]
INFO: [ view_filter ] --END-- [ RunTime:0.003335s ]
INFO: [ view_end ] --START--
INFO: ShowPageTrace Behavior ::run [ RunTime:0.001044s ]
INFO: [ view_end ] --END-- [ RunTime:0.001162s ]

[ 2014-12-29T09:01:14+08:00 ] 127.0.0.1 /projcet/babyweb/htdocs/cn/index.php/index/link.shtml
INFO: [ route_check ] --START--
INFO: CheckRoute Behavior ::run [ RunTime:0.044279s ]
INFO: [ route_check ] --END-- [ RunTime:0.044529s ]
INFO: [ app_begin ] --START--
INFO: ReadHtmlCache Behavior ::run [ RunTime:0.001855s ]
INFO: [ app_begin ] --END-- [ RunTime:0.002029s ]
SQL: SHOW COLUMNS FROM `website_link` [ RunTime:0.005329s ]
SQL: SELECT * FROM `website_link` WHERE ( `lang` = 'zh-Hans' ) ORDER BY link_sort LIMIT 10   [ RunTime:0.001455s ]
SQL: SHOW COLUMNS FROM `link` [ RunTime:0.021420s ]
SQL: SELECT * FROM `link` WHERE ( `lang` = 'zh-Hans' ) ORDER BY link_sort  [ RunTime:0.001079s ]
INFO: [ view_parse ] --START--
INFO: ParseTemplate Behavior ::run [ RunTime:0.020776s ]
INFO: [ view_parse ] --END-- [ RunTime:0.020985s ]
INFO: [ view_filter ] --START--
INFO: ContentReplace Behavior ::run [ RunTime:0.001084s ]
INFO: TokenBuild Behavior ::run [ RunTime:0.001162s ]
INFO: WriteHtmlCache Behavior ::run [ RunTime:0.000823s ]
INFO: ShowRuntime Behavior ::run [ RunTime:0.001124s ]
INFO: [ view_filter ] --END-- [ RunTime:0.004642s ]
INFO: [ view_end ] --START--
INFO: ShowPageTrace Behavior ::run [ RunTime:0.001464s ]
INFO: [ view_end ] --END-- [ RunTime:0.001644s ]

[ 2014-12-29T10:06:44+08:00 ] 127.0.0.1 /projcet/babyweb/htdocs/cn/
INFO: [ app_begin ] --START--
INFO: ReadHtmlCache Behavior ::run [ RunTime:0.000985s ]
INFO: [ app_begin ] --END-- [ RunTime:0.001111s ]
SQL: SHOW COLUMNS FROM `website_link` [ RunTime:0.005876s ]
SQL: SELECT * FROM `website_link` WHERE ( `lang` = 'zh-Hans' ) ORDER BY link_sort LIMIT 10   [ RunTime:0.000802s ]
SQL: SHOW COLUMNS FROM `website_index_images` [ RunTime:0.006217s ]
SQL: SELECT * FROM `website_index_images` WHERE ( lang='zh-Hans' and used=1 ) ORDER BY num asc,id asc  [ RunTime:0.000972s ]
NOTIC: [8] Trying to get property of non-object D:\wamp\www\projcet\babyweb\cn\Lib\Action\IndexAction.class.php ç¬¬ 11 è¡Œ.
NOTIC: [8] Trying to get property of non-object D:\wamp\www\projcet\babyweb\cn\Lib\Action\IndexAction.class.php ç¬¬ 11 è¡Œ.
NOTIC: [8] Trying to get property of non-object D:\wamp\www\projcet\babyweb\cn\Lib\Action\IndexAction.class.php ç¬¬ 12 è¡Œ.
NOTIC: [8] Trying to get property of non-object D:\wamp\www\projcet\babyweb\cn\Lib\Action\IndexAction.class.php ç¬¬ 12 è¡Œ.
NOTIC: [8] Trying to get property of non-object D:\wamp\www\projcet\babyweb\cn\Lib\Action\IndexAction.class.php ç¬¬ 13 è¡Œ.
INFO: [ view_parse ] --START--
NOTIC: [8] Use of undefined constant one - assumed 'one' D:\wamp\www\projcet\babyweb\cn\Runtime\Cache\5ec3307169fe79e2b7d3e10856dd48ce.php ç¬¬ 132 è¡Œ.
NOTIC: [8] Use of undefined constant one3 - assumed 'one3' D:\wamp\www\projcet\babyweb\cn\Runtime\Cache\5ec3307169fe79e2b7d3e10856dd48ce.php ç¬¬ 132 è¡Œ.
NOTIC: [8] Use of undefined constant one3 - assumed 'one3' D:\wamp\www\projcet\babyweb\cn\Runtime\Cache\5ec3307169fe79e2b7d3e10856dd48ce.php ç¬¬ 145 è¡Œ.
NOTIC: [8] Use of undefined constant one - assumed 'one' D:\wamp\www\projcet\babyweb\cn\Runtime\Cache\5ec3307169fe79e2b7d3e10856dd48ce.php ç¬¬ 132 è¡Œ.
NOTIC: [8] Use of undefined constant one3 - assumed 'one3' D:\wamp\www\projcet\babyweb\cn\Runtime\Cache\5ec3307169fe79e2b7d3e10856dd48ce.php ç¬¬ 132 è¡Œ.
NOTIC: [8] Use of undefined constant one3 - assumed 'one3' D:\wamp\www\projcet\babyweb\cn\Runtime\Cache\5ec3307169fe79e2b7d3e10856dd48ce.php ç¬¬ 145 è¡Œ.
NOTIC: [8] Use of undefined constant one - assumed 'one' D:\wamp\www\projcet\babyweb\cn\Runtime\Cache\5ec3307169fe79e2b7d3e10856dd48ce.php ç¬¬ 132 è¡Œ.
NOTIC: [8] Use of undefined constant one3 - assumed 'one3' D:\wamp\www\projcet\babyweb\cn\Runtime\Cache\5ec3307169fe79e2b7d3e10856dd48ce.php ç¬¬ 145 è¡Œ.
NOTIC: [8] Use of undefined constant one - assumed 'one' D:\wamp\www\projcet\babyweb\cn\Runtime\Cache\5ec3307169fe79e2b7d3e10856dd48ce.php ç¬¬ 254 è¡Œ.
NOTIC: [8] Use of undefined constant one3 - assumed 'one3' D:\wamp\www\projcet\babyweb\cn\Runtime\Cache\5ec3307169fe79e2b7d3e10856dd48ce.php ç¬¬ 254 è¡Œ.
NOTIC: [8] Use of undefined constant one3 - assumed 'one3' D:\wamp\www\projcet\babyweb\cn\Runtime\Cache\5ec3307169fe79e2b7d3e10856dd48ce.php ç¬¬ 267 è¡Œ.
NOTIC: [8] Use of undefined constant one - assumed 'one' D:\wamp\www\projcet\babyweb\cn\Runtime\Cache\5ec3307169fe79e2b7d3e10856dd48ce.php ç¬¬ 254 è¡Œ.
NOTIC: [8] Use of undefined constant one3 - assumed 'one3' D:\wamp\www\projcet\babyweb\cn\Runtime\Cache\5ec3307169fe79e2b7d3e10856dd48ce.php ç¬¬ 254 è¡Œ.
NOTIC: [8] Use of undefined constant one3 - assumed 'one3' D:\wamp\www\projcet\babyweb\cn\Runtime\Cache\5ec3307169fe79e2b7d3e10856dd48ce.php ç¬¬ 267 è¡Œ.
NOTIC: [8] Use of undefined constant one - assumed 'one' D:\wamp\www\projcet\babyweb\cn\Runtime\Cache\5ec3307169fe79e2b7d3e10856dd48ce.php ç¬¬ 254 è¡Œ.
NOTIC: [8] Use of undefined constant one3 - assumed 'one3' D:\wamp\www\projcet\babyweb\cn\Runtime\Cache\5ec3307169fe79e2b7d3e10856dd48ce.php ç¬¬ 267 è¡Œ.
INFO: ParseTemplate Behavior ::run [ RunTime:0.075649s ]
INFO: [ view_parse ] --END-- [ RunTime:0.075781s ]
INFO: [ view_filter ] --START--
INFO: ContentReplace Behavior ::run [ RunTime:0.001055s ]
INFO: TokenBuild Behavior ::run [ RunTime:0.000675s ]
INFO: WriteHtmlCache Behavior ::run [ RunTime:0.000529s ]
INFO: ShowRuntime Behavior ::run [ RunTime:0.000796s ]
INFO: [ view_filter ] --END-- [ RunTime:0.003358s ]
INFO: [ view_end ] --START--
INFO: ShowPageTrace Behavior ::run [ RunTime:0.001206s ]
INFO: [ view_end ] --END-- [ RunTime:0.001352s ]

[ 2014-12-29T10:06:50+08:00 ] 127.0.0.1 /projcet/babyweb/htdocs/cn/index.php/index/link.shtml
INFO: [ route_check ] --START--
INFO: CheckRoute Behavior ::run [ RunTime:0.002015s ]
INFO: [ route_check ] --END-- [ RunTime:0.002209s ]
INFO: [ app_begin ] --START--
INFO: ReadHtmlCache Behavior ::run [ RunTime:0.001243s ]
INFO: [ app_begin ] --END-- [ RunTime:0.001404s ]
SQL: SHOW COLUMNS FROM `website_link` [ RunTime:0.006097s ]
SQL: SELECT * FROM `website_link` WHERE ( `lang` = 'zh-Hans' ) ORDER BY link_sort LIMIT 10   [ RunTime:0.001114s ]
SQL: SHOW COLUMNS FROM `link` [ RunTime:0.005879s ]
SQL: SELECT * FROM `link` WHERE ( `lang` = 'zh-Hans' ) ORDER BY link_sort  [ RunTime:0.001147s ]
INFO: [ view_parse ] --START--
INFO: ParseTemplate Behavior ::run [ RunTime:0.021863s ]
INFO: [ view_parse ] --END-- [ RunTime:0.022007s ]
INFO: [ view_filter ] --START--
INFO: ContentReplace Behavior ::run [ RunTime:0.001021s ]
INFO: TokenBuild Behavior ::run [ RunTime:0.000928s ]
INFO: WriteHtmlCache Behavior ::run [ RunTime:0.000704s ]
INFO: ShowRuntime Behavior ::run [ RunTime:0.001123s ]
INFO: [ view_filter ] --END-- [ RunTime:0.004169s ]
INFO: [ view_end ] --START--
INFO: ShowPageTrace Behavior ::run [ RunTime:0.001440s ]
INFO: [ view_end ] --END-- [ RunTime:0.001617s ]

[ 2014-12-29T10:11:10+08:00 ] 127.0.0.1 /projcet/babyweb/htdocs/cn/index.php/index/declaration.shtml
INFO: [ route_check ] --START--
INFO: CheckRoute Behavior ::run [ RunTime:0.001333s ]
INFO: [ route_check ] --END-- [ RunTime:0.001465s ]
INFO: [ app_begin ] --START--
INFO: ReadHtmlCache Behavior ::run [ RunTime:0.000776s ]
INFO: [ app_begin ] --END-- [ RunTime:0.000865s ]
SQL: SHOW COLUMNS FROM `website_link` [ RunTime:0.004637s ]
SQL: SELECT * FROM `website_link` WHERE ( `lang` = 'zh-Hans' ) ORDER BY link_sort LIMIT 10   [ RunTime:0.000697s ]
SQL: SHOW COLUMNS FROM `link` [ RunTime:0.004009s ]
SQL: SELECT COUNT(*) AS tp_count FROM `link` WHERE ( `lang` = 'zh-Hans' ) LIMIT 1   [ RunTime:0.000683s ]
INFO: [ view_parse ] --START--
INFO: ParseTemplate Behavior ::run [ RunTime:0.025555s ]
INFO: [ view_parse ] --END-- [ RunTime:0.025702s ]
INFO: [ view_filter ] --START--
INFO: ContentReplace Behavior ::run [ RunTime:0.000713s ]
INFO: TokenBuild Behavior ::run [ RunTime:0.000651s ]
INFO: WriteHtmlCache Behavior ::run [ RunTime:0.000494s ]
INFO: ShowRuntime Behavior ::run [ RunTime:0.000703s ]
INFO: [ view_filter ] --END-- [ RunTime:0.002817s ]
INFO: [ view_end ] --START--
INFO: ShowPageTrace Behavior ::run [ RunTime:0.001319s ]
INFO: [ view_end ] --END-- [ RunTime:0.001455s ]

[ 2014-12-29T10:11:11+08:00 ] 127.0.0.1 /projcet/babyweb/htdocs/cn/index.php/index/privacyPolicy.shtml
INFO: [ route_check ] --START--
INFO: CheckRoute Behavior ::run [ RunTime:0.001077s ]
INFO: [ route_check ] --END-- [ RunTime:0.001200s ]
INFO: [ app_begin ] --START--
INFO: ReadHtmlCache Behavior ::run [ RunTime:0.000659s ]
INFO: [ app_begin ] --END-- [ RunTime:0.000748s ]
SQL: SHOW COLUMNS FROM `website_link` [ RunTime:0.003758s ]
SQL: SELECT * FROM `website_link` WHERE ( `lang` = 'zh-Hans' ) ORDER BY link_sort LIMIT 10   [ RunTime:0.000374s ]
SQL: SHOW COLUMNS FROM `link` [ RunTime:0.004193s ]
SQL: SELECT COUNT(*) AS tp_count FROM `link` WHERE ( `lang` = 'zh-Hans' ) LIMIT 1   [ RunTime:0.000518s ]
INFO: [ view_parse ] --START--
INFO: ParseTemplate Behavior ::run [ RunTime:0.013772s ]
INFO: [ view_parse ] --END-- [ RunTime:0.013901s ]
INFO: [ view_filter ] --START--
INFO: ContentReplace Behavior ::run [ RunTime:0.000591s ]
INFO: TokenBuild Behavior ::run [ RunTime:0.000487s ]
INFO: WriteHtmlCache Behavior ::run [ RunTime:0.000382s ]
INFO: ShowRuntime Behavior ::run [ RunTime:0.000583s ]
INFO: [ view_filter ] --END-- [ RunTime:0.002283s ]
INFO: [ view_end ] --START--
INFO: ShowPageTrace Behavior ::run [ RunTime:0.000812s ]
INFO: [ view_end ] --END-- [ RunTime:0.000914s ]

[ 2014-12-29T10:11:12+08:00 ] 127.0.0.1 /projcet/babyweb/htdocs/cn/index.php/index/link.shtml
INFO: [ route_check ] --START--
INFO: CheckRoute Behavior ::run [ RunTime:0.001145s ]
INFO: [ route_check ] --END-- [ RunTime:0.001344s ]
INFO: [ app_begin ] --START--
INFO: ReadHtmlCache Behavior ::run [ RunTime:0.000745s ]
INFO: [ app_begin ] --END-- [ RunTime:0.000836s ]
SQL: SHOW COLUMNS FROM `website_link` [ RunTime:0.003760s ]
SQL: SELECT * FROM `website_link` WHERE ( `lang` = 'zh-Hans' ) ORDER BY link_sort LIMIT 10   [ RunTime:0.000604s ]
SQL: SHOW COLUMNS FROM `link` [ RunTime:0.003746s ]
SQL: SELECT * FROM `link` WHERE ( `lang` = 'zh-Hans' ) ORDER BY link_sort  [ RunTime:0.000909s ]
INFO: [ view_parse ] --START--
INFO: ParseTemplate Behavior ::run [ RunTime:0.014155s ]
INFO: [ view_parse ] --END-- [ RunTime:0.014283s ]
INFO: [ view_filter ] --START--
INFO: ContentReplace Behavior ::run [ RunTime:0.000655s ]
INFO: TokenBuild Behavior ::run [ RunTime:0.000543s ]
INFO: WriteHtmlCache Behavior ::run [ RunTime:0.000321s ]
INFO: ShowRuntime Behavior ::run [ RunTime:0.000586s ]
INFO: [ view_filter ] --END-- [ RunTime:0.002347s ]
INFO: [ view_end ] --START--
INFO: ShowPageTrace Behavior ::run [ RunTime:0.000921s ]
INFO: [ view_end ] --END-- [ RunTime:0.001037s ]

[ 2014-12-29T10:11:13+08:00 ] 127.0.0.1 /projcet/babyweb/htdocs/cn/index.php/index/declaration.shtml
INFO: [ route_check ] --START--
INFO: CheckRoute Behavior ::run [ RunTime:0.001191s ]
INFO: [ route_check ] --END-- [ RunTime:0.001354s ]
INFO: [ app_begin ] --START--
INFO: ReadHtmlCache Behavior ::run [ RunTime:0.000748s ]
INFO: [ app_begin ] --END-- [ RunTime:0.000840s ]
SQL: SHOW COLUMNS FROM `website_link` [ RunTime:0.004390s ]
SQL: SELECT * FROM `website_link` WHERE ( `lang` = 'zh-Hans' ) ORDER BY link_sort LIMIT 10   [ RunTime:0.000523s ]
SQL: SHOW COLUMNS FROM `link` [ RunTime:0.003997s ]
SQL: SELECT COUNT(*) AS tp_count FROM `link` WHERE ( `lang` = 'zh-Hans' ) LIMIT 1   [ RunTime:0.000544s ]
INFO: [ view_parse ] --START--
INFO: ParseTemplate Behavior ::run [ RunTime:0.014952s ]
INFO: [ view_parse ] --END-- [ RunTime:0.015076s ]
INFO: [ view_filter ] --START--
INFO: ContentReplace Behavior ::run [ RunTime:0.000703s ]
INFO: TokenBuild Behavior ::run [ RunTime:0.000512s ]
INFO: WriteHtmlCache Behavior ::run [ RunTime:0.000465s ]
INFO: ShowRuntime Behavior ::run [ RunTime:0.000882s ]
INFO: [ view_filter ] --END-- [ RunTime:0.002860s ]
INFO: [ view_end ] --START--
INFO: ShowPageTrace Behavior ::run [ RunTime:0.001042s ]
INFO: [ view_end ] --END-- [ RunTime:0.001178s ]

[ 2014-12-29T10:13:28+08:00 ] 127.0.0.1 /projcet/babyweb/htdocs/cn/index.php/index/declaration.shtml
INFO: [ route_check ] --START--
INFO: CheckRoute Behavior ::run [ RunTime:0.001425s ]
INFO: [ route_check ] --END-- [ RunTime:0.001555s ]
INFO: [ app_begin ] --START--
INFO: ReadHtmlCache Behavior ::run [ RunTime:0.000816s ]
INFO: [ app_begin ] --END-- [ RunTime:0.000914s ]
SQL: SHOW COLUMNS FROM `website_link` [ RunTime:0.004345s ]
SQL: SELECT * FROM `website_link` WHERE ( `lang` = 'zh-Hans' ) ORDER BY link_sort LIMIT 10   [ RunTime:0.000773s ]
SQL: SELECT COUNT(*) AS tp_count FROM `website_link` WHERE ( `lang` = 'zh-Hans' ) LIMIT 1   [ RunTime:0.000470s ]
INFO: [ view_parse ] --START--
INFO: ParseTemplate Behavior ::run [ RunTime:0.015556s ]
INFO: [ view_parse ] --END-- [ RunTime:0.015681s ]
INFO: [ view_filter ] --START--
INFO: ContentReplace Behavior ::run [ RunTime:0.000719s ]
INFO: TokenBuild Behavior ::run [ RunTime:0.000607s ]
INFO: WriteHtmlCache Behavior ::run [ RunTime:0.000442s ]
INFO: ShowRuntime Behavior ::run [ RunTime:0.000753s ]
INFO: [ view_filter ] --END-- [ RunTime:0.002764s ]
INFO: [ view_end ] --START--
INFO: ShowPageTrace Behavior ::run [ RunTime:0.001133s ]
INFO: [ view_end ] --END-- [ RunTime:0.002495s ]

[ 2014-12-29T10:13:29+08:00 ] 127.0.0.1 /projcet/babyweb/htdocs/cn/index.php/index/privacyPolicy.shtml
INFO: [ route_check ] --START--
INFO: CheckRoute Behavior ::run [ RunTime:0.001335s ]
INFO: [ route_check ] --END-- [ RunTime:0.001462s ]
INFO: [ app_begin ] --START--
INFO: ReadHtmlCache Behavior ::run [ RunTime:0.000797s ]
INFO: [ app_begin ] --END-- [ RunTime:0.000892s ]
SQL: SHOW COLUMNS FROM `website_link` [ RunTime:0.004428s ]
SQL: SELECT * FROM `website_link` WHERE ( `lang` = 'zh-Hans' ) ORDER BY link_sort LIMIT 10   [ RunTime:0.000472s ]
SQL: SELECT COUNT(*) AS tp_count FROM `website_link` WHERE ( `lang` = 'zh-Hans' ) LIMIT 1   [ RunTime:0.000327s ]
INFO: [ view_parse ] --START--
INFO: ParseTemplate Behavior ::run [ RunTime:0.016779s ]
INFO: [ view_parse ] --END-- [ RunTime:0.016934s ]
INFO: [ view_filter ] --START--
INFO: ContentReplace Behavior ::run [ RunTime:0.000832s ]
INFO: TokenBuild Behavior ::run [ RunTime:0.000708s ]
INFO: WriteHtmlCache Behavior ::run [ RunTime:0.000528s ]
INFO: ShowRuntime Behavior ::run [ RunTime:0.000837s ]
INFO: [ view_filter ] --END-- [ RunTime:0.003144s ]
INFO: [ view_end ] --START--
INFO: ShowPageTrace Behavior ::run [ RunTime:0.001065s ]
INFO: [ view_end ] --END-- [ RunTime:0.001155s ]

[ 2014-12-29T10:13:29+08:00 ] 127.0.0.1 /projcet/babyweb/htdocs/cn/index.php/index/declaration.shtml
INFO: [ route_check ] --START--
INFO: CheckRoute Behavior ::run [ RunTime:0.001139s ]
INFO: [ route_check ] --END-- [ RunTime:0.001266s ]
INFO: [ app_begin ] --START--
INFO: ReadHtmlCache Behavior ::run [ RunTime:0.000711s ]
INFO: [ app_begin ] --END-- [ RunTime:0.000799s ]
SQL: SHOW COLUMNS FROM `website_link` [ RunTime:0.003898s ]
SQL: SELECT * FROM `website_link` WHERE ( `lang` = 'zh-Hans' ) ORDER BY link_sort LIMIT 10   [ RunTime:0.000548s ]
SQL: SELECT COUNT(*) AS tp_count FROM `website_link` WHERE ( `lang` = 'zh-Hans' ) LIMIT 1   [ RunTime:0.000382s ]
INFO: [ view_parse ] --START--
INFO: ParseTemplate Behavior ::run [ RunTime:0.016890s ]
INFO: [ view_parse ] --END-- [ RunTime:0.017019s ]
INFO: [ view_filter ] --START--
INFO: ContentReplace Behavior ::run [ RunTime:0.000869s ]
INFO: TokenBuild Behavior ::run [ RunTime:0.000716s ]
INFO: WriteHtmlCache Behavior ::run [ RunTime:0.000768s ]
INFO: ShowRuntime Behavior ::run [ RunTime:0.000833s ]
INFO: [ view_filter ] --END-- [ RunTime:0.003436s ]
INFO: [ view_end ] --START--
INFO: ShowPageTrace Behavior ::run [ RunTime:0.001086s ]
INFO: [ view_end ] --END-- [ RunTime:0.001188s ]

[ 2014-12-29T10:13:30+08:00 ] 127.0.0.1 /projcet/babyweb/htdocs/cn/index.php/index/privacyPolicy.shtml
INFO: [ route_check ] --START--
INFO: CheckRoute Behavior ::run [ RunTime:0.001074s ]
INFO: [ route_check ] --END-- [ RunTime:0.001207s ]
INFO: [ app_begin ] --START--
INFO: ReadHtmlCache Behavior ::run [ RunTime:0.000889s ]
INFO: [ app_begin ] --END-- [ RunTime:0.000983s ]
SQL: SHOW COLUMNS FROM `website_link` [ RunTime:0.005140s ]
SQL: SELECT * FROM `website_link` WHERE ( `lang` = 'zh-Hans' ) ORDER BY link_sort LIMIT 10   [ RunTime:0.000741s ]
SQL: SELECT COUNT(*) AS tp_count FROM `website_link` WHERE ( `lang` = 'zh-Hans' ) LIMIT 1   [ RunTime:0.000477s ]
INFO: [ view_parse ] --START--
INFO: ParseTemplate Behavior ::run [ RunTime:0.019910s ]
INFO: [ view_parse ] --END-- [ RunTime:0.020069s ]
INFO: [ view_filter ] --START--
INFO: ContentReplace Behavior ::run [ RunTime:0.000905s ]
INFO: TokenBuild Behavior ::run [ RunTime:0.000894s ]
INFO: WriteHtmlCache Behavior ::run [ RunTime:0.000798s ]
INFO: ShowRuntime Behavior ::run [ RunTime:0.000971s ]
INFO: [ view_filter ] --END-- [ RunTime:0.003938s ]
INFO: [ view_end ] --START--
INFO: ShowPageTrace Behavior ::run [ RunTime:0.001075s ]
INFO: [ view_end ] --END-- [ RunTime:0.001173s ]

[ 2014-12-29T10:17:23+08:00 ] 127.0.0.1 /projcet/babyweb/htdocs/cn/index.php/index/declaration.shtml
INFO: [ route_check ] --START--
INFO: CheckRoute Behavior ::run [ RunTime:0.001558s ]
INFO: [ route_check ] --END-- [ RunTime:0.001710s ]
INFO: [ app_begin ] --START--
INFO: ReadHtmlCache Behavior ::run [ RunTime:0.001189s ]
INFO: [ app_begin ] --END-- [ RunTime:0.001330s ]
SQL: SHOW COLUMNS FROM `website_link` [ RunTime:0.004819s ]
SQL: SELECT * FROM `website_link` WHERE ( `lang` = 'zh-Hans' ) ORDER BY link_sort LIMIT 10   [ RunTime:0.000947s ]
SQL: SELECT COUNT(*) AS tp_count FROM `website_link` WHERE ( `lang` = 'zh-Hans' ) LIMIT 1   [ RunTime:0.001042s ]
INFO: [ view_parse ] --START--
INFO: ParseTemplate Behavior ::run [ RunTime:0.017637s ]
INFO: [ view_parse ] --END-- [ RunTime:0.017763s ]
INFO: [ view_filter ] --START--
INFO: ContentReplace Behavior ::run [ RunTime:0.000860s ]
INFO: TokenBuild Behavior ::run [ RunTime:0.000783s ]
INFO: WriteHtmlCache Behavior ::run [ RunTime:0.000498s ]
INFO: ShowRuntime Behavior ::run [ RunTime:0.000757s ]
INFO: [ view_filter ] --END-- [ RunTime:0.003161s ]
INFO: [ view_end ] --START--
INFO: ShowPageTrace Behavior ::run [ RunTime:0.001327s ]
INFO: [ view_end ] --END-- [ RunTime:0.001469s ]

[ 2014-12-29T10:17:25+08:00 ] 127.0.0.1 /projcet/babyweb/htdocs/cn/index.php/index/privacyPolicy.shtml
INFO: [ route_check ] --START--
INFO: CheckRoute Behavior ::run [ RunTime:0.001471s ]
INFO: [ route_check ] --END-- [ RunTime:0.001648s ]
INFO: [ app_begin ] --START--
INFO: ReadHtmlCache Behavior ::run [ RunTime:0.000836s ]
INFO: [ app_begin ] --END-- [ RunTime:0.000943s ]
SQL: SHOW COLUMNS FROM `website_link` [ RunTime:0.004205s ]
SQL: SELECT * FROM `website_link` WHERE ( `lang` = 'zh-Hans' ) ORDER BY link_sort LIMIT 10   [ RunTime:0.000760s ]
SQL: SELECT COUNT(*) AS tp_count FROM `website_link` WHERE ( `lang` = 'zh-Hans' ) LIMIT 1   [ RunTime:0.000580s ]
INFO: [ view_parse ] --START--
INFO: ParseTemplate Behavior ::run [ RunTime:0.014958s ]
INFO: [ view_parse ] --END-- [ RunTime:0.015111s ]
INFO: [ view_filter ] --START--
INFO: ContentReplace Behavior ::run [ RunTime:0.000943s ]
INFO: TokenBuild Behavior ::run [ RunTime:0.000655s ]
INFO: WriteHtmlCache Behavior ::run [ RunTime:0.000343s ]
INFO: ShowRuntime Behavior ::run [ RunTime:0.000601s ]
INFO: [ view_filter ] --END-- [ RunTime:0.002789s ]
INFO: [ view_end ] --START--
INFO: ShowPageTrace Behavior ::run [ RunTime:0.000809s ]
INFO: [ view_end ] --END-- [ RunTime:0.000929s ]

[ 2014-12-29T10:17:25+08:00 ] 127.0.0.1 /projcet/babyweb/htdocs/cn/index.php/index/link.shtml
INFO: [ route_check ] --START--
INFO: CheckRoute Behavior ::run [ RunTime:0.001209s ]
INFO: [ route_check ] --END-- [ RunTime:0.001335s ]
INFO: [ app_begin ] --START--
INFO: ReadHtmlCache Behavior ::run [ RunTime:0.000714s ]
INFO: [ app_begin ] --END-- [ RunTime:0.000815s ]
SQL: SHOW COLUMNS FROM `website_link` [ RunTime:0.004233s ]
SQL: SELECT * FROM `website_link` WHERE ( `lang` = 'zh-Hans' ) ORDER BY link_sort LIMIT 10   [ RunTime:0.000931s ]
SQL: SELECT * FROM `website_link` WHERE ( `lang` = 'zh-Hans' ) ORDER BY link_sort  [ RunTime:0.000660s ]
INFO: [ view_parse ] --START--
INFO: ParseTemplate Behavior ::run [ RunTime:0.017989s ]
INFO: [ view_parse ] --END-- [ RunTime:0.018162s ]
INFO: [ view_filter ] --START--
INFO: ContentReplace Behavior ::run [ RunTime:0.000636s ]
INFO: TokenBuild Behavior ::run [ RunTime:0.000664s ]
INFO: WriteHtmlCache Behavior ::run [ RunTime:0.000374s ]
INFO: ShowRuntime Behavior ::run [ RunTime:0.000609s ]
INFO: [ view_filter ] --END-- [ RunTime:0.002526s ]
INFO: [ view_end ] --START--
INFO: ShowPageTrace Behavior ::run [ RunTime:0.000811s ]
INFO: [ view_end ] --END-- [ RunTime:0.000905s ]

[ 2014-12-29T10:17:26+08:00 ] 127.0.0.1 /projcet/babyweb/htdocs/cn/index.php/index/privacyPolicy.shtml
INFO: [ route_check ] --START--
INFO: CheckRoute Behavior ::run [ RunTime:0.001679s ]
INFO: [ route_check ] --END-- [ RunTime:0.001859s ]
INFO: [ app_begin ] --START--
INFO: ReadHtmlCache Behavior ::run [ RunTime:0.000795s ]
INFO: [ app_begin ] --END-- [ RunTime:0.000895s ]
SQL: SHOW COLUMNS FROM `website_link` [ RunTime:0.004122s ]
SQL: SELECT * FROM `website_link` WHERE ( `lang` = 'zh-Hans' ) ORDER BY link_sort LIMIT 10   [ RunTime:0.000562s ]
SQL: SELECT COUNT(*) AS tp_count FROM `website_link` WHERE ( `lang` = 'zh-Hans' ) LIMIT 1   [ RunTime:0.000307s ]
INFO: [ view_parse ] --START--
INFO: ParseTemplate Behavior ::run [ RunTime:0.015399s ]
INFO: [ view_parse ] --END-- [ RunTime:0.015544s ]
INFO: [ view_filter ] --START--
INFO: ContentReplace Behavior ::run [ RunTime:0.000744s ]
INFO: TokenBuild Behavior ::run [ RunTime:0.000708s ]
INFO: WriteHtmlCache Behavior ::run [ RunTime:0.000337s ]
INFO: ShowRuntime Behavior ::run [ RunTime:0.000623s ]
INFO: [ view_filter ] --END-- [ RunTime:0.002651s ]
INFO: [ view_end ] --START--
INFO: ShowPageTrace Behavior ::run [ RunTime:0.001831s ]
INFO: [ view_end ] --END-- [ RunTime:0.001944s ]

[ 2014-12-29T10:17:26+08:00 ] 127.0.0.1 /projcet/babyweb/htdocs/cn/index.php/index/declaration.shtml
INFO: [ route_check ] --START--
INFO: CheckRoute Behavior ::run [ RunTime:0.001383s ]
INFO: [ route_check ] --END-- [ RunTime:0.001523s ]
INFO: [ app_begin ] --START--
INFO: ReadHtmlCache Behavior ::run [ RunTime:0.000778s ]
INFO: [ app_begin ] --END-- [ RunTime:0.000881s ]
SQL: SHOW COLUMNS FROM `website_link` [ RunTime:0.004182s ]
SQL: SELECT * FROM `website_link` WHERE ( `lang` = 'zh-Hans' ) ORDER BY link_sort LIMIT 10   [ RunTime:0.000892s ]
SQL: SELECT COUNT(*) AS tp_count FROM `website_link` WHERE ( `lang` = 'zh-Hans' ) LIMIT 1   [ RunTime:0.001337s ]
INFO: [ view_parse ] --START--
INFO: ParseTemplate Behavior ::run [ RunTime:0.018631s ]
INFO: [ view_parse ] --END-- [ RunTime:0.018794s ]
INFO: [ view_filter ] --START--
INFO: ContentReplace Behavior ::run [ RunTime:0.000671s ]
INFO: TokenBuild Behavior ::run [ RunTime:0.000677s ]
INFO: WriteHtmlCache Behavior ::run [ RunTime:0.000819s ]
INFO: ShowRuntime Behavior ::run [ RunTime:0.000687s ]
INFO: [ view_filter ] --END-- [ RunTime:0.003127s ]
INFO: [ view_end ] --START--
INFO: ShowPageTrace Behavior ::run [ RunTime:0.001042s ]
INFO: [ view_end ] --END-- [ RunTime:0.001190s ]

[ 2014-12-29T10:24:29+08:00 ] 127.0.0.1 /projcet/babyweb/htdocs/cn/index.php/index/link.shtml
INFO: [ route_check ] --START--
INFO: CheckRoute Behavior ::run [ RunTime:0.001633s ]
INFO: [ route_check ] --END-- [ RunTime:0.001857s ]
INFO: [ app_begin ] --START--
INFO: ReadHtmlCache Behavior ::run [ RunTime:0.001164s ]
INFO: [ app_begin ] --END-- [ RunTime:0.001304s ]
SQL: SHOW COLUMNS FROM `website_link` [ RunTime:0.004846s ]
SQL: SELECT * FROM `website_link` WHERE ( `lang` = 'zh-Hans' ) ORDER BY link_sort LIMIT 10   [ RunTime:0.000885s ]
SQL: SELECT * FROM `website_link` WHERE ( `lang` = 'zh-Hans' ) ORDER BY link_sort  [ RunTime:0.000551s ]
INFO: [ view_parse ] --START--
INFO: ParseTemplate Behavior ::run [ RunTime:0.018427s ]
INFO: [ view_parse ] --END-- [ RunTime:0.018574s ]
INFO: [ view_filter ] --START--
INFO: ContentReplace Behavior ::run [ RunTime:0.001280s ]
INFO: TokenBuild Behavior ::run [ RunTime:0.000685s ]
INFO: WriteHtmlCache Behavior ::run [ RunTime:0.000523s ]
INFO: ShowRuntime Behavior ::run [ RunTime:0.000928s ]
INFO: [ view_filter ] --END-- [ RunTime:0.003660s ]
INFO: [ view_end ] --START--
INFO: ShowPageTrace Behavior ::run [ RunTime:0.000978s ]
INFO: [ view_end ] --END-- [ RunTime:0.001105s ]

[ 2014-12-29T10:24:30+08:00 ] 127.0.0.1 /projcet/babyweb/htdocs/cn/index.php/index/declaration.shtml
INFO: [ route_check ] --START--
INFO: CheckRoute Behavior ::run [ RunTime:0.001659s ]
INFO: [ route_check ] --END-- [ RunTime:0.001811s ]
INFO: [ app_begin ] --START--
INFO: ReadHtmlCache Behavior ::run [ RunTime:0.000954s ]
INFO: [ app_begin ] --END-- [ RunTime:0.001054s ]
SQL: SHOW COLUMNS FROM `website_link` [ RunTime:0.004894s ]
SQL: SELECT * FROM `website_link` WHERE ( `lang` = 'zh-Hans' ) ORDER BY link_sort LIMIT 10   [ RunTime:0.000920s ]
SQL: SELECT COUNT(*) AS tp_count FROM `website_link` WHERE ( `lang` = 'zh-Hans' ) LIMIT 1   [ RunTime:0.000550s ]
INFO: [ view_parse ] --START--
INFO: ParseTemplate Behavior ::run [ RunTime:0.020404s ]
INFO: [ view_parse ] --END-- [ RunTime:0.020606s ]
INFO: [ view_filter ] --START--
INFO: ContentReplace Behavior ::run [ RunTime:0.000901s ]
INFO: TokenBuild Behavior ::run [ RunTime:0.001057s ]
INFO: WriteHtmlCache Behavior ::run [ RunTime:0.000479s ]
INFO: ShowRuntime Behavior ::run [ RunTime:0.000858s ]
INFO: [ view_filter ] --END-- [ RunTime:0.003677s ]
INFO: [ view_end ] --START--
INFO: ShowPageTrace Behavior ::run [ RunTime:0.001317s ]
INFO: [ view_end ] --END-- [ RunTime:0.001435s ]

[ 2014-12-29T10:24:31+08:00 ] 127.0.0.1 /projcet/babyweb/htdocs/cn/index.php/index/link.shtml
INFO: [ route_check ] --START--
INFO: CheckRoute Behavior ::run [ RunTime:0.001881s ]
INFO: [ route_check ] --END-- [ RunTime:0.002080s ]
INFO: [ app_begin ] --START--
INFO: ReadHtmlCache Behavior ::run [ RunTime:0.001005s ]
INFO: [ app_begin ] --END-- [ RunTime:0.001146s ]
SQL: SHOW COLUMNS FROM `website_link` [ RunTime:0.005331s ]
SQL: SELECT * FROM `website_link` WHERE ( `lang` = 'zh-Hans' ) ORDER BY link_sort LIMIT 10   [ RunTime:0.000995s ]
SQL: SELECT * FROM `website_link` WHERE ( `lang` = 'zh-Hans' ) ORDER BY link_sort  [ RunTime:0.000632s ]
INFO: [ view_parse ] --START--
INFO: ParseTemplate Behavior ::run [ RunTime:0.016079s ]
INFO: [ view_parse ] --END-- [ RunTime:0.016205s ]
INFO: [ view_filter ] --START--
INFO: ContentReplace Behavior ::run [ RunTime:0.000590s ]
INFO: TokenBuild Behavior ::run [ RunTime:0.000981s ]
INFO: WriteHtmlCache Behavior ::run [ RunTime:0.000399s ]
INFO: ShowRuntime Behavior ::run [ RunTime:0.000583s ]
INFO: [ view_filter ] --END-- [ RunTime:0.002804s ]
INFO: [ view_end ] --START--
INFO: ShowPageTrace Behavior ::run [ RunTime:0.000802s ]
INFO: [ view_end ] --END-- [ RunTime:0.000892s ]

[ 2014-12-29T10:24:31+08:00 ] 127.0.0.1 /projcet/babyweb/htdocs/cn/index.php/index/privacyPolicy.shtml
INFO: [ route_check ] --START--
INFO: CheckRoute Behavior ::run [ RunTime:0.001392s ]
INFO: [ route_check ] --END-- [ RunTime:0.001538s ]
INFO: [ app_begin ] --START--
INFO: ReadHtmlCache Behavior ::run [ RunTime:0.000808s ]
INFO: [ app_begin ] --END-- [ RunTime:0.001004s ]
SQL: SHOW COLUMNS FROM `website_link` [ RunTime:0.003934s ]
SQL: SELECT * FROM `website_link` WHERE ( `lang` = 'zh-Hans' ) ORDER BY link_sort LIMIT 10   [ RunTime:0.000763s ]
SQL: SELECT COUNT(*) AS tp_count FROM `website_link` WHERE ( `lang` = 'zh-Hans' ) LIMIT 1   [ RunTime:0.000543s ]
INFO: [ view_parse ] --START--
INFO: ParseTemplate Behavior ::run [ RunTime:0.020325s ]
INFO: [ view_parse ] --END-- [ RunTime:0.020505s ]
INFO: [ view_filter ] --START--
INFO: ContentReplace Behavior ::run [ RunTime:0.000875s ]
INFO: TokenBuild Behavior ::run [ RunTime:0.001141s ]
INFO: WriteHtmlCache Behavior ::run [ RunTime:0.000465s ]
INFO: ShowRuntime Behavior ::run [ RunTime:0.000755s ]
INFO: [ view_filter ] --END-- [ RunTime:0.003589s ]
INFO: [ view_end ] --START--
INFO: ShowPageTrace Behavior ::run [ RunTime:0.000886s ]
INFO: [ view_end ] --END-- [ RunTime:0.000984s ]

[ 2014-12-29T10:24:32+08:00 ] 127.0.0.1 /projcet/babyweb/htdocs/cn/index.php/index/link.shtml
INFO: [ route_check ] --START--
INFO: CheckRoute Behavior ::run [ RunTime:0.001158s ]
INFO: [ route_check ] --END-- [ RunTime:0.001280s ]
INFO: [ app_begin ] --START--
INFO: ReadHtmlCache Behavior ::run [ RunTime:0.000654s ]
INFO: [ app_begin ] --END-- [ RunTime:0.000750s ]
SQL: SHOW COLUMNS FROM `website_link` [ RunTime:0.006207s ]
SQL: SELECT * FROM `website_link` WHERE ( `lang` = 'zh-Hans' ) ORDER BY link_sort LIMIT 10   [ RunTime:0.000748s ]
SQL: SELECT * FROM `website_link` WHERE ( `lang` = 'zh-Hans' ) ORDER BY link_sort  [ RunTime:0.000544s ]
INFO: [ view_parse ] --START--
INFO: ParseTemplate Behavior ::run [ RunTime:0.015972s ]
INFO: [ view_parse ] --END-- [ RunTime:0.016122s ]
INFO: [ view_filter ] --START--
INFO: ContentReplace Behavior ::run [ RunTime:0.000576s ]
INFO: TokenBuild Behavior ::run [ RunTime:0.000713s ]
INFO: WriteHtmlCache Behavior ::run [ RunTime:0.000320s ]
INFO: ShowRuntime Behavior ::run [ RunTime:0.000630s ]
INFO: [ view_filter ] --END-- [ RunTime:0.002475s ]
INFO: [ view_end ] --START--
INFO: ShowPageTrace Behavior ::run [ RunTime:0.000813s ]
INFO: [ view_end ] --END-- [ RunTime:0.000899s ]

[ 2014-12-29T10:24:34+08:00 ] 127.0.0.1 /projcet/babyweb/htdocs/cn/index.php/index/index.shtml
INFO: [ route_check ] --START--
INFO: CheckRoute Behavior ::run [ RunTime:0.001242s ]
INFO: [ route_check ] --END-- [ RunTime:0.001375s ]
INFO: [ app_begin ] --START--
INFO: ReadHtmlCache Behavior ::run [ RunTime:0.000704s ]
INFO: [ app_begin ] --END-- [ RunTime:0.000798s ]
SQL: SHOW COLUMNS FROM `website_link` [ RunTime:0.004430s ]
SQL: SELECT * FROM `website_link` WHERE ( `lang` = 'zh-Hans' ) ORDER BY link_sort LIMIT 10   [ RunTime:0.000720s ]
SQL: SHOW COLUMNS FROM `website_index_images` [ RunTime:0.004162s ]
SQL: SELECT * FROM `website_index_images` WHERE ( lang='zh-Hans' and used=1 ) ORDER BY num asc,id asc  [ RunTime:0.000899s ]
NOTIC: [8] Trying to get property of non-object D:\wamp\www\projcet\babyweb\cn\Lib\Action\IndexAction.class.php ç¬¬ 11 è¡Œ.
NOTIC: [8] Trying to get property of non-object D:\wamp\www\projcet\babyweb\cn\Lib\Action\IndexAction.class.php ç¬¬ 11 è¡Œ.
NOTIC: [8] Trying to get property of non-object D:\wamp\www\projcet\babyweb\cn\Lib\Action\IndexAction.class.php ç¬¬ 12 è¡Œ.
NOTIC: [8] Trying to get property of non-object D:\wamp\www\projcet\babyweb\cn\Lib\Action\IndexAction.class.php ç¬¬ 12 è¡Œ.
NOTIC: [8] Trying to get property of non-object D:\wamp\www\projcet\babyweb\cn\Lib\Action\IndexAction.class.php ç¬¬ 13 è¡Œ.
INFO: [ view_parse ] --START--
NOTIC: [8] Use of undefined constant one - assumed 'one' D:\wamp\www\projcet\babyweb\cn\Runtime\Cache\5ec3307169fe79e2b7d3e10856dd48ce.php ç¬¬ 132 è¡Œ.
NOTIC: [8] Use of undefined constant one3 - assumed 'one3' D:\wamp\www\projcet\babyweb\cn\Runtime\Cache\5ec3307169fe79e2b7d3e10856dd48ce.php ç¬¬ 132 è¡Œ.
NOTIC: [8] Use of undefined constant one3 - assumed 'one3' D:\wamp\www\projcet\babyweb\cn\Runtime\Cache\5ec3307169fe79e2b7d3e10856dd48ce.php ç¬¬ 145 è¡Œ.
NOTIC: [8] Use of undefined constant one - assumed 'one' D:\wamp\www\projcet\babyweb\cn\Runtime\Cache\5ec3307169fe79e2b7d3e10856dd48ce.php ç¬¬ 132 è¡Œ.
NOTIC: [8] Use of undefined constant one3 - assumed 'one3' D:\wamp\www\projcet\babyweb\cn\Runtime\Cache\5ec3307169fe79e2b7d3e10856dd48ce.php ç¬¬ 132 è¡Œ.
NOTIC: [8] Use of undefined constant one3 - assumed 'one3' D:\wamp\www\projcet\babyweb\cn\Runtime\Cache\5ec3307169fe79e2b7d3e10856dd48ce.php ç¬¬ 145 è¡Œ.
NOTIC: [8] Use of undefined constant one - assumed 'one' D:\wamp\www\projcet\babyweb\cn\Runtime\Cache\5ec3307169fe79e2b7d3e10856dd48ce.php ç¬¬ 132 è¡Œ.
NOTIC: [8] Use of undefined constant one3 - assumed 'one3' D:\wamp\www\projcet\babyweb\cn\Runtime\Cache\5ec3307169fe79e2b7d3e10856dd48ce.php ç¬¬ 145 è¡Œ.
NOTIC: [8] Use of undefined constant one - assumed 'one' D:\wamp\www\projcet\babyweb\cn\Runtime\Cache\5ec3307169fe79e2b7d3e10856dd48ce.php ç¬¬ 254 è¡Œ.
NOTIC: [8] Use of undefined constant one3 - assumed 'one3' D:\wamp\www\projcet\babyweb\cn\Runtime\Cache\5ec3307169fe79e2b7d3e10856dd48ce.php ç¬¬ 254 è¡Œ.
NOTIC: [8] Use of undefined constant one3 - assumed 'one3' D:\wamp\www\projcet\babyweb\cn\Runtime\Cache\5ec3307169fe79e2b7d3e10856dd48ce.php ç¬¬ 267 è¡Œ.
NOTIC: [8] Use of undefined constant one - assumed 'one' D:\wamp\www\projcet\babyweb\cn\Runtime\Cache\5ec3307169fe79e2b7d3e10856dd48ce.php ç¬¬ 254 è¡Œ.
NOTIC: [8] Use of undefined constant one3 - assumed 'one3' D:\wamp\www\projcet\babyweb\cn\Runtime\Cache\5ec3307169fe79e2b7d3e10856dd48ce.php ç¬¬ 254 è¡Œ.
NOTIC: [8] Use of undefined constant one3 - assumed 'one3' D:\wamp\www\projcet\babyweb\cn\Runtime\Cache\5ec3307169fe79e2b7d3e10856dd48ce.php ç¬¬ 267 è¡Œ.
NOTIC: [8] Use of undefined constant one - assumed 'one' D:\wamp\www\projcet\babyweb\cn\Runtime\Cache\5ec3307169fe79e2b7d3e10856dd48ce.php ç¬¬ 254 è¡Œ.
NOTIC: [8] Use of undefined constant one3 - assumed 'one3' D:\wamp\www\projcet\babyweb\cn\Runtime\Cache\5ec3307169fe79e2b7d3e10856dd48ce.php ç¬¬ 267 è¡Œ.
INFO: ParseTemplate Behavior ::run [ RunTime:0.048213s ]
INFO: [ view_parse ] --END-- [ RunTime:0.048327s ]
INFO: [ view_filter ] --START--
INFO: ContentReplace Behavior ::run [ RunTime:0.000848s ]
INFO: TokenBuild Behavior ::run [ RunTime:0.000774s ]
INFO: WriteHtmlCache Behavior ::run [ RunTime:0.000325s ]
INFO: ShowRuntime Behavior ::run [ RunTime:0.000616s ]
INFO: [ view_filter ] --END-- [ RunTime:0.002814s ]
INFO: [ view_end ] --START--
INFO: ShowPageTrace Behavior ::run [ RunTime:0.000997s ]
INFO: [ view_end ] --END-- [ RunTime:0.001109s ]

