[ 2014-12-22T10:08:14+08:00 ] 127.0.0.1 /projcet/babyweb/htdocs/cn/
INFO: [ app_begin ] --START--
INFO: ReadHtmlCache Behavior ::run [ RunTime:0.004995s ]
INFO: [ app_begin ] --END-- [ RunTime:0.005137s ]
SQL: SHOW COLUMNS FROM `website_index_images` [ RunTime:0.004755s ]
SQL: SELECT * FROM `website_index_images` WHERE ( lang='zh-Hans' and used=1 ) ORDER BY num asc,id asc  [ RunTime:0.000635s ]
NOTIC: [2] Invalid argument supplied for foreach() D:\wamp\www\projcet\babyweb\cn\Lib\Action\IndexAction.class.php 第 9 行.
NOTIC: [8] Undefined variable: res D:\wamp\www\projcet\babyweb\cn\Lib\Action\IndexAction.class.php 第 15 行.
INFO: [ view_parse ] --START--
INFO: ParseTemplate Behavior ::run [ RunTime:0.123229s ]
INFO: [ view_parse ] --END-- [ RunTime:0.123390s ]
INFO: [ view_filter ] --START--
INFO: ContentReplace Behavior ::run [ RunTime:0.020162s ]
INFO: TokenBuild Behavior ::run [ RunTime:0.010260s ]
INFO: WriteHtmlCache Behavior ::run [ RunTime:0.006936s ]
INFO: ShowRuntime Behavior ::run [ RunTime:0.004066s ]
INFO: [ view_filter ] --END-- [ RunTime:0.041802s ]
INFO: [ view_end ] --START--
INFO: ShowPageTrace Behavior ::run [ RunTime:0.001577s ]
INFO: [ view_end ] --END-- [ RunTime:0.001720s ]

[ 2014-12-22T10:45:50+08:00 ] 127.0.0.1 /projcet/babyweb/htdocs/cn/
INFO: [ app_begin ] --START--
INFO: ReadHtmlCache Behavior ::run [ RunTime:0.001394s ]
INFO: [ app_begin ] --END-- [ RunTime:0.001572s ]
SQL: SHOW COLUMNS FROM `website_index_images` [ RunTime:0.004793s ]
SQL: SELECT * FROM `website_index_images` WHERE ( lang='zh-Hans' and used=1 ) ORDER BY num asc,id asc  [ RunTime:0.000970s ]
INFO: [ view_parse ] --START--
NOTIC: [8] Use of undefined constant one - assumed 'one' D:\wamp\www\projcet\babyweb\cn\Runtime\Cache\5ec3307169fe79e2b7d3e10856dd48ce.php 第 132 行.
NOTIC: [8] Use of undefined constant one3 - assumed 'one3' D:\wamp\www\projcet\babyweb\cn\Runtime\Cache\5ec3307169fe79e2b7d3e10856dd48ce.php 第 145 行.
NOTIC: [8] Use of undefined constant one - assumed 'one' D:\wamp\www\projcet\babyweb\cn\Runtime\Cache\5ec3307169fe79e2b7d3e10856dd48ce.php 第 254 行.
NOTIC: [8] Use of undefined constant one3 - assumed 'one3' D:\wamp\www\projcet\babyweb\cn\Runtime\Cache\5ec3307169fe79e2b7d3e10856dd48ce.php 第 267 行.
INFO: ParseTemplate Behavior ::run [ RunTime:0.050618s ]
INFO: [ view_parse ] --END-- [ RunTime:0.050781s ]
INFO: [ view_filter ] --START--
INFO: ContentReplace Behavior ::run [ RunTime:0.001116s ]
INFO: TokenBuild Behavior ::run [ RunTime:0.000914s ]
INFO: WriteHtmlCache Behavior ::run [ RunTime:0.000741s ]
INFO: ShowRuntime Behavior ::run [ RunTime:0.001001s ]
INFO: [ view_filter ] --END-- [ RunTime:0.004009s ]
INFO: [ view_end ] --START--
INFO: ShowPageTrace Behavior ::run [ RunTime:0.003257s ]
INFO: [ view_end ] --END-- [ RunTime:0.003402s ]

[ 2014-12-22T10:49:25+08:00 ] 10.1.1.228 /
INFO: [ app_begin ] --START--
INFO: ReadHtmlCache Behavior ::run [ RunTime:0.006676s ]
INFO: [ app_begin ] --END-- [ RunTime:0.006928s ]
SQL: SHOW COLUMNS FROM `website_index_images` [ RunTime:0.007386s ]
SQL: SELECT * FROM `website_index_images` WHERE ( lang='zh-Hans' and used=1 ) ORDER BY num asc,id asc  [ RunTime:0.001511s ]
INFO: [ view_parse ] --START--
NOTIC: [8] Use of undefined constant one - assumed 'one' D:\wamp\www\projcet\babyweb\cn\Runtime\Cache\5ec3307169fe79e2b7d3e10856dd48ce.php 第 132 行.
NOTIC: [8] Use of undefined constant one3 - assumed 'one3' D:\wamp\www\projcet\babyweb\cn\Runtime\Cache\5ec3307169fe79e2b7d3e10856dd48ce.php 第 145 行.
NOTIC: [8] Use of undefined constant one - assumed 'one' D:\wamp\www\projcet\babyweb\cn\Runtime\Cache\5ec3307169fe79e2b7d3e10856dd48ce.php 第 254 行.
NOTIC: [8] Use of undefined constant one3 - assumed 'one3' D:\wamp\www\projcet\babyweb\cn\Runtime\Cache\5ec3307169fe79e2b7d3e10856dd48ce.php 第 267 行.
INFO: ParseTemplate Behavior ::run [ RunTime:0.183339s ]
INFO: [ view_parse ] --END-- [ RunTime:0.183526s ]
INFO: [ view_filter ] --START--
INFO: ContentReplace Behavior ::run [ RunTime:0.027243s ]
INFO: TokenBuild Behavior ::run [ RunTime:0.010364s ]
INFO: WriteHtmlCache Behavior ::run [ RunTime:0.001415s ]
INFO: ShowRuntime Behavior ::run [ RunTime:0.005783s ]
INFO: [ view_filter ] --END-- [ RunTime:0.045645s ]
INFO: [ view_end ] --START--
INFO: ShowPageTrace Behavior ::run [ RunTime:0.001937s ]
INFO: [ view_end ] --END-- [ RunTime:0.002117s ]

[ 2014-12-22T10:55:04+08:00 ] 10.1.1.228 /
INFO: [ app_begin ] --START--
INFO: ReadHtmlCache Behavior ::run [ RunTime:0.017914s ]
INFO: [ app_begin ] --END-- [ RunTime:0.018136s ]
SQL: SHOW COLUMNS FROM `website_index_images` [ RunTime:0.006831s ]
SQL: SELECT * FROM `website_index_images` WHERE ( lang='zh-Hans' and used=1 ) ORDER BY num asc,id asc  [ RunTime:0.001665s ]
INFO: [ view_parse ] --START--
NOTIC: [8] Use of undefined constant one - assumed 'one' D:\wamp\www\projcet\babyweb\cn\Runtime\Cache\5ec3307169fe79e2b7d3e10856dd48ce.php 第 132 行.
NOTIC: [8] Use of undefined constant one3 - assumed 'one3' D:\wamp\www\projcet\babyweb\cn\Runtime\Cache\5ec3307169fe79e2b7d3e10856dd48ce.php 第 145 行.
NOTIC: [8] Use of undefined constant one - assumed 'one' D:\wamp\www\projcet\babyweb\cn\Runtime\Cache\5ec3307169fe79e2b7d3e10856dd48ce.php 第 254 行.
NOTIC: [8] Use of undefined constant one3 - assumed 'one3' D:\wamp\www\projcet\babyweb\cn\Runtime\Cache\5ec3307169fe79e2b7d3e10856dd48ce.php 第 267 行.
INFO: ParseTemplate Behavior ::run [ RunTime:0.212986s ]
INFO: [ view_parse ] --END-- [ RunTime:0.213188s ]
INFO: [ view_filter ] --START--
INFO: ContentReplace Behavior ::run [ RunTime:0.019112s ]
INFO: TokenBuild Behavior ::run [ RunTime:0.009927s ]
INFO: WriteHtmlCache Behavior ::run [ RunTime:0.009539s ]
INFO: ShowRuntime Behavior ::run [ RunTime:0.002907s ]
INFO: [ view_filter ] --END-- [ RunTime:0.042225s ]
INFO: [ view_end ] --START--
INFO: ShowPageTrace Behavior ::run [ RunTime:0.006412s ]
INFO: [ view_end ] --END-- [ RunTime:0.006620s ]

[ 2014-12-22T10:56:01+08:00 ] 10.1.1.228 /
INFO: [ app_begin ] --START--
INFO: ReadHtmlCache Behavior ::run [ RunTime:0.013564s ]
INFO: [ app_begin ] --END-- [ RunTime:0.013749s ]
SQL: SHOW COLUMNS FROM `website_index_images` [ RunTime:0.005246s ]
SQL: SELECT * FROM `website_index_images` WHERE ( lang='zh-Hans' and used=1 ) ORDER BY num asc,id asc  [ RunTime:0.005194s ]
INFO: [ view_parse ] --START--
NOTIC: [8] Use of undefined constant one - assumed 'one' D:\wamp\www\projcet\babyweb\cn\Runtime\Cache\5ec3307169fe79e2b7d3e10856dd48ce.php 第 132 行.
NOTIC: [8] Use of undefined constant one3 - assumed 'one3' D:\wamp\www\projcet\babyweb\cn\Runtime\Cache\5ec3307169fe79e2b7d3e10856dd48ce.php 第 145 行.
NOTIC: [8] Use of undefined constant one - assumed 'one' D:\wamp\www\projcet\babyweb\cn\Runtime\Cache\5ec3307169fe79e2b7d3e10856dd48ce.php 第 254 行.
NOTIC: [8] Use of undefined constant one3 - assumed 'one3' D:\wamp\www\projcet\babyweb\cn\Runtime\Cache\5ec3307169fe79e2b7d3e10856dd48ce.php 第 267 行.
INFO: ParseTemplate Behavior ::run [ RunTime:0.102821s ]
INFO: [ view_parse ] --END-- [ RunTime:0.103336s ]
INFO: [ view_filter ] --START--
INFO: ContentReplace Behavior ::run [ RunTime:0.023282s ]
INFO: TokenBuild Behavior ::run [ RunTime:0.027178s ]
INFO: WriteHtmlCache Behavior ::run [ RunTime:0.009971s ]
INFO: ShowRuntime Behavior ::run [ RunTime:0.019117s ]
INFO: [ view_filter ] --END-- [ RunTime:0.080184s ]
INFO: [ view_end ] --START--
INFO: ShowPageTrace Behavior ::run [ RunTime:0.022093s ]
INFO: [ view_end ] --END-- [ RunTime:0.022409s ]

[ 2014-12-22T10:57:10+08:00 ] 10.1.1.228 /
INFO: [ app_begin ] --START--
INFO: ReadHtmlCache Behavior ::run [ RunTime:0.265218s ]
INFO: [ app_begin ] --END-- [ RunTime:0.265441s ]
SQL: SHOW COLUMNS FROM `website_index_images` [ RunTime:0.006934s ]
SQL: SELECT * FROM `website_index_images` WHERE ( lang='zh-Hans' and used=1 ) ORDER BY num asc,id asc  [ RunTime:0.001370s ]
INFO: [ view_parse ] --START--
NOTIC: [8] Use of undefined constant one - assumed 'one' D:\wamp\www\projcet\babyweb\cn\Runtime\Cache\5ec3307169fe79e2b7d3e10856dd48ce.php 第 132 行.
NOTIC: [8] Use of undefined constant one3 - assumed 'one3' D:\wamp\www\projcet\babyweb\cn\Runtime\Cache\5ec3307169fe79e2b7d3e10856dd48ce.php 第 145 行.
NOTIC: [8] Use of undefined constant one - assumed 'one' D:\wamp\www\projcet\babyweb\cn\Runtime\Cache\5ec3307169fe79e2b7d3e10856dd48ce.php 第 254 行.
NOTIC: [8] Use of undefined constant one3 - assumed 'one3' D:\wamp\www\projcet\babyweb\cn\Runtime\Cache\5ec3307169fe79e2b7d3e10856dd48ce.php 第 267 行.
INFO: ParseTemplate Behavior ::run [ RunTime:0.101666s ]
INFO: [ view_parse ] --END-- [ RunTime:0.101817s ]
INFO: [ view_filter ] --START--
INFO: ContentReplace Behavior ::run [ RunTime:0.025760s ]
INFO: TokenBuild Behavior ::run [ RunTime:0.011045s ]
INFO: WriteHtmlCache Behavior ::run [ RunTime:0.002593s ]
INFO: ShowRuntime Behavior ::run [ RunTime:0.001945s ]
INFO: [ view_filter ] --END-- [ RunTime:0.041839s ]
INFO: [ view_end ] --START--
INFO: ShowPageTrace Behavior ::run [ RunTime:0.002167s ]
INFO: [ view_end ] --END-- [ RunTime:0.002341s ]

[ 2014-12-22T11:03:41+08:00 ] 10.1.1.228 /
INFO: [ app_begin ] --START--
INFO: ReadHtmlCache Behavior ::run [ RunTime:0.005377s ]
INFO: [ app_begin ] --END-- [ RunTime:0.005501s ]
SQL: SHOW COLUMNS FROM `website_index_images` [ RunTime:0.004379s ]
SQL: SELECT * FROM `website_index_images` WHERE ( lang='zh-Hans' and used=1 ) ORDER BY num asc,id asc  [ RunTime:0.001156s ]
INFO: [ view_parse ] --START--
NOTIC: [8] Use of undefined constant one - assumed 'one' D:\wamp\www\projcet\babyweb\cn\Runtime\Cache\5ec3307169fe79e2b7d3e10856dd48ce.php 第 132 行.
NOTIC: [8] Use of undefined constant one3 - assumed 'one3' D:\wamp\www\projcet\babyweb\cn\Runtime\Cache\5ec3307169fe79e2b7d3e10856dd48ce.php 第 145 行.
NOTIC: [8] Use of undefined constant one - assumed 'one' D:\wamp\www\projcet\babyweb\cn\Runtime\Cache\5ec3307169fe79e2b7d3e10856dd48ce.php 第 254 行.
NOTIC: [8] Use of undefined constant one3 - assumed 'one3' D:\wamp\www\projcet\babyweb\cn\Runtime\Cache\5ec3307169fe79e2b7d3e10856dd48ce.php 第 267 行.
INFO: ParseTemplate Behavior ::run [ RunTime:0.108482s ]
INFO: [ view_parse ] --END-- [ RunTime:0.108597s ]
INFO: [ view_filter ] --START--
INFO: ContentReplace Behavior ::run [ RunTime:0.007390s ]
INFO: TokenBuild Behavior ::run [ RunTime:0.010175s ]
INFO: WriteHtmlCache Behavior ::run [ RunTime:0.010840s ]
INFO: ShowRuntime Behavior ::run [ RunTime:0.002729s ]
INFO: [ view_filter ] --END-- [ RunTime:0.031741s ]
INFO: [ view_end ] --START--
INFO: ShowPageTrace Behavior ::run [ RunTime:0.003242s ]
INFO: [ view_end ] --END-- [ RunTime:0.003436s ]

[ 2014-12-22T11:07:07+08:00 ] 10.1.1.228 /
INFO: [ app_begin ] --START--
INFO: ReadHtmlCache Behavior ::run [ RunTime:0.001577s ]
INFO: [ app_begin ] --END-- [ RunTime:0.001750s ]
SQL: SHOW COLUMNS FROM `website_index_images` [ RunTime:0.004610s ]
SQL: SELECT * FROM `website_index_images` WHERE ( lang='zh-Hans' and used=1 ) ORDER BY num asc,id asc  [ RunTime:0.000632s ]
NOTIC: [2] Invalid argument supplied for foreach() D:\wamp\www\projcet\babyweb\cn\Lib\Action\IndexAction.class.php 第 9 行.
NOTIC: [8] Undefined variable: res D:\wamp\www\projcet\babyweb\cn\Lib\Action\IndexAction.class.php 第 15 行.
INFO: [ view_parse ] --START--
INFO: ParseTemplate Behavior ::run [ RunTime:0.052560s ]
INFO: [ view_parse ] --END-- [ RunTime:0.052718s ]
INFO: [ view_filter ] --START--
INFO: ContentReplace Behavior ::run [ RunTime:0.001102s ]
INFO: TokenBuild Behavior ::run [ RunTime:0.000926s ]
INFO: WriteHtmlCache Behavior ::run [ RunTime:0.000761s ]
INFO: ShowRuntime Behavior ::run [ RunTime:0.001047s ]
INFO: [ view_filter ] --END-- [ RunTime:0.004077s ]
INFO: [ view_end ] --START--
INFO: ShowPageTrace Behavior ::run [ RunTime:0.001565s ]
INFO: [ view_end ] --END-- [ RunTime:0.001669s ]

[ 2014-12-22T11:12:36+08:00 ] 10.1.1.228 /
INFO: [ app_begin ] --START--
INFO: ReadHtmlCache Behavior ::run [ RunTime:0.001030s ]
INFO: [ app_begin ] --END-- [ RunTime:0.001169s ]
SQL: SHOW COLUMNS FROM `website_index_images` [ RunTime:0.005582s ]
SQL: SELECT * FROM `website_index_images` WHERE ( lang='zh-Hans' and used=1 ) ORDER BY num asc,id asc  [ RunTime:0.000707s ]
NOTIC: [2] Invalid argument supplied for foreach() D:\wamp\www\projcet\babyweb\cn\Lib\Action\IndexAction.class.php 第 9 行.
NOTIC: [8] Undefined variable: res D:\wamp\www\projcet\babyweb\cn\Lib\Action\IndexAction.class.php 第 15 行.
INFO: [ view_parse ] --START--
INFO: ParseTemplate Behavior ::run [ RunTime:0.048707s ]
INFO: [ view_parse ] --END-- [ RunTime:0.048845s ]
INFO: [ view_filter ] --START--
INFO: ContentReplace Behavior ::run [ RunTime:0.000924s ]
INFO: TokenBuild Behavior ::run [ RunTime:0.000593s ]
INFO: WriteHtmlCache Behavior ::run [ RunTime:0.000488s ]
INFO: ShowRuntime Behavior ::run [ RunTime:0.000778s ]
INFO: [ view_filter ] --END-- [ RunTime:0.003021s ]
INFO: [ view_end ] --START--
INFO: ShowPageTrace Behavior ::run [ RunTime:0.001306s ]
INFO: [ view_end ] --END-- [ RunTime:0.001424s ]

[ 2014-12-22T11:12:43+08:00 ] 10.1.1.228 /
INFO: [ app_begin ] --START--
INFO: ReadHtmlCache Behavior ::run [ RunTime:0.001215s ]
INFO: [ app_begin ] --END-- [ RunTime:0.001343s ]
SQL: SHOW COLUMNS FROM `website_index_images` [ RunTime:0.004999s ]
SQL: SELECT * FROM `website_index_images` WHERE ( lang='zh-Hans' and used=1 ) ORDER BY num asc,id asc  [ RunTime:0.000890s ]
NOTIC: [2] Invalid argument supplied for foreach() D:\wamp\www\projcet\babyweb\cn\Lib\Action\IndexAction.class.php 第 9 行.
NOTIC: [8] Undefined variable: res D:\wamp\www\projcet\babyweb\cn\Lib\Action\IndexAction.class.php 第 15 行.
INFO: [ view_parse ] --START--
INFO: ParseTemplate Behavior ::run [ RunTime:0.046275s ]
INFO: [ view_parse ] --END-- [ RunTime:0.046411s ]
INFO: [ view_filter ] --START--
INFO: ContentReplace Behavior ::run [ RunTime:0.000823s ]
INFO: TokenBuild Behavior ::run [ RunTime:0.000591s ]
INFO: WriteHtmlCache Behavior ::run [ RunTime:0.001237s ]
INFO: ShowRuntime Behavior ::run [ RunTime:0.000972s ]
INFO: [ view_filter ] --END-- [ RunTime:0.003893s ]
INFO: [ view_end ] --START--
INFO: ShowPageTrace Behavior ::run [ RunTime:0.004871s ]
INFO: [ view_end ] --END-- [ RunTime:0.005031s ]

[ 2014-12-22T11:12:58+08:00 ] 10.1.1.228 /
INFO: [ app_begin ] --START--
INFO: ReadHtmlCache Behavior ::run [ RunTime:0.000720s ]
INFO: [ app_begin ] --END-- [ RunTime:0.000837s ]
SQL: SHOW COLUMNS FROM `website_index_images` [ RunTime:0.003918s ]
SQL: SELECT * FROM `website_index_images` WHERE ( lang='zh-Hans' and used=1 ) ORDER BY num asc,id asc  [ RunTime:0.001360s ]
INFO: [ view_parse ] --START--
NOTIC: [8] Use of undefined constant one - assumed 'one' D:\wamp\www\projcet\babyweb\cn\Runtime\Cache\5ec3307169fe79e2b7d3e10856dd48ce.php 第 132 行.
NOTIC: [8] Use of undefined constant one3 - assumed 'one3' D:\wamp\www\projcet\babyweb\cn\Runtime\Cache\5ec3307169fe79e2b7d3e10856dd48ce.php 第 132 行.
NOTIC: [8] Use of undefined constant one3 - assumed 'one3' D:\wamp\www\projcet\babyweb\cn\Runtime\Cache\5ec3307169fe79e2b7d3e10856dd48ce.php 第 145 行.
NOTIC: [8] Use of undefined constant one - assumed 'one' D:\wamp\www\projcet\babyweb\cn\Runtime\Cache\5ec3307169fe79e2b7d3e10856dd48ce.php 第 254 行.
NOTIC: [8] Use of undefined constant one3 - assumed 'one3' D:\wamp\www\projcet\babyweb\cn\Runtime\Cache\5ec3307169fe79e2b7d3e10856dd48ce.php 第 254 行.
NOTIC: [8] Use of undefined constant one3 - assumed 'one3' D:\wamp\www\projcet\babyweb\cn\Runtime\Cache\5ec3307169fe79e2b7d3e10856dd48ce.php 第 267 行.
INFO: ParseTemplate Behavior ::run [ RunTime:0.049107s ]
INFO: [ view_parse ] --END-- [ RunTime:0.049227s ]
INFO: [ view_filter ] --START--
INFO: ContentReplace Behavior ::run [ RunTime:0.001044s ]
INFO: TokenBuild Behavior ::run [ RunTime:0.000749s ]
INFO: WriteHtmlCache Behavior ::run [ RunTime:0.000486s ]
INFO: ShowRuntime Behavior ::run [ RunTime:0.000976s ]
INFO: [ view_filter ] --END-- [ RunTime:0.003610s ]
INFO: [ view_end ] --START--
INFO: ShowPageTrace Behavior ::run [ RunTime:0.001217s ]
INFO: [ view_end ] --END-- [ RunTime:0.001364s ]

[ 2014-12-22T11:17:01+08:00 ] 10.1.1.228 /
INFO: [ app_begin ] --START--
INFO: ReadHtmlCache Behavior ::run [ RunTime:0.001612s ]
INFO: [ app_begin ] --END-- [ RunTime:0.001740s ]
SQL: SHOW COLUMNS FROM `website_index_images` [ RunTime:0.004545s ]
SQL: SELECT * FROM `website_index_images` WHERE ( lang='zh-Hans' and used=1 ) ORDER BY num asc,id asc  [ RunTime:0.001143s ]
INFO: [ view_parse ] --START--
NOTIC: [8] Use of undefined constant one - assumed 'one' D:\wamp\www\projcet\babyweb\cn\Runtime\Cache\5ec3307169fe79e2b7d3e10856dd48ce.php 第 132 行.
NOTIC: [8] Use of undefined constant one3 - assumed 'one3' D:\wamp\www\projcet\babyweb\cn\Runtime\Cache\5ec3307169fe79e2b7d3e10856dd48ce.php 第 145 行.
NOTIC: [8] Use of undefined constant one - assumed 'one' D:\wamp\www\projcet\babyweb\cn\Runtime\Cache\5ec3307169fe79e2b7d3e10856dd48ce.php 第 132 行.
NOTIC: [8] Use of undefined constant one3 - assumed 'one3' D:\wamp\www\projcet\babyweb\cn\Runtime\Cache\5ec3307169fe79e2b7d3e10856dd48ce.php 第 132 行.
NOTIC: [8] Use of undefined constant one3 - assumed 'one3' D:\wamp\www\projcet\babyweb\cn\Runtime\Cache\5ec3307169fe79e2b7d3e10856dd48ce.php 第 145 行.
NOTIC: [8] Use of undefined constant one - assumed 'one' D:\wamp\www\projcet\babyweb\cn\Runtime\Cache\5ec3307169fe79e2b7d3e10856dd48ce.php 第 254 行.
NOTIC: [8] Use of undefined constant one3 - assumed 'one3' D:\wamp\www\projcet\babyweb\cn\Runtime\Cache\5ec3307169fe79e2b7d3e10856dd48ce.php 第 267 行.
NOTIC: [8] Use of undefined constant one - assumed 'one' D:\wamp\www\projcet\babyweb\cn\Runtime\Cache\5ec3307169fe79e2b7d3e10856dd48ce.php 第 254 行.
NOTIC: [8] Use of undefined constant one3 - assumed 'one3' D:\wamp\www\projcet\babyweb\cn\Runtime\Cache\5ec3307169fe79e2b7d3e10856dd48ce.php 第 254 行.
NOTIC: [8] Use of undefined constant one3 - assumed 'one3' D:\wamp\www\projcet\babyweb\cn\Runtime\Cache\5ec3307169fe79e2b7d3e10856dd48ce.php 第 267 行.
INFO: ParseTemplate Behavior ::run [ RunTime:0.048929s ]
INFO: [ view_parse ] --END-- [ RunTime:0.049041s ]
INFO: [ view_filter ] --START--
INFO: ContentReplace Behavior ::run [ RunTime:0.001241s ]
INFO: TokenBuild Behavior ::run [ RunTime:0.000964s ]
INFO: WriteHtmlCache Behavior ::run [ RunTime:0.000611s ]
INFO: ShowRuntime Behavior ::run [ RunTime:0.001420s ]
INFO: [ view_filter ] --END-- [ RunTime:0.004597s ]
INFO: [ view_end ] --START--
INFO: ShowPageTrace Behavior ::run [ RunTime:0.001511s ]
INFO: [ view_end ] --END-- [ RunTime:0.001621s ]

[ 2014-12-22T11:21:36+08:00 ] 10.1.1.228 /
INFO: [ app_begin ] --START--
INFO: ReadHtmlCache Behavior ::run [ RunTime:0.002405s ]
INFO: [ app_begin ] --END-- [ RunTime:0.002675s ]
SQL: SHOW COLUMNS FROM `website_index_images` [ RunTime:0.006197s ]
SQL: SELECT * FROM `website_index_images` WHERE ( lang='zh-Hans' and used=1 ) ORDER BY num asc,id asc  [ RunTime:0.001177s ]
INFO: [ view_parse ] --START--
NOTIC: [8] Use of undefined constant one - assumed 'one' D:\wamp\www\projcet\babyweb\cn\Runtime\Cache\5ec3307169fe79e2b7d3e10856dd48ce.php 第 132 行.
NOTIC: [8] Use of undefined constant one3 - assumed 'one3' D:\wamp\www\projcet\babyweb\cn\Runtime\Cache\5ec3307169fe79e2b7d3e10856dd48ce.php 第 145 行.
NOTIC: [8] Use of undefined constant one - assumed 'one' D:\wamp\www\projcet\babyweb\cn\Runtime\Cache\5ec3307169fe79e2b7d3e10856dd48ce.php 第 132 行.
NOTIC: [8] Use of undefined constant one3 - assumed 'one3' D:\wamp\www\projcet\babyweb\cn\Runtime\Cache\5ec3307169fe79e2b7d3e10856dd48ce.php 第 132 行.
NOTIC: [8] Use of undefined constant one3 - assumed 'one3' D:\wamp\www\projcet\babyweb\cn\Runtime\Cache\5ec3307169fe79e2b7d3e10856dd48ce.php 第 145 行.
NOTIC: [8] Use of undefined constant one - assumed 'one' D:\wamp\www\projcet\babyweb\cn\Runtime\Cache\5ec3307169fe79e2b7d3e10856dd48ce.php 第 132 行.
NOTIC: [8] Use of undefined constant one3 - assumed 'one3' D:\wamp\www\projcet\babyweb\cn\Runtime\Cache\5ec3307169fe79e2b7d3e10856dd48ce.php 第 132 行.
NOTIC: [8] Use of undefined constant one3 - assumed 'one3' D:\wamp\www\projcet\babyweb\cn\Runtime\Cache\5ec3307169fe79e2b7d3e10856dd48ce.php 第 145 行.
NOTIC: [8] Use of undefined constant one - assumed 'one' D:\wamp\www\projcet\babyweb\cn\Runtime\Cache\5ec3307169fe79e2b7d3e10856dd48ce.php 第 254 行.
NOTIC: [8] Use of undefined constant one3 - assumed 'one3' D:\wamp\www\projcet\babyweb\cn\Runtime\Cache\5ec3307169fe79e2b7d3e10856dd48ce.php 第 267 行.
NOTIC: [8] Use of undefined constant one - assumed 'one' D:\wamp\www\projcet\babyweb\cn\Runtime\Cache\5ec3307169fe79e2b7d3e10856dd48ce.php 第 254 行.
NOTIC: [8] Use of undefined constant one3 - assumed 'one3' D:\wamp\www\projcet\babyweb\cn\Runtime\Cache\5ec3307169fe79e2b7d3e10856dd48ce.php 第 254 行.
NOTIC: [8] Use of undefined constant one3 - assumed 'one3' D:\wamp\www\projcet\babyweb\cn\Runtime\Cache\5ec3307169fe79e2b7d3e10856dd48ce.php 第 267 行.
NOTIC: [8] Use of undefined constant one - assumed 'one' D:\wamp\www\projcet\babyweb\cn\Runtime\Cache\5ec3307169fe79e2b7d3e10856dd48ce.php 第 254 行.
NOTIC: [8] Use of undefined constant one3 - assumed 'one3' D:\wamp\www\projcet\babyweb\cn\Runtime\Cache\5ec3307169fe79e2b7d3e10856dd48ce.php 第 254 行.
NOTIC: [8] Use of undefined constant one3 - assumed 'one3' D:\wamp\www\projcet\babyweb\cn\Runtime\Cache\5ec3307169fe79e2b7d3e10856dd48ce.php 第 267 行.
INFO: ParseTemplate Behavior ::run [ RunTime:0.062786s ]
INFO: [ view_parse ] --END-- [ RunTime:0.062907s ]
INFO: [ view_filter ] --START--
INFO: ContentReplace Behavior ::run [ RunTime:0.001883s ]
INFO: TokenBuild Behavior ::run [ RunTime:0.002127s ]
INFO: WriteHtmlCache Behavior ::run [ RunTime:0.001935s ]
INFO: ShowRuntime Behavior ::run [ RunTime:0.002386s ]
INFO: [ view_filter ] --END-- [ RunTime:0.008771s ]
INFO: [ view_end ] --START--
INFO: ShowPageTrace Behavior ::run [ RunTime:0.002640s ]
INFO: [ view_end ] --END-- [ RunTime:0.002944s ]

[ 2014-12-22T11:22:08+08:00 ] 10.1.1.228 /
INFO: [ app_begin ] --START--
INFO: ReadHtmlCache Behavior ::run [ RunTime:0.001570s ]
INFO: [ app_begin ] --END-- [ RunTime:0.001687s ]
SQL: SHOW COLUMNS FROM `website_index_images` [ RunTime:0.004856s ]
SQL: SELECT * FROM `website_index_images` WHERE ( lang='zh-Hans' and used=1 ) ORDER BY num asc,id asc  [ RunTime:0.001054s ]
INFO: [ view_parse ] --START--
NOTIC: [8] Use of undefined constant one - assumed 'one' D:\wamp\www\projcet\babyweb\cn\Runtime\Cache\5ec3307169fe79e2b7d3e10856dd48ce.php 第 132 行.
NOTIC: [8] Use of undefined constant one3 - assumed 'one3' D:\wamp\www\projcet\babyweb\cn\Runtime\Cache\5ec3307169fe79e2b7d3e10856dd48ce.php 第 132 行.
NOTIC: [8] Use of undefined constant one3 - assumed 'one3' D:\wamp\www\projcet\babyweb\cn\Runtime\Cache\5ec3307169fe79e2b7d3e10856dd48ce.php 第 145 行.
NOTIC: [8] Use of undefined constant one - assumed 'one' D:\wamp\www\projcet\babyweb\cn\Runtime\Cache\5ec3307169fe79e2b7d3e10856dd48ce.php 第 132 行.
NOTIC: [8] Use of undefined constant one3 - assumed 'one3' D:\wamp\www\projcet\babyweb\cn\Runtime\Cache\5ec3307169fe79e2b7d3e10856dd48ce.php 第 145 行.
NOTIC: [8] Use of undefined constant one - assumed 'one' D:\wamp\www\projcet\babyweb\cn\Runtime\Cache\5ec3307169fe79e2b7d3e10856dd48ce.php 第 132 行.
NOTIC: [8] Use of undefined constant one3 - assumed 'one3' D:\wamp\www\projcet\babyweb\cn\Runtime\Cache\5ec3307169fe79e2b7d3e10856dd48ce.php 第 132 行.
NOTIC: [8] Use of undefined constant one3 - assumed 'one3' D:\wamp\www\projcet\babyweb\cn\Runtime\Cache\5ec3307169fe79e2b7d3e10856dd48ce.php 第 145 行.
NOTIC: [8] Use of undefined constant one - assumed 'one' D:\wamp\www\projcet\babyweb\cn\Runtime\Cache\5ec3307169fe79e2b7d3e10856dd48ce.php 第 254 行.
NOTIC: [8] Use of undefined constant one3 - assumed 'one3' D:\wamp\www\projcet\babyweb\cn\Runtime\Cache\5ec3307169fe79e2b7d3e10856dd48ce.php 第 254 行.
NOTIC: [8] Use of undefined constant one3 - assumed 'one3' D:\wamp\www\projcet\babyweb\cn\Runtime\Cache\5ec3307169fe79e2b7d3e10856dd48ce.php 第 267 行.
NOTIC: [8] Use of undefined constant one - assumed 'one' D:\wamp\www\projcet\babyweb\cn\Runtime\Cache\5ec3307169fe79e2b7d3e10856dd48ce.php 第 254 行.
NOTIC: [8] Use of undefined constant one3 - assumed 'one3' D:\wamp\www\projcet\babyweb\cn\Runtime\Cache\5ec3307169fe79e2b7d3e10856dd48ce.php 第 267 行.
NOTIC: [8] Use of undefined constant one - assumed 'one' D:\wamp\www\projcet\babyweb\cn\Runtime\Cache\5ec3307169fe79e2b7d3e10856dd48ce.php 第 254 行.
NOTIC: [8] Use of undefined constant one3 - assumed 'one3' D:\wamp\www\projcet\babyweb\cn\Runtime\Cache\5ec3307169fe79e2b7d3e10856dd48ce.php 第 254 行.
NOTIC: [8] Use of undefined constant one3 - assumed 'one3' D:\wamp\www\projcet\babyweb\cn\Runtime\Cache\5ec3307169fe79e2b7d3e10856dd48ce.php 第 267 行.
INFO: ParseTemplate Behavior ::run [ RunTime:0.052054s ]
INFO: [ view_parse ] --END-- [ RunTime:0.052167s ]
INFO: [ view_filter ] --START--
INFO: ContentReplace Behavior ::run [ RunTime:0.001887s ]
INFO: TokenBuild Behavior ::run [ RunTime:0.001591s ]
INFO: WriteHtmlCache Behavior ::run [ RunTime:0.001388s ]
INFO: ShowRuntime Behavior ::run [ RunTime:0.001572s ]
INFO: [ view_filter ] --END-- [ RunTime:0.006716s ]
INFO: [ view_end ] --START--
INFO: ShowPageTrace Behavior ::run [ RunTime:0.002937s ]
INFO: [ view_end ] --END-- [ RunTime:0.003110s ]

[ 2014-12-22T11:25:10+08:00 ] 10.1.1.228 /
INFO: [ app_begin ] --START--
INFO: ReadHtmlCache Behavior ::run [ RunTime:0.000984s ]
INFO: [ app_begin ] --END-- [ RunTime:0.001172s ]
SQL: SHOW COLUMNS FROM `website_index_images` [ RunTime:0.006356s ]
SQL: SELECT * FROM `website_index_images` WHERE ( lang='zh-Hans' and used=1 ) ORDER BY num asc,id asc  [ RunTime:0.001027s ]
INFO: [ view_parse ] --START--
NOTIC: [8] Use of undefined constant one - assumed 'one' D:\wamp\www\projcet\babyweb\cn\Runtime\Cache\5ec3307169fe79e2b7d3e10856dd48ce.php 第 132 行.
NOTIC: [8] Use of undefined constant one3 - assumed 'one3' D:\wamp\www\projcet\babyweb\cn\Runtime\Cache\5ec3307169fe79e2b7d3e10856dd48ce.php 第 145 行.
NOTIC: [8] Use of undefined constant one - assumed 'one' D:\wamp\www\projcet\babyweb\cn\Runtime\Cache\5ec3307169fe79e2b7d3e10856dd48ce.php 第 132 行.
NOTIC: [8] Use of undefined constant one3 - assumed 'one3' D:\wamp\www\projcet\babyweb\cn\Runtime\Cache\5ec3307169fe79e2b7d3e10856dd48ce.php 第 132 行.
NOTIC: [8] Use of undefined constant one3 - assumed 'one3' D:\wamp\www\projcet\babyweb\cn\Runtime\Cache\5ec3307169fe79e2b7d3e10856dd48ce.php 第 145 行.
NOTIC: [8] Use of undefined constant one - assumed 'one' D:\wamp\www\projcet\babyweb\cn\Runtime\Cache\5ec3307169fe79e2b7d3e10856dd48ce.php 第 254 行.
NOTIC: [8] Use of undefined constant one3 - assumed 'one3' D:\wamp\www\projcet\babyweb\cn\Runtime\Cache\5ec3307169fe79e2b7d3e10856dd48ce.php 第 267 行.
NOTIC: [8] Use of undefined constant one - assumed 'one' D:\wamp\www\projcet\babyweb\cn\Runtime\Cache\5ec3307169fe79e2b7d3e10856dd48ce.php 第 254 行.
NOTIC: [8] Use of undefined constant one3 - assumed 'one3' D:\wamp\www\projcet\babyweb\cn\Runtime\Cache\5ec3307169fe79e2b7d3e10856dd48ce.php 第 254 行.
NOTIC: [8] Use of undefined constant one3 - assumed 'one3' D:\wamp\www\projcet\babyweb\cn\Runtime\Cache\5ec3307169fe79e2b7d3e10856dd48ce.php 第 267 行.
INFO: ParseTemplate Behavior ::run [ RunTime:0.047172s ]
INFO: [ view_parse ] --END-- [ RunTime:0.047283s ]
INFO: [ view_filter ] --START--
INFO: ContentReplace Behavior ::run [ RunTime:0.000872s ]
INFO: TokenBuild Behavior ::run [ RunTime:0.000601s ]
INFO: WriteHtmlCache Behavior ::run [ RunTime:0.000537s ]
INFO: ShowRuntime Behavior ::run [ RunTime:0.001076s ]
INFO: [ view_filter ] --END-- [ RunTime:0.003380s ]
INFO: [ view_end ] --START--
INFO: ShowPageTrace Behavior ::run [ RunTime:0.001368s ]
INFO: [ view_end ] --END-- [ RunTime:0.001554s ]

[ 2014-12-22T11:26:30+08:00 ] 10.1.1.228 /
INFO: [ app_begin ] --START--
INFO: ReadHtmlCache Behavior ::run [ RunTime:0.000924s ]
INFO: [ app_begin ] --END-- [ RunTime:0.001049s ]
SQL: SHOW COLUMNS FROM `website_index_images` [ RunTime:0.004638s ]
SQL: SELECT * FROM `website_index_images` WHERE ( lang='zh-Hans' and used=1 ) ORDER BY num asc,id asc  [ RunTime:0.001037s ]
INFO: [ view_parse ] --START--
NOTIC: [8] Use of undefined constant one - assumed 'one' D:\wamp\www\projcet\babyweb\cn\Runtime\Cache\5ec3307169fe79e2b7d3e10856dd48ce.php 第 132 行.
NOTIC: [8] Use of undefined constant one3 - assumed 'one3' D:\wamp\www\projcet\babyweb\cn\Runtime\Cache\5ec3307169fe79e2b7d3e10856dd48ce.php 第 145 行.
NOTIC: [8] Use of undefined constant one - assumed 'one' D:\wamp\www\projcet\babyweb\cn\Runtime\Cache\5ec3307169fe79e2b7d3e10856dd48ce.php 第 132 行.
NOTIC: [8] Use of undefined constant one3 - assumed 'one3' D:\wamp\www\projcet\babyweb\cn\Runtime\Cache\5ec3307169fe79e2b7d3e10856dd48ce.php 第 132 行.
NOTIC: [8] Use of undefined constant one3 - assumed 'one3' D:\wamp\www\projcet\babyweb\cn\Runtime\Cache\5ec3307169fe79e2b7d3e10856dd48ce.php 第 145 行.
NOTIC: [8] Use of undefined constant one - assumed 'one' D:\wamp\www\projcet\babyweb\cn\Runtime\Cache\5ec3307169fe79e2b7d3e10856dd48ce.php 第 254 行.
NOTIC: [8] Use of undefined constant one3 - assumed 'one3' D:\wamp\www\projcet\babyweb\cn\Runtime\Cache\5ec3307169fe79e2b7d3e10856dd48ce.php 第 267 行.
NOTIC: [8] Use of undefined constant one - assumed 'one' D:\wamp\www\projcet\babyweb\cn\Runtime\Cache\5ec3307169fe79e2b7d3e10856dd48ce.php 第 254 行.
NOTIC: [8] Use of undefined constant one3 - assumed 'one3' D:\wamp\www\projcet\babyweb\cn\Runtime\Cache\5ec3307169fe79e2b7d3e10856dd48ce.php 第 254 行.
NOTIC: [8] Use of undefined constant one3 - assumed 'one3' D:\wamp\www\projcet\babyweb\cn\Runtime\Cache\5ec3307169fe79e2b7d3e10856dd48ce.php 第 267 行.
INFO: ParseTemplate Behavior ::run [ RunTime:0.050046s ]
INFO: [ view_parse ] --END-- [ RunTime:0.050155s ]
INFO: [ view_filter ] --START--
INFO: ContentReplace Behavior ::run [ RunTime:0.000716s ]
INFO: TokenBuild Behavior ::run [ RunTime:0.000533s ]
INFO: WriteHtmlCache Behavior ::run [ RunTime:0.000332s ]
INFO: ShowRuntime Behavior ::run [ RunTime:0.000753s ]
INFO: [ view_filter ] --END-- [ RunTime:0.002587s ]
INFO: [ view_end ] --START--
INFO: ShowPageTrace Behavior ::run [ RunTime:0.001197s ]
INFO: [ view_end ] --END-- [ RunTime:0.001348s ]

[ 2014-12-22T11:26:49+08:00 ] 10.1.1.228 /
INFO: [ app_begin ] --START--
INFO: ReadHtmlCache Behavior ::run [ RunTime:0.001273s ]
INFO: [ app_begin ] --END-- [ RunTime:0.001419s ]
SQL: SHOW COLUMNS FROM `website_index_images` [ RunTime:0.004204s ]
SQL: SELECT * FROM `website_index_images` WHERE ( lang='zh-Hans' and used=1 ) ORDER BY num asc,id asc  [ RunTime:0.001149s ]
INFO: [ view_parse ] --START--
NOTIC: [8] Use of undefined constant one - assumed 'one' D:\wamp\www\projcet\babyweb\cn\Runtime\Cache\5ec3307169fe79e2b7d3e10856dd48ce.php 第 132 行.
NOTIC: [8] Use of undefined constant one3 - assumed 'one3' D:\wamp\www\projcet\babyweb\cn\Runtime\Cache\5ec3307169fe79e2b7d3e10856dd48ce.php 第 145 行.
NOTIC: [8] Use of undefined constant one - assumed 'one' D:\wamp\www\projcet\babyweb\cn\Runtime\Cache\5ec3307169fe79e2b7d3e10856dd48ce.php 第 132 行.
NOTIC: [8] Use of undefined constant one3 - assumed 'one3' D:\wamp\www\projcet\babyweb\cn\Runtime\Cache\5ec3307169fe79e2b7d3e10856dd48ce.php 第 132 行.
NOTIC: [8] Use of undefined constant one3 - assumed 'one3' D:\wamp\www\projcet\babyweb\cn\Runtime\Cache\5ec3307169fe79e2b7d3e10856dd48ce.php 第 145 行.
NOTIC: [8] Use of undefined constant one - assumed 'one' D:\wamp\www\projcet\babyweb\cn\Runtime\Cache\5ec3307169fe79e2b7d3e10856dd48ce.php 第 254 行.
NOTIC: [8] Use of undefined constant one3 - assumed 'one3' D:\wamp\www\projcet\babyweb\cn\Runtime\Cache\5ec3307169fe79e2b7d3e10856dd48ce.php 第 267 行.
NOTIC: [8] Use of undefined constant one - assumed 'one' D:\wamp\www\projcet\babyweb\cn\Runtime\Cache\5ec3307169fe79e2b7d3e10856dd48ce.php 第 254 行.
NOTIC: [8] Use of undefined constant one3 - assumed 'one3' D:\wamp\www\projcet\babyweb\cn\Runtime\Cache\5ec3307169fe79e2b7d3e10856dd48ce.php 第 254 行.
NOTIC: [8] Use of undefined constant one3 - assumed 'one3' D:\wamp\www\projcet\babyweb\cn\Runtime\Cache\5ec3307169fe79e2b7d3e10856dd48ce.php 第 267 行.
INFO: ParseTemplate Behavior ::run [ RunTime:0.051314s ]
INFO: [ view_parse ] --END-- [ RunTime:0.051435s ]
INFO: [ view_filter ] --START--
INFO: ContentReplace Behavior ::run [ RunTime:0.000935s ]
INFO: TokenBuild Behavior ::run [ RunTime:0.000618s ]
INFO: WriteHtmlCache Behavior ::run [ RunTime:0.000686s ]
INFO: ShowRuntime Behavior ::run [ RunTime:0.000912s ]
INFO: [ view_filter ] --END-- [ RunTime:0.003435s ]
INFO: [ view_end ] --START--
INFO: ShowPageTrace Behavior ::run [ RunTime:0.001195s ]
INFO: [ view_end ] --END-- [ RunTime:0.001339s ]

[ 2014-12-22T11:39:40+08:00 ] 10.1.1.228 /
INFO: [ app_begin ] --START--
INFO: ReadHtmlCache Behavior ::run [ RunTime:0.001058s ]
INFO: [ app_begin ] --END-- [ RunTime:0.001197s ]
SQL: SHOW COLUMNS FROM `website_index_images` [ RunTime:0.006299s ]
SQL: SELECT * FROM `website_index_images` WHERE ( lang='zh-Hans' and used=1 ) ORDER BY num asc,id asc  [ RunTime:0.001230s ]
INFO: [ view_parse ] --START--
NOTIC: [8] Use of undefined constant one - assumed 'one' D:\wamp\www\projcet\babyweb\cn\Runtime\Cache\5ec3307169fe79e2b7d3e10856dd48ce.php 第 132 行.
NOTIC: [8] Use of undefined constant one3 - assumed 'one3' D:\wamp\www\projcet\babyweb\cn\Runtime\Cache\5ec3307169fe79e2b7d3e10856dd48ce.php 第 145 行.
NOTIC: [8] Use of undefined constant one - assumed 'one' D:\wamp\www\projcet\babyweb\cn\Runtime\Cache\5ec3307169fe79e2b7d3e10856dd48ce.php 第 132 行.
NOTIC: [8] Use of undefined constant one3 - assumed 'one3' D:\wamp\www\projcet\babyweb\cn\Runtime\Cache\5ec3307169fe79e2b7d3e10856dd48ce.php 第 132 行.
NOTIC: [8] Use of undefined constant one3 - assumed 'one3' D:\wamp\www\projcet\babyweb\cn\Runtime\Cache\5ec3307169fe79e2b7d3e10856dd48ce.php 第 145 行.
NOTIC: [8] Use of undefined constant one - assumed 'one' D:\wamp\www\projcet\babyweb\cn\Runtime\Cache\5ec3307169fe79e2b7d3e10856dd48ce.php 第 254 行.
NOTIC: [8] Use of undefined constant one3 - assumed 'one3' D:\wamp\www\projcet\babyweb\cn\Runtime\Cache\5ec3307169fe79e2b7d3e10856dd48ce.php 第 267 行.
NOTIC: [8] Use of undefined constant one - assumed 'one' D:\wamp\www\projcet\babyweb\cn\Runtime\Cache\5ec3307169fe79e2b7d3e10856dd48ce.php 第 254 行.
NOTIC: [8] Use of undefined constant one3 - assumed 'one3' D:\wamp\www\projcet\babyweb\cn\Runtime\Cache\5ec3307169fe79e2b7d3e10856dd48ce.php 第 254 行.
NOTIC: [8] Use of undefined constant one3 - assumed 'one3' D:\wamp\www\projcet\babyweb\cn\Runtime\Cache\5ec3307169fe79e2b7d3e10856dd48ce.php 第 267 行.
INFO: ParseTemplate Behavior ::run [ RunTime:0.048426s ]
INFO: [ view_parse ] --END-- [ RunTime:0.048587s ]
INFO: [ view_filter ] --START--
INFO: ContentReplace Behavior ::run [ RunTime:0.001091s ]
INFO: TokenBuild Behavior ::run [ RunTime:0.000636s ]
INFO: WriteHtmlCache Behavior ::run [ RunTime:0.000538s ]
INFO: ShowRuntime Behavior ::run [ RunTime:0.000761s ]
INFO: [ view_filter ] --END-- [ RunTime:0.003375s ]
INFO: [ view_end ] --START--
INFO: ShowPageTrace Behavior ::run [ RunTime:0.001296s ]
INFO: [ view_end ] --END-- [ RunTime:0.001434s ]

[ 2014-12-22T11:45:07+08:00 ] 10.1.1.228 /
INFO: [ app_begin ] --START--
INFO: ReadHtmlCache Behavior ::run [ RunTime:0.001148s ]
INFO: [ app_begin ] --END-- [ RunTime:0.001273s ]
SQL: SHOW COLUMNS FROM `website_index_images` [ RunTime:0.004524s ]
SQL: SELECT * FROM `website_index_images` WHERE ( lang='zh-Hans' and used=1 ) ORDER BY num asc,id asc  [ RunTime:0.000774s ]

[ 2014-12-22T13:49:15+08:00 ] 10.1.1.228 /
INFO: [ app_begin ] --START--
INFO: ReadHtmlCache Behavior ::run [ RunTime:0.001380s ]
INFO: [ app_begin ] --END-- [ RunTime:0.001501s ]
SQL: SHOW COLUMNS FROM `website_index_images` [ RunTime:0.005071s ]
SQL: SELECT * FROM `website_index_images` WHERE ( lang='zh-Hans' and used=1 ) ORDER BY num asc,id asc  [ RunTime:0.001048s ]
INFO: [ view_parse ] --START--
NOTIC: [8] Use of undefined constant one - assumed 'one' D:\wamp\www\projcet\babyweb\cn\Runtime\Cache\5ec3307169fe79e2b7d3e10856dd48ce.php 第 132 行.
NOTIC: [8] Use of undefined constant one3 - assumed 'one3' D:\wamp\www\projcet\babyweb\cn\Runtime\Cache\5ec3307169fe79e2b7d3e10856dd48ce.php 第 145 行.
NOTIC: [8] Use of undefined constant one - assumed 'one' D:\wamp\www\projcet\babyweb\cn\Runtime\Cache\5ec3307169fe79e2b7d3e10856dd48ce.php 第 132 行.
NOTIC: [8] Use of undefined constant one3 - assumed 'one3' D:\wamp\www\projcet\babyweb\cn\Runtime\Cache\5ec3307169fe79e2b7d3e10856dd48ce.php 第 132 行.
NOTIC: [8] Use of undefined constant one3 - assumed 'one3' D:\wamp\www\projcet\babyweb\cn\Runtime\Cache\5ec3307169fe79e2b7d3e10856dd48ce.php 第 145 行.
NOTIC: [8] Use of undefined constant one - assumed 'one' D:\wamp\www\projcet\babyweb\cn\Runtime\Cache\5ec3307169fe79e2b7d3e10856dd48ce.php 第 254 行.
NOTIC: [8] Use of undefined constant one3 - assumed 'one3' D:\wamp\www\projcet\babyweb\cn\Runtime\Cache\5ec3307169fe79e2b7d3e10856dd48ce.php 第 267 行.
NOTIC: [8] Use of undefined constant one - assumed 'one' D:\wamp\www\projcet\babyweb\cn\Runtime\Cache\5ec3307169fe79e2b7d3e10856dd48ce.php 第 254 行.
NOTIC: [8] Use of undefined constant one3 - assumed 'one3' D:\wamp\www\projcet\babyweb\cn\Runtime\Cache\5ec3307169fe79e2b7d3e10856dd48ce.php 第 254 行.
NOTIC: [8] Use of undefined constant one3 - assumed 'one3' D:\wamp\www\projcet\babyweb\cn\Runtime\Cache\5ec3307169fe79e2b7d3e10856dd48ce.php 第 267 行.
INFO: ParseTemplate Behavior ::run [ RunTime:0.049794s ]
INFO: [ view_parse ] --END-- [ RunTime:0.049904s ]
INFO: [ view_filter ] --START--
INFO: ContentReplace Behavior ::run [ RunTime:0.001841s ]
INFO: TokenBuild Behavior ::run [ RunTime:0.001560s ]
INFO: WriteHtmlCache Behavior ::run [ RunTime:0.001258s ]
INFO: ShowRuntime Behavior ::run [ RunTime:0.001798s ]
INFO: [ view_filter ] --END-- [ RunTime:0.006846s ]
INFO: [ view_end ] --START--
INFO: ShowPageTrace Behavior ::run [ RunTime:0.002014s ]
INFO: [ view_end ] --END-- [ RunTime:0.002174s ]

[ 2014-12-22T13:57:48+08:00 ] 10.1.1.228 /
INFO: [ app_begin ] --START--
INFO: ReadHtmlCache Behavior ::run [ RunTime:0.001215s ]
INFO: [ app_begin ] --END-- [ RunTime:0.001350s ]
SQL: SHOW COLUMNS FROM `website_index_images` [ RunTime:0.004314s ]
SQL: SELECT * FROM `website_index_images` WHERE ( lang='zh-Hans' and used=1 ) ORDER BY num asc,id asc  [ RunTime:0.001226s ]
INFO: [ view_parse ] --START--
NOTIC: [8] Use of undefined constant one - assumed 'one' D:\wamp\www\projcet\babyweb\cn\Runtime\Cache\5ec3307169fe79e2b7d3e10856dd48ce.php 第 132 行.
NOTIC: [8] Use of undefined constant one3 - assumed 'one3' D:\wamp\www\projcet\babyweb\cn\Runtime\Cache\5ec3307169fe79e2b7d3e10856dd48ce.php 第 145 行.
NOTIC: [8] Use of undefined constant one - assumed 'one' D:\wamp\www\projcet\babyweb\cn\Runtime\Cache\5ec3307169fe79e2b7d3e10856dd48ce.php 第 132 行.
NOTIC: [8] Use of undefined constant one3 - assumed 'one3' D:\wamp\www\projcet\babyweb\cn\Runtime\Cache\5ec3307169fe79e2b7d3e10856dd48ce.php 第 132 行.
NOTIC: [8] Use of undefined constant one3 - assumed 'one3' D:\wamp\www\projcet\babyweb\cn\Runtime\Cache\5ec3307169fe79e2b7d3e10856dd48ce.php 第 145 行.
NOTIC: [8] Use of undefined constant one - assumed 'one' D:\wamp\www\projcet\babyweb\cn\Runtime\Cache\5ec3307169fe79e2b7d3e10856dd48ce.php 第 254 行.
NOTIC: [8] Use of undefined constant one3 - assumed 'one3' D:\wamp\www\projcet\babyweb\cn\Runtime\Cache\5ec3307169fe79e2b7d3e10856dd48ce.php 第 267 行.
NOTIC: [8] Use of undefined constant one - assumed 'one' D:\wamp\www\projcet\babyweb\cn\Runtime\Cache\5ec3307169fe79e2b7d3e10856dd48ce.php 第 254 行.
NOTIC: [8] Use of undefined constant one3 - assumed 'one3' D:\wamp\www\projcet\babyweb\cn\Runtime\Cache\5ec3307169fe79e2b7d3e10856dd48ce.php 第 254 行.
NOTIC: [8] Use of undefined constant one3 - assumed 'one3' D:\wamp\www\projcet\babyweb\cn\Runtime\Cache\5ec3307169fe79e2b7d3e10856dd48ce.php 第 267 行.
INFO: ParseTemplate Behavior ::run [ RunTime:0.052401s ]
INFO: [ view_parse ] --END-- [ RunTime:0.052514s ]
INFO: [ view_filter ] --START--
INFO: ContentReplace Behavior ::run [ RunTime:0.001357s ]
INFO: TokenBuild Behavior ::run [ RunTime:0.000924s ]
INFO: WriteHtmlCache Behavior ::run [ RunTime:0.000714s ]
INFO: ShowRuntime Behavior ::run [ RunTime:0.001111s ]
INFO: [ view_filter ] --END-- [ RunTime:0.004362s ]
INFO: [ view_end ] --START--
INFO: ShowPageTrace Behavior ::run [ RunTime:0.003009s ]
INFO: [ view_end ] --END-- [ RunTime:0.003131s ]

