[ 2015-01-15T09:36:26+08:00 ] 127.0.0.1 /projcet/babyweb/htdocs/cn/
INFO: [ app_begin ] --START--
INFO: ReadHtmlCache Behavior ::run [ RunTime:0.008871s ]
INFO: [ app_begin ] --END-- [ RunTime:0.009158s ]
SQL: SHOW COLUMNS FROM `website_link` [ RunTime:0.067036s ]
SQL: SELECT * FROM `website_link` WHERE ( `lang` = 'zh-Hans' ) ORDER BY link_sort LIMIT 10   [ RunTime:0.010432s ]
SQL: SHOW COLUMNS FROM `website_index_images` [ RunTime:0.030749s ]
SQL: SELECT * FROM `website_index_images` WHERE ( lang='zh-Hans' and used=1 ) ORDER BY num asc,id asc  [ RunTime:0.013505s ]
INFO: [ view_parse ] --START--
NOTIC: [8] Use of undefined constant one - assumed 'one' D:\wamp\www\projcet\babyweb\cn\Runtime\Cache\5ec3307169fe79e2b7d3e10856dd48ce.php 第 132 行.
NOTIC: [8] Use of undefined constant one3 - assumed 'one3' D:\wamp\www\projcet\babyweb\cn\Runtime\Cache\5ec3307169fe79e2b7d3e10856dd48ce.php 第 132 行.
NOTIC: [8] Use of undefined constant one3 - assumed 'one3' D:\wamp\www\projcet\babyweb\cn\Runtime\Cache\5ec3307169fe79e2b7d3e10856dd48ce.php 第 145 行.
NOTIC: [8] Use of undefined constant one - assumed 'one' D:\wamp\www\projcet\babyweb\cn\Runtime\Cache\5ec3307169fe79e2b7d3e10856dd48ce.php 第 132 行.
NOTIC: [8] Use of undefined constant one3 - assumed 'one3' D:\wamp\www\projcet\babyweb\cn\Runtime\Cache\5ec3307169fe79e2b7d3e10856dd48ce.php 第 145 行.
NOTIC: [8] Use of undefined constant one - assumed 'one' D:\wamp\www\projcet\babyweb\cn\Runtime\Cache\5ec3307169fe79e2b7d3e10856dd48ce.php 第 254 行.
NOTIC: [8] Use of undefined constant one3 - assumed 'one3' D:\wamp\www\projcet\babyweb\cn\Runtime\Cache\5ec3307169fe79e2b7d3e10856dd48ce.php 第 254 行.
NOTIC: [8] Use of undefined constant one3 - assumed 'one3' D:\wamp\www\projcet\babyweb\cn\Runtime\Cache\5ec3307169fe79e2b7d3e10856dd48ce.php 第 267 行.
NOTIC: [8] Use of undefined constant one - assumed 'one' D:\wamp\www\projcet\babyweb\cn\Runtime\Cache\5ec3307169fe79e2b7d3e10856dd48ce.php 第 254 行.
NOTIC: [8] Use of undefined constant one3 - assumed 'one3' D:\wamp\www\projcet\babyweb\cn\Runtime\Cache\5ec3307169fe79e2b7d3e10856dd48ce.php 第 267 行.
INFO: ParseTemplate Behavior ::run [ RunTime:0.166029s ]
INFO: [ view_parse ] --END-- [ RunTime:0.166269s ]
INFO: [ view_filter ] --START--
INFO: ContentReplace Behavior ::run [ RunTime:0.014173s ]
INFO: TokenBuild Behavior ::run [ RunTime:0.016233s ]
INFO: WriteHtmlCache Behavior ::run [ RunTime:0.024041s ]
INFO: ShowRuntime Behavior ::run [ RunTime:0.025252s ]
INFO: [ view_filter ] --END-- [ RunTime:0.080329s ]
INFO: [ view_end ] --START--
INFO: ShowPageTrace Behavior ::run [ RunTime:0.010363s ]
INFO: [ view_end ] --END-- [ RunTime:0.010486s ]

[ 2015-01-15T09:36:30+08:00 ] 127.0.0.1 /projcet/babyweb/htdocs/cn/index.php/product/index.shtml
INFO: [ route_check ] --START--
INFO: CheckRoute Behavior ::run [ RunTime:0.017372s ]
INFO: [ route_check ] --END-- [ RunTime:0.017585s ]
INFO: [ app_begin ] --START--
INFO: ReadHtmlCache Behavior ::run [ RunTime:0.001722s ]
INFO: [ app_begin ] --END-- [ RunTime:0.001911s ]
SQL: SHOW COLUMNS FROM `website_apps` [ RunTime:0.007595s ]
NOTIC: [8] Undefined index: cata_id D:\wamp\www\projcet\babyweb\cn\Lib\Action\ProductAction.class.php 第 15 行.
NOTIC: [8] Undefined index: search_word D:\wamp\www\projcet\babyweb\cn\Lib\Action\ProductAction.class.php 第 16 行.
NOTIC: [8] Undefined index: cata_id D:\wamp\www\projcet\babyweb\cn\Lib\Action\ProductAction.class.php 第 22 行.
NOTIC: [8] Undefined index: is_hot D:\wamp\www\projcet\babyweb\cn\Lib\Action\ProductAction.class.php 第 23 行.
SQL: SELECT `id`,`ipad_id`,`iphone_id`,`cell_android_url`,`android_url`,`app_name`,`app_images`,`intro`,`myapp_url`,`myios_url` FROM `website_apps` WHERE ( `del` = 0 ) AND ( `lang` = 'zh-Hans' ) ORDER BY id desc LIMIT 0,9   [ RunTime:0.006566s ]
SQL: SHOW COLUMNS FROM `app_langs` [ RunTime:0.006971s ]
SQL: SELECT `app_id`,`store_url` FROM `app_langs` WHERE ( lang = 'zh-Hans' and (app_id = 123 or app_id = 124) )  [ RunTime:0.198363s ]
SQL: SELECT `app_id`,`store_url` FROM `app_langs` WHERE ( lang = 'zh-Hans' and (app_id = 1318 or app_id = 1317) )  [ RunTime:0.022602s ]
SQL: SELECT `app_id`,`store_url` FROM `app_langs` WHERE ( lang = 'zh-Hans' and (app_id = 1380 or app_id = 1379) )  [ RunTime:0.009363s ]
SQL: SELECT `app_id`,`store_url` FROM `app_langs` WHERE ( lang = 'zh-Hans' and (app_id = 5 or app_id = 20) )  [ RunTime:0.051334s ]
SQL: SELECT `app_id`,`store_url` FROM `app_langs` WHERE ( lang = 'zh-Hans' and (app_id = 1218 or app_id = 1217) )  [ RunTime:0.008579s ]
SQL: SELECT `app_id`,`store_url` FROM `app_langs` WHERE ( lang = 'zh-Hans' and (app_id = 1377 or app_id = 1376) )  [ RunTime:0.069845s ]
SQL: SELECT `app_id`,`store_url` FROM `app_langs` WHERE ( lang = 'zh-Hans' and (app_id = 1368 or app_id = 1367) )  [ RunTime:0.029812s ]
SQL: SELECT `app_id`,`store_url` FROM `app_langs` WHERE ( lang = 'zh-Hans' and (app_id = 1193 or app_id = 1192) )  [ RunTime:0.001628s ]
SQL: SELECT `app_id`,`store_url` FROM `app_langs` WHERE ( lang = 'zh-Hans' and (app_id = 1189 or app_id = 1190) )  [ RunTime:0.007514s ]
NOTIC: [8] Undefined variable: type D:\wamp\www\projcet\babyweb\cn\Lib\Action\ProductAction.class.php 第 39 行.
INFO: [ view_parse ] --START--
NOTIC: [8] Undefined variable: down D:\wamp\www\projcet\babyweb\cn\Common\common.php 第 122 行.
NOTIC: [8] Undefined variable: down D:\wamp\www\projcet\babyweb\cn\Common\common.php 第 122 行.
NOTIC: [8] Undefined variable: down D:\wamp\www\projcet\babyweb\cn\Common\common.php 第 122 行.
NOTIC: [8] Undefined variable: down D:\wamp\www\projcet\babyweb\cn\Common\common.php 第 122 行.
NOTIC: [8] Undefined variable: down D:\wamp\www\projcet\babyweb\cn\Common\common.php 第 122 行.
NOTIC: [8] Undefined variable: down D:\wamp\www\projcet\babyweb\cn\Common\common.php 第 122 行.
NOTIC: [8] Undefined variable: down D:\wamp\www\projcet\babyweb\cn\Common\common.php 第 122 行.
NOTIC: [8] Undefined variable: down D:\wamp\www\projcet\babyweb\cn\Common\common.php 第 122 行.
NOTIC: [8] Undefined variable: down D:\wamp\www\projcet\babyweb\cn\Common\common.php 第 122 行.
NOTIC: [8] Undefined variable: link_data D:\wamp\www\projcet\babyweb\cn\Runtime\Cache\b6c885e76b3fad3e771f7977173d34c6.php 第 189 行.
INFO: ParseTemplate Behavior ::run [ RunTime:0.127958s ]
INFO: [ view_parse ] --END-- [ RunTime:0.128349s ]
INFO: [ view_filter ] --START--
INFO: ContentReplace Behavior ::run [ RunTime:0.003182s ]
INFO: TokenBuild Behavior ::run [ RunTime:0.001267s ]
INFO: WriteHtmlCache Behavior ::run [ RunTime:0.000809s ]
INFO: ShowRuntime Behavior ::run [ RunTime:0.001270s ]
INFO: [ view_filter ] --END-- [ RunTime:0.006989s ]
INFO: [ view_end ] --START--
INFO: ShowPageTrace Behavior ::run [ RunTime:0.001642s ]
INFO: [ view_end ] --END-- [ RunTime:0.001835s ]

[ 2015-01-15T09:36:32+08:00 ] 127.0.0.1 /projcet/babyweb/htdocs/cn/index.php/product/info/id/1005.shtml
INFO: [ route_check ] --START--
INFO: CheckRoute Behavior ::run [ RunTime:0.001818s ]
INFO: [ route_check ] --END-- [ RunTime:0.002015s ]
INFO: [ app_begin ] --START--
INFO: ReadHtmlCache Behavior ::run [ RunTime:0.001443s ]
INFO: [ app_begin ] --END-- [ RunTime:0.001603s ]
SQL: SHOW COLUMNS FROM `website_apps` [ RunTime:0.005293s ]
NOTIC: [8] Undefined index: cata_id D:\wamp\www\projcet\babyweb\cn\Lib\Action\ProductAction.class.php 第 15 行.
NOTIC: [8] Undefined index: search_word D:\wamp\www\projcet\babyweb\cn\Lib\Action\ProductAction.class.php 第 16 行.
SQL: SHOW COLUMNS FROM `website_apps` [ RunTime:0.005668s ]
SQL: SELECT * FROM `website_apps` LEFT JOIN  website_app_imgs on website_apps.id = website_app_imgs.app_id  WHERE ( website_apps.id=1005 )  [ RunTime:0.002945s ]
SQL: SELECT `ipad_id` FROM `website_apps` WHERE (  id = 1005  ) LIMIT 1   [ RunTime:0.000529s ]
SQL: SHOW COLUMNS FROM `app_langs` [ RunTime:0.005838s ]
SQL: SELECT `store_url` FROM `app_langs` WHERE (  app_id = '123' and lang = 'zh-Hans'  ) LIMIT 1   [ RunTime:0.001263s ]
SQL: SELECT `android_url` FROM `website_apps` WHERE ( website_apps.id=1005 ) LIMIT 1   [ RunTime:0.000618s ]
SQL: SELECT * FROM `website_apps` WHERE (  is_hot = 1 and lang ='zh-Hans'  ) LIMIT 6   [ RunTime:0.003278s ]
SQL: SELECT * FROM `website_apps` WHERE ( `id` NOT IN ('65','66','68') ) AND ( `lang` = 'zh-Hans' ) ORDER BY  id desc  LIMIT 3   [ RunTime:0.024963s ]
INFO: [ view_parse ] --START--
NOTIC: [8] Use of undefined constant app_logo - assumed 'app_logo' D:\wamp\www\projcet\babyweb\cn\Runtime\Cache\8b15c8f63c86103f73192ded4e25a1b5.php 第 146 行.
NOTIC: [8] Use of undefined constant app_logo - assumed 'app_logo' D:\wamp\www\projcet\babyweb\cn\Runtime\Cache\8b15c8f63c86103f73192ded4e25a1b5.php 第 235 行.
NOTIC: [8] Use of undefined constant app_logo - assumed 'app_logo' D:\wamp\www\projcet\babyweb\cn\Runtime\Cache\8b15c8f63c86103f73192ded4e25a1b5.php 第 235 行.
NOTIC: [8] Use of undefined constant app_logo - assumed 'app_logo' D:\wamp\www\projcet\babyweb\cn\Runtime\Cache\8b15c8f63c86103f73192ded4e25a1b5.php 第 235 行.
NOTIC: [8] Use of undefined constant app_logo - assumed 'app_logo' D:\wamp\www\projcet\babyweb\cn\Runtime\Cache\8b15c8f63c86103f73192ded4e25a1b5.php 第 235 行.
NOTIC: [8] Use of undefined constant app_logo - assumed 'app_logo' D:\wamp\www\projcet\babyweb\cn\Runtime\Cache\8b15c8f63c86103f73192ded4e25a1b5.php 第 235 行.
NOTIC: [8] Use of undefined constant app_logo - assumed 'app_logo' D:\wamp\www\projcet\babyweb\cn\Runtime\Cache\8b15c8f63c86103f73192ded4e25a1b5.php 第 235 行.
NOTIC: [8] Undefined variable: link_data D:\wamp\www\projcet\babyweb\cn\Runtime\Cache\8b15c8f63c86103f73192ded4e25a1b5.php 第 258 行.
INFO: ParseTemplate Behavior ::run [ RunTime:0.093052s ]
INFO: [ view_parse ] --END-- [ RunTime:0.093266s ]
INFO: [ view_filter ] --START--
INFO: ContentReplace Behavior ::run [ RunTime:0.001539s ]
INFO: TokenBuild Behavior ::run [ RunTime:0.001134s ]
INFO: WriteHtmlCache Behavior ::run [ RunTime:0.000841s ]
INFO: ShowRuntime Behavior ::run [ RunTime:0.000905s ]
INFO: [ view_filter ] --END-- [ RunTime:0.004772s ]
INFO: [ view_end ] --START--
INFO: ShowPageTrace Behavior ::run [ RunTime:0.001752s ]
INFO: [ view_end ] --END-- [ RunTime:0.001904s ]

