[ 2015-01-28T14:37:05+08:00 ] 10.1.1.249 /
INFO: [ app_begin ] --START--
INFO: ReadHtmlCache Behavior ::run [ RunTime:0.008998s ]
INFO: [ app_begin ] --END-- [ RunTime:0.009163s ]
SQL: SHOW COLUMNS FROM `website_link` [ RunTime:0.030426s ]
SQL: SELECT * FROM `website_link` WHERE ( `lang` = 'zh-Hans' ) ORDER BY link_sort LIMIT 10   [ RunTime:0.037240s ]
SQL: SHOW COLUMNS FROM `website_index_images` [ RunTime:0.022481s ]
SQL: SELECT * FROM `website_index_images` WHERE ( lang='zh-Hans' and used=1 ) ORDER BY num asc,id asc  [ RunTime:0.015124s ]
INFO: [ view_parse ] --START--
NOTIC: [8] Use of undefined constant one - assumed 'one' D:\wamp\www\projcet\babyweb\cn\Runtime\Cache\5ec3307169fe79e2b7d3e10856dd48ce.php 第 134 行.
NOTIC: [8] Use of undefined constant one3 - assumed 'one3' D:\wamp\www\projcet\babyweb\cn\Runtime\Cache\5ec3307169fe79e2b7d3e10856dd48ce.php 第 134 行.
NOTIC: [8] Use of undefined constant one3 - assumed 'one3' D:\wamp\www\projcet\babyweb\cn\Runtime\Cache\5ec3307169fe79e2b7d3e10856dd48ce.php 第 147 行.
NOTIC: [8] Use of undefined constant one - assumed 'one' D:\wamp\www\projcet\babyweb\cn\Runtime\Cache\5ec3307169fe79e2b7d3e10856dd48ce.php 第 134 行.
NOTIC: [8] Use of undefined constant one3 - assumed 'one3' D:\wamp\www\projcet\babyweb\cn\Runtime\Cache\5ec3307169fe79e2b7d3e10856dd48ce.php 第 147 行.
NOTIC: [8] Use of undefined constant one - assumed 'one' D:\wamp\www\projcet\babyweb\cn\Runtime\Cache\5ec3307169fe79e2b7d3e10856dd48ce.php 第 258 行.
NOTIC: [8] Use of undefined constant one3 - assumed 'one3' D:\wamp\www\projcet\babyweb\cn\Runtime\Cache\5ec3307169fe79e2b7d3e10856dd48ce.php 第 258 行.
NOTIC: [8] Use of undefined constant one3 - assumed 'one3' D:\wamp\www\projcet\babyweb\cn\Runtime\Cache\5ec3307169fe79e2b7d3e10856dd48ce.php 第 271 行.
NOTIC: [8] Use of undefined constant one - assumed 'one' D:\wamp\www\projcet\babyweb\cn\Runtime\Cache\5ec3307169fe79e2b7d3e10856dd48ce.php 第 258 行.
NOTIC: [8] Use of undefined constant one3 - assumed 'one3' D:\wamp\www\projcet\babyweb\cn\Runtime\Cache\5ec3307169fe79e2b7d3e10856dd48ce.php 第 271 行.
INFO: ParseTemplate Behavior ::run [ RunTime:0.148929s ]
INFO: [ view_parse ] --END-- [ RunTime:0.149046s ]
INFO: [ view_filter ] --START--
INFO: ContentReplace Behavior ::run [ RunTime:0.010384s ]
INFO: TokenBuild Behavior ::run [ RunTime:0.010644s ]
INFO: WriteHtmlCache Behavior ::run [ RunTime:0.011652s ]
INFO: ShowRuntime Behavior ::run [ RunTime:0.001683s ]
INFO: [ view_filter ] --END-- [ RunTime:0.034794s ]
INFO: [ view_end ] --START--
INFO: ShowPageTrace Behavior ::run [ RunTime:0.011752s ]
INFO: [ view_end ] --END-- [ RunTime:0.011913s ]

[ 2015-01-28T14:37:21+08:00 ] 10.1.1.249 /
INFO: [ app_begin ] --START--
INFO: ReadHtmlCache Behavior ::run [ RunTime:0.001103s ]
INFO: [ app_begin ] --END-- [ RunTime:0.001274s ]
SQL: SHOW COLUMNS FROM `website_link` [ RunTime:0.004057s ]
SQL: SELECT * FROM `website_link` WHERE ( `lang` = 'zh-Hans' ) ORDER BY link_sort LIMIT 10   [ RunTime:0.000988s ]
SQL: SHOW COLUMNS FROM `website_index_images` [ RunTime:0.007042s ]
SQL: SELECT * FROM `website_index_images` WHERE ( lang='zh-Hans' and used=1 ) ORDER BY num asc,id asc  [ RunTime:0.001274s ]
INFO: [ view_parse ] --START--
NOTIC: [8] Use of undefined constant one - assumed 'one' D:\wamp\www\projcet\babyweb\cn\Runtime\Cache\5ec3307169fe79e2b7d3e10856dd48ce.php 第 134 行.
NOTIC: [8] Use of undefined constant one3 - assumed 'one3' D:\wamp\www\projcet\babyweb\cn\Runtime\Cache\5ec3307169fe79e2b7d3e10856dd48ce.php 第 134 行.
NOTIC: [8] Use of undefined constant one3 - assumed 'one3' D:\wamp\www\projcet\babyweb\cn\Runtime\Cache\5ec3307169fe79e2b7d3e10856dd48ce.php 第 147 行.
NOTIC: [8] Use of undefined constant one - assumed 'one' D:\wamp\www\projcet\babyweb\cn\Runtime\Cache\5ec3307169fe79e2b7d3e10856dd48ce.php 第 134 行.
NOTIC: [8] Use of undefined constant one3 - assumed 'one3' D:\wamp\www\projcet\babyweb\cn\Runtime\Cache\5ec3307169fe79e2b7d3e10856dd48ce.php 第 147 行.
NOTIC: [8] Use of undefined constant one - assumed 'one' D:\wamp\www\projcet\babyweb\cn\Runtime\Cache\5ec3307169fe79e2b7d3e10856dd48ce.php 第 258 行.
NOTIC: [8] Use of undefined constant one3 - assumed 'one3' D:\wamp\www\projcet\babyweb\cn\Runtime\Cache\5ec3307169fe79e2b7d3e10856dd48ce.php 第 258 行.
NOTIC: [8] Use of undefined constant one3 - assumed 'one3' D:\wamp\www\projcet\babyweb\cn\Runtime\Cache\5ec3307169fe79e2b7d3e10856dd48ce.php 第 271 行.
NOTIC: [8] Use of undefined constant one - assumed 'one' D:\wamp\www\projcet\babyweb\cn\Runtime\Cache\5ec3307169fe79e2b7d3e10856dd48ce.php 第 258 行.
NOTIC: [8] Use of undefined constant one3 - assumed 'one3' D:\wamp\www\projcet\babyweb\cn\Runtime\Cache\5ec3307169fe79e2b7d3e10856dd48ce.php 第 271 行.
INFO: ParseTemplate Behavior ::run [ RunTime:0.053129s ]
INFO: [ view_parse ] --END-- [ RunTime:0.053264s ]
INFO: [ view_filter ] --START--
INFO: ContentReplace Behavior ::run [ RunTime:0.001220s ]
INFO: TokenBuild Behavior ::run [ RunTime:0.000709s ]
INFO: WriteHtmlCache Behavior ::run [ RunTime:0.000469s ]
INFO: ShowRuntime Behavior ::run [ RunTime:0.000922s ]
INFO: [ view_filter ] --END-- [ RunTime:0.003649s ]
INFO: [ view_end ] --START--
INFO: ShowPageTrace Behavior ::run [ RunTime:0.001455s ]
INFO: [ view_end ] --END-- [ RunTime:0.001623s ]

[ 2015-01-28T14:40:13+08:00 ] 10.1.1.249 /index.php/product/index.shtml
INFO: [ route_check ] --START--
INFO: CheckRoute Behavior ::run [ RunTime:0.008717s ]
INFO: [ route_check ] --END-- [ RunTime:0.008920s ]
INFO: [ app_begin ] --START--
INFO: ReadHtmlCache Behavior ::run [ RunTime:0.000978s ]
INFO: [ app_begin ] --END-- [ RunTime:0.001089s ]
SQL: SHOW COLUMNS FROM `website_apps` [ RunTime:0.035587s ]
NOTIC: [8] Undefined index: cata_id D:\wamp\www\projcet\babyweb\cn\Lib\Action\ProductAction.class.php 第 15 行.
NOTIC: [8] Undefined index: search_word D:\wamp\www\projcet\babyweb\cn\Lib\Action\ProductAction.class.php 第 16 行.
NOTIC: [8] Undefined index: cata_id D:\wamp\www\projcet\babyweb\cn\Lib\Action\ProductAction.class.php 第 22 行.
NOTIC: [8] Undefined index: is_hot D:\wamp\www\projcet\babyweb\cn\Lib\Action\ProductAction.class.php 第 23 行.
SQL: SELECT `id`,`ipad_id`,`iphone_id`,`cell_android_url`,`android_url`,`app_name`,`app_images`,`intro`,`myapp_url`,`myios_url` FROM `website_apps` WHERE ( `del` = 0 ) AND ( `lang` = 'zh-Hans' ) ORDER BY id desc LIMIT 0,9   [ RunTime:0.132230s ]
SQL: SHOW COLUMNS FROM `app_langs` [ RunTime:0.034042s ]
SQL: SELECT `app_id`,`store_url` FROM `app_langs` WHERE ( lang = 'zh-Hans' and (app_id = 123 or app_id = 124) )  [ RunTime:0.060069s ]
SQL: SELECT `app_id`,`store_url` FROM `app_langs` WHERE ( lang = 'zh-Hans' and (app_id = 1318 or app_id = 1317) )  [ RunTime:0.049777s ]
SQL: SELECT `app_id`,`store_url` FROM `app_langs` WHERE ( lang = 'zh-Hans' and (app_id = 1380 or app_id = 1379) )  [ RunTime:0.024547s ]
SQL: SELECT `app_id`,`store_url` FROM `app_langs` WHERE ( lang = 'zh-Hans' and (app_id = 5 or app_id = 20) )  [ RunTime:0.021768s ]
SQL: SELECT `app_id`,`store_url` FROM `app_langs` WHERE ( lang = 'zh-Hans' and (app_id = 1218 or app_id = 1217) )  [ RunTime:0.005329s ]
SQL: SELECT `app_id`,`store_url` FROM `app_langs` WHERE ( lang = 'zh-Hans' and (app_id = 1377 or app_id = 1376) )  [ RunTime:0.012792s ]
SQL: SELECT `app_id`,`store_url` FROM `app_langs` WHERE ( lang = 'zh-Hans' and (app_id = 1368 or app_id = 1367) )  [ RunTime:0.004251s ]
SQL: SELECT `app_id`,`store_url` FROM `app_langs` WHERE ( lang = 'zh-Hans' and (app_id = 1193 or app_id = 1192) )  [ RunTime:0.003774s ]
SQL: SELECT `app_id`,`store_url` FROM `app_langs` WHERE ( lang = 'zh-Hans' and (app_id = 1189 or app_id = 1190) )  [ RunTime:0.005040s ]
NOTIC: [8] Undefined variable: type D:\wamp\www\projcet\babyweb\cn\Lib\Action\ProductAction.class.php 第 39 行.
INFO: [ view_parse ] --START--
NOTIC: [8] Undefined variable: down D:\wamp\www\projcet\babyweb\cn\Common\common.php 第 122 行.
NOTIC: [8] Undefined variable: down D:\wamp\www\projcet\babyweb\cn\Common\common.php 第 122 行.
NOTIC: [8] Undefined variable: down D:\wamp\www\projcet\babyweb\cn\Common\common.php 第 122 行.
NOTIC: [8] Undefined variable: down D:\wamp\www\projcet\babyweb\cn\Common\common.php 第 122 行.
NOTIC: [8] Undefined variable: down D:\wamp\www\projcet\babyweb\cn\Common\common.php 第 122 行.
NOTIC: [8] Undefined variable: down D:\wamp\www\projcet\babyweb\cn\Common\common.php 第 122 行.
NOTIC: [8] Undefined variable: down D:\wamp\www\projcet\babyweb\cn\Common\common.php 第 122 行.
NOTIC: [8] Undefined variable: down D:\wamp\www\projcet\babyweb\cn\Common\common.php 第 122 行.
NOTIC: [8] Undefined variable: down D:\wamp\www\projcet\babyweb\cn\Common\common.php 第 122 行.
NOTIC: [8] Undefined variable: link_data D:\wamp\www\projcet\babyweb\cn\Runtime\Cache\b6c885e76b3fad3e771f7977173d34c6.php 第 189 行.
INFO: ParseTemplate Behavior ::run [ RunTime:0.051379s ]
INFO: [ view_parse ] --END-- [ RunTime:0.051552s ]
INFO: [ view_filter ] --START--
INFO: ContentReplace Behavior ::run [ RunTime:0.000922s ]
INFO: TokenBuild Behavior ::run [ RunTime:0.001028s ]
INFO: WriteHtmlCache Behavior ::run [ RunTime:0.000464s ]
INFO: ShowRuntime Behavior ::run [ RunTime:0.000747s ]
INFO: [ view_filter ] --END-- [ RunTime:0.003452s ]
INFO: [ view_end ] --START--
INFO: ShowPageTrace Behavior ::run [ RunTime:0.000907s ]
INFO: [ view_end ] --END-- [ RunTime:0.001004s ]

[ 2015-01-28T14:40:18+08:00 ] 10.1.1.249 /index.php/video
INFO: [ route_check ] --START--
INFO: CheckRoute Behavior ::run [ RunTime:0.001409s ]
INFO: [ route_check ] --END-- [ RunTime:0.001535s ]
INFO: [ app_begin ] --START--
INFO: ReadHtmlCache Behavior ::run [ RunTime:0.000765s ]
INFO: [ app_begin ] --END-- [ RunTime:0.000905s ]
SQL: SHOW COLUMNS FROM `website_apps` [ RunTime:0.006405s ]
NOTIC: [8] Undefined index: cata_id D:\wamp\www\projcet\babyweb\cn\Lib\Action\VideoAction.class.php 第 15 行.
NOTIC: [8] Undefined index: search_word D:\wamp\www\projcet\babyweb\cn\Lib\Action\VideoAction.class.php 第 16 行.
INFO: [ view_parse ] --START--
INFO: ParseTemplate Behavior ::run [ RunTime:0.085409s ]
INFO: [ view_parse ] --END-- [ RunTime:0.085568s ]
INFO: [ view_filter ] --START--
INFO: ContentReplace Behavior ::run [ RunTime:0.000734s ]
INFO: TokenBuild Behavior ::run [ RunTime:0.000838s ]
INFO: WriteHtmlCache Behavior ::run [ RunTime:0.000518s ]
INFO: ShowRuntime Behavior ::run [ RunTime:0.000689s ]
INFO: [ view_filter ] --END-- [ RunTime:0.003033s ]
INFO: [ view_end ] --START--
INFO: ShowPageTrace Behavior ::run [ RunTime:0.001252s ]
INFO: [ view_end ] --END-- [ RunTime:0.001394s ]

[ 2015-01-28T14:40:25+08:00 ] 10.1.1.249 /
INFO: [ app_begin ] --START--
INFO: ReadHtmlCache Behavior ::run [ RunTime:0.001484s ]
INFO: [ app_begin ] --END-- [ RunTime:0.001687s ]
SQL: SHOW COLUMNS FROM `website_link` [ RunTime:0.006072s ]
SQL: SELECT * FROM `website_link` WHERE ( `lang` = 'zh-Hans' ) ORDER BY link_sort LIMIT 10   [ RunTime:0.001032s ]
SQL: SHOW COLUMNS FROM `website_index_images` [ RunTime:0.004783s ]
SQL: SELECT * FROM `website_index_images` WHERE ( lang='zh-Hans' and used=1 ) ORDER BY num asc,id asc  [ RunTime:0.000843s ]
INFO: [ view_parse ] --START--
NOTIC: [8] Use of undefined constant one - assumed 'one' D:\wamp\www\projcet\babyweb\cn\Runtime\Cache\5ec3307169fe79e2b7d3e10856dd48ce.php 第 134 行.
NOTIC: [8] Use of undefined constant one3 - assumed 'one3' D:\wamp\www\projcet\babyweb\cn\Runtime\Cache\5ec3307169fe79e2b7d3e10856dd48ce.php 第 134 行.
NOTIC: [8] Use of undefined constant one3 - assumed 'one3' D:\wamp\www\projcet\babyweb\cn\Runtime\Cache\5ec3307169fe79e2b7d3e10856dd48ce.php 第 147 行.
NOTIC: [8] Use of undefined constant one - assumed 'one' D:\wamp\www\projcet\babyweb\cn\Runtime\Cache\5ec3307169fe79e2b7d3e10856dd48ce.php 第 134 行.
NOTIC: [8] Use of undefined constant one3 - assumed 'one3' D:\wamp\www\projcet\babyweb\cn\Runtime\Cache\5ec3307169fe79e2b7d3e10856dd48ce.php 第 147 行.
NOTIC: [8] Use of undefined constant one - assumed 'one' D:\wamp\www\projcet\babyweb\cn\Runtime\Cache\5ec3307169fe79e2b7d3e10856dd48ce.php 第 258 行.
NOTIC: [8] Use of undefined constant one3 - assumed 'one3' D:\wamp\www\projcet\babyweb\cn\Runtime\Cache\5ec3307169fe79e2b7d3e10856dd48ce.php 第 258 行.
NOTIC: [8] Use of undefined constant one3 - assumed 'one3' D:\wamp\www\projcet\babyweb\cn\Runtime\Cache\5ec3307169fe79e2b7d3e10856dd48ce.php 第 271 行.
NOTIC: [8] Use of undefined constant one - assumed 'one' D:\wamp\www\projcet\babyweb\cn\Runtime\Cache\5ec3307169fe79e2b7d3e10856dd48ce.php 第 258 行.
NOTIC: [8] Use of undefined constant one3 - assumed 'one3' D:\wamp\www\projcet\babyweb\cn\Runtime\Cache\5ec3307169fe79e2b7d3e10856dd48ce.php 第 271 行.
INFO: ParseTemplate Behavior ::run [ RunTime:0.057888s ]
INFO: [ view_parse ] --END-- [ RunTime:0.058007s ]
INFO: [ view_filter ] --START--
INFO: ContentReplace Behavior ::run [ RunTime:0.000918s ]
INFO: TokenBuild Behavior ::run [ RunTime:0.000599s ]
INFO: WriteHtmlCache Behavior ::run [ RunTime:0.000560s ]
INFO: ShowRuntime Behavior ::run [ RunTime:0.001151s ]
INFO: [ view_filter ] --END-- [ RunTime:0.003598s ]
INFO: [ view_end ] --START--
INFO: ShowPageTrace Behavior ::run [ RunTime:0.001420s ]
INFO: [ view_end ] --END-- [ RunTime:0.001634s ]

[ 2015-01-28T14:40:41+08:00 ] 10.1.1.249 /index.php/product/index.shtml
INFO: [ route_check ] --START--
INFO: CheckRoute Behavior ::run [ RunTime:0.001062s ]
INFO: [ route_check ] --END-- [ RunTime:0.001210s ]
INFO: [ app_begin ] --START--
INFO: ReadHtmlCache Behavior ::run [ RunTime:0.000708s ]
INFO: [ app_begin ] --END-- [ RunTime:0.000809s ]
SQL: SHOW COLUMNS FROM `website_apps` [ RunTime:0.008608s ]
NOTIC: [8] Undefined index: cata_id D:\wamp\www\projcet\babyweb\cn\Lib\Action\ProductAction.class.php 第 15 行.
NOTIC: [8] Undefined index: search_word D:\wamp\www\projcet\babyweb\cn\Lib\Action\ProductAction.class.php 第 16 行.
NOTIC: [8] Undefined index: cata_id D:\wamp\www\projcet\babyweb\cn\Lib\Action\ProductAction.class.php 第 22 行.
NOTIC: [8] Undefined index: is_hot D:\wamp\www\projcet\babyweb\cn\Lib\Action\ProductAction.class.php 第 23 行.
SQL: SELECT `id`,`ipad_id`,`iphone_id`,`cell_android_url`,`android_url`,`app_name`,`app_images`,`intro`,`myapp_url`,`myios_url` FROM `website_apps` WHERE ( `del` = 0 ) AND ( `lang` = 'zh-Hans' ) ORDER BY id desc LIMIT 0,9   [ RunTime:0.006518s ]
SQL: SHOW COLUMNS FROM `app_langs` [ RunTime:0.005515s ]
SQL: SELECT `app_id`,`store_url` FROM `app_langs` WHERE ( lang = 'zh-Hans' and (app_id = 123 or app_id = 124) )  [ RunTime:0.001184s ]
SQL: SELECT `app_id`,`store_url` FROM `app_langs` WHERE ( lang = 'zh-Hans' and (app_id = 1318 or app_id = 1317) )  [ RunTime:0.000836s ]
SQL: SELECT `app_id`,`store_url` FROM `app_langs` WHERE ( lang = 'zh-Hans' and (app_id = 1380 or app_id = 1379) )  [ RunTime:0.000694s ]
SQL: SELECT `app_id`,`store_url` FROM `app_langs` WHERE ( lang = 'zh-Hans' and (app_id = 5 or app_id = 20) )  [ RunTime:0.001531s ]
SQL: SELECT `app_id`,`store_url` FROM `app_langs` WHERE ( lang = 'zh-Hans' and (app_id = 1218 or app_id = 1217) )  [ RunTime:0.000880s ]
SQL: SELECT `app_id`,`store_url` FROM `app_langs` WHERE ( lang = 'zh-Hans' and (app_id = 1377 or app_id = 1376) )  [ RunTime:0.000708s ]
SQL: SELECT `app_id`,`store_url` FROM `app_langs` WHERE ( lang = 'zh-Hans' and (app_id = 1368 or app_id = 1367) )  [ RunTime:0.000698s ]
SQL: SELECT `app_id`,`store_url` FROM `app_langs` WHERE ( lang = 'zh-Hans' and (app_id = 1193 or app_id = 1192) )  [ RunTime:0.000570s ]
SQL: SELECT `app_id`,`store_url` FROM `app_langs` WHERE ( lang = 'zh-Hans' and (app_id = 1189 or app_id = 1190) )  [ RunTime:0.000655s ]
NOTIC: [8] Undefined variable: type D:\wamp\www\projcet\babyweb\cn\Lib\Action\ProductAction.class.php 第 39 行.
INFO: [ view_parse ] --START--
NOTIC: [8] Undefined variable: down D:\wamp\www\projcet\babyweb\cn\Common\common.php 第 122 行.
NOTIC: [8] Undefined variable: down D:\wamp\www\projcet\babyweb\cn\Common\common.php 第 122 行.
NOTIC: [8] Undefined variable: down D:\wamp\www\projcet\babyweb\cn\Common\common.php 第 122 行.
NOTIC: [8] Undefined variable: down D:\wamp\www\projcet\babyweb\cn\Common\common.php 第 122 行.
NOTIC: [8] Undefined variable: down D:\wamp\www\projcet\babyweb\cn\Common\common.php 第 122 行.
NOTIC: [8] Undefined variable: down D:\wamp\www\projcet\babyweb\cn\Common\common.php 第 122 行.
NOTIC: [8] Undefined variable: down D:\wamp\www\projcet\babyweb\cn\Common\common.php 第 122 行.
NOTIC: [8] Undefined variable: down D:\wamp\www\projcet\babyweb\cn\Common\common.php 第 122 行.
NOTIC: [8] Undefined variable: down D:\wamp\www\projcet\babyweb\cn\Common\common.php 第 122 行.
NOTIC: [8] Undefined variable: link_data D:\wamp\www\projcet\babyweb\cn\Runtime\Cache\b6c885e76b3fad3e771f7977173d34c6.php 第 189 行.
INFO: ParseTemplate Behavior ::run [ RunTime:0.027195s ]
INFO: [ view_parse ] --END-- [ RunTime:0.027327s ]
INFO: [ view_filter ] --START--
INFO: ContentReplace Behavior ::run [ RunTime:0.000715s ]
INFO: TokenBuild Behavior ::run [ RunTime:0.000539s ]
INFO: WriteHtmlCache Behavior ::run [ RunTime:0.000325s ]
INFO: ShowRuntime Behavior ::run [ RunTime:0.000678s ]
INFO: [ view_filter ] --END-- [ RunTime:0.002538s ]
INFO: [ view_end ] --START--
INFO: ShowPageTrace Behavior ::run [ RunTime:0.001206s ]
INFO: [ view_end ] --END-- [ RunTime:0.001395s ]

[ 2015-01-28T14:40:45+08:00 ] 10.1.1.249 /index.php/video/boxvideo.shtml
INFO: [ route_check ] --START--
INFO: CheckRoute Behavior ::run [ RunTime:0.001301s ]
INFO: [ route_check ] --END-- [ RunTime:0.001452s ]
INFO: [ app_begin ] --START--
INFO: ReadHtmlCache Behavior ::run [ RunTime:0.001099s ]
INFO: [ app_begin ] --END-- [ RunTime:0.001216s ]
SQL: SHOW COLUMNS FROM `website_apps` [ RunTime:0.005112s ]
NOTIC: [8] Undefined index: cata_id D:\wamp\www\projcet\babyweb\cn\Lib\Action\VideoAction.class.php 第 15 行.
NOTIC: [8] Undefined index: search_word D:\wamp\www\projcet\babyweb\cn\Lib\Action\VideoAction.class.php 第 16 行.
SQL: SHOW COLUMNS FROM `website_song` [ RunTime:0.026968s ]
SQL: SELECT * FROM `website_song` WHERE ( is_use=1 ) ORDER BY id desc LIMIT 0,8   [ RunTime:0.035977s ]
INFO: [ view_parse ] --START--
INFO: ParseTemplate Behavior ::run [ RunTime:0.015948s ]
INFO: [ view_parse ] --END-- [ RunTime:0.016127s ]
INFO: [ view_filter ] --START--
INFO: ContentReplace Behavior ::run [ RunTime:0.000558s ]
INFO: TokenBuild Behavior ::run [ RunTime:0.000536s ]
INFO: WriteHtmlCache Behavior ::run [ RunTime:0.000334s ]
INFO: ShowRuntime Behavior ::run [ RunTime:0.000630s ]
INFO: [ view_filter ] --END-- [ RunTime:0.002318s ]
INFO: [ view_end ] --START--
INFO: ShowPageTrace Behavior ::run [ RunTime:0.000854s ]
INFO: [ view_end ] --END-- [ RunTime:0.000957s ]

[ 2015-01-28T14:40:49+08:00 ] 10.1.1.249 /index.php/video/boxvideopage/page/2.shtml
INFO: [ route_check ] --START--
INFO: CheckRoute Behavior ::run [ RunTime:0.001576s ]
INFO: [ route_check ] --END-- [ RunTime:0.001791s ]
INFO: [ app_begin ] --START--
INFO: ReadHtmlCache Behavior ::run [ RunTime:0.001121s ]
INFO: [ app_begin ] --END-- [ RunTime:0.001257s ]
SQL: SHOW COLUMNS FROM `website_apps` [ RunTime:0.007073s ]
NOTIC: [8] Undefined index: cata_id D:\wamp\www\projcet\babyweb\cn\Lib\Action\VideoAction.class.php 第 15 行.
NOTIC: [8] Undefined index: search_word D:\wamp\www\projcet\babyweb\cn\Lib\Action\VideoAction.class.php 第 16 行.
SQL: SHOW COLUMNS FROM `website_song` [ RunTime:0.005646s ]
SQL: SELECT * FROM `website_song` WHERE ( is_use=1 ) ORDER BY id desc LIMIT 8,8   [ RunTime:0.001272s ]
INFO: [ view_parse ] --START--
INFO: ParseTemplate Behavior ::run [ RunTime:0.017087s ]
INFO: [ view_parse ] --END-- [ RunTime:0.017278s ]
INFO: [ view_filter ] --START--
INFO: ContentReplace Behavior ::run [ RunTime:0.000739s ]
INFO: TokenBuild Behavior ::run [ RunTime:0.000741s ]
INFO: WriteHtmlCache Behavior ::run [ RunTime:0.000446s ]
INFO: ShowRuntime Behavior ::run [ RunTime:0.000579s ]
INFO: [ view_filter ] --END-- [ RunTime:0.002794s ]
INFO: [ view_end ] --START--
INFO: ShowPageTrace Behavior ::run [ RunTime:0.000739s ]
INFO: [ view_end ] --END-- [ RunTime:0.000821s ]

[ 2015-01-28T14:41:53+08:00 ] 10.1.1.249 /index.php/video/boxvideo.shtml
INFO: [ route_check ] --START--
INFO: CheckRoute Behavior ::run [ RunTime:0.001064s ]
INFO: [ route_check ] --END-- [ RunTime:0.001191s ]
INFO: [ app_begin ] --START--
INFO: ReadHtmlCache Behavior ::run [ RunTime:0.000762s ]
INFO: [ app_begin ] --END-- [ RunTime:0.000851s ]
SQL: SHOW COLUMNS FROM `website_apps` [ RunTime:0.005222s ]
NOTIC: [8] Undefined index: cata_id D:\wamp\www\projcet\babyweb\cn\Lib\Action\VideoAction.class.php 第 15 行.
NOTIC: [8] Undefined index: search_word D:\wamp\www\projcet\babyweb\cn\Lib\Action\VideoAction.class.php 第 16 行.
SQL: SHOW COLUMNS FROM `website_song` [ RunTime:0.004490s ]
SQL: SELECT * FROM `website_song` WHERE ( is_use=1 ) ORDER BY id desc LIMIT 0,8   [ RunTime:0.000848s ]
INFO: [ view_parse ] --START--
INFO: ParseTemplate Behavior ::run [ RunTime:0.015444s ]
INFO: [ view_parse ] --END-- [ RunTime:0.015598s ]
INFO: [ view_filter ] --START--
INFO: ContentReplace Behavior ::run [ RunTime:0.000811s ]
INFO: TokenBuild Behavior ::run [ RunTime:0.000706s ]
INFO: WriteHtmlCache Behavior ::run [ RunTime:0.000666s ]
INFO: ShowRuntime Behavior ::run [ RunTime:0.000765s ]
INFO: [ view_filter ] --END-- [ RunTime:0.003320s ]
INFO: [ view_end ] --START--
INFO: ShowPageTrace Behavior ::run [ RunTime:0.001214s ]
INFO: [ view_end ] --END-- [ RunTime:0.001376s ]

[ 2015-01-28T14:41:53+08:00 ] 10.1.1.249 /index.php/video/boxvideopage/page/2.shtml
INFO: [ route_check ] --START--
INFO: CheckRoute Behavior ::run [ RunTime:0.001351s ]
INFO: [ route_check ] --END-- [ RunTime:0.001490s ]
INFO: [ app_begin ] --START--
INFO: ReadHtmlCache Behavior ::run [ RunTime:0.000894s ]
INFO: [ app_begin ] --END-- [ RunTime:0.000998s ]
SQL: SHOW COLUMNS FROM `website_apps` [ RunTime:0.005967s ]
NOTIC: [8] Undefined index: cata_id D:\wamp\www\projcet\babyweb\cn\Lib\Action\VideoAction.class.php 第 15 行.
NOTIC: [8] Undefined index: search_word D:\wamp\www\projcet\babyweb\cn\Lib\Action\VideoAction.class.php 第 16 行.
SQL: SHOW COLUMNS FROM `website_song` [ RunTime:0.015669s ]
SQL: SELECT * FROM `website_song` WHERE ( is_use=1 ) ORDER BY id desc LIMIT 8,8   [ RunTime:0.001621s ]
INFO: [ view_parse ] --START--
INFO: ParseTemplate Behavior ::run [ RunTime:0.018733s ]
INFO: [ view_parse ] --END-- [ RunTime:0.018921s ]
INFO: [ view_filter ] --START--
INFO: ContentReplace Behavior ::run [ RunTime:0.000866s ]
INFO: TokenBuild Behavior ::run [ RunTime:0.000855s ]
INFO: WriteHtmlCache Behavior ::run [ RunTime:0.000552s ]
INFO: ShowRuntime Behavior ::run [ RunTime:0.000705s ]
INFO: [ view_filter ] --END-- [ RunTime:0.003244s ]
INFO: [ view_end ] --START--
INFO: ShowPageTrace Behavior ::run [ RunTime:0.000908s ]
INFO: [ view_end ] --END-- [ RunTime:0.000992s ]

[ 2015-01-28T15:19:06+08:00 ] 10.1.1.249 /index.php/video/boxvideo.shtml
INFO: [ route_check ] --START--
INFO: CheckRoute Behavior ::run [ RunTime:0.002904s ]
INFO: [ route_check ] --END-- [ RunTime:0.003067s ]
INFO: [ app_begin ] --START--
INFO: ReadHtmlCache Behavior ::run [ RunTime:0.000930s ]
INFO: [ app_begin ] --END-- [ RunTime:0.001061s ]
SQL: SHOW COLUMNS FROM `website_apps` [ RunTime:0.019143s ]
NOTIC: [8] Undefined index: cata_id D:\wamp\www\projcet\babyweb\cn\Lib\Action\VideoAction.class.php 第 15 行.
NOTIC: [8] Undefined index: search_word D:\wamp\www\projcet\babyweb\cn\Lib\Action\VideoAction.class.php 第 16 行.
SQL: SHOW COLUMNS FROM `website_song` [ RunTime:0.005173s ]
SQL: SELECT * FROM `website_song` WHERE ( is_use=1 ) ORDER BY id desc LIMIT 0,8   [ RunTime:0.000635s ]
INFO: [ view_parse ] --START--
INFO: ParseTemplate Behavior ::run [ RunTime:0.015059s ]
INFO: [ view_parse ] --END-- [ RunTime:0.015183s ]
INFO: [ view_filter ] --START--
INFO: ContentReplace Behavior ::run [ RunTime:0.000667s ]
INFO: TokenBuild Behavior ::run [ RunTime:0.000627s ]
INFO: WriteHtmlCache Behavior ::run [ RunTime:0.000438s ]
INFO: ShowRuntime Behavior ::run [ RunTime:0.000752s ]
INFO: [ view_filter ] --END-- [ RunTime:0.002722s ]
INFO: [ view_end ] --START--
INFO: ShowPageTrace Behavior ::run [ RunTime:0.000951s ]
INFO: [ view_end ] --END-- [ RunTime:0.001067s ]

[ 2015-01-28T15:19:47+08:00 ] 10.1.1.249 /index.php/video/boxvideo.shtml
INFO: [ route_check ] --START--
INFO: CheckRoute Behavior ::run [ RunTime:0.001700s ]
INFO: [ route_check ] --END-- [ RunTime:0.001866s ]
INFO: [ app_begin ] --START--
INFO: ReadHtmlCache Behavior ::run [ RunTime:0.001009s ]
INFO: [ app_begin ] --END-- [ RunTime:0.001108s ]
SQL: SHOW COLUMNS FROM `website_apps` [ RunTime:0.005549s ]
NOTIC: [8] Undefined index: cata_id D:\wamp\www\projcet\babyweb\cn\Lib\Action\VideoAction.class.php 第 15 行.
NOTIC: [8] Undefined index: search_word D:\wamp\www\projcet\babyweb\cn\Lib\Action\VideoAction.class.php 第 16 行.
SQL: SHOW COLUMNS FROM `website_song` [ RunTime:0.006316s ]
SQL: SELECT * FROM `website_song` WHERE ( is_use=1 ) ORDER BY id desc LIMIT 0,8   [ RunTime:0.001153s ]
INFO: [ view_parse ] --START--
NOTIC: [8] Use of undefined constant id - assumed 'id' D:\wamp\www\projcet\babyweb\cn\Runtime\Cache\c0611aecf6bd4ae35bdcaf82e42e14f2.php 第 81 行.
NOTIC: [8] Use of undefined constant id - assumed 'id' D:\wamp\www\projcet\babyweb\cn\Runtime\Cache\c0611aecf6bd4ae35bdcaf82e42e14f2.php 第 81 行.
NOTIC: [8] Use of undefined constant id - assumed 'id' D:\wamp\www\projcet\babyweb\cn\Runtime\Cache\c0611aecf6bd4ae35bdcaf82e42e14f2.php 第 81 行.
NOTIC: [8] Use of undefined constant id - assumed 'id' D:\wamp\www\projcet\babyweb\cn\Runtime\Cache\c0611aecf6bd4ae35bdcaf82e42e14f2.php 第 81 行.
NOTIC: [8] Use of undefined constant id - assumed 'id' D:\wamp\www\projcet\babyweb\cn\Runtime\Cache\c0611aecf6bd4ae35bdcaf82e42e14f2.php 第 81 行.
INFO: ParseTemplate Behavior ::run [ RunTime:0.016492s ]
INFO: [ view_parse ] --END-- [ RunTime:0.016657s ]
INFO: [ view_filter ] --START--
INFO: ContentReplace Behavior ::run [ RunTime:0.000691s ]
INFO: TokenBuild Behavior ::run [ RunTime:0.000586s ]
INFO: WriteHtmlCache Behavior ::run [ RunTime:0.000585s ]
INFO: ShowRuntime Behavior ::run [ RunTime:0.000736s ]
INFO: [ view_filter ] --END-- [ RunTime:0.002896s ]
INFO: [ view_end ] --START--
INFO: ShowPageTrace Behavior ::run [ RunTime:0.001703s ]
INFO: [ view_end ] --END-- [ RunTime:0.002023s ]

[ 2015-01-28T15:20:02+08:00 ] 10.1.1.249 /index.php/video/boxvideo.shtml
INFO: [ route_check ] --START--
INFO: CheckRoute Behavior ::run [ RunTime:0.001524s ]
INFO: [ route_check ] --END-- [ RunTime:0.001690s ]
INFO: [ app_begin ] --START--
INFO: ReadHtmlCache Behavior ::run [ RunTime:0.001488s ]
INFO: [ app_begin ] --END-- [ RunTime:0.001698s ]
SQL: SHOW COLUMNS FROM `website_apps` [ RunTime:0.006683s ]
NOTIC: [8] Undefined index: cata_id D:\wamp\www\projcet\babyweb\cn\Lib\Action\VideoAction.class.php 第 15 行.
NOTIC: [8] Undefined index: search_word D:\wamp\www\projcet\babyweb\cn\Lib\Action\VideoAction.class.php 第 16 行.
SQL: SHOW COLUMNS FROM `website_song` [ RunTime:0.004644s ]
SQL: SELECT * FROM `website_song` WHERE ( is_use=1 ) ORDER BY id desc LIMIT 0,8   [ RunTime:0.000724s ]
INFO: [ view_parse ] --START--
NOTIC: [8] Use of undefined constant id - assumed 'id' D:\wamp\www\projcet\babyweb\cn\Runtime\Cache\c0611aecf6bd4ae35bdcaf82e42e14f2.php 第 81 行.
NOTIC: [8] Use of undefined constant id - assumed 'id' D:\wamp\www\projcet\babyweb\cn\Runtime\Cache\c0611aecf6bd4ae35bdcaf82e42e14f2.php 第 81 行.
NOTIC: [8] Use of undefined constant id - assumed 'id' D:\wamp\www\projcet\babyweb\cn\Runtime\Cache\c0611aecf6bd4ae35bdcaf82e42e14f2.php 第 81 行.
NOTIC: [8] Use of undefined constant id - assumed 'id' D:\wamp\www\projcet\babyweb\cn\Runtime\Cache\c0611aecf6bd4ae35bdcaf82e42e14f2.php 第 81 行.
NOTIC: [8] Use of undefined constant id - assumed 'id' D:\wamp\www\projcet\babyweb\cn\Runtime\Cache\c0611aecf6bd4ae35bdcaf82e42e14f2.php 第 81 行.
INFO: ParseTemplate Behavior ::run [ RunTime:0.017444s ]
INFO: [ view_parse ] --END-- [ RunTime:0.017583s ]
INFO: [ view_filter ] --START--
INFO: ContentReplace Behavior ::run [ RunTime:0.000748s ]
INFO: TokenBuild Behavior ::run [ RunTime:0.000616s ]
INFO: WriteHtmlCache Behavior ::run [ RunTime:0.000505s ]
INFO: ShowRuntime Behavior ::run [ RunTime:0.000737s ]
INFO: [ view_filter ] --END-- [ RunTime:0.002857s ]
INFO: [ view_end ] --START--
INFO: ShowPageTrace Behavior ::run [ RunTime:0.001357s ]
INFO: [ view_end ] --END-- [ RunTime:0.001493s ]

[ 2015-01-28T15:21:41+08:00 ] 10.1.1.249 /index.php/video/boxvideo_detail/id/23.shtml
INFO: [ route_check ] --START--
INFO: CheckRoute Behavior ::run [ RunTime:0.001404s ]
INFO: [ route_check ] --END-- [ RunTime:0.001537s ]
INFO: [ app_begin ] --START--
INFO: ReadHtmlCache Behavior ::run [ RunTime:0.000861s ]
INFO: [ app_begin ] --END-- [ RunTime:0.000961s ]
SQL: SHOW COLUMNS FROM `website_apps` [ RunTime:0.005862s ]
NOTIC: [8] Undefined index: cata_id D:\wamp\www\projcet\babyweb\cn\Lib\Action\VideoAction.class.php 第 15 行.
NOTIC: [8] Undefined index: search_word D:\wamp\www\projcet\babyweb\cn\Lib\Action\VideoAction.class.php 第 16 行.

[ 2015-01-28T15:28:08+08:00 ] 10.1.1.249 /index.php/video/boxvideo_detail/id/23.shtml
INFO: [ route_check ] --START--
INFO: CheckRoute Behavior ::run [ RunTime:0.001305s ]
INFO: [ route_check ] --END-- [ RunTime:0.001438s ]
INFO: [ app_begin ] --START--
INFO: ReadHtmlCache Behavior ::run [ RunTime:0.000780s ]
INFO: [ app_begin ] --END-- [ RunTime:0.000871s ]
SQL: SHOW COLUMNS FROM `website_apps` [ RunTime:0.005686s ]
NOTIC: [8] Undefined index: cata_id D:\wamp\www\projcet\babyweb\cn\Lib\Action\VideoAction.class.php 第 15 行.
NOTIC: [8] Undefined index: search_word D:\wamp\www\projcet\babyweb\cn\Lib\Action\VideoAction.class.php 第 16 行.
SQL: SHOW COLUMNS FROM `website_song` [ RunTime:0.005249s ]
SQL: SELECT * FROM `website_song` WHERE ( `is_use` = 1 ) AND ( `id` = 23 ) LIMIT 1   [ RunTime:0.000818s ]

[ 2015-01-28T15:39:04+08:00 ] 10.1.1.249 /index.php/video/boxvideo.shtml
INFO: [ route_check ] --START--
INFO: CheckRoute Behavior ::run [ RunTime:0.001412s ]
INFO: [ route_check ] --END-- [ RunTime:0.001551s ]
INFO: [ app_begin ] --START--
INFO: ReadHtmlCache Behavior ::run [ RunTime:0.001231s ]
INFO: [ app_begin ] --END-- [ RunTime:0.001404s ]
SQL: SHOW COLUMNS FROM `website_apps` [ RunTime:0.006182s ]
NOTIC: [8] Undefined index: cata_id D:\wamp\www\projcet\babyweb\cn\Lib\Action\VideoAction.class.php 第 15 行.
NOTIC: [8] Undefined index: search_word D:\wamp\www\projcet\babyweb\cn\Lib\Action\VideoAction.class.php 第 16 行.
SQL: SHOW COLUMNS FROM `website_song` [ RunTime:0.005005s ]
SQL: SELECT * FROM `website_song` WHERE ( is_use=1 ) ORDER BY id desc LIMIT 0,8   [ RunTime:0.000737s ]
INFO: [ view_parse ] --START--
INFO: ParseTemplate Behavior ::run [ RunTime:0.015121s ]
INFO: [ view_parse ] --END-- [ RunTime:0.015251s ]
INFO: [ view_filter ] --START--
INFO: ContentReplace Behavior ::run [ RunTime:0.000726s ]
INFO: TokenBuild Behavior ::run [ RunTime:0.000675s ]
INFO: WriteHtmlCache Behavior ::run [ RunTime:0.000462s ]
INFO: ShowRuntime Behavior ::run [ RunTime:0.000751s ]
INFO: [ view_filter ] --END-- [ RunTime:0.002867s ]
INFO: [ view_end ] --START--
INFO: ShowPageTrace Behavior ::run [ RunTime:0.001454s ]
INFO: [ view_end ] --END-- [ RunTime:0.001623s ]

[ 2015-01-28T15:39:49+08:00 ] 10.1.1.249 /index.php/video/boxvideo.shtml
INFO: [ route_check ] --START--
INFO: CheckRoute Behavior ::run [ RunTime:0.001663s ]
INFO: [ route_check ] --END-- [ RunTime:0.001820s ]
INFO: [ app_begin ] --START--
INFO: ReadHtmlCache Behavior ::run [ RunTime:0.001000s ]
INFO: [ app_begin ] --END-- [ RunTime:0.001110s ]
SQL: SHOW COLUMNS FROM `website_apps` [ RunTime:0.006389s ]
NOTIC: [8] Undefined index: cata_id D:\wamp\www\projcet\babyweb\cn\Lib\Action\VideoAction.class.php 第 15 行.
NOTIC: [8] Undefined index: search_word D:\wamp\www\projcet\babyweb\cn\Lib\Action\VideoAction.class.php 第 16 行.
SQL: SHOW COLUMNS FROM `website_song` [ RunTime:0.005781s ]
SQL: SELECT * FROM `website_song` WHERE ( is_use=1 ) ORDER BY id desc LIMIT 0,8   [ RunTime:0.001000s ]
INFO: [ view_parse ] --START--
NOTIC: [8] Use of undefined constant id - assumed 'id' D:\wamp\www\projcet\babyweb\cn\Runtime\Cache\c0611aecf6bd4ae35bdcaf82e42e14f2.php 第 81 行.
NOTIC: [8] Use of undefined constant id - assumed 'id' D:\wamp\www\projcet\babyweb\cn\Runtime\Cache\c0611aecf6bd4ae35bdcaf82e42e14f2.php 第 81 行.
NOTIC: [8] Use of undefined constant id - assumed 'id' D:\wamp\www\projcet\babyweb\cn\Runtime\Cache\c0611aecf6bd4ae35bdcaf82e42e14f2.php 第 81 行.
NOTIC: [8] Use of undefined constant id - assumed 'id' D:\wamp\www\projcet\babyweb\cn\Runtime\Cache\c0611aecf6bd4ae35bdcaf82e42e14f2.php 第 81 行.
NOTIC: [8] Use of undefined constant id - assumed 'id' D:\wamp\www\projcet\babyweb\cn\Runtime\Cache\c0611aecf6bd4ae35bdcaf82e42e14f2.php 第 81 行.
INFO: ParseTemplate Behavior ::run [ RunTime:0.016596s ]
INFO: [ view_parse ] --END-- [ RunTime:0.016741s ]
INFO: [ view_filter ] --START--
INFO: ContentReplace Behavior ::run [ RunTime:0.001160s ]
INFO: TokenBuild Behavior ::run [ RunTime:0.000970s ]
INFO: WriteHtmlCache Behavior ::run [ RunTime:0.000495s ]
INFO: ShowRuntime Behavior ::run [ RunTime:0.000755s ]
INFO: [ view_filter ] --END-- [ RunTime:0.003705s ]
INFO: [ view_end ] --START--
INFO: ShowPageTrace Behavior ::run [ RunTime:0.001605s ]
INFO: [ view_end ] --END-- [ RunTime:0.001804s ]

[ 2015-01-28T15:39:50+08:00 ] 10.1.1.249 /index.php/video/boxvideo_detail/id/23.shtml
INFO: [ route_check ] --START--
INFO: CheckRoute Behavior ::run [ RunTime:0.002286s ]
INFO: [ route_check ] --END-- [ RunTime:0.002490s ]
INFO: [ app_begin ] --START--
INFO: ReadHtmlCache Behavior ::run [ RunTime:0.001235s ]
INFO: [ app_begin ] --END-- [ RunTime:0.001446s ]
SQL: SHOW COLUMNS FROM `website_apps` [ RunTime:0.006318s ]
NOTIC: [8] Undefined index: cata_id D:\wamp\www\projcet\babyweb\cn\Lib\Action\VideoAction.class.php 第 15 行.
NOTIC: [8] Undefined index: search_word D:\wamp\www\projcet\babyweb\cn\Lib\Action\VideoAction.class.php 第 16 行.
SQL: SHOW COLUMNS FROM `website_song` [ RunTime:0.004696s ]
SQL: SELECT * FROM `website_song` WHERE ( `is_use` = 1 ) AND ( `id` = 23 ) LIMIT 1   [ RunTime:0.000612s ]
INFO: [ view_parse ] --START--
INFO: ParseTemplate Behavior ::run [ RunTime:0.011610s ]
INFO: [ view_parse ] --END-- [ RunTime:0.011766s ]
INFO: [ view_filter ] --START--
INFO: ContentReplace Behavior ::run [ RunTime:0.000671s ]
INFO: TokenBuild Behavior ::run [ RunTime:0.000630s ]
INFO: WriteHtmlCache Behavior ::run [ RunTime:0.000455s ]
INFO: ShowRuntime Behavior ::run [ RunTime:0.000905s ]
INFO: [ view_filter ] --END-- [ RunTime:0.002949s ]
INFO: [ view_end ] --START--
INFO: ShowPageTrace Behavior ::run [ RunTime:0.001329s ]
INFO: [ view_end ] --END-- [ RunTime:0.001494s ]

[ 2015-01-28T15:42:21+08:00 ] 10.1.1.249 /index.php/video/boxvideo_detail/id/23.shtml
INFO: [ route_check ] --START--
INFO: CheckRoute Behavior ::run [ RunTime:0.001470s ]
INFO: [ route_check ] --END-- [ RunTime:0.001611s ]
INFO: [ app_begin ] --START--
INFO: ReadHtmlCache Behavior ::run [ RunTime:0.000847s ]
INFO: [ app_begin ] --END-- [ RunTime:0.000951s ]
SQL: SHOW COLUMNS FROM `website_apps` [ RunTime:0.005807s ]
NOTIC: [8] Undefined index: cata_id D:\wamp\www\projcet\babyweb\cn\Lib\Action\VideoAction.class.php 第 15 行.
NOTIC: [8] Undefined index: search_word D:\wamp\www\projcet\babyweb\cn\Lib\Action\VideoAction.class.php 第 16 行.
SQL: SHOW COLUMNS FROM `website_song` [ RunTime:0.005137s ]
SQL: SELECT * FROM `website_song` WHERE ( `is_use` = 1 ) AND ( `id` = 23 ) LIMIT 1   [ RunTime:0.000915s ]
INFO: [ view_parse ] --START--
INFO: ParseTemplate Behavior ::run [ RunTime:0.011102s ]
INFO: [ view_parse ] --END-- [ RunTime:0.011234s ]
INFO: [ view_filter ] --START--
INFO: ContentReplace Behavior ::run [ RunTime:0.000760s ]
INFO: TokenBuild Behavior ::run [ RunTime:0.000714s ]
INFO: WriteHtmlCache Behavior ::run [ RunTime:0.000585s ]
INFO: ShowRuntime Behavior ::run [ RunTime:0.000903s ]
INFO: [ view_filter ] --END-- [ RunTime:0.003271s ]
INFO: [ view_end ] --START--
INFO: ShowPageTrace Behavior ::run [ RunTime:0.000901s ]
INFO: [ view_end ] --END-- [ RunTime:0.000989s ]

[ 2015-01-28T15:43:02+08:00 ] 10.1.1.249 /index.php/video/boxvideo_detail/id/23.shtml
INFO: [ route_check ] --START--
INFO: CheckRoute Behavior ::run [ RunTime:0.001531s ]
INFO: [ route_check ] --END-- [ RunTime:0.001726s ]
INFO: [ app_begin ] --START--
INFO: ReadHtmlCache Behavior ::run [ RunTime:0.001064s ]
INFO: [ app_begin ] --END-- [ RunTime:0.001184s ]
SQL: SHOW COLUMNS FROM `website_apps` [ RunTime:0.006561s ]
NOTIC: [8] Undefined index: cata_id D:\wamp\www\projcet\babyweb\cn\Lib\Action\VideoAction.class.php 第 15 行.
NOTIC: [8] Undefined index: search_word D:\wamp\www\projcet\babyweb\cn\Lib\Action\VideoAction.class.php 第 16 行.
SQL: SHOW COLUMNS FROM `website_song` [ RunTime:0.005496s ]
SQL: SELECT * FROM `website_song` WHERE ( `is_use` = 1 ) AND ( `id` = 23 ) LIMIT 1   [ RunTime:0.000953s ]
INFO: [ view_parse ] --START--
INFO: ParseTemplate Behavior ::run [ RunTime:0.012647s ]
INFO: [ view_parse ] --END-- [ RunTime:0.012808s ]
INFO: [ view_filter ] --START--
INFO: ContentReplace Behavior ::run [ RunTime:0.000625s ]
INFO: TokenBuild Behavior ::run [ RunTime:0.000602s ]
INFO: WriteHtmlCache Behavior ::run [ RunTime:0.000448s ]
INFO: ShowRuntime Behavior ::run [ RunTime:0.000687s ]
INFO: [ view_filter ] --END-- [ RunTime:0.002606s ]
INFO: [ view_end ] --START--
INFO: ShowPageTrace Behavior ::run [ RunTime:0.001150s ]
INFO: [ view_end ] --END-- [ RunTime:0.001280s ]

[ 2015-01-28T15:45:11+08:00 ] 10.1.1.249 /index.php/video/boxvideo_detail/id/23.shtml
INFO: [ route_check ] --START--
INFO: CheckRoute Behavior ::run [ RunTime:0.001765s ]
INFO: [ route_check ] --END-- [ RunTime:0.001934s ]
INFO: [ app_begin ] --START--
INFO: ReadHtmlCache Behavior ::run [ RunTime:0.000898s ]
INFO: [ app_begin ] --END-- [ RunTime:0.001007s ]
SQL: SHOW COLUMNS FROM `website_apps` [ RunTime:0.005434s ]
NOTIC: [8] Undefined index: cata_id D:\wamp\www\projcet\babyweb\cn\Lib\Action\VideoAction.class.php 第 15 行.
NOTIC: [8] Undefined index: search_word D:\wamp\www\projcet\babyweb\cn\Lib\Action\VideoAction.class.php 第 16 行.
SQL: SHOW COLUMNS FROM `website_song` [ RunTime:0.005434s ]
SQL: SELECT * FROM `website_song` WHERE ( `is_use` = 1 ) AND ( `id` = 23 ) LIMIT 1   [ RunTime:0.000644s ]
INFO: [ view_parse ] --START--
INFO: ParseTemplate Behavior ::run [ RunTime:0.010484s ]
INFO: [ view_parse ] --END-- [ RunTime:0.010632s ]
INFO: [ view_filter ] --START--
INFO: ContentReplace Behavior ::run [ RunTime:0.000634s ]
INFO: TokenBuild Behavior ::run [ RunTime:0.000599s ]
INFO: WriteHtmlCache Behavior ::run [ RunTime:0.000447s ]
INFO: ShowRuntime Behavior ::run [ RunTime:0.000726s ]
INFO: [ view_filter ] --END-- [ RunTime:0.002665s ]
INFO: [ view_end ] --START--
INFO: ShowPageTrace Behavior ::run [ RunTime:0.000905s ]
INFO: [ view_end ] --END-- [ RunTime:0.001018s ]

[ 2015-01-28T15:46:41+08:00 ] 10.1.1.249 /index.php/video/boxvideo_detail/id/23.shtml
INFO: [ route_check ] --START--
INFO: CheckRoute Behavior ::run [ RunTime:0.001541s ]
INFO: [ route_check ] --END-- [ RunTime:0.001689s ]
INFO: [ app_begin ] --START--
INFO: ReadHtmlCache Behavior ::run [ RunTime:0.001173s ]
INFO: [ app_begin ] --END-- [ RunTime:0.001298s ]
SQL: SHOW COLUMNS FROM `website_apps` [ RunTime:0.011441s ]
NOTIC: [8] Undefined index: cata_id D:\wamp\www\projcet\babyweb\cn\Lib\Action\VideoAction.class.php 第 15 行.
NOTIC: [8] Undefined index: search_word D:\wamp\www\projcet\babyweb\cn\Lib\Action\VideoAction.class.php 第 16 行.
SQL: SHOW COLUMNS FROM `website_song` [ RunTime:0.006574s ]
SQL: SELECT * FROM `website_song` WHERE ( `is_use` = 1 ) AND ( `id` = 23 ) LIMIT 1   [ RunTime:0.001554s ]
INFO: [ view_parse ] --START--
INFO: ParseTemplate Behavior ::run [ RunTime:0.012634s ]
INFO: [ view_parse ] --END-- [ RunTime:0.012864s ]
INFO: [ view_filter ] --START--
INFO: ContentReplace Behavior ::run [ RunTime:0.001258s ]
INFO: TokenBuild Behavior ::run [ RunTime:0.000871s ]
INFO: WriteHtmlCache Behavior ::run [ RunTime:0.000645s ]
INFO: ShowRuntime Behavior ::run [ RunTime:0.000862s ]
INFO: [ view_filter ] --END-- [ RunTime:0.003993s ]
INFO: [ view_end ] --START--
INFO: ShowPageTrace Behavior ::run [ RunTime:0.001194s ]
INFO: [ view_end ] --END-- [ RunTime:0.001394s ]

[ 2015-01-28T15:48:04+08:00 ] 10.1.1.249 /index.php/video/boxvideo.shtml
INFO: [ route_check ] --START--
INFO: CheckRoute Behavior ::run [ RunTime:0.001464s ]
INFO: [ route_check ] --END-- [ RunTime:0.001618s ]
INFO: [ app_begin ] --START--
INFO: ReadHtmlCache Behavior ::run [ RunTime:0.001104s ]
INFO: [ app_begin ] --END-- [ RunTime:0.001231s ]
SQL: SHOW COLUMNS FROM `website_apps` [ RunTime:0.005166s ]
NOTIC: [8] Undefined index: cata_id D:\wamp\www\projcet\babyweb\cn\Lib\Action\VideoAction.class.php 第 15 行.
NOTIC: [8] Undefined index: search_word D:\wamp\www\projcet\babyweb\cn\Lib\Action\VideoAction.class.php 第 16 行.
SQL: SHOW COLUMNS FROM `website_song` [ RunTime:0.004315s ]
SQL: SELECT * FROM `website_song` WHERE ( is_use=1 ) ORDER BY id desc LIMIT 0,8   [ RunTime:0.000718s ]
INFO: [ view_parse ] --START--
NOTIC: [8] Use of undefined constant id - assumed 'id' D:\wamp\www\projcet\babyweb\cn\Runtime\Cache\c0611aecf6bd4ae35bdcaf82e42e14f2.php 第 81 行.
NOTIC: [8] Use of undefined constant id - assumed 'id' D:\wamp\www\projcet\babyweb\cn\Runtime\Cache\c0611aecf6bd4ae35bdcaf82e42e14f2.php 第 81 行.
NOTIC: [8] Use of undefined constant id - assumed 'id' D:\wamp\www\projcet\babyweb\cn\Runtime\Cache\c0611aecf6bd4ae35bdcaf82e42e14f2.php 第 81 行.
NOTIC: [8] Use of undefined constant id - assumed 'id' D:\wamp\www\projcet\babyweb\cn\Runtime\Cache\c0611aecf6bd4ae35bdcaf82e42e14f2.php 第 81 行.
NOTIC: [8] Use of undefined constant id - assumed 'id' D:\wamp\www\projcet\babyweb\cn\Runtime\Cache\c0611aecf6bd4ae35bdcaf82e42e14f2.php 第 81 行.
INFO: ParseTemplate Behavior ::run [ RunTime:0.016638s ]
INFO: [ view_parse ] --END-- [ RunTime:0.016758s ]
INFO: [ view_filter ] --START--
INFO: ContentReplace Behavior ::run [ RunTime:0.000856s ]
INFO: TokenBuild Behavior ::run [ RunTime:0.000614s ]
INFO: WriteHtmlCache Behavior ::run [ RunTime:0.000457s ]
INFO: ShowRuntime Behavior ::run [ RunTime:0.000713s ]
INFO: [ view_filter ] --END-- [ RunTime:0.002891s ]
INFO: [ view_end ] --START--
INFO: ShowPageTrace Behavior ::run [ RunTime:0.001545s ]
INFO: [ view_end ] --END-- [ RunTime:0.001691s ]

[ 2015-01-28T15:48:05+08:00 ] 10.1.1.249 /index.php/video/boxvideo_detail/id/23.shtml
INFO: [ route_check ] --START--
INFO: CheckRoute Behavior ::run [ RunTime:0.002372s ]
INFO: [ route_check ] --END-- [ RunTime:0.002564s ]
INFO: [ app_begin ] --START--
INFO: ReadHtmlCache Behavior ::run [ RunTime:0.000949s ]
INFO: [ app_begin ] --END-- [ RunTime:0.001072s ]
SQL: SHOW COLUMNS FROM `website_apps` [ RunTime:0.005037s ]
NOTIC: [8] Undefined index: cata_id D:\wamp\www\projcet\babyweb\cn\Lib\Action\VideoAction.class.php 第 15 行.
NOTIC: [8] Undefined index: search_word D:\wamp\www\projcet\babyweb\cn\Lib\Action\VideoAction.class.php 第 16 行.
SQL: SHOW COLUMNS FROM `website_song` [ RunTime:0.004049s ]
SQL: SELECT * FROM `website_song` WHERE ( `is_use` = 1 ) AND ( `id` = 23 ) LIMIT 1   [ RunTime:0.000662s ]
INFO: [ view_parse ] --START--
INFO: ParseTemplate Behavior ::run [ RunTime:0.009967s ]
INFO: [ view_parse ] --END-- [ RunTime:0.010112s ]
INFO: [ view_filter ] --START--
INFO: ContentReplace Behavior ::run [ RunTime:0.000594s ]
INFO: TokenBuild Behavior ::run [ RunTime:0.000626s ]
INFO: WriteHtmlCache Behavior ::run [ RunTime:0.000446s ]
INFO: ShowRuntime Behavior ::run [ RunTime:0.000690s ]
INFO: [ view_filter ] --END-- [ RunTime:0.002600s ]
INFO: [ view_end ] --START--
INFO: ShowPageTrace Behavior ::run [ RunTime:0.000848s ]
INFO: [ view_end ] --END-- [ RunTime:0.000935s ]

[ 2015-01-28T15:48:39+08:00 ] 10.1.1.249 /index.php/video/boxvideo_detail/id/23.shtml
INFO: [ route_check ] --START--
INFO: CheckRoute Behavior ::run [ RunTime:0.001027s ]
INFO: [ route_check ] --END-- [ RunTime:0.001155s ]
INFO: [ app_begin ] --START--
INFO: ReadHtmlCache Behavior ::run [ RunTime:0.000656s ]
INFO: [ app_begin ] --END-- [ RunTime:0.000743s ]
SQL: SHOW COLUMNS FROM `website_apps` [ RunTime:0.005623s ]
NOTIC: [8] Undefined index: cata_id D:\wamp\www\projcet\babyweb\cn\Lib\Action\VideoAction.class.php 第 15 行.
NOTIC: [8] Undefined index: search_word D:\wamp\www\projcet\babyweb\cn\Lib\Action\VideoAction.class.php 第 16 行.
SQL: SHOW COLUMNS FROM `website_song` [ RunTime:0.004647s ]
SQL: SELECT * FROM `website_song` WHERE ( `is_use` = 1 ) AND ( `id` = 23 ) LIMIT 1   [ RunTime:0.001795s ]
INFO: [ view_parse ] --START--
INFO: ParseTemplate Behavior ::run [ RunTime:0.010248s ]
INFO: [ view_parse ] --END-- [ RunTime:0.010488s ]
INFO: [ view_filter ] --START--
INFO: ContentReplace Behavior ::run [ RunTime:0.000502s ]
INFO: TokenBuild Behavior ::run [ RunTime:0.000559s ]
INFO: WriteHtmlCache Behavior ::run [ RunTime:0.000370s ]
INFO: ShowRuntime Behavior ::run [ RunTime:0.000584s ]
INFO: [ view_filter ] --END-- [ RunTime:0.002267s ]
INFO: [ view_end ] --START--
INFO: ShowPageTrace Behavior ::run [ RunTime:0.000819s ]
INFO: [ view_end ] --END-- [ RunTime:0.000908s ]

[ 2015-01-28T15:48:58+08:00 ] 10.1.1.249 /index.php/video/boxvideo_detail/id/23.shtml
INFO: [ route_check ] --START--
INFO: CheckRoute Behavior ::run [ RunTime:0.001823s ]
INFO: [ route_check ] --END-- [ RunTime:0.001997s ]
INFO: [ app_begin ] --START--
INFO: ReadHtmlCache Behavior ::run [ RunTime:0.001130s ]
INFO: [ app_begin ] --END-- [ RunTime:0.001262s ]
SQL: SHOW COLUMNS FROM `website_apps` [ RunTime:0.006429s ]
NOTIC: [8] Undefined index: cata_id D:\wamp\www\projcet\babyweb\cn\Lib\Action\VideoAction.class.php 第 15 行.
NOTIC: [8] Undefined index: search_word D:\wamp\www\projcet\babyweb\cn\Lib\Action\VideoAction.class.php 第 16 行.
SQL: SHOW COLUMNS FROM `website_song` [ RunTime:0.005984s ]
SQL: SELECT * FROM `website_song` WHERE ( `is_use` = 1 ) AND ( `id` = 23 ) LIMIT 1   [ RunTime:0.001765s ]
INFO: [ view_parse ] --START--
INFO: ParseTemplate Behavior ::run [ RunTime:0.014831s ]
INFO: [ view_parse ] --END-- [ RunTime:0.015016s ]
INFO: [ view_filter ] --START--
INFO: ContentReplace Behavior ::run [ RunTime:0.000918s ]
INFO: TokenBuild Behavior ::run [ RunTime:0.000858s ]
INFO: WriteHtmlCache Behavior ::run [ RunTime:0.000615s ]
INFO: ShowRuntime Behavior ::run [ RunTime:0.000965s ]
INFO: [ view_filter ] --END-- [ RunTime:0.003706s ]
INFO: [ view_end ] --START--
INFO: ShowPageTrace Behavior ::run [ RunTime:0.001205s ]
INFO: [ view_end ] --END-- [ RunTime:0.001336s ]

[ 2015-01-28T15:49:22+08:00 ] 10.1.1.249 /index.php/video/boxvideo_detail/id/23.shtml
INFO: [ route_check ] --START--
INFO: CheckRoute Behavior ::run [ RunTime:0.001517s ]
INFO: [ route_check ] --END-- [ RunTime:0.001719s ]
INFO: [ app_begin ] --START--
INFO: ReadHtmlCache Behavior ::run [ RunTime:0.001088s ]
INFO: [ app_begin ] --END-- [ RunTime:0.001257s ]
SQL: SHOW COLUMNS FROM `website_apps` [ RunTime:0.005827s ]
NOTIC: [8] Undefined index: cata_id D:\wamp\www\projcet\babyweb\cn\Lib\Action\VideoAction.class.php 第 15 行.
NOTIC: [8] Undefined index: search_word D:\wamp\www\projcet\babyweb\cn\Lib\Action\VideoAction.class.php 第 16 行.
SQL: SHOW COLUMNS FROM `website_song` [ RunTime:0.005858s ]
SQL: SELECT * FROM `website_song` WHERE ( `is_use` = 1 ) AND ( `id` = 23 ) LIMIT 1   [ RunTime:0.001092s ]
INFO: [ view_parse ] --START--
INFO: ParseTemplate Behavior ::run [ RunTime:0.011963s ]
INFO: [ view_parse ] --END-- [ RunTime:0.012129s ]
INFO: [ view_filter ] --START--
INFO: ContentReplace Behavior ::run [ RunTime:0.000525s ]
INFO: TokenBuild Behavior ::run [ RunTime:0.000587s ]
INFO: WriteHtmlCache Behavior ::run [ RunTime:0.000475s ]
INFO: ShowRuntime Behavior ::run [ RunTime:0.000887s ]
INFO: [ view_filter ] --END-- [ RunTime:0.002801s ]
INFO: [ view_end ] --START--
INFO: ShowPageTrace Behavior ::run [ RunTime:0.001216s ]
INFO: [ view_end ] --END-- [ RunTime:0.001375s ]

[ 2015-01-28T15:49:28+08:00 ] 10.1.1.249 /index.php/video/boxvideo_detail/id/23.shtml
INFO: [ route_check ] --START--
INFO: CheckRoute Behavior ::run [ RunTime:0.001470s ]
INFO: [ route_check ] --END-- [ RunTime:0.001646s ]
INFO: [ app_begin ] --START--
INFO: ReadHtmlCache Behavior ::run [ RunTime:0.000878s ]
INFO: [ app_begin ] --END-- [ RunTime:0.000998s ]
SQL: SHOW COLUMNS FROM `website_apps` [ RunTime:0.005721s ]
NOTIC: [8] Undefined index: cata_id D:\wamp\www\projcet\babyweb\cn\Lib\Action\VideoAction.class.php 第 15 行.
NOTIC: [8] Undefined index: search_word D:\wamp\www\projcet\babyweb\cn\Lib\Action\VideoAction.class.php 第 16 行.
SQL: SHOW COLUMNS FROM `website_song` [ RunTime:0.005583s ]
SQL: SELECT * FROM `website_song` WHERE ( `is_use` = 1 ) AND ( `id` = 23 ) LIMIT 1   [ RunTime:0.001295s ]
INFO: [ view_parse ] --START--
INFO: ParseTemplate Behavior ::run [ RunTime:0.009513s ]
INFO: [ view_parse ] --END-- [ RunTime:0.009653s ]
INFO: [ view_filter ] --START--
INFO: ContentReplace Behavior ::run [ RunTime:0.000555s ]
INFO: TokenBuild Behavior ::run [ RunTime:0.000563s ]
INFO: WriteHtmlCache Behavior ::run [ RunTime:0.000452s ]
INFO: ShowRuntime Behavior ::run [ RunTime:0.000830s ]
INFO: [ view_filter ] --END-- [ RunTime:0.002685s ]
INFO: [ view_end ] --START--
INFO: ShowPageTrace Behavior ::run [ RunTime:0.000779s ]
INFO: [ view_end ] --END-- [ RunTime:0.000881s ]

[ 2015-01-28T15:49:37+08:00 ] 10.1.1.249 /index.php/video/boxvideo_detail/id/23.shtml
INFO: [ route_check ] --START--
INFO: CheckRoute Behavior ::run [ RunTime:0.001149s ]
INFO: [ route_check ] --END-- [ RunTime:0.001294s ]
INFO: [ app_begin ] --START--
INFO: ReadHtmlCache Behavior ::run [ RunTime:0.000921s ]
INFO: [ app_begin ] --END-- [ RunTime:0.001047s ]
SQL: SHOW COLUMNS FROM `website_apps` [ RunTime:0.006544s ]
NOTIC: [8] Undefined index: cata_id D:\wamp\www\projcet\babyweb\cn\Lib\Action\VideoAction.class.php 第 15 行.
NOTIC: [8] Undefined index: search_word D:\wamp\www\projcet\babyweb\cn\Lib\Action\VideoAction.class.php 第 16 行.
SQL: SHOW COLUMNS FROM `website_song` [ RunTime:0.005541s ]
SQL: SELECT * FROM `website_song` WHERE ( `is_use` = 1 ) AND ( `id` = 23 ) LIMIT 1   [ RunTime:0.001001s ]
INFO: [ view_parse ] --START--
INFO: ParseTemplate Behavior ::run [ RunTime:0.010967s ]
INFO: [ view_parse ] --END-- [ RunTime:0.011137s ]
INFO: [ view_filter ] --START--
INFO: ContentReplace Behavior ::run [ RunTime:0.000722s ]
INFO: TokenBuild Behavior ::run [ RunTime:0.000725s ]
INFO: WriteHtmlCache Behavior ::run [ RunTime:0.000542s ]
INFO: ShowRuntime Behavior ::run [ RunTime:0.000642s ]
INFO: [ view_filter ] --END-- [ RunTime:0.003007s ]
INFO: [ view_end ] --START--
INFO: ShowPageTrace Behavior ::run [ RunTime:0.001059s ]
INFO: [ view_end ] --END-- [ RunTime:0.001209s ]

[ 2015-01-28T15:52:03+08:00 ] 10.1.1.249 /index.php/video/boxvideo_detail/id/23.shtml
INFO: [ route_check ] --START--
INFO: CheckRoute Behavior ::run [ RunTime:0.002037s ]
INFO: [ route_check ] --END-- [ RunTime:0.002242s ]
INFO: [ app_begin ] --START--
INFO: ReadHtmlCache Behavior ::run [ RunTime:0.001173s ]
INFO: [ app_begin ] --END-- [ RunTime:0.001333s ]
SQL: SHOW COLUMNS FROM `website_apps` [ RunTime:0.005175s ]
NOTIC: [8] Undefined index: cata_id D:\wamp\www\projcet\babyweb\cn\Lib\Action\VideoAction.class.php 第 15 行.
NOTIC: [8] Undefined index: search_word D:\wamp\www\projcet\babyweb\cn\Lib\Action\VideoAction.class.php 第 16 行.
SQL: SHOW COLUMNS FROM `website_song` [ RunTime:0.004014s ]
SQL: SELECT * FROM `website_song` WHERE ( `is_use` = 1 ) AND ( `id` = 23 ) LIMIT 1   [ RunTime:0.000525s ]
INFO: [ view_parse ] --START--
INFO: ParseTemplate Behavior ::run [ RunTime:0.012260s ]
INFO: [ view_parse ] --END-- [ RunTime:0.012413s ]
INFO: [ view_filter ] --START--
INFO: ContentReplace Behavior ::run [ RunTime:0.000617s ]
INFO: TokenBuild Behavior ::run [ RunTime:0.000979s ]
INFO: WriteHtmlCache Behavior ::run [ RunTime:0.000687s ]
INFO: ShowRuntime Behavior ::run [ RunTime:0.000867s ]
INFO: [ view_filter ] --END-- [ RunTime:0.003465s ]
INFO: [ view_end ] --START--
INFO: ShowPageTrace Behavior ::run [ RunTime:0.001071s ]
INFO: [ view_end ] --END-- [ RunTime:0.001172s ]

[ 2015-01-28T15:52:54+08:00 ] 10.1.1.249 /
INFO: [ app_begin ] --START--
INFO: ReadHtmlCache Behavior ::run [ RunTime:0.000981s ]
INFO: [ app_begin ] --END-- [ RunTime:0.001132s ]
SQL: SHOW COLUMNS FROM `website_link` [ RunTime:0.020425s ]
SQL: SELECT * FROM `website_link` WHERE ( `lang` = 'zh-Hans' ) ORDER BY link_sort LIMIT 10   [ RunTime:0.001226s ]
SQL: SHOW COLUMNS FROM `website_index_images` [ RunTime:0.019170s ]
SQL: SELECT * FROM `website_index_images` WHERE ( lang='zh-Hans' and used=1 ) ORDER BY num asc,id asc  [ RunTime:0.014634s ]
INFO: [ view_parse ] --START--
NOTIC: [8] Use of undefined constant one - assumed 'one' D:\wamp\www\projcet\babyweb\cn\Runtime\Cache\5ec3307169fe79e2b7d3e10856dd48ce.php 第 134 行.
NOTIC: [8] Use of undefined constant one3 - assumed 'one3' D:\wamp\www\projcet\babyweb\cn\Runtime\Cache\5ec3307169fe79e2b7d3e10856dd48ce.php 第 134 行.
NOTIC: [8] Use of undefined constant one3 - assumed 'one3' D:\wamp\www\projcet\babyweb\cn\Runtime\Cache\5ec3307169fe79e2b7d3e10856dd48ce.php 第 147 行.
NOTIC: [8] Use of undefined constant one - assumed 'one' D:\wamp\www\projcet\babyweb\cn\Runtime\Cache\5ec3307169fe79e2b7d3e10856dd48ce.php 第 134 行.
NOTIC: [8] Use of undefined constant one3 - assumed 'one3' D:\wamp\www\projcet\babyweb\cn\Runtime\Cache\5ec3307169fe79e2b7d3e10856dd48ce.php 第 147 行.
NOTIC: [8] Use of undefined constant one - assumed 'one' D:\wamp\www\projcet\babyweb\cn\Runtime\Cache\5ec3307169fe79e2b7d3e10856dd48ce.php 第 258 行.
NOTIC: [8] Use of undefined constant one3 - assumed 'one3' D:\wamp\www\projcet\babyweb\cn\Runtime\Cache\5ec3307169fe79e2b7d3e10856dd48ce.php 第 258 行.
NOTIC: [8] Use of undefined constant one3 - assumed 'one3' D:\wamp\www\projcet\babyweb\cn\Runtime\Cache\5ec3307169fe79e2b7d3e10856dd48ce.php 第 271 行.
NOTIC: [8] Use of undefined constant one - assumed 'one' D:\wamp\www\projcet\babyweb\cn\Runtime\Cache\5ec3307169fe79e2b7d3e10856dd48ce.php 第 258 行.
NOTIC: [8] Use of undefined constant one3 - assumed 'one3' D:\wamp\www\projcet\babyweb\cn\Runtime\Cache\5ec3307169fe79e2b7d3e10856dd48ce.php 第 271 行.
INFO: ParseTemplate Behavior ::run [ RunTime:0.073770s ]
INFO: [ view_parse ] --END-- [ RunTime:0.073939s ]
INFO: [ view_filter ] --START--
INFO: ContentReplace Behavior ::run [ RunTime:0.001352s ]
INFO: TokenBuild Behavior ::run [ RunTime:0.000713s ]
INFO: WriteHtmlCache Behavior ::run [ RunTime:0.000477s ]
INFO: ShowRuntime Behavior ::run [ RunTime:0.001109s ]
INFO: [ view_filter ] --END-- [ RunTime:0.003966s ]
INFO: [ view_end ] --START--
INFO: ShowPageTrace Behavior ::run [ RunTime:0.001717s ]
INFO: [ view_end ] --END-- [ RunTime:0.001895s ]

[ 2015-01-28T15:53:02+08:00 ] 10.1.1.249 /index.php/video/boxvideo_detail/id/23.shtml
INFO: [ route_check ] --START--
INFO: CheckRoute Behavior ::run [ RunTime:0.001344s ]
INFO: [ route_check ] --END-- [ RunTime:0.001476s ]
INFO: [ app_begin ] --START--
INFO: ReadHtmlCache Behavior ::run [ RunTime:0.000799s ]
INFO: [ app_begin ] --END-- [ RunTime:0.000895s ]
SQL: SHOW COLUMNS FROM `website_apps` [ RunTime:0.005658s ]
NOTIC: [8] Undefined index: cata_id D:\wamp\www\projcet\babyweb\cn\Lib\Action\VideoAction.class.php 第 15 行.
NOTIC: [8] Undefined index: search_word D:\wamp\www\projcet\babyweb\cn\Lib\Action\VideoAction.class.php 第 16 行.
SQL: SHOW COLUMNS FROM `website_song` [ RunTime:0.004850s ]
SQL: SELECT * FROM `website_song` WHERE ( `is_use` = 1 ) AND ( `id` = 23 ) LIMIT 1   [ RunTime:0.001339s ]
INFO: [ view_parse ] --START--
INFO: ParseTemplate Behavior ::run [ RunTime:0.011989s ]
INFO: [ view_parse ] --END-- [ RunTime:0.012138s ]
INFO: [ view_filter ] --START--
INFO: ContentReplace Behavior ::run [ RunTime:0.000644s ]
INFO: TokenBuild Behavior ::run [ RunTime:0.000766s ]
INFO: WriteHtmlCache Behavior ::run [ RunTime:0.000492s ]
INFO: ShowRuntime Behavior ::run [ RunTime:0.000782s ]
INFO: [ view_filter ] --END-- [ RunTime:0.002969s ]
INFO: [ view_end ] --START--
INFO: ShowPageTrace Behavior ::run [ RunTime:0.000992s ]
INFO: [ view_end ] --END-- [ RunTime:0.001116s ]

[ 2015-01-28T15:53:13+08:00 ] 10.1.1.249 /index.php/video/boxvideo_detail/id/23.shtml
INFO: [ route_check ] --START--
INFO: CheckRoute Behavior ::run [ RunTime:0.001363s ]
INFO: [ route_check ] --END-- [ RunTime:0.001496s ]
INFO: [ app_begin ] --START--
INFO: ReadHtmlCache Behavior ::run [ RunTime:0.000842s ]
INFO: [ app_begin ] --END-- [ RunTime:0.000968s ]
SQL: SHOW COLUMNS FROM `website_apps` [ RunTime:0.006674s ]
NOTIC: [8] Undefined index: cata_id D:\wamp\www\projcet\babyweb\cn\Lib\Action\VideoAction.class.php 第 15 行.
NOTIC: [8] Undefined index: search_word D:\wamp\www\projcet\babyweb\cn\Lib\Action\VideoAction.class.php 第 16 行.
SQL: SHOW COLUMNS FROM `website_song` [ RunTime:0.004061s ]
SQL: SELECT * FROM `website_song` WHERE ( `is_use` = 1 ) AND ( `id` = 23 ) LIMIT 1   [ RunTime:0.000623s ]
INFO: [ view_parse ] --START--
INFO: ParseTemplate Behavior ::run [ RunTime:0.010592s ]
INFO: [ view_parse ] --END-- [ RunTime:0.010867s ]
INFO: [ view_filter ] --START--
INFO: ContentReplace Behavior ::run [ RunTime:0.000621s ]
INFO: TokenBuild Behavior ::run [ RunTime:0.000598s ]
INFO: WriteHtmlCache Behavior ::run [ RunTime:0.000459s ]
INFO: ShowRuntime Behavior ::run [ RunTime:0.000773s ]
INFO: [ view_filter ] --END-- [ RunTime:0.002719s ]
INFO: [ view_end ] --START--
INFO: ShowPageTrace Behavior ::run [ RunTime:0.001095s ]
INFO: [ view_end ] --END-- [ RunTime:0.001216s ]

[ 2015-01-28T15:53:20+08:00 ] 10.1.1.249 /index.php/video/boxvideo_detail/id/23.shtml
INFO: [ route_check ] --START--
INFO: CheckRoute Behavior ::run [ RunTime:0.001417s ]
INFO: [ route_check ] --END-- [ RunTime:0.001613s ]
INFO: [ app_begin ] --START--
INFO: ReadHtmlCache Behavior ::run [ RunTime:0.000952s ]
INFO: [ app_begin ] --END-- [ RunTime:0.001071s ]
SQL: SHOW COLUMNS FROM `website_apps` [ RunTime:0.006593s ]
NOTIC: [8] Undefined index: cata_id D:\wamp\www\projcet\babyweb\cn\Lib\Action\VideoAction.class.php 第 15 行.
NOTIC: [8] Undefined index: search_word D:\wamp\www\projcet\babyweb\cn\Lib\Action\VideoAction.class.php 第 16 行.
SQL: SHOW COLUMNS FROM `website_song` [ RunTime:0.004959s ]
SQL: SELECT * FROM `website_song` WHERE ( `is_use` = 1 ) AND ( `id` = 23 ) LIMIT 1   [ RunTime:0.000708s ]
INFO: [ view_parse ] --START--
INFO: ParseTemplate Behavior ::run [ RunTime:0.012675s ]
INFO: [ view_parse ] --END-- [ RunTime:0.012832s ]
INFO: [ view_filter ] --START--
INFO: ContentReplace Behavior ::run [ RunTime:0.000628s ]
INFO: TokenBuild Behavior ::run [ RunTime:0.000599s ]
INFO: WriteHtmlCache Behavior ::run [ RunTime:0.000471s ]
INFO: ShowRuntime Behavior ::run [ RunTime:0.000819s ]
INFO: [ view_filter ] --END-- [ RunTime:0.002845s ]
INFO: [ view_end ] --START--
INFO: ShowPageTrace Behavior ::run [ RunTime:0.001107s ]
INFO: [ view_end ] --END-- [ RunTime:0.001240s ]

[ 2015-01-28T15:55:58+08:00 ] 10.1.1.249 /index.php/video/boxvideo_detail/id/23.shtml
INFO: [ route_check ] --START--
INFO: CheckRoute Behavior ::run [ RunTime:0.001780s ]
INFO: [ route_check ] --END-- [ RunTime:0.001982s ]
INFO: [ app_begin ] --START--
INFO: ReadHtmlCache Behavior ::run [ RunTime:0.001170s ]
INFO: [ app_begin ] --END-- [ RunTime:0.001356s ]
SQL: SHOW COLUMNS FROM `website_apps` [ RunTime:0.020835s ]
NOTIC: [8] Undefined index: cata_id D:\wamp\www\projcet\babyweb\cn\Lib\Action\VideoAction.class.php 第 15 行.
NOTIC: [8] Undefined index: search_word D:\wamp\www\projcet\babyweb\cn\Lib\Action\VideoAction.class.php 第 16 行.
SQL: SHOW COLUMNS FROM `website_song` [ RunTime:0.005179s ]
SQL: SELECT * FROM `website_song` WHERE ( `is_use` = 1 ) AND ( `id` = 23 ) LIMIT 1   [ RunTime:0.000509s ]
INFO: [ view_parse ] --START--
INFO: ParseTemplate Behavior ::run [ RunTime:0.012028s ]
INFO: [ view_parse ] --END-- [ RunTime:0.012206s ]
INFO: [ view_filter ] --START--
INFO: ContentReplace Behavior ::run [ RunTime:0.000916s ]
INFO: TokenBuild Behavior ::run [ RunTime:0.000890s ]
INFO: WriteHtmlCache Behavior ::run [ RunTime:0.000697s ]
INFO: ShowRuntime Behavior ::run [ RunTime:0.001018s ]
INFO: [ view_filter ] --END-- [ RunTime:0.003906s ]
INFO: [ view_end ] --START--
INFO: ShowPageTrace Behavior ::run [ RunTime:0.001306s ]
INFO: [ view_end ] --END-- [ RunTime:0.001443s ]

[ 2015-01-28T15:57:52+08:00 ] 10.1.1.249 /index.php/video/boxvideo_detail/id/23.shtml
INFO: [ route_check ] --START--
INFO: CheckRoute Behavior ::run [ RunTime:0.001505s ]
INFO: [ route_check ] --END-- [ RunTime:0.001648s ]
INFO: [ app_begin ] --START--
INFO: ReadHtmlCache Behavior ::run [ RunTime:0.000857s ]
INFO: [ app_begin ] --END-- [ RunTime:0.000959s ]
SQL: SHOW COLUMNS FROM `website_apps` [ RunTime:0.010413s ]
NOTIC: [8] Undefined index: cata_id D:\wamp\www\projcet\babyweb\cn\Lib\Action\VideoAction.class.php 第 15 行.
NOTIC: [8] Undefined index: search_word D:\wamp\www\projcet\babyweb\cn\Lib\Action\VideoAction.class.php 第 16 行.
SQL: SHOW COLUMNS FROM `website_song` [ RunTime:0.006697s ]
SQL: SELECT * FROM `website_song` WHERE ( `is_use` = 1 ) AND ( `id` = 23 ) LIMIT 1   [ RunTime:0.000953s ]
INFO: [ view_parse ] --START--
INFO: ParseTemplate Behavior ::run [ RunTime:0.016306s ]
INFO: [ view_parse ] --END-- [ RunTime:0.016489s ]
INFO: [ view_filter ] --START--
INFO: ContentReplace Behavior ::run [ RunTime:0.000772s ]
INFO: TokenBuild Behavior ::run [ RunTime:0.000824s ]
INFO: WriteHtmlCache Behavior ::run [ RunTime:0.000836s ]
INFO: ShowRuntime Behavior ::run [ RunTime:0.000924s ]
INFO: [ view_filter ] --END-- [ RunTime:0.003730s ]
INFO: [ view_end ] --START--
INFO: ShowPageTrace Behavior ::run [ RunTime:0.001292s ]
INFO: [ view_end ] --END-- [ RunTime:0.001419s ]

[ 2015-01-28T15:58:10+08:00 ] 10.1.1.249 /index.php/video/boxvideo_detail/id/23.shtml
INFO: [ route_check ] --START--
INFO: CheckRoute Behavior ::run [ RunTime:0.001560s ]
INFO: [ route_check ] --END-- [ RunTime:0.001760s ]
INFO: [ app_begin ] --START--
INFO: ReadHtmlCache Behavior ::run [ RunTime:0.000957s ]
INFO: [ app_begin ] --END-- [ RunTime:0.001103s ]
SQL: SHOW COLUMNS FROM `website_apps` [ RunTime:0.005486s ]
NOTIC: [8] Undefined index: cata_id D:\wamp\www\projcet\babyweb\cn\Lib\Action\VideoAction.class.php 第 15 行.
NOTIC: [8] Undefined index: search_word D:\wamp\www\projcet\babyweb\cn\Lib\Action\VideoAction.class.php 第 16 行.
SQL: SHOW COLUMNS FROM `website_song` [ RunTime:0.005139s ]
SQL: SELECT * FROM `website_song` WHERE ( `is_use` = 1 ) AND ( `id` = 23 ) LIMIT 1   [ RunTime:0.000903s ]
INFO: [ view_parse ] --START--
INFO: ParseTemplate Behavior ::run [ RunTime:0.010711s ]
INFO: [ view_parse ] --END-- [ RunTime:0.010867s ]
INFO: [ view_filter ] --START--
INFO: ContentReplace Behavior ::run [ RunTime:0.000680s ]
INFO: TokenBuild Behavior ::run [ RunTime:0.000659s ]
INFO: WriteHtmlCache Behavior ::run [ RunTime:0.000461s ]
INFO: ShowRuntime Behavior ::run [ RunTime:0.000763s ]
INFO: [ view_filter ] --END-- [ RunTime:0.002890s ]
INFO: [ view_end ] --START--
INFO: ShowPageTrace Behavior ::run [ RunTime:0.000997s ]
INFO: [ view_end ] --END-- [ RunTime:0.001116s ]

[ 2015-01-28T15:58:36+08:00 ] 10.1.1.249 /index.php/video/boxvideo_detail/id/23.shtml
INFO: [ route_check ] --START--
INFO: CheckRoute Behavior ::run [ RunTime:0.001407s ]
INFO: [ route_check ] --END-- [ RunTime:0.001564s ]
INFO: [ app_begin ] --START--
INFO: ReadHtmlCache Behavior ::run [ RunTime:0.000832s ]
INFO: [ app_begin ] --END-- [ RunTime:0.000945s ]
SQL: SHOW COLUMNS FROM `website_apps` [ RunTime:0.005069s ]
NOTIC: [8] Undefined index: cata_id D:\wamp\www\projcet\babyweb\cn\Lib\Action\VideoAction.class.php 第 15 行.
NOTIC: [8] Undefined index: search_word D:\wamp\www\projcet\babyweb\cn\Lib\Action\VideoAction.class.php 第 16 行.
SQL: SHOW COLUMNS FROM `website_song` [ RunTime:0.005100s ]
SQL: SELECT * FROM `website_song` WHERE ( `is_use` = 1 ) AND ( `id` = 23 ) LIMIT 1   [ RunTime:0.001143s ]
INFO: [ view_parse ] --START--
INFO: ParseTemplate Behavior ::run [ RunTime:0.010924s ]
INFO: [ view_parse ] --END-- [ RunTime:0.011106s ]
INFO: [ view_filter ] --START--
INFO: ContentReplace Behavior ::run [ RunTime:0.000749s ]
INFO: TokenBuild Behavior ::run [ RunTime:0.000690s ]
INFO: WriteHtmlCache Behavior ::run [ RunTime:0.000438s ]
INFO: ShowRuntime Behavior ::run [ RunTime:0.000812s ]
INFO: [ view_filter ] --END-- [ RunTime:0.003005s ]
INFO: [ view_end ] --START--
INFO: ShowPageTrace Behavior ::run [ RunTime:0.001215s ]
INFO: [ view_end ] --END-- [ RunTime:0.001351s ]

[ 2015-01-28T15:58:40+08:00 ] 10.1.1.249 /
INFO: [ app_begin ] --START--
INFO: ReadHtmlCache Behavior ::run [ RunTime:0.000707s ]
INFO: [ app_begin ] --END-- [ RunTime:0.000831s ]
SQL: SHOW COLUMNS FROM `website_link` [ RunTime:0.005551s ]
SQL: SELECT * FROM `website_link` WHERE ( `lang` = 'zh-Hans' ) ORDER BY link_sort LIMIT 10   [ RunTime:0.001319s ]
SQL: SHOW COLUMNS FROM `website_index_images` [ RunTime:0.006544s ]
SQL: SELECT * FROM `website_index_images` WHERE ( lang='zh-Hans' and used=1 ) ORDER BY num asc,id asc  [ RunTime:0.001375s ]
INFO: [ view_parse ] --START--
NOTIC: [8] Use of undefined constant one - assumed 'one' D:\wamp\www\projcet\babyweb\cn\Runtime\Cache\5ec3307169fe79e2b7d3e10856dd48ce.php 第 134 行.
NOTIC: [8] Use of undefined constant one3 - assumed 'one3' D:\wamp\www\projcet\babyweb\cn\Runtime\Cache\5ec3307169fe79e2b7d3e10856dd48ce.php 第 134 行.
NOTIC: [8] Use of undefined constant one3 - assumed 'one3' D:\wamp\www\projcet\babyweb\cn\Runtime\Cache\5ec3307169fe79e2b7d3e10856dd48ce.php 第 147 行.
NOTIC: [8] Use of undefined constant one - assumed 'one' D:\wamp\www\projcet\babyweb\cn\Runtime\Cache\5ec3307169fe79e2b7d3e10856dd48ce.php 第 134 行.
NOTIC: [8] Use of undefined constant one3 - assumed 'one3' D:\wamp\www\projcet\babyweb\cn\Runtime\Cache\5ec3307169fe79e2b7d3e10856dd48ce.php 第 147 行.
NOTIC: [8] Use of undefined constant one - assumed 'one' D:\wamp\www\projcet\babyweb\cn\Runtime\Cache\5ec3307169fe79e2b7d3e10856dd48ce.php 第 258 行.
NOTIC: [8] Use of undefined constant one3 - assumed 'one3' D:\wamp\www\projcet\babyweb\cn\Runtime\Cache\5ec3307169fe79e2b7d3e10856dd48ce.php 第 258 行.
NOTIC: [8] Use of undefined constant one3 - assumed 'one3' D:\wamp\www\projcet\babyweb\cn\Runtime\Cache\5ec3307169fe79e2b7d3e10856dd48ce.php 第 271 行.
NOTIC: [8] Use of undefined constant one - assumed 'one' D:\wamp\www\projcet\babyweb\cn\Runtime\Cache\5ec3307169fe79e2b7d3e10856dd48ce.php 第 258 行.
NOTIC: [8] Use of undefined constant one3 - assumed 'one3' D:\wamp\www\projcet\babyweb\cn\Runtime\Cache\5ec3307169fe79e2b7d3e10856dd48ce.php 第 271 行.
INFO: ParseTemplate Behavior ::run [ RunTime:0.055047s ]
INFO: [ view_parse ] --END-- [ RunTime:0.055174s ]
INFO: [ view_filter ] --START--
INFO: ContentReplace Behavior ::run [ RunTime:0.000737s ]
INFO: TokenBuild Behavior ::run [ RunTime:0.000484s ]
INFO: WriteHtmlCache Behavior ::run [ RunTime:0.000329s ]
INFO: ShowRuntime Behavior ::run [ RunTime:0.000648s ]
INFO: [ view_filter ] --END-- [ RunTime:0.002507s ]
INFO: [ view_end ] --START--
INFO: ShowPageTrace Behavior ::run [ RunTime:0.001354s ]
INFO: [ view_end ] --END-- [ RunTime:0.001512s ]

[ 2015-01-28T15:58:46+08:00 ] 10.1.1.249 /index.php/video/boxvideo_detail/
INFO: [ route_check ] --START--
INFO: CheckRoute Behavior ::run [ RunTime:0.001296s ]
INFO: [ route_check ] --END-- [ RunTime:0.001422s ]
INFO: [ app_begin ] --START--
INFO: ReadHtmlCache Behavior ::run [ RunTime:0.000774s ]
INFO: [ app_begin ] --END-- [ RunTime:0.000864s ]
SQL: SHOW COLUMNS FROM `website_apps` [ RunTime:0.019314s ]
NOTIC: [8] Undefined index: cata_id D:\wamp\www\projcet\babyweb\cn\Lib\Action\VideoAction.class.php 第 15 行.
NOTIC: [8] Undefined index: search_word D:\wamp\www\projcet\babyweb\cn\Lib\Action\VideoAction.class.php 第 16 行.
NOTIC: [8] Undefined index: id D:\wamp\www\projcet\babyweb\cn\Lib\Action\VideoAction.class.php 第 40 行.
SQL: SHOW COLUMNS FROM `website_song` [ RunTime:0.004594s ]
SQL: SELECT * FROM `website_song` WHERE ( `is_use` = 1 ) AND ( `id` = 0 ) LIMIT 1   [ RunTime:0.001556s ]
INFO: [ view_parse ] --START--
INFO: ParseTemplate Behavior ::run [ RunTime:0.013223s ]
INFO: [ view_parse ] --END-- [ RunTime:0.013406s ]
INFO: [ view_filter ] --START--
INFO: ContentReplace Behavior ::run [ RunTime:0.000648s ]
INFO: TokenBuild Behavior ::run [ RunTime:0.000634s ]
INFO: WriteHtmlCache Behavior ::run [ RunTime:0.000477s ]
INFO: ShowRuntime Behavior ::run [ RunTime:0.000734s ]
INFO: [ view_filter ] --END-- [ RunTime:0.002768s ]
INFO: [ view_end ] --START--
INFO: ShowPageTrace Behavior ::run [ RunTime:0.001186s ]
INFO: [ view_end ] --END-- [ RunTime:0.001275s ]

[ 2015-01-28T15:58:55+08:00 ] 10.1.1.249 /index.php/video/boxvideo.shtml
INFO: [ route_check ] --START--
INFO: CheckRoute Behavior ::run [ RunTime:0.001142s ]
INFO: [ route_check ] --END-- [ RunTime:0.001303s ]
INFO: [ app_begin ] --START--
INFO: ReadHtmlCache Behavior ::run [ RunTime:0.000726s ]
INFO: [ app_begin ] --END-- [ RunTime:0.000825s ]
SQL: SHOW COLUMNS FROM `website_apps` [ RunTime:0.009364s ]
NOTIC: [8] Undefined index: cata_id D:\wamp\www\projcet\babyweb\cn\Lib\Action\VideoAction.class.php 第 15 行.
NOTIC: [8] Undefined index: search_word D:\wamp\www\projcet\babyweb\cn\Lib\Action\VideoAction.class.php 第 16 行.
SQL: SHOW COLUMNS FROM `website_song` [ RunTime:0.006899s ]
SQL: SELECT * FROM `website_song` WHERE ( is_use=1 ) ORDER BY id desc LIMIT 0,8   [ RunTime:0.001053s ]
INFO: [ view_parse ] --START--
INFO: ParseTemplate Behavior ::run [ RunTime:0.037665s ]
INFO: [ view_parse ] --END-- [ RunTime:0.037883s ]
INFO: [ view_filter ] --START--
INFO: ContentReplace Behavior ::run [ RunTime:0.000998s ]
INFO: TokenBuild Behavior ::run [ RunTime:0.000835s ]
INFO: WriteHtmlCache Behavior ::run [ RunTime:0.000458s ]
INFO: ShowRuntime Behavior ::run [ RunTime:0.000848s ]
INFO: [ view_filter ] --END-- [ RunTime:0.003502s ]
INFO: [ view_end ] --START--
INFO: ShowPageTrace Behavior ::run [ RunTime:0.001459s ]
INFO: [ view_end ] --END-- [ RunTime:0.001804s ]

[ 2015-01-28T15:58:56+08:00 ] 10.1.1.249 /index.php/video/boxvideopage/page/2.shtml
INFO: [ route_check ] --START--
INFO: CheckRoute Behavior ::run [ RunTime:0.002580s ]
INFO: [ route_check ] --END-- [ RunTime:0.002825s ]
INFO: [ app_begin ] --START--
INFO: ReadHtmlCache Behavior ::run [ RunTime:0.001588s ]
INFO: [ app_begin ] --END-- [ RunTime:0.001774s ]
SQL: SHOW COLUMNS FROM `website_apps` [ RunTime:0.009565s ]
NOTIC: [8] Undefined index: cata_id D:\wamp\www\projcet\babyweb\cn\Lib\Action\VideoAction.class.php 第 15 行.
NOTIC: [8] Undefined index: search_word D:\wamp\www\projcet\babyweb\cn\Lib\Action\VideoAction.class.php 第 16 行.
SQL: SHOW COLUMNS FROM `website_song` [ RunTime:0.006102s ]
SQL: SELECT * FROM `website_song` WHERE ( is_use=1 ) ORDER BY id desc LIMIT 8,8   [ RunTime:0.001203s ]
INFO: [ view_parse ] --START--
INFO: ParseTemplate Behavior ::run [ RunTime:0.022009s ]
INFO: [ view_parse ] --END-- [ RunTime:0.022202s ]
INFO: [ view_filter ] --START--
INFO: ContentReplace Behavior ::run [ RunTime:0.000926s ]
INFO: TokenBuild Behavior ::run [ RunTime:0.000897s ]
INFO: WriteHtmlCache Behavior ::run [ RunTime:0.000628s ]
INFO: ShowRuntime Behavior ::run [ RunTime:0.000947s ]
INFO: [ view_filter ] --END-- [ RunTime:0.003752s ]
INFO: [ view_end ] --START--
INFO: ShowPageTrace Behavior ::run [ RunTime:0.001450s ]
INFO: [ view_end ] --END-- [ RunTime:0.001603s ]

[ 2015-01-28T16:19:00+08:00 ] 10.1.1.249 /
INFO: [ app_begin ] --START--
INFO: ReadHtmlCache Behavior ::run [ RunTime:0.000980s ]
INFO: [ app_begin ] --END-- [ RunTime:0.001104s ]
SQL: SHOW COLUMNS FROM `website_link` [ RunTime:0.006441s ]
SQL: SELECT * FROM `website_link` WHERE ( `lang` = 'zh-Hans' ) ORDER BY link_sort LIMIT 10   [ RunTime:0.000902s ]
SQL: SHOW COLUMNS FROM `website_index_images` [ RunTime:0.005602s ]
SQL: SELECT * FROM `website_index_images` WHERE ( lang='zh-Hans' and used=1 ) ORDER BY num asc,id asc  [ RunTime:0.001563s ]
INFO: [ view_parse ] --START--
NOTIC: [8] Use of undefined constant one - assumed 'one' D:\wamp\www\projcet\babyweb\cn\Runtime\Cache\5ec3307169fe79e2b7d3e10856dd48ce.php 第 134 行.
NOTIC: [8] Use of undefined constant one3 - assumed 'one3' D:\wamp\www\projcet\babyweb\cn\Runtime\Cache\5ec3307169fe79e2b7d3e10856dd48ce.php 第 134 行.
NOTIC: [8] Use of undefined constant one3 - assumed 'one3' D:\wamp\www\projcet\babyweb\cn\Runtime\Cache\5ec3307169fe79e2b7d3e10856dd48ce.php 第 147 行.
NOTIC: [8] Use of undefined constant one - assumed 'one' D:\wamp\www\projcet\babyweb\cn\Runtime\Cache\5ec3307169fe79e2b7d3e10856dd48ce.php 第 134 行.
NOTIC: [8] Use of undefined constant one3 - assumed 'one3' D:\wamp\www\projcet\babyweb\cn\Runtime\Cache\5ec3307169fe79e2b7d3e10856dd48ce.php 第 147 行.
NOTIC: [8] Use of undefined constant one - assumed 'one' D:\wamp\www\projcet\babyweb\cn\Runtime\Cache\5ec3307169fe79e2b7d3e10856dd48ce.php 第 258 行.
NOTIC: [8] Use of undefined constant one3 - assumed 'one3' D:\wamp\www\projcet\babyweb\cn\Runtime\Cache\5ec3307169fe79e2b7d3e10856dd48ce.php 第 258 行.
NOTIC: [8] Use of undefined constant one3 - assumed 'one3' D:\wamp\www\projcet\babyweb\cn\Runtime\Cache\5ec3307169fe79e2b7d3e10856dd48ce.php 第 271 行.
NOTIC: [8] Use of undefined constant one - assumed 'one' D:\wamp\www\projcet\babyweb\cn\Runtime\Cache\5ec3307169fe79e2b7d3e10856dd48ce.php 第 258 行.
NOTIC: [8] Use of undefined constant one3 - assumed 'one3' D:\wamp\www\projcet\babyweb\cn\Runtime\Cache\5ec3307169fe79e2b7d3e10856dd48ce.php 第 271 行.
INFO: ParseTemplate Behavior ::run [ RunTime:0.062654s ]
INFO: [ view_parse ] --END-- [ RunTime:0.062827s ]
INFO: [ view_filter ] --START--
INFO: ContentReplace Behavior ::run [ RunTime:0.001419s ]
INFO: TokenBuild Behavior ::run [ RunTime:0.001046s ]
INFO: WriteHtmlCache Behavior ::run [ RunTime:0.000787s ]
INFO: ShowRuntime Behavior ::run [ RunTime:0.000830s ]
INFO: [ view_filter ] --END-- [ RunTime:0.004489s ]
INFO: [ view_end ] --START--
INFO: ShowPageTrace Behavior ::run [ RunTime:0.001577s ]
INFO: [ view_end ] --END-- [ RunTime:0.001756s ]

[ 2015-01-28T16:19:30+08:00 ] 10.1.1.249 /index.php/video/boxvideo_detail/id/23.shtml
INFO: [ route_check ] --START--
INFO: CheckRoute Behavior ::run [ RunTime:0.001469s ]
INFO: [ route_check ] --END-- [ RunTime:0.001628s ]
INFO: [ app_begin ] --START--
INFO: ReadHtmlCache Behavior ::run [ RunTime:0.000940s ]
INFO: [ app_begin ] --END-- [ RunTime:0.001095s ]
SQL: SHOW COLUMNS FROM `website_apps` [ RunTime:0.007512s ]
NOTIC: [8] Undefined index: cata_id D:\wamp\www\projcet\babyweb\cn\Lib\Action\VideoAction.class.php 第 15 行.
NOTIC: [8] Undefined index: search_word D:\wamp\www\projcet\babyweb\cn\Lib\Action\VideoAction.class.php 第 16 行.
SQL: SHOW COLUMNS FROM `website_song` [ RunTime:0.004596s ]
SQL: SELECT * FROM `website_song` WHERE ( `is_use` = 1 ) AND ( `id` = 23 ) LIMIT 1   [ RunTime:0.000508s ]
INFO: [ view_parse ] --START--
INFO: ParseTemplate Behavior ::run [ RunTime:0.011249s ]
INFO: [ view_parse ] --END-- [ RunTime:0.011406s ]
INFO: [ view_filter ] --START--
INFO: ContentReplace Behavior ::run [ RunTime:0.000647s ]
INFO: TokenBuild Behavior ::run [ RunTime:0.000587s ]
INFO: WriteHtmlCache Behavior ::run [ RunTime:0.000471s ]
INFO: ShowRuntime Behavior ::run [ RunTime:0.000831s ]
INFO: [ view_filter ] --END-- [ RunTime:0.002829s ]
INFO: [ view_end ] --START--
INFO: ShowPageTrace Behavior ::run [ RunTime:0.000959s ]
INFO: [ view_end ] --END-- [ RunTime:0.001047s ]

[ 2015-01-28T16:20:29+08:00 ] 10.1.1.249 /index.php/video/boxvideo_detail/id/23.shtml
INFO: [ route_check ] --START--
INFO: CheckRoute Behavior ::run [ RunTime:0.001445s ]
INFO: [ route_check ] --END-- [ RunTime:0.001597s ]
INFO: [ app_begin ] --START--
INFO: ReadHtmlCache Behavior ::run [ RunTime:0.000903s ]
INFO: [ app_begin ] --END-- [ RunTime:0.001012s ]
SQL: SHOW COLUMNS FROM `website_apps` [ RunTime:0.005911s ]
NOTIC: [8] Undefined index: cata_id D:\wamp\www\projcet\babyweb\cn\Lib\Action\VideoAction.class.php 第 15 行.
NOTIC: [8] Undefined index: search_word D:\wamp\www\projcet\babyweb\cn\Lib\Action\VideoAction.class.php 第 16 行.
SQL: SHOW COLUMNS FROM `website_song` [ RunTime:0.005129s ]
SQL: SELECT * FROM `website_song` WHERE ( `is_use` = 1 ) AND ( `id` = 23 ) LIMIT 1   [ RunTime:0.000688s ]
INFO: [ view_parse ] --START--
INFO: ParseTemplate Behavior ::run [ RunTime:0.010227s ]
INFO: [ view_parse ] --END-- [ RunTime:0.010358s ]
INFO: [ view_filter ] --START--
INFO: ContentReplace Behavior ::run [ RunTime:0.000573s ]
INFO: TokenBuild Behavior ::run [ RunTime:0.000584s ]
INFO: WriteHtmlCache Behavior ::run [ RunTime:0.000494s ]
INFO: ShowRuntime Behavior ::run [ RunTime:0.000679s ]
INFO: [ view_filter ] --END-- [ RunTime:0.002573s ]
INFO: [ view_end ] --START--
INFO: ShowPageTrace Behavior ::run [ RunTime:0.000836s ]
INFO: [ view_end ] --END-- [ RunTime:0.000920s ]

[ 2015-01-28T16:20:47+08:00 ] 10.1.1.249 /index.php/video/boxvideo_detail/id/23.shtml
INFO: [ route_check ] --START--
INFO: CheckRoute Behavior ::run [ RunTime:0.001486s ]
INFO: [ route_check ] --END-- [ RunTime:0.001655s ]
INFO: [ app_begin ] --START--
INFO: ReadHtmlCache Behavior ::run [ RunTime:0.000861s ]
INFO: [ app_begin ] --END-- [ RunTime:0.000956s ]
SQL: SHOW COLUMNS FROM `website_apps` [ RunTime:0.006657s ]
NOTIC: [8] Undefined index: cata_id D:\wamp\www\projcet\babyweb\cn\Lib\Action\VideoAction.class.php 第 15 行.
NOTIC: [8] Undefined index: search_word D:\wamp\www\projcet\babyweb\cn\Lib\Action\VideoAction.class.php 第 16 行.
SQL: SHOW COLUMNS FROM `website_song` [ RunTime:0.004123s ]
SQL: SELECT * FROM `website_song` WHERE ( `is_use` = 1 ) AND ( `id` = 23 ) LIMIT 1   [ RunTime:0.000572s ]
INFO: [ view_parse ] --START--
INFO: ParseTemplate Behavior ::run [ RunTime:0.009495s ]
INFO: [ view_parse ] --END-- [ RunTime:0.009647s ]
INFO: [ view_filter ] --START--
INFO: ContentReplace Behavior ::run [ RunTime:0.000477s ]
INFO: TokenBuild Behavior ::run [ RunTime:0.000471s ]
INFO: WriteHtmlCache Behavior ::run [ RunTime:0.000325s ]
INFO: ShowRuntime Behavior ::run [ RunTime:0.000564s ]
INFO: [ view_filter ] --END-- [ RunTime:0.002112s ]
INFO: [ view_end ] --START--
INFO: ShowPageTrace Behavior ::run [ RunTime:0.000723s ]
INFO: [ view_end ] --END-- [ RunTime:0.000806s ]

