[ 2014-12-29T10:14:19+08:00 ] 127.0.0.1 /projcet/babyweb/htdocs/pt/index.php/index/privacyPolicy.shtml
INFO: [ route_check ] --START--
INFO: CheckRoute Behavior ::run [ RunTime:0.001911s ]
INFO: [ route_check ] --END-- [ RunTime:0.002057s ]
INFO: [ app_begin ] --START--
INFO: ReadHtmlCache Behavior ::run [ RunTime:0.001263s ]
INFO: [ app_begin ] --END-- [ RunTime:0.001376s ]
SQL: SHOW COLUMNS FROM `website_link` [ RunTime:0.004810s ]
SQL: SELECT * FROM `website_link` WHERE ( `lang` = 'pt' ) ORDER BY link_sort LIMIT 10   [ RunTime:0.000489s ]
SQL: SELECT COUNT(*) AS tp_count FROM `website_link` WHERE ( `lang` = 'pt' ) LIMIT 1   [ RunTime:0.000326s ]
INFO: [ view_parse ] --START--
INFO: ParseTemplate Behavior ::run [ RunTime:0.053140s ]
INFO: [ view_parse ] --END-- [ RunTime:0.053278s ]
INFO: [ view_filter ] --START--
INFO: ContentReplace Behavior ::run [ RunTime:0.001175s ]
INFO: TokenBuild Behavior ::run [ RunTime:0.000825s ]
INFO: WriteHtmlCache Behavior ::run [ RunTime:0.000629s ]
INFO: ShowRuntime Behavior ::run [ RunTime:0.001073s ]
INFO: [ view_filter ] --END-- [ RunTime:0.003968s ]
INFO: [ view_end ] --START--
INFO: ShowPageTrace Behavior ::run [ RunTime:0.001990s ]
INFO: [ view_end ] --END-- [ RunTime:0.002165s ]

[ 2014-12-29T10:14:21+08:00 ] 127.0.0.1 /projcet/babyweb/htdocs/pt/index.php/index/declaration.shtml
INFO: [ route_check ] --START--
INFO: CheckRoute Behavior ::run [ RunTime:0.001346s ]
INFO: [ route_check ] --END-- [ RunTime:0.001471s ]
INFO: [ app_begin ] --START--
INFO: ReadHtmlCache Behavior ::run [ RunTime:0.001205s ]
INFO: [ app_begin ] --END-- [ RunTime:0.001311s ]
SQL: SHOW COLUMNS FROM `website_link` [ RunTime:0.005062s ]
SQL: SELECT * FROM `website_link` WHERE ( `lang` = 'pt' ) ORDER BY link_sort LIMIT 10   [ RunTime:0.000529s ]
SQL: SELECT COUNT(*) AS tp_count FROM `website_link` WHERE ( `lang` = 'pt' ) LIMIT 1   [ RunTime:0.000345s ]
INFO: [ view_parse ] --START--
INFO: ParseTemplate Behavior ::run [ RunTime:0.019193s ]
INFO: [ view_parse ] --END-- [ RunTime:0.019323s ]
INFO: [ view_filter ] --START--
INFO: ContentReplace Behavior ::run [ RunTime:0.000931s ]
INFO: TokenBuild Behavior ::run [ RunTime:0.000816s ]
INFO: WriteHtmlCache Behavior ::run [ RunTime:0.000610s ]
INFO: ShowRuntime Behavior ::run [ RunTime:0.000872s ]
INFO: [ view_filter ] --END-- [ RunTime:0.003469s ]
INFO: [ view_end ] --START--
INFO: ShowPageTrace Behavior ::run [ RunTime:0.001311s ]
INFO: [ view_end ] --END-- [ RunTime:0.001449s ]

[ 2014-12-29T10:14:21+08:00 ] 127.0.0.1 /projcet/babyweb/htdocs/pt/index.php/index/privacyPolicy.shtml
INFO: [ route_check ] --START--
INFO: CheckRoute Behavior ::run [ RunTime:0.001727s ]
INFO: [ route_check ] --END-- [ RunTime:0.001864s ]
INFO: [ app_begin ] --START--
INFO: ReadHtmlCache Behavior ::run [ RunTime:0.000978s ]
INFO: [ app_begin ] --END-- [ RunTime:0.001070s ]
SQL: SHOW COLUMNS FROM `website_link` [ RunTime:0.003868s ]
SQL: SELECT * FROM `website_link` WHERE ( `lang` = 'pt' ) ORDER BY link_sort LIMIT 10   [ RunTime:0.000723s ]
SQL: SELECT COUNT(*) AS tp_count FROM `website_link` WHERE ( `lang` = 'pt' ) LIMIT 1   [ RunTime:0.000877s ]
INFO: [ view_parse ] --START--
INFO: ParseTemplate Behavior ::run [ RunTime:0.017523s ]
INFO: [ view_parse ] --END-- [ RunTime:0.017750s ]
INFO: [ view_filter ] --START--
INFO: ContentReplace Behavior ::run [ RunTime:0.000956s ]
INFO: TokenBuild Behavior ::run [ RunTime:0.000990s ]
INFO: WriteHtmlCache Behavior ::run [ RunTime:0.000617s ]
INFO: ShowRuntime Behavior ::run [ RunTime:0.001200s ]
INFO: [ view_filter ] --END-- [ RunTime:0.004017s ]
INFO: [ view_end ] --START--
INFO: ShowPageTrace Behavior ::run [ RunTime:0.004652s ]
INFO: [ view_end ] --END-- [ RunTime:0.004983s ]

[ 2014-12-29T10:14:22+08:00 ] 127.0.0.1 /projcet/babyweb/htdocs/pt/index.php/index/declaration.shtml
INFO: [ route_check ] --START--
INFO: CheckRoute Behavior ::run [ RunTime:0.001387s ]
INFO: [ route_check ] --END-- [ RunTime:0.001747s ]
INFO: [ app_begin ] --START--
INFO: ReadHtmlCache Behavior ::run [ RunTime:0.001133s ]
INFO: [ app_begin ] --END-- [ RunTime:0.001312s ]
SQL: SHOW COLUMNS FROM `website_link` [ RunTime:0.003974s ]
SQL: SELECT * FROM `website_link` WHERE ( `lang` = 'pt' ) ORDER BY link_sort LIMIT 10   [ RunTime:0.000606s ]
SQL: SELECT COUNT(*) AS tp_count FROM `website_link` WHERE ( `lang` = 'pt' ) LIMIT 1   [ RunTime:0.000445s ]
INFO: [ view_parse ] --START--
INFO: ParseTemplate Behavior ::run [ RunTime:0.018422s ]
INFO: [ view_parse ] --END-- [ RunTime:0.018584s ]
INFO: [ view_filter ] --START--
INFO: ContentReplace Behavior ::run [ RunTime:0.000946s ]
INFO: TokenBuild Behavior ::run [ RunTime:0.000814s ]
INFO: WriteHtmlCache Behavior ::run [ RunTime:0.000610s ]
INFO: ShowRuntime Behavior ::run [ RunTime:0.000920s ]
INFO: [ view_filter ] --END-- [ RunTime:0.003547s ]
INFO: [ view_end ] --START--
INFO: ShowPageTrace Behavior ::run [ RunTime:0.001741s ]
INFO: [ view_end ] --END-- [ RunTime:0.004066s ]

[ 2014-12-29T10:20:44+08:00 ] 127.0.0.1 /projcet/babyweb/htdocs/pt/index.php/index/declaration.shtml
INFO: [ route_check ] --START--
INFO: CheckRoute Behavior ::run [ RunTime:0.001563s ]
INFO: [ route_check ] --END-- [ RunTime:0.001701s ]
INFO: [ app_begin ] --START--
INFO: ReadHtmlCache Behavior ::run [ RunTime:0.001160s ]
INFO: [ app_begin ] --END-- [ RunTime:0.001265s ]
SQL: SHOW COLUMNS FROM `website_link` [ RunTime:0.004468s ]
SQL: SELECT * FROM `website_link` WHERE ( `lang` = 'pt' ) ORDER BY link_sort LIMIT 10   [ RunTime:0.000831s ]
SQL: SELECT COUNT(*) AS tp_count FROM `website_link` WHERE ( `lang` = 'pt' ) LIMIT 1   [ RunTime:0.000436s ]
INFO: [ view_parse ] --START--
INFO: ParseTemplate Behavior ::run [ RunTime:0.022596s ]
INFO: [ view_parse ] --END-- [ RunTime:0.022772s ]
INFO: [ view_filter ] --START--
INFO: ContentReplace Behavior ::run [ RunTime:0.001059s ]
INFO: TokenBuild Behavior ::run [ RunTime:0.000875s ]
INFO: WriteHtmlCache Behavior ::run [ RunTime:0.000667s ]
INFO: ShowRuntime Behavior ::run [ RunTime:0.000969s ]
INFO: [ view_filter ] --END-- [ RunTime:0.003901s ]
INFO: [ view_end ] --START--
INFO: ShowPageTrace Behavior ::run [ RunTime:0.002057s ]
INFO: [ view_end ] --END-- [ RunTime:0.002234s ]

[ 2014-12-29T10:20:46+08:00 ] 127.0.0.1 /projcet/babyweb/htdocs/pt/index.php/index/privacyPolicy.shtml
INFO: [ route_check ] --START--
INFO: CheckRoute Behavior ::run [ RunTime:0.001571s ]
INFO: [ route_check ] --END-- [ RunTime:0.001703s ]
INFO: [ app_begin ] --START--
INFO: ReadHtmlCache Behavior ::run [ RunTime:0.001010s ]
INFO: [ app_begin ] --END-- [ RunTime:0.001159s ]
SQL: SHOW COLUMNS FROM `website_link` [ RunTime:0.004396s ]
SQL: SELECT * FROM `website_link` WHERE ( `lang` = 'pt' ) ORDER BY link_sort LIMIT 10   [ RunTime:0.000957s ]
SQL: SELECT COUNT(*) AS tp_count FROM `website_link` WHERE ( `lang` = 'pt' ) LIMIT 1   [ RunTime:0.000465s ]
INFO: [ view_parse ] --START--
INFO: ParseTemplate Behavior ::run [ RunTime:0.016912s ]
INFO: [ view_parse ] --END-- [ RunTime:0.017061s ]
INFO: [ view_filter ] --START--
INFO: ContentReplace Behavior ::run [ RunTime:0.001018s ]
INFO: TokenBuild Behavior ::run [ RunTime:0.001009s ]
INFO: WriteHtmlCache Behavior ::run [ RunTime:0.001363s ]
INFO: ShowRuntime Behavior ::run [ RunTime:0.000930s ]
INFO: [ view_filter ] --END-- [ RunTime:0.004692s ]
INFO: [ view_end ] --START--
INFO: ShowPageTrace Behavior ::run [ RunTime:0.004518s ]
INFO: [ view_end ] --END-- [ RunTime:0.005058s ]

[ 2014-12-29T10:20:47+08:00 ] 127.0.0.1 /projcet/babyweb/htdocs/pt/index.php/index/link.shtml
INFO: [ route_check ] --START--
INFO: CheckRoute Behavior ::run [ RunTime:0.001450s ]
INFO: [ route_check ] --END-- [ RunTime:0.001599s ]
INFO: [ app_begin ] --START--
INFO: ReadHtmlCache Behavior ::run [ RunTime:0.001111s ]
INFO: [ app_begin ] --END-- [ RunTime:0.001209s ]
SQL: SHOW COLUMNS FROM `website_link` [ RunTime:0.004405s ]
SQL: SELECT * FROM `website_link` WHERE ( `lang` = 'pt' ) ORDER BY link_sort LIMIT 10   [ RunTime:0.000730s ]
SQL: SELECT * FROM `website_link` WHERE ( `lang` = 'pt' ) ORDER BY link_sort  [ RunTime:0.000507s ]
INFO: [ view_parse ] --START--
INFO: ParseTemplate Behavior ::run [ RunTime:0.064091s ]
INFO: [ view_parse ] --END-- [ RunTime:0.064228s ]
INFO: [ view_filter ] --START--
INFO: ContentReplace Behavior ::run [ RunTime:0.001002s ]
INFO: TokenBuild Behavior ::run [ RunTime:0.000867s ]
INFO: WriteHtmlCache Behavior ::run [ RunTime:0.000648s ]
INFO: ShowRuntime Behavior ::run [ RunTime:0.000948s ]
INFO: [ view_filter ] --END-- [ RunTime:0.003705s ]
INFO: [ view_end ] --START--
INFO: ShowPageTrace Behavior ::run [ RunTime:0.001102s ]
INFO: [ view_end ] --END-- [ RunTime:0.001188s ]

[ 2014-12-29T10:20:47+08:00 ] 127.0.0.1 /projcet/babyweb/htdocs/pt/index.php/index/privacyPolicy.shtml
INFO: [ route_check ] --START--
INFO: CheckRoute Behavior ::run [ RunTime:0.001396s ]
INFO: [ route_check ] --END-- [ RunTime:0.001576s ]
INFO: [ app_begin ] --START--
INFO: ReadHtmlCache Behavior ::run [ RunTime:0.001233s ]
INFO: [ app_begin ] --END-- [ RunTime:0.001338s ]
SQL: SHOW COLUMNS FROM `website_link` [ RunTime:0.005332s ]
SQL: SELECT * FROM `website_link` WHERE ( `lang` = 'pt' ) ORDER BY link_sort LIMIT 10   [ RunTime:0.001246s ]
SQL: SELECT COUNT(*) AS tp_count FROM `website_link` WHERE ( `lang` = 'pt' ) LIMIT 1   [ RunTime:0.000604s ]
INFO: [ view_parse ] --START--
INFO: ParseTemplate Behavior ::run [ RunTime:0.017158s ]
INFO: [ view_parse ] --END-- [ RunTime:0.017302s ]
INFO: [ view_filter ] --START--
INFO: ContentReplace Behavior ::run [ RunTime:0.000855s ]
INFO: TokenBuild Behavior ::run [ RunTime:0.000820s ]
INFO: WriteHtmlCache Behavior ::run [ RunTime:0.000696s ]
INFO: ShowRuntime Behavior ::run [ RunTime:0.001287s ]
INFO: [ view_filter ] --END-- [ RunTime:0.004038s ]
INFO: [ view_end ] --START--
INFO: ShowPageTrace Behavior ::run [ RunTime:0.001682s ]
INFO: [ view_end ] --END-- [ RunTime:0.001863s ]

[ 2014-12-29T10:20:48+08:00 ] 127.0.0.1 /projcet/babyweb/htdocs/pt/index.php/index/declaration.shtml
INFO: [ route_check ] --START--
INFO: CheckRoute Behavior ::run [ RunTime:0.001345s ]
INFO: [ route_check ] --END-- [ RunTime:0.001475s ]
INFO: [ app_begin ] --START--
INFO: ReadHtmlCache Behavior ::run [ RunTime:0.000968s ]
INFO: [ app_begin ] --END-- [ RunTime:0.001060s ]
SQL: SHOW COLUMNS FROM `website_link` [ RunTime:0.004451s ]
SQL: SELECT * FROM `website_link` WHERE ( `lang` = 'pt' ) ORDER BY link_sort LIMIT 10   [ RunTime:0.000545s ]
SQL: SELECT COUNT(*) AS tp_count FROM `website_link` WHERE ( `lang` = 'pt' ) LIMIT 1   [ RunTime:0.000315s ]
INFO: [ view_parse ] --START--
INFO: ParseTemplate Behavior ::run [ RunTime:0.017637s ]
INFO: [ view_parse ] --END-- [ RunTime:0.017767s ]
INFO: [ view_filter ] --START--
INFO: ContentReplace Behavior ::run [ RunTime:0.000900s ]
INFO: TokenBuild Behavior ::run [ RunTime:0.000940s ]
INFO: WriteHtmlCache Behavior ::run [ RunTime:0.000676s ]
INFO: ShowRuntime Behavior ::run [ RunTime:0.000966s ]
INFO: [ view_filter ] --END-- [ RunTime:0.003726s ]
INFO: [ view_end ] --START--
INFO: ShowPageTrace Behavior ::run [ RunTime:0.001225s ]
INFO: [ view_end ] --END-- [ RunTime:0.001338s ]

[ 2014-12-29T10:20:49+08:00 ] 127.0.0.1 /projcet/babyweb/htdocs/pt/index.php/index/link.shtml
INFO: [ route_check ] --START--
INFO: CheckRoute Behavior ::run [ RunTime:0.001452s ]
INFO: [ route_check ] --END-- [ RunTime:0.001583s ]
INFO: [ app_begin ] --START--
INFO: ReadHtmlCache Behavior ::run [ RunTime:0.002022s ]
INFO: [ app_begin ] --END-- [ RunTime:0.002136s ]
SQL: SHOW COLUMNS FROM `website_link` [ RunTime:0.004975s ]
SQL: SELECT * FROM `website_link` WHERE ( `lang` = 'pt' ) ORDER BY link_sort LIMIT 10   [ RunTime:0.000952s ]
SQL: SELECT * FROM `website_link` WHERE ( `lang` = 'pt' ) ORDER BY link_sort  [ RunTime:0.000677s ]
INFO: [ view_parse ] --START--
INFO: ParseTemplate Behavior ::run [ RunTime:0.017614s ]
INFO: [ view_parse ] --END-- [ RunTime:0.017804s ]
INFO: [ view_filter ] --START--
INFO: ContentReplace Behavior ::run [ RunTime:0.000864s ]
INFO: TokenBuild Behavior ::run [ RunTime:0.000800s ]
INFO: WriteHtmlCache Behavior ::run [ RunTime:0.000744s ]
INFO: ShowRuntime Behavior ::run [ RunTime:0.001150s ]
INFO: [ view_filter ] --END-- [ RunTime:0.003816s ]
INFO: [ view_end ] --START--
INFO: ShowPageTrace Behavior ::run [ RunTime:0.001105s ]
INFO: [ view_end ] --END-- [ RunTime:0.001195s ]

[ 2014-12-29T10:23:17+08:00 ] 127.0.0.1 /projcet/babyweb/htdocs/pt/index.php/index/link.shtml
INFO: [ route_check ] --START--
INFO: CheckRoute Behavior ::run [ RunTime:0.001548s ]
INFO: [ route_check ] --END-- [ RunTime:0.001697s ]
INFO: [ app_begin ] --START--
INFO: ReadHtmlCache Behavior ::run [ RunTime:0.001108s ]
INFO: [ app_begin ] --END-- [ RunTime:0.001217s ]
SQL: SHOW COLUMNS FROM `website_link` [ RunTime:0.004285s ]
SQL: SELECT * FROM `website_link` WHERE ( `lang` = 'pt' ) ORDER BY link_sort LIMIT 10   [ RunTime:0.000568s ]
SQL: SELECT * FROM `website_link` WHERE ( `lang` = 'pt' ) ORDER BY link_sort  [ RunTime:0.000444s ]
INFO: [ view_parse ] --START--
INFO: ParseTemplate Behavior ::run [ RunTime:0.019288s ]
INFO: [ view_parse ] --END-- [ RunTime:0.019491s ]
INFO: [ view_filter ] --START--
INFO: ContentReplace Behavior ::run [ RunTime:0.000899s ]
INFO: TokenBuild Behavior ::run [ RunTime:0.000821s ]
INFO: WriteHtmlCache Behavior ::run [ RunTime:0.000703s ]
INFO: ShowRuntime Behavior ::run [ RunTime:0.001225s ]
INFO: [ view_filter ] --END-- [ RunTime:0.003911s ]
INFO: [ view_end ] --START--
INFO: ShowPageTrace Behavior ::run [ RunTime:0.001272s ]
INFO: [ view_end ] --END-- [ RunTime:0.001410s ]

[ 2014-12-29T10:23:19+08:00 ] 127.0.0.1 /projcet/babyweb/htdocs/pt/index.php/index/declaration.shtml
INFO: [ route_check ] --START--
INFO: CheckRoute Behavior ::run [ RunTime:0.001456s ]
INFO: [ route_check ] --END-- [ RunTime:0.001599s ]
INFO: [ app_begin ] --START--
INFO: ReadHtmlCache Behavior ::run [ RunTime:0.001044s ]
INFO: [ app_begin ] --END-- [ RunTime:0.001267s ]
SQL: SHOW COLUMNS FROM `website_link` [ RunTime:0.003886s ]
SQL: SELECT * FROM `website_link` WHERE ( `lang` = 'pt' ) ORDER BY link_sort LIMIT 10   [ RunTime:0.000687s ]
SQL: SELECT COUNT(*) AS tp_count FROM `website_link` WHERE ( `lang` = 'pt' ) LIMIT 1   [ RunTime:0.000418s ]
INFO: [ view_parse ] --START--
INFO: ParseTemplate Behavior ::run [ RunTime:0.019059s ]
INFO: [ view_parse ] --END-- [ RunTime:0.019192s ]
INFO: [ view_filter ] --START--
INFO: ContentReplace Behavior ::run [ RunTime:0.001544s ]
INFO: TokenBuild Behavior ::run [ RunTime:0.001146s ]
INFO: WriteHtmlCache Behavior ::run [ RunTime:0.000695s ]
INFO: ShowRuntime Behavior ::run [ RunTime:0.002028s ]
INFO: [ view_filter ] --END-- [ RunTime:0.005773s ]
INFO: [ view_end ] --START--
INFO: ShowPageTrace Behavior ::run [ RunTime:0.004875s ]
INFO: [ view_end ] --END-- [ RunTime:0.005028s ]

[ 2014-12-29T10:23:19+08:00 ] 127.0.0.1 /projcet/babyweb/htdocs/pt/index.php/index/link.shtml
INFO: [ route_check ] --START--
INFO: CheckRoute Behavior ::run [ RunTime:0.001429s ]
INFO: [ route_check ] --END-- [ RunTime:0.001557s ]
INFO: [ app_begin ] --START--
INFO: ReadHtmlCache Behavior ::run [ RunTime:0.001012s ]
INFO: [ app_begin ] --END-- [ RunTime:0.001127s ]
SQL: SHOW COLUMNS FROM `website_link` [ RunTime:0.003957s ]
SQL: SELECT * FROM `website_link` WHERE ( `lang` = 'pt' ) ORDER BY link_sort LIMIT 10   [ RunTime:0.000966s ]
SQL: SELECT * FROM `website_link` WHERE ( `lang` = 'pt' ) ORDER BY link_sort  [ RunTime:0.000730s ]
INFO: [ view_parse ] --START--
INFO: ParseTemplate Behavior ::run [ RunTime:0.018488s ]
INFO: [ view_parse ] --END-- [ RunTime:0.018641s ]
INFO: [ view_filter ] --START--
INFO: ContentReplace Behavior ::run [ RunTime:0.000821s ]
INFO: TokenBuild Behavior ::run [ RunTime:0.000853s ]
INFO: WriteHtmlCache Behavior ::run [ RunTime:0.000648s ]
INFO: ShowRuntime Behavior ::run [ RunTime:0.000916s ]
INFO: [ view_filter ] --END-- [ RunTime:0.003475s ]
INFO: [ view_end ] --START--
INFO: ShowPageTrace Behavior ::run [ RunTime:0.001456s ]
INFO: [ view_end ] --END-- [ RunTime:0.001581s ]

[ 2014-12-29T10:23:20+08:00 ] 127.0.0.1 /projcet/babyweb/htdocs/pt/index.php/index/privacyPolicy.shtml
INFO: [ route_check ] --START--
INFO: CheckRoute Behavior ::run [ RunTime:0.001577s ]
INFO: [ route_check ] --END-- [ RunTime:0.001753s ]
INFO: [ app_begin ] --START--
INFO: ReadHtmlCache Behavior ::run [ RunTime:0.000986s ]
INFO: [ app_begin ] --END-- [ RunTime:0.001076s ]
SQL: SHOW COLUMNS FROM `website_link` [ RunTime:0.004433s ]
SQL: SELECT * FROM `website_link` WHERE ( `lang` = 'pt' ) ORDER BY link_sort LIMIT 10   [ RunTime:0.000661s ]
SQL: SELECT COUNT(*) AS tp_count FROM `website_link` WHERE ( `lang` = 'pt' ) LIMIT 1   [ RunTime:0.000533s ]
INFO: [ view_parse ] --START--
INFO: ParseTemplate Behavior ::run [ RunTime:0.015243s ]
INFO: [ view_parse ] --END-- [ RunTime:0.015374s ]
INFO: [ view_filter ] --START--
INFO: ContentReplace Behavior ::run [ RunTime:0.001257s ]
INFO: TokenBuild Behavior ::run [ RunTime:0.001026s ]
INFO: WriteHtmlCache Behavior ::run [ RunTime:0.000906s ]
INFO: ShowRuntime Behavior ::run [ RunTime:0.001004s ]
INFO: [ view_filter ] --END-- [ RunTime:0.004544s ]
INFO: [ view_end ] --START--
INFO: ShowPageTrace Behavior ::run [ RunTime:0.001623s ]
INFO: [ view_end ] --END-- [ RunTime:0.001767s ]

[ 2014-12-29T10:23:20+08:00 ] 127.0.0.1 /projcet/babyweb/htdocs/pt/index.php/index/link.shtml
INFO: [ route_check ] --START--
INFO: CheckRoute Behavior ::run [ RunTime:0.001512s ]
INFO: [ route_check ] --END-- [ RunTime:0.001660s ]
INFO: [ app_begin ] --START--
INFO: ReadHtmlCache Behavior ::run [ RunTime:0.001007s ]
INFO: [ app_begin ] --END-- [ RunTime:0.001098s ]
SQL: SHOW COLUMNS FROM `website_link` [ RunTime:0.004086s ]
SQL: SELECT * FROM `website_link` WHERE ( `lang` = 'pt' ) ORDER BY link_sort LIMIT 10   [ RunTime:0.000926s ]
SQL: SELECT * FROM `website_link` WHERE ( `lang` = 'pt' ) ORDER BY link_sort  [ RunTime:0.000692s ]
INFO: [ view_parse ] --START--
INFO: ParseTemplate Behavior ::run [ RunTime:0.017133s ]
INFO: [ view_parse ] --END-- [ RunTime:0.017316s ]
INFO: [ view_filter ] --START--
INFO: ContentReplace Behavior ::run [ RunTime:0.000780s ]
INFO: TokenBuild Behavior ::run [ RunTime:0.000842s ]
INFO: WriteHtmlCache Behavior ::run [ RunTime:0.000636s ]
INFO: ShowRuntime Behavior ::run [ RunTime:0.001159s ]
INFO: [ view_filter ] --END-- [ RunTime:0.003715s ]
INFO: [ view_end ] --START--
INFO: ShowPageTrace Behavior ::run [ RunTime:0.001145s ]
INFO: [ view_end ] --END-- [ RunTime:0.001240s ]

[ 2014-12-29T10:25:53+08:00 ] 127.0.0.1 /projcet/babyweb/htdocs/pt/index.php/index/index.shtml
INFO: [ route_check ] --START--
INFO: CheckRoute Behavior ::run [ RunTime:0.002706s ]
INFO: [ route_check ] --END-- [ RunTime:0.002907s ]
INFO: [ app_begin ] --START--
INFO: ReadHtmlCache Behavior ::run [ RunTime:0.002290s ]
INFO: [ app_begin ] --END-- [ RunTime:0.002559s ]
SQL: SHOW COLUMNS FROM `website_link` [ RunTime:0.005156s ]
SQL: SELECT * FROM `website_link` WHERE ( `lang` = 'pt' ) ORDER BY link_sort LIMIT 10   [ RunTime:0.000894s ]
SQL: SHOW COLUMNS FROM `website_index_images` [ RunTime:0.006748s ]
SQL: SELECT * FROM `website_index_images` WHERE ( lang='pt' and used=1 ) ORDER BY num asc,id asc  [ RunTime:0.001010s ]
NOTIC: [8] Trying to get property of non-object D:\wamp\www\projcet\babyweb\pt\Lib\Action\IndexAction.class.php 第 11 行.
NOTIC: [8] Trying to get property of non-object D:\wamp\www\projcet\babyweb\pt\Lib\Action\IndexAction.class.php 第 11 行.
NOTIC: [8] Trying to get property of non-object D:\wamp\www\projcet\babyweb\pt\Lib\Action\IndexAction.class.php 第 12 行.
NOTIC: [8] Trying to get property of non-object D:\wamp\www\projcet\babyweb\pt\Lib\Action\IndexAction.class.php 第 12 行.
NOTIC: [8] Trying to get property of non-object D:\wamp\www\projcet\babyweb\pt\Lib\Action\IndexAction.class.php 第 13 行.
INFO: [ view_parse ] --START--
NOTIC: [8] Use of undefined constant one - assumed 'one' D:\wamp\www\projcet\babyweb\pt\Runtime\Cache\b4dbfb30d2b317d9ee95d5f8cb6691be.php 第 131 行.
NOTIC: [8] Use of undefined constant one3 - assumed 'one3' D:\wamp\www\projcet\babyweb\pt\Runtime\Cache\b4dbfb30d2b317d9ee95d5f8cb6691be.php 第 138 行.
NOTIC: [8] Use of undefined constant one - assumed 'one' D:\wamp\www\projcet\babyweb\pt\Runtime\Cache\b4dbfb30d2b317d9ee95d5f8cb6691be.php 第 131 行.
NOTIC: [8] Use of undefined constant one3 - assumed 'one3' D:\wamp\www\projcet\babyweb\pt\Runtime\Cache\b4dbfb30d2b317d9ee95d5f8cb6691be.php 第 138 行.
NOTIC: [8] Use of undefined constant one - assumed 'one' D:\wamp\www\projcet\babyweb\pt\Runtime\Cache\b4dbfb30d2b317d9ee95d5f8cb6691be.php 第 211 行.
NOTIC: [8] Use of undefined constant one - assumed 'one' D:\wamp\www\projcet\babyweb\pt\Runtime\Cache\b4dbfb30d2b317d9ee95d5f8cb6691be.php 第 211 行.
INFO: ParseTemplate Behavior ::run [ RunTime:0.098694s ]
INFO: [ view_parse ] --END-- [ RunTime:0.098835s ]
INFO: [ view_filter ] --START--
INFO: ContentReplace Behavior ::run [ RunTime:0.001288s ]
INFO: TokenBuild Behavior ::run [ RunTime:0.001440s ]
INFO: WriteHtmlCache Behavior ::run [ RunTime:0.001115s ]
INFO: ShowRuntime Behavior ::run [ RunTime:0.001233s ]
INFO: [ view_filter ] --END-- [ RunTime:0.005554s ]
INFO: [ view_end ] --START--
INFO: ShowPageTrace Behavior ::run [ RunTime:0.001770s ]
INFO: [ view_end ] --END-- [ RunTime:0.001957s ]

[ 2014-12-29T10:25:58+08:00 ] 127.0.0.1 /projcet/babyweb/htdocs/pt/index.php/index/link.shtml
INFO: [ route_check ] --START--
INFO: CheckRoute Behavior ::run [ RunTime:0.002115s ]
INFO: [ route_check ] --END-- [ RunTime:0.002313s ]
INFO: [ app_begin ] --START--
INFO: ReadHtmlCache Behavior ::run [ RunTime:0.002211s ]
INFO: [ app_begin ] --END-- [ RunTime:0.002454s ]
SQL: SHOW COLUMNS FROM `website_link` [ RunTime:0.005011s ]
SQL: SELECT * FROM `website_link` WHERE ( `lang` = 'pt' ) ORDER BY link_sort LIMIT 10   [ RunTime:0.001012s ]
SQL: SELECT * FROM `website_link` WHERE ( `lang` = 'pt' ) ORDER BY link_sort  [ RunTime:0.001148s ]
INFO: [ view_parse ] --START--
INFO: ParseTemplate Behavior ::run [ RunTime:0.023016s ]
INFO: [ view_parse ] --END-- [ RunTime:0.023192s ]
INFO: [ view_filter ] --START--
INFO: ContentReplace Behavior ::run [ RunTime:0.001271s ]
INFO: TokenBuild Behavior ::run [ RunTime:0.000972s ]
INFO: WriteHtmlCache Behavior ::run [ RunTime:0.000695s ]
INFO: ShowRuntime Behavior ::run [ RunTime:0.001052s ]
INFO: [ view_filter ] --END-- [ RunTime:0.004379s ]
INFO: [ view_end ] --START--
INFO: ShowPageTrace Behavior ::run [ RunTime:0.001280s ]
INFO: [ view_end ] --END-- [ RunTime:0.001400s ]

