[ 2014-11-25T09:35:47+08:00 ] 127.0.0.1 /projcet/babyweb/htdocs/pt/index.php/blog/index.shtml
INFO: [ route_check ] --START--
INFO: CheckRoute Behavior ::run [ RunTime:0.001928s ]
INFO: [ route_check ] --END-- [ RunTime:0.002099s ]
INFO: [ app_begin ] --START--
INFO: ReadHtmlCache Behavior ::run [ RunTime:0.001698s ]
INFO: [ app_begin ] --END-- [ RunTime:0.001826s ]
SQL: SHOW COLUMNS FROM `website_blog` [ RunTime:0.003522s ]
SQL: SELECT * FROM `website_blog` WHERE ( review=1 and lang='ko'  ) ORDER BY id desc LIMIT 0,3   [ RunTime:0.000988s ]
INFO: [ view_parse ] --START--
INFO: ParseTemplate Behavior ::run [ RunTime:0.021761s ]
INFO: [ view_parse ] --END-- [ RunTime:0.021926s ]
INFO: [ view_filter ] --START--
INFO: ContentReplace Behavior ::run [ RunTime:0.002489s ]
INFO: TokenBuild Behavior ::run [ RunTime:0.001577s ]
INFO: WriteHtmlCache Behavior ::run [ RunTime:0.001345s ]
INFO: ShowRuntime Behavior ::run [ RunTime:0.001555s ]
INFO: [ view_filter ] --END-- [ RunTime:0.007341s ]
INFO: [ view_end ] --START--
INFO: ShowPageTrace Behavior ::run [ RunTime:0.001816s ]
INFO: [ view_end ] --END-- [ RunTime:0.001926s ]

[ 2014-11-25T09:35:47+08:00 ] 127.0.0.1 /projcet/babyweb/htdocs/pt/index.php/blog/infoMore/page/2.shtml
INFO: [ route_check ] --START--
INFO: CheckRoute Behavior ::run [ RunTime:0.000895s ]
INFO: [ route_check ] --END-- [ RunTime:0.001066s ]
INFO: [ app_begin ] --START--
INFO: ReadHtmlCache Behavior ::run [ RunTime:0.000584s ]
INFO: [ app_begin ] --END-- [ RunTime:0.000691s ]
SQL: SHOW COLUMNS FROM `website_blog` [ RunTime:0.002949s ]
SQL: SELECT * FROM `website_blog` WHERE ( review=1 and lang='ko'  ) ORDER BY id desc LIMIT 3,3   [ RunTime:0.000854s ]
INFO: [ view_parse ] --START--
INFO: ParseTemplate Behavior ::run [ RunTime:0.011805s ]
INFO: [ view_parse ] --END-- [ RunTime:0.012031s ]
INFO: [ view_filter ] --START--
INFO: ContentReplace Behavior ::run [ RunTime:0.000507s ]
INFO: TokenBuild Behavior ::run [ RunTime:0.000508s ]
INFO: WriteHtmlCache Behavior ::run [ RunTime:0.000264s ]
INFO: ShowRuntime Behavior ::run [ RunTime:0.000555s ]
INFO: [ view_filter ] --END-- [ RunTime:0.002116s ]
INFO: [ view_end ] --START--
INFO: ShowPageTrace Behavior ::run [ RunTime:0.000757s ]
INFO: [ view_end ] --END-- [ RunTime:0.000861s ]

[ 2014-11-25T09:35:48+08:00 ] 127.0.0.1 /projcet/babyweb/htdocs/pt/index.php/blog/index.shtml
INFO: [ route_check ] --START--
INFO: CheckRoute Behavior ::run [ RunTime:0.000935s ]
INFO: [ route_check ] --END-- [ RunTime:0.001095s ]
INFO: [ app_begin ] --START--
INFO: ReadHtmlCache Behavior ::run [ RunTime:0.000538s ]
INFO: [ app_begin ] --END-- [ RunTime:0.000645s ]
SQL: SHOW COLUMNS FROM `website_blog` [ RunTime:0.002959s ]
SQL: SELECT * FROM `website_blog` WHERE ( review=1 and lang='ko'  ) ORDER BY id desc LIMIT 0,3   [ RunTime:0.000911s ]
INFO: [ view_parse ] --START--
INFO: ParseTemplate Behavior ::run [ RunTime:0.015353s ]
INFO: [ view_parse ] --END-- [ RunTime:0.015516s ]
INFO: [ view_filter ] --START--
INFO: ContentReplace Behavior ::run [ RunTime:0.000702s ]
INFO: TokenBuild Behavior ::run [ RunTime:0.000460s ]
INFO: WriteHtmlCache Behavior ::run [ RunTime:0.000248s ]
INFO: ShowRuntime Behavior ::run [ RunTime:0.000559s ]
INFO: [ view_filter ] --END-- [ RunTime:0.002351s ]
INFO: [ view_end ] --START--
INFO: ShowPageTrace Behavior ::run [ RunTime:0.000734s ]
INFO: [ view_end ] --END-- [ RunTime:0.000841s ]

[ 2014-11-25T09:35:48+08:00 ] 127.0.0.1 /projcet/babyweb/htdocs/pt/index.php/blog/index.shtml
INFO: [ route_check ] --START--
INFO: CheckRoute Behavior ::run [ RunTime:0.000992s ]
INFO: [ route_check ] --END-- [ RunTime:0.001194s ]
INFO: [ app_begin ] --START--
INFO: ReadHtmlCache Behavior ::run [ RunTime:0.000579s ]
INFO: [ app_begin ] --END-- [ RunTime:0.000697s ]
SQL: SHOW COLUMNS FROM `website_blog` [ RunTime:0.004343s ]
SQL: SELECT * FROM `website_blog` WHERE ( review=1 and lang='ko'  ) ORDER BY id desc LIMIT 0,3   [ RunTime:0.001797s ]
INFO: [ view_parse ] --START--
INFO: ParseTemplate Behavior ::run [ RunTime:0.028059s ]
INFO: [ view_parse ] --END-- [ RunTime:0.028330s ]
INFO: [ view_filter ] --START--
INFO: ContentReplace Behavior ::run [ RunTime:0.001047s ]
INFO: TokenBuild Behavior ::run [ RunTime:0.000844s ]
INFO: WriteHtmlCache Behavior ::run [ RunTime:0.000317s ]
INFO: ShowRuntime Behavior ::run [ RunTime:0.000555s ]
INFO: [ view_filter ] --END-- [ RunTime:0.003283s ]
INFO: [ view_end ] --START--
INFO: ShowPageTrace Behavior ::run [ RunTime:0.000783s ]
INFO: [ view_end ] --END-- [ RunTime:0.000904s ]

[ 2014-11-25T09:35:48+08:00 ] 127.0.0.1 /projcet/babyweb/htdocs/pt/index.php/blog/infoMore/page/2.shtml
INFO: [ route_check ] --START--
INFO: CheckRoute Behavior ::run [ RunTime:0.000722s ]
INFO: [ route_check ] --END-- [ RunTime:0.000880s ]
INFO: [ app_begin ] --START--
INFO: ReadHtmlCache Behavior ::run [ RunTime:0.000523s ]
INFO: [ app_begin ] --END-- [ RunTime:0.000621s ]
SQL: SHOW COLUMNS FROM `website_blog` [ RunTime:0.002875s ]
SQL: SELECT * FROM `website_blog` WHERE ( review=1 and lang='ko'  ) ORDER BY id desc LIMIT 3,3   [ RunTime:0.000815s ]
INFO: [ view_parse ] --START--
INFO: ParseTemplate Behavior ::run [ RunTime:0.008775s ]
INFO: [ view_parse ] --END-- [ RunTime:0.008919s ]
INFO: [ view_filter ] --START--
INFO: ContentReplace Behavior ::run [ RunTime:0.000393s ]
INFO: TokenBuild Behavior ::run [ RunTime:0.000537s ]
INFO: WriteHtmlCache Behavior ::run [ RunTime:0.000275s ]
INFO: ShowRuntime Behavior ::run [ RunTime:0.000532s ]
INFO: [ view_filter ] --END-- [ RunTime:0.002077s ]
INFO: [ view_end ] --START--
INFO: ShowPageTrace Behavior ::run [ RunTime:0.000749s ]
INFO: [ view_end ] --END-- [ RunTime:0.000852s ]

[ 2014-11-25T09:35:51+08:00 ] 127.0.0.1 /projcet/babyweb/htdocs/pt/index.php/blog/infoMore/page/3.shtml
INFO: [ route_check ] --START--
INFO: CheckRoute Behavior ::run [ RunTime:0.000973s ]
INFO: [ route_check ] --END-- [ RunTime:0.001228s ]
INFO: [ app_begin ] --START--
INFO: ReadHtmlCache Behavior ::run [ RunTime:0.000572s ]
INFO: [ app_begin ] --END-- [ RunTime:0.000674s ]
SQL: SHOW COLUMNS FROM `website_blog` [ RunTime:0.003257s ]
SQL: SELECT * FROM `website_blog` WHERE ( review=1 and lang='ko'  ) ORDER BY id desc LIMIT 6,3   [ RunTime:0.000924s ]
NOTIC: [2] Invalid argument supplied for foreach() D:\wamp\www\projcet\babyweb\pt\Lib\Action\BlogAction.class.php 第 20 行.
INFO: [ view_parse ] --START--
INFO: ParseTemplate Behavior ::run [ RunTime:0.009366s ]
INFO: [ view_parse ] --END-- [ RunTime:0.009503s ]
INFO: [ view_filter ] --START--
INFO: ContentReplace Behavior ::run [ RunTime:0.000365s ]
INFO: TokenBuild Behavior ::run [ RunTime:0.000449s ]
INFO: WriteHtmlCache Behavior ::run [ RunTime:0.000246s ]
INFO: ShowRuntime Behavior ::run [ RunTime:0.000478s ]
INFO: [ view_filter ] --END-- [ RunTime:0.001801s ]
INFO: [ view_end ] --START--
INFO: ShowPageTrace Behavior ::run [ RunTime:0.001341s ]
INFO: [ view_end ] --END-- [ RunTime:0.001499s ]

[ 2014-11-25T09:36:56+08:00 ] 127.0.0.1 /projcet/babyweb/htdocs/pt/index.php/blog/index.shtml
INFO: [ route_check ] --START--
INFO: CheckRoute Behavior ::run [ RunTime:0.000944s ]
INFO: [ route_check ] --END-- [ RunTime:0.001083s ]
INFO: [ app_begin ] --START--
INFO: ReadHtmlCache Behavior ::run [ RunTime:0.000678s ]
INFO: [ app_begin ] --END-- [ RunTime:0.000788s ]
SQL: SHOW COLUMNS FROM `website_blog` [ RunTime:0.003305s ]
SQL: SELECT * FROM `website_blog` WHERE ( review=1 and lang='pt'  ) ORDER BY id desc LIMIT 0,3   [ RunTime:0.000964s ]
NOTIC: [2] Invalid argument supplied for foreach() D:\wamp\www\projcet\babyweb\pt\Lib\Action\BlogAction.class.php 第 20 行.
INFO: [ view_parse ] --START--
INFO: ParseTemplate Behavior ::run [ RunTime:0.014656s ]
INFO: [ view_parse ] --END-- [ RunTime:0.014835s ]
INFO: [ view_filter ] --START--
INFO: ContentReplace Behavior ::run [ RunTime:0.000721s ]
INFO: TokenBuild Behavior ::run [ RunTime:0.000821s ]
INFO: WriteHtmlCache Behavior ::run [ RunTime:0.000571s ]
INFO: ShowRuntime Behavior ::run [ RunTime:0.000995s ]
INFO: [ view_filter ] --END-- [ RunTime:0.003529s ]
INFO: [ view_end ] --START--
INFO: ShowPageTrace Behavior ::run [ RunTime:0.000772s ]
INFO: [ view_end ] --END-- [ RunTime:0.000886s ]

[ 2014-11-25T09:37:39+08:00 ] 127.0.0.1 /projcet/babyweb/htdocs/pt/index.php/blog/index.shtml
INFO: [ route_check ] --START--
INFO: CheckRoute Behavior ::run [ RunTime:0.001073s ]
INFO: [ route_check ] --END-- [ RunTime:0.001250s ]
INFO: [ app_begin ] --START--
INFO: ReadHtmlCache Behavior ::run [ RunTime:0.000799s ]
INFO: [ app_begin ] --END-- [ RunTime:0.000955s ]
SQL: SHOW COLUMNS FROM `website_blog` [ RunTime:0.003331s ]
SQL: SELECT * FROM `website_blog` WHERE ( review=1 and lang='pt'  ) ORDER BY id desc LIMIT 0,3   [ RunTime:0.002730s ]
NOTIC: [2] Invalid argument supplied for foreach() D:\wamp\www\projcet\babyweb\pt\Lib\Action\BlogAction.class.php 第 20 行.
INFO: [ view_parse ] --START--
INFO: ParseTemplate Behavior ::run [ RunTime:0.023061s ]
INFO: [ view_parse ] --END-- [ RunTime:0.023223s ]
INFO: [ view_filter ] --START--
INFO: ContentReplace Behavior ::run [ RunTime:0.000669s ]
INFO: TokenBuild Behavior ::run [ RunTime:0.000588s ]
INFO: WriteHtmlCache Behavior ::run [ RunTime:0.000386s ]
INFO: ShowRuntime Behavior ::run [ RunTime:0.000621s ]
INFO: [ view_filter ] --END-- [ RunTime:0.002604s ]
INFO: [ view_end ] --START--
INFO: ShowPageTrace Behavior ::run [ RunTime:0.000763s ]
INFO: [ view_end ] --END-- [ RunTime:0.000884s ]

[ 2014-11-25T09:37:41+08:00 ] 127.0.0.1 /projcet/babyweb/htdocs/pt/index.php/download/index.shtml
INFO: [ route_check ] --START--
INFO: CheckRoute Behavior ::run [ RunTime:0.001134s ]
INFO: [ route_check ] --END-- [ RunTime:0.001394s ]
INFO: [ app_begin ] --START--
INFO: ReadHtmlCache Behavior ::run [ RunTime:0.000833s ]
INFO: [ app_begin ] --END-- [ RunTime:0.001004s ]
INFO: [ view_parse ] --START--
INFO: ParseTemplate Behavior ::run [ RunTime:0.020344s ]
INFO: [ view_parse ] --END-- [ RunTime:0.020575s ]
INFO: [ view_filter ] --START--
INFO: ContentReplace Behavior ::run [ RunTime:0.000775s ]
INFO: TokenBuild Behavior ::run [ RunTime:0.001058s ]
INFO: WriteHtmlCache Behavior ::run [ RunTime:0.000313s ]
INFO: ShowRuntime Behavior ::run [ RunTime:0.000646s ]
INFO: [ view_filter ] --END-- [ RunTime:0.003167s ]
INFO: [ view_end ] --START--
INFO: ShowPageTrace Behavior ::run [ RunTime:0.000767s ]
INFO: [ view_end ] --END-- [ RunTime:0.000901s ]

[ 2014-11-25T09:37:57+08:00 ] 127.0.0.1 /projcet/babyweb/htdocs/pt/index.php/about/index.shtml
INFO: [ route_check ] --START--
INFO: CheckRoute Behavior ::run [ RunTime:0.000737s ]
INFO: [ route_check ] --END-- [ RunTime:0.000890s ]
INFO: [ app_begin ] --START--
INFO: ReadHtmlCache Behavior ::run [ RunTime:0.000621s ]
INFO: [ app_begin ] --END-- [ RunTime:0.000755s ]
INFO: [ view_parse ] --START--
INFO: ParseTemplate Behavior ::run [ RunTime:0.013035s ]
INFO: [ view_parse ] --END-- [ RunTime:0.013185s ]
INFO: [ view_filter ] --START--
INFO: ContentReplace Behavior ::run [ RunTime:0.000527s ]
INFO: TokenBuild Behavior ::run [ RunTime:0.000513s ]
INFO: WriteHtmlCache Behavior ::run [ RunTime:0.000310s ]
INFO: ShowRuntime Behavior ::run [ RunTime:0.000482s ]
INFO: [ view_filter ] --END-- [ RunTime:0.002228s ]
INFO: [ view_end ] --START--
INFO: ShowPageTrace Behavior ::run [ RunTime:0.000704s ]
INFO: [ view_end ] --END-- [ RunTime:0.000812s ]

[ 2014-11-25T09:37:58+08:00 ] 127.0.0.1 /projcet/babyweb/htdocs/pt/index.php/download/index.shtml
INFO: [ route_check ] --START--
INFO: CheckRoute Behavior ::run [ RunTime:0.001460s ]
INFO: [ route_check ] --END-- [ RunTime:0.001748s ]
INFO: [ app_begin ] --START--
INFO: ReadHtmlCache Behavior ::run [ RunTime:0.000841s ]
INFO: [ app_begin ] --END-- [ RunTime:0.001011s ]
INFO: [ view_parse ] --START--
INFO: ParseTemplate Behavior ::run [ RunTime:0.022093s ]
INFO: [ view_parse ] --END-- [ RunTime:0.022336s ]
INFO: [ view_filter ] --START--
INFO: ContentReplace Behavior ::run [ RunTime:0.000622s ]
INFO: TokenBuild Behavior ::run [ RunTime:0.000449s ]
INFO: WriteHtmlCache Behavior ::run [ RunTime:0.000251s ]
INFO: ShowRuntime Behavior ::run [ RunTime:0.000679s ]
INFO: [ view_filter ] --END-- [ RunTime:0.002400s ]
INFO: [ view_end ] --START--
INFO: ShowPageTrace Behavior ::run [ RunTime:0.000816s ]
INFO: [ view_end ] --END-- [ RunTime:0.000986s ]

[ 2014-11-25T09:37:59+08:00 ] 127.0.0.1 /projcet/babyweb/htdocs/pt/index.php/blog/index.shtml
INFO: [ route_check ] --START--
INFO: CheckRoute Behavior ::run [ RunTime:0.001298s ]
INFO: [ route_check ] --END-- [ RunTime:0.001492s ]
INFO: [ app_begin ] --START--
INFO: ReadHtmlCache Behavior ::run [ RunTime:0.000736s ]
INFO: [ app_begin ] --END-- [ RunTime:0.000962s ]
SQL: SHOW COLUMNS FROM `website_blog` [ RunTime:0.003077s ]
SQL: SELECT * FROM `website_blog` WHERE ( review=1 and lang='pt'  ) ORDER BY id desc LIMIT 0,3   [ RunTime:0.000617s ]
NOTIC: [2] Invalid argument supplied for foreach() D:\wamp\www\projcet\babyweb\pt\Lib\Action\BlogAction.class.php 第 20 行.
INFO: [ view_parse ] --START--
INFO: ParseTemplate Behavior ::run [ RunTime:0.015925s ]
INFO: [ view_parse ] --END-- [ RunTime:0.016076s ]
INFO: [ view_filter ] --START--
INFO: ContentReplace Behavior ::run [ RunTime:0.000528s ]
INFO: TokenBuild Behavior ::run [ RunTime:0.000503s ]
INFO: WriteHtmlCache Behavior ::run [ RunTime:0.000315s ]
INFO: ShowRuntime Behavior ::run [ RunTime:0.000479s ]
INFO: [ view_filter ] --END-- [ RunTime:0.002130s ]
INFO: [ view_end ] --START--
INFO: ShowPageTrace Behavior ::run [ RunTime:0.000781s ]
INFO: [ view_end ] --END-- [ RunTime:0.000897s ]

[ 2014-11-25T09:38:00+08:00 ] 127.0.0.1 /projcet/babyweb/htdocs/pt/index.php/product/index.shtml
INFO: [ route_check ] --START--
INFO: CheckRoute Behavior ::run [ RunTime:0.001422s ]
INFO: [ route_check ] --END-- [ RunTime:0.001670s ]
INFO: [ app_begin ] --START--
INFO: ReadHtmlCache Behavior ::run [ RunTime:0.000843s ]
INFO: [ app_begin ] --END-- [ RunTime:0.001002s ]
SQL: SHOW COLUMNS FROM `website_apps` [ RunTime:0.005179s ]
NOTIC: [8] Undefined index: cata_id D:\wamp\www\projcet\babyweb\pt\Lib\Action\ProductAction.class.php 第 12 行.
NOTIC: [8] Undefined index: search_word D:\wamp\www\projcet\babyweb\pt\Lib\Action\ProductAction.class.php 第 13 行.
NOTIC: [8] Undefined index: cata_id D:\wamp\www\projcet\babyweb\pt\Lib\Action\ProductAction.class.php 第 19 行.
NOTIC: [8] Undefined index: is_hot D:\wamp\www\projcet\babyweb\pt\Lib\Action\ProductAction.class.php 第 20 行.
SQL: SELECT `id`,`ipad_id`,`iphone_id`,`cell_android_url`,`android_url`,`app_name`,`app_images`,`intro` FROM `website_apps` WHERE ( `del` = 0 ) AND ( `lang` = 'pt' ) ORDER BY last_top desc,id desc LIMIT 0,9   [ RunTime:0.001738s ]
NOTIC: [2] Invalid argument supplied for foreach() D:\wamp\www\projcet\babyweb\pt\Lib\Action\ProductAction.class.php 第 53 行.
INFO: [ view_parse ] --START--
INFO: ParseTemplate Behavior ::run [ RunTime:0.019897s ]
INFO: [ view_parse ] --END-- [ RunTime:0.020173s ]
INFO: [ view_filter ] --START--
INFO: ContentReplace Behavior ::run [ RunTime:0.000615s ]
INFO: TokenBuild Behavior ::run [ RunTime:0.000439s ]
INFO: WriteHtmlCache Behavior ::run [ RunTime:0.000251s ]
INFO: ShowRuntime Behavior ::run [ RunTime:0.000586s ]
INFO: [ view_filter ] --END-- [ RunTime:0.002353s ]
INFO: [ view_end ] --START--
INFO: ShowPageTrace Behavior ::run [ RunTime:0.000922s ]
INFO: [ view_end ] --END-- [ RunTime:0.001052s ]

[ 2014-11-25T09:39:35+08:00 ] 127.0.0.1 /projcet/babyweb/htdocs/pt/index.php/product/index.shtml
INFO: [ route_check ] --START--
INFO: CheckRoute Behavior ::run [ RunTime:0.001103s ]
INFO: [ route_check ] --END-- [ RunTime:0.001265s ]
INFO: [ app_begin ] --START--
INFO: ReadHtmlCache Behavior ::run [ RunTime:0.000617s ]
INFO: [ app_begin ] --END-- [ RunTime:0.000728s ]
SQL: SHOW COLUMNS FROM `website_apps` [ RunTime:0.004185s ]
NOTIC: [8] Undefined index: cata_id D:\wamp\www\projcet\babyweb\pt\Lib\Action\ProductAction.class.php 第 12 行.
NOTIC: [8] Undefined index: search_word D:\wamp\www\projcet\babyweb\pt\Lib\Action\ProductAction.class.php 第 13 行.
NOTIC: [8] Undefined index: cata_id D:\wamp\www\projcet\babyweb\pt\Lib\Action\ProductAction.class.php 第 19 行.
NOTIC: [8] Undefined index: is_hot D:\wamp\www\projcet\babyweb\pt\Lib\Action\ProductAction.class.php 第 20 行.
SQL: SELECT `id`,`ipad_id`,`iphone_id`,`cell_android_url`,`android_url`,`app_name`,`app_images`,`intro` FROM `website_apps` WHERE ( `del` = 0 ) AND ( `lang` = 'pt' ) ORDER BY last_top desc,id desc LIMIT 0,9   [ RunTime:0.002133s ]
NOTIC: [2] Invalid argument supplied for foreach() D:\wamp\www\projcet\babyweb\pt\Lib\Action\ProductAction.class.php 第 53 行.
INFO: [ view_parse ] --START--
INFO: ParseTemplate Behavior ::run [ RunTime:0.016649s ]
INFO: [ view_parse ] --END-- [ RunTime:0.016819s ]
INFO: [ view_filter ] --START--
INFO: ContentReplace Behavior ::run [ RunTime:0.000712s ]
INFO: TokenBuild Behavior ::run [ RunTime:0.000529s ]
INFO: WriteHtmlCache Behavior ::run [ RunTime:0.000362s ]
INFO: ShowRuntime Behavior ::run [ RunTime:0.000624s ]
INFO: [ view_filter ] --END-- [ RunTime:0.002578s ]
INFO: [ view_end ] --START--
INFO: ShowPageTrace Behavior ::run [ RunTime:0.000949s ]
INFO: [ view_end ] --END-- [ RunTime:0.001096s ]

[ 2014-11-25T09:39:37+08:00 ] 127.0.0.1 /projcet/babyweb/htdocs/pt/index.php/download/index.shtml
INFO: [ route_check ] --START--
INFO: CheckRoute Behavior ::run [ RunTime:0.001482s ]
INFO: [ route_check ] --END-- [ RunTime:0.001698s ]
INFO: [ app_begin ] --START--
INFO: ReadHtmlCache Behavior ::run [ RunTime:0.000842s ]
INFO: [ app_begin ] --END-- [ RunTime:0.000998s ]
INFO: [ view_parse ] --START--
INFO: ParseTemplate Behavior ::run [ RunTime:0.017788s ]
INFO: [ view_parse ] --END-- [ RunTime:0.017954s ]
INFO: [ view_filter ] --START--
INFO: ContentReplace Behavior ::run [ RunTime:0.000627s ]
INFO: TokenBuild Behavior ::run [ RunTime:0.000490s ]
INFO: WriteHtmlCache Behavior ::run [ RunTime:0.000491s ]
INFO: ShowRuntime Behavior ::run [ RunTime:0.000635s ]
INFO: [ view_filter ] --END-- [ RunTime:0.002563s ]
INFO: [ view_end ] --START--
INFO: ShowPageTrace Behavior ::run [ RunTime:0.000652s ]
INFO: [ view_end ] --END-- [ RunTime:0.000759s ]

[ 2014-11-25T09:39:37+08:00 ] 127.0.0.1 /projcet/babyweb/htdocs/pt/index.php/blog/index.shtml
INFO: [ route_check ] --START--
INFO: CheckRoute Behavior ::run [ RunTime:0.000970s ]
INFO: [ route_check ] --END-- [ RunTime:0.001163s ]
INFO: [ app_begin ] --START--
INFO: ReadHtmlCache Behavior ::run [ RunTime:0.000778s ]
INFO: [ app_begin ] --END-- [ RunTime:0.000934s ]
SQL: SHOW COLUMNS FROM `website_blog` [ RunTime:0.003163s ]
NOTIC: [8] Indirect modification of overloaded property BlogAction::$where has no effect D:\wamp\www\projcet\babyweb\pt\Lib\Action\BlogAction.class.php 第 12 行.
NOTIC: [8] Indirect modification of overloaded property BlogAction::$where has no effect D:\wamp\www\projcet\babyweb\pt\Lib\Action\BlogAction.class.php 第 13 行.
SQL: SELECT * FROM `website_blog` WHERE ( review=1 and lang='pt'  ) ORDER BY id desc LIMIT 0,3   [ RunTime:0.000776s ]
NOTIC: [2] Invalid argument supplied for foreach() D:\wamp\www\projcet\babyweb\pt\Lib\Action\BlogAction.class.php 第 27 行.
INFO: [ view_parse ] --START--
INFO: ParseTemplate Behavior ::run [ RunTime:0.016570s ]
INFO: [ view_parse ] --END-- [ RunTime:0.016715s ]
INFO: [ view_filter ] --START--
INFO: ContentReplace Behavior ::run [ RunTime:0.000585s ]
INFO: TokenBuild Behavior ::run [ RunTime:0.000475s ]
INFO: WriteHtmlCache Behavior ::run [ RunTime:0.000269s ]
INFO: ShowRuntime Behavior ::run [ RunTime:0.000544s ]
INFO: [ view_filter ] --END-- [ RunTime:0.002193s ]
INFO: [ view_end ] --START--
INFO: ShowPageTrace Behavior ::run [ RunTime:0.000769s ]
INFO: [ view_end ] --END-- [ RunTime:0.000885s ]

[ 2014-11-25T09:42:33+08:00 ] 127.0.0.1 /projcet/babyweb/htdocs/pt/index.php/blog/index.shtml
INFO: [ route_check ] --START--
INFO: CheckRoute Behavior ::run [ RunTime:0.001075s ]
INFO: [ route_check ] --END-- [ RunTime:0.001241s ]
INFO: [ app_begin ] --START--
INFO: ReadHtmlCache Behavior ::run [ RunTime:0.000824s ]
INFO: [ app_begin ] --END-- [ RunTime:0.000961s ]
NOTIC: [8] Indirect modification of overloaded property BlogAction::$where has no effect D:\wamp\www\projcet\babyweb\pt\Lib\Action\BlogAction.class.php 第 12 行.
NOTIC: [8] Indirect modification of overloaded property BlogAction::$where has no effect D:\wamp\www\projcet\babyweb\pt\Lib\Action\BlogAction.class.php 第 13 行.

[ 2014-11-25T09:42:35+08:00 ] 127.0.0.1 /projcet/babyweb/htdocs/pt/index.php/blog/index.shtml
INFO: [ route_check ] --START--
INFO: CheckRoute Behavior ::run [ RunTime:0.000953s ]
INFO: [ route_check ] --END-- [ RunTime:0.001136s ]
INFO: [ app_begin ] --START--
INFO: ReadHtmlCache Behavior ::run [ RunTime:0.000732s ]
INFO: [ app_begin ] --END-- [ RunTime:0.000899s ]
NOTIC: [8] Indirect modification of overloaded property BlogAction::$where has no effect D:\wamp\www\projcet\babyweb\pt\Lib\Action\BlogAction.class.php 第 12 行.
NOTIC: [8] Indirect modification of overloaded property BlogAction::$where has no effect D:\wamp\www\projcet\babyweb\pt\Lib\Action\BlogAction.class.php 第 13 行.

[ 2014-11-25T09:42:41+08:00 ] 127.0.0.1 /projcet/babyweb/htdocs/pt/index.php/blog/index.shtml
INFO: [ route_check ] --START--
INFO: CheckRoute Behavior ::run [ RunTime:0.000935s ]
INFO: [ route_check ] --END-- [ RunTime:0.001105s ]
INFO: [ app_begin ] --START--
INFO: ReadHtmlCache Behavior ::run [ RunTime:0.000742s ]
INFO: [ app_begin ] --END-- [ RunTime:0.000882s ]
NOTIC: [8] Indirect modification of overloaded property BlogAction::$where has no effect D:\wamp\www\projcet\babyweb\pt\Lib\Action\BlogAction.class.php 第 12 行.
NOTIC: [8] Indirect modification of overloaded property BlogAction::$where has no effect D:\wamp\www\projcet\babyweb\pt\Lib\Action\BlogAction.class.php 第 13 行.

[ 2014-11-25T09:42:48+08:00 ] 127.0.0.1 /projcet/babyweb/htdocs/pt/index.php/blog/index.shtml
INFO: [ route_check ] --START--
INFO: CheckRoute Behavior ::run [ RunTime:0.000696s ]
INFO: [ route_check ] --END-- [ RunTime:0.000844s ]
INFO: [ app_begin ] --START--
INFO: ReadHtmlCache Behavior ::run [ RunTime:0.000518s ]
INFO: [ app_begin ] --END-- [ RunTime:0.000655s ]
NOTIC: [8] Indirect modification of overloaded property BlogAction::$where has no effect D:\wamp\www\projcet\babyweb\pt\Lib\Action\BlogAction.class.php 第 12 行.
NOTIC: [8] Indirect modification of overloaded property BlogAction::$where has no effect D:\wamp\www\projcet\babyweb\pt\Lib\Action\BlogAction.class.php 第 13 行.

[ 2014-11-25T09:42:53+08:00 ] 127.0.0.1 /projcet/babyweb/htdocs/pt/index.php/blog/index.shtml
INFO: [ route_check ] --START--
INFO: CheckRoute Behavior ::run [ RunTime:0.001058s ]
INFO: [ route_check ] --END-- [ RunTime:0.001282s ]
INFO: [ app_begin ] --START--
INFO: ReadHtmlCache Behavior ::run [ RunTime:0.000689s ]
INFO: [ app_begin ] --END-- [ RunTime:0.000824s ]
SQL: SHOW COLUMNS FROM `website_blog` [ RunTime:0.003190s ]
NOTIC: [8] Indirect modification of overloaded property BlogAction::$where has no effect D:\wamp\www\projcet\babyweb\pt\Lib\Action\BlogAction.class.php 第 12 行.
NOTIC: [8] Indirect modification of overloaded property BlogAction::$where has no effect D:\wamp\www\projcet\babyweb\pt\Lib\Action\BlogAction.class.php 第 13 行.
SQL: SELECT * FROM `website_blog` WHERE ( review=1 and lang='pt'  ) ORDER BY id desc LIMIT 0,3   [ RunTime:0.000838s ]
NOTIC: [2] Invalid argument supplied for foreach() D:\wamp\www\projcet\babyweb\pt\Lib\Action\BlogAction.class.php 第 27 行.
INFO: [ view_parse ] --START--
INFO: ParseTemplate Behavior ::run [ RunTime:0.014425s ]
INFO: [ view_parse ] --END-- [ RunTime:0.014569s ]
INFO: [ view_filter ] --START--
INFO: ContentReplace Behavior ::run [ RunTime:0.000582s ]
INFO: TokenBuild Behavior ::run [ RunTime:0.000481s ]
INFO: WriteHtmlCache Behavior ::run [ RunTime:0.000372s ]
INFO: ShowRuntime Behavior ::run [ RunTime:0.000608s ]
INFO: [ view_filter ] --END-- [ RunTime:0.002347s ]
INFO: [ view_end ] --START--
INFO: ShowPageTrace Behavior ::run [ RunTime:0.000821s ]
INFO: [ view_end ] --END-- [ RunTime:0.000929s ]

[ 2014-11-25T09:43:30+08:00 ] 127.0.0.1 /projcet/babyweb/htdocs/pt/index.php/blog/index.shtml
INFO: [ route_check ] --START--
INFO: CheckRoute Behavior ::run [ RunTime:0.000715s ]
INFO: [ route_check ] --END-- [ RunTime:0.000854s ]
INFO: [ app_begin ] --START--
INFO: ReadHtmlCache Behavior ::run [ RunTime:0.000566s ]
INFO: [ app_begin ] --END-- [ RunTime:0.000687s ]
SQL: SHOW COLUMNS FROM `website_blog` [ RunTime:0.002918s ]
NOTIC: [8] Indirect modification of overloaded property BlogAction::$where has no effect D:\wamp\www\projcet\babyweb\pt\Lib\Action\BlogAction.class.php 第 12 行.
NOTIC: [8] Indirect modification of overloaded property BlogAction::$where has no effect D:\wamp\www\projcet\babyweb\pt\Lib\Action\BlogAction.class.php 第 13 行.
SQL: SELECT * FROM `website_blog` WHERE ( review=1 and lang='pt'  ) ORDER BY id desc LIMIT 0,3   [ RunTime:0.000605s ]
NOTIC: [2] Invalid argument supplied for foreach() D:\wamp\www\projcet\babyweb\pt\Lib\Action\BlogAction.class.php 第 27 行.
INFO: [ view_parse ] --START--
INFO: ParseTemplate Behavior ::run [ RunTime:0.014510s ]
INFO: [ view_parse ] --END-- [ RunTime:0.014672s ]
INFO: [ view_filter ] --START--
INFO: ContentReplace Behavior ::run [ RunTime:0.000462s ]
INFO: TokenBuild Behavior ::run [ RunTime:0.000504s ]
INFO: WriteHtmlCache Behavior ::run [ RunTime:0.000278s ]
INFO: ShowRuntime Behavior ::run [ RunTime:0.000589s ]
INFO: [ view_filter ] --END-- [ RunTime:0.002177s ]
INFO: [ view_end ] --START--
INFO: ShowPageTrace Behavior ::run [ RunTime:0.000996s ]
INFO: [ view_end ] --END-- [ RunTime:0.001128s ]

[ 2014-11-25T09:43:31+08:00 ] 127.0.0.1 /projcet/babyweb/htdocs/pt/index.php/blog/index.shtml
INFO: [ route_check ] --START--
INFO: CheckRoute Behavior ::run [ RunTime:0.000913s ]
INFO: [ route_check ] --END-- [ RunTime:0.001076s ]
INFO: [ app_begin ] --START--
INFO: ReadHtmlCache Behavior ::run [ RunTime:0.000962s ]
INFO: [ app_begin ] --END-- [ RunTime:0.001111s ]
SQL: SHOW COLUMNS FROM `website_blog` [ RunTime:0.003089s ]
NOTIC: [8] Indirect modification of overloaded property BlogAction::$where has no effect D:\wamp\www\projcet\babyweb\pt\Lib\Action\BlogAction.class.php 第 12 行.
NOTIC: [8] Indirect modification of overloaded property BlogAction::$where has no effect D:\wamp\www\projcet\babyweb\pt\Lib\Action\BlogAction.class.php 第 13 行.
SQL: SELECT * FROM `website_blog` WHERE ( review=1 and lang='pt'  ) ORDER BY id desc LIMIT 0,3   [ RunTime:0.000574s ]
NOTIC: [2] Invalid argument supplied for foreach() D:\wamp\www\projcet\babyweb\pt\Lib\Action\BlogAction.class.php 第 27 行.
INFO: [ view_parse ] --START--
INFO: ParseTemplate Behavior ::run [ RunTime:0.015326s ]
INFO: [ view_parse ] --END-- [ RunTime:0.015535s ]
INFO: [ view_filter ] --START--
INFO: ContentReplace Behavior ::run [ RunTime:0.000547s ]
INFO: TokenBuild Behavior ::run [ RunTime:0.000464s ]
INFO: WriteHtmlCache Behavior ::run [ RunTime:0.000276s ]
INFO: ShowRuntime Behavior ::run [ RunTime:0.000570s ]
INFO: [ view_filter ] --END-- [ RunTime:0.002186s ]
INFO: [ view_end ] --START--
INFO: ShowPageTrace Behavior ::run [ RunTime:0.000940s ]
INFO: [ view_end ] --END-- [ RunTime:0.001058s ]

[ 2014-11-25T09:43:31+08:00 ] 127.0.0.1 /projcet/babyweb/htdocs/pt/index.php/blog/index.shtml
INFO: [ route_check ] --START--
INFO: CheckRoute Behavior ::run [ RunTime:0.000980s ]
INFO: [ route_check ] --END-- [ RunTime:0.001130s ]
INFO: [ app_begin ] --START--
INFO: ReadHtmlCache Behavior ::run [ RunTime:0.000643s ]
INFO: [ app_begin ] --END-- [ RunTime:0.000769s ]
SQL: SHOW COLUMNS FROM `website_blog` [ RunTime:0.002718s ]
NOTIC: [8] Indirect modification of overloaded property BlogAction::$where has no effect D:\wamp\www\projcet\babyweb\pt\Lib\Action\BlogAction.class.php 第 12 行.
NOTIC: [8] Indirect modification of overloaded property BlogAction::$where has no effect D:\wamp\www\projcet\babyweb\pt\Lib\Action\BlogAction.class.php 第 13 行.
SQL: SELECT * FROM `website_blog` WHERE ( review=1 and lang='pt'  ) ORDER BY id desc LIMIT 0,3   [ RunTime:0.000973s ]
NOTIC: [2] Invalid argument supplied for foreach() D:\wamp\www\projcet\babyweb\pt\Lib\Action\BlogAction.class.php 第 27 行.
INFO: [ view_parse ] --START--
INFO: ParseTemplate Behavior ::run [ RunTime:0.015109s ]
INFO: [ view_parse ] --END-- [ RunTime:0.015272s ]
INFO: [ view_filter ] --START--
INFO: ContentReplace Behavior ::run [ RunTime:0.000590s ]
INFO: TokenBuild Behavior ::run [ RunTime:0.000500s ]
INFO: WriteHtmlCache Behavior ::run [ RunTime:0.000348s ]
INFO: ShowRuntime Behavior ::run [ RunTime:0.000612s ]
INFO: [ view_filter ] --END-- [ RunTime:0.002382s ]
INFO: [ view_end ] --START--
INFO: ShowPageTrace Behavior ::run [ RunTime:0.000735s ]
INFO: [ view_end ] --END-- [ RunTime:0.000855s ]

[ 2014-11-25T09:43:31+08:00 ] 127.0.0.1 /projcet/babyweb/htdocs/pt/index.php/blog/index.shtml
INFO: [ route_check ] --START--
INFO: CheckRoute Behavior ::run [ RunTime:0.000782s ]
INFO: [ route_check ] --END-- [ RunTime:0.000937s ]
INFO: [ app_begin ] --START--
INFO: ReadHtmlCache Behavior ::run [ RunTime:0.000542s ]
INFO: [ app_begin ] --END-- [ RunTime:0.000660s ]
SQL: SHOW COLUMNS FROM `website_blog` [ RunTime:0.002636s ]
NOTIC: [8] Indirect modification of overloaded property BlogAction::$where has no effect D:\wamp\www\projcet\babyweb\pt\Lib\Action\BlogAction.class.php 第 12 行.
NOTIC: [8] Indirect modification of overloaded property BlogAction::$where has no effect D:\wamp\www\projcet\babyweb\pt\Lib\Action\BlogAction.class.php 第 13 行.
SQL: SELECT * FROM `website_blog` WHERE ( review=1 and lang='pt'  ) ORDER BY id desc LIMIT 0,3   [ RunTime:0.000449s ]
NOTIC: [2] Invalid argument supplied for foreach() D:\wamp\www\projcet\babyweb\pt\Lib\Action\BlogAction.class.php 第 27 行.
INFO: [ view_parse ] --START--
INFO: ParseTemplate Behavior ::run [ RunTime:0.015941s ]
INFO: [ view_parse ] --END-- [ RunTime:0.016101s ]
INFO: [ view_filter ] --START--
INFO: ContentReplace Behavior ::run [ RunTime:0.000503s ]
INFO: TokenBuild Behavior ::run [ RunTime:0.000472s ]
INFO: WriteHtmlCache Behavior ::run [ RunTime:0.000269s ]
INFO: ShowRuntime Behavior ::run [ RunTime:0.000527s ]
INFO: [ view_filter ] --END-- [ RunTime:0.002254s ]
INFO: [ view_end ] --START--
INFO: ShowPageTrace Behavior ::run [ RunTime:0.000903s ]
INFO: [ view_end ] --END-- [ RunTime:0.001079s ]

[ 2014-11-25T09:43:31+08:00 ] 127.0.0.1 /projcet/babyweb/htdocs/pt/index.php/blog/index.shtml
INFO: [ route_check ] --START--
INFO: CheckRoute Behavior ::run [ RunTime:0.000761s ]
INFO: [ route_check ] --END-- [ RunTime:0.000934s ]
INFO: [ app_begin ] --START--
INFO: ReadHtmlCache Behavior ::run [ RunTime:0.000558s ]
INFO: [ app_begin ] --END-- [ RunTime:0.000676s ]
SQL: SHOW COLUMNS FROM `website_blog` [ RunTime:0.002974s ]
NOTIC: [8] Indirect modification of overloaded property BlogAction::$where has no effect D:\wamp\www\projcet\babyweb\pt\Lib\Action\BlogAction.class.php 第 12 行.
NOTIC: [8] Indirect modification of overloaded property BlogAction::$where has no effect D:\wamp\www\projcet\babyweb\pt\Lib\Action\BlogAction.class.php 第 13 行.
SQL: SELECT * FROM `website_blog` WHERE ( review=1 and lang='pt'  ) ORDER BY id desc LIMIT 0,3   [ RunTime:0.000942s ]
NOTIC: [2] Invalid argument supplied for foreach() D:\wamp\www\projcet\babyweb\pt\Lib\Action\BlogAction.class.php 第 27 行.
INFO: [ view_parse ] --START--
INFO: ParseTemplate Behavior ::run [ RunTime:0.015413s ]
INFO: [ view_parse ] --END-- [ RunTime:0.015590s ]
INFO: [ view_filter ] --START--
INFO: ContentReplace Behavior ::run [ RunTime:0.000552s ]
INFO: TokenBuild Behavior ::run [ RunTime:0.000438s ]
INFO: WriteHtmlCache Behavior ::run [ RunTime:0.000365s ]
INFO: ShowRuntime Behavior ::run [ RunTime:0.000558s ]
INFO: [ view_filter ] --END-- [ RunTime:0.002252s ]
INFO: [ view_end ] --START--
INFO: ShowPageTrace Behavior ::run [ RunTime:0.000777s ]
INFO: [ view_end ] --END-- [ RunTime:0.000903s ]

[ 2014-11-25T09:46:08+08:00 ] 127.0.0.1 /projcet/babyweb/htdocs/pt/index.php/blog/index.shtml
INFO: [ route_check ] --START--
INFO: CheckRoute Behavior ::run [ RunTime:0.001197s ]
INFO: [ route_check ] --END-- [ RunTime:0.001367s ]
INFO: [ app_begin ] --START--
INFO: ReadHtmlCache Behavior ::run [ RunTime:0.000752s ]
INFO: [ app_begin ] --END-- [ RunTime:0.000883s ]
SQL: SHOW COLUMNS FROM `website_blog` [ RunTime:0.003180s ]
NOTIC: [8] Indirect modification of overloaded property BlogAction::$where has no effect D:\wamp\www\projcet\babyweb\pt\Lib\Action\BlogAction.class.php 第 12 行.
NOTIC: [8] Indirect modification of overloaded property BlogAction::$where has no effect D:\wamp\www\projcet\babyweb\pt\Lib\Action\BlogAction.class.php 第 13 行.
SQL: SELECT * FROM `website_blog` WHERE ( review=1 and lang='pt'  ) ORDER BY id desc LIMIT 0,3   [ RunTime:0.000788s ]
NOTIC: [2] Invalid argument supplied for foreach() D:\wamp\www\projcet\babyweb\pt\Lib\Action\BlogAction.class.php 第 27 行.
INFO: [ view_parse ] --START--
INFO: ParseTemplate Behavior ::run [ RunTime:0.014766s ]
INFO: [ view_parse ] --END-- [ RunTime:0.014931s ]
INFO: [ view_filter ] --START--
INFO: ContentReplace Behavior ::run [ RunTime:0.000745s ]
INFO: TokenBuild Behavior ::run [ RunTime:0.000585s ]
INFO: WriteHtmlCache Behavior ::run [ RunTime:0.000323s ]
INFO: ShowRuntime Behavior ::run [ RunTime:0.000647s ]
INFO: [ view_filter ] --END-- [ RunTime:0.002616s ]
INFO: [ view_end ] --START--
INFO: ShowPageTrace Behavior ::run [ RunTime:0.000689s ]
INFO: [ view_end ] --END-- [ RunTime:0.000794s ]

[ 2014-11-25T09:46:10+08:00 ] 127.0.0.1 /projcet/babyweb/htdocs/pt/index.php/blog/index.shtml
INFO: [ route_check ] --START--
INFO: CheckRoute Behavior ::run [ RunTime:0.000809s ]
INFO: [ route_check ] --END-- [ RunTime:0.001061s ]
INFO: [ app_begin ] --START--
INFO: ReadHtmlCache Behavior ::run [ RunTime:0.000656s ]
INFO: [ app_begin ] --END-- [ RunTime:0.000766s ]
SQL: SHOW COLUMNS FROM `website_blog` [ RunTime:0.003105s ]
NOTIC: [8] Indirect modification of overloaded property BlogAction::$where has no effect D:\wamp\www\projcet\babyweb\pt\Lib\Action\BlogAction.class.php 第 12 行.
NOTIC: [8] Indirect modification of overloaded property BlogAction::$where has no effect D:\wamp\www\projcet\babyweb\pt\Lib\Action\BlogAction.class.php 第 13 行.
SQL: SELECT * FROM `website_blog` WHERE ( review=1 and lang='pt'  ) ORDER BY id desc LIMIT 0,3   [ RunTime:0.000948s ]
NOTIC: [2] Invalid argument supplied for foreach() D:\wamp\www\projcet\babyweb\pt\Lib\Action\BlogAction.class.php 第 27 行.
INFO: [ view_parse ] --START--
INFO: ParseTemplate Behavior ::run [ RunTime:0.014762s ]
INFO: [ view_parse ] --END-- [ RunTime:0.014910s ]
INFO: [ view_filter ] --START--
INFO: ContentReplace Behavior ::run [ RunTime:0.000649s ]
INFO: TokenBuild Behavior ::run [ RunTime:0.000598s ]
INFO: WriteHtmlCache Behavior ::run [ RunTime:0.000258s ]
INFO: ShowRuntime Behavior ::run [ RunTime:0.000556s ]
INFO: [ view_filter ] --END-- [ RunTime:0.002360s ]
INFO: [ view_end ] --START--
INFO: ShowPageTrace Behavior ::run [ RunTime:0.000883s ]
INFO: [ view_end ] --END-- [ RunTime:0.000991s ]

[ 2014-11-25T09:46:10+08:00 ] 127.0.0.1 /projcet/babyweb/htdocs/pt/index.php/blog/index.shtml
INFO: [ route_check ] --START--
INFO: CheckRoute Behavior ::run [ RunTime:0.001074s ]
INFO: [ route_check ] --END-- [ RunTime:0.001242s ]
INFO: [ app_begin ] --START--
INFO: ReadHtmlCache Behavior ::run [ RunTime:0.000989s ]
INFO: [ app_begin ] --END-- [ RunTime:0.001160s ]
SQL: SHOW COLUMNS FROM `website_blog` [ RunTime:0.005183s ]
NOTIC: [8] Indirect modification of overloaded property BlogAction::$where has no effect D:\wamp\www\projcet\babyweb\pt\Lib\Action\BlogAction.class.php 第 12 行.
NOTIC: [8] Indirect modification of overloaded property BlogAction::$where has no effect D:\wamp\www\projcet\babyweb\pt\Lib\Action\BlogAction.class.php 第 13 行.
SQL: SELECT * FROM `website_blog` WHERE ( review=1 and lang='pt'  ) ORDER BY id desc LIMIT 0,3   [ RunTime:0.000690s ]
NOTIC: [2] Invalid argument supplied for foreach() D:\wamp\www\projcet\babyweb\pt\Lib\Action\BlogAction.class.php 第 27 行.
INFO: [ view_parse ] --START--
INFO: ParseTemplate Behavior ::run [ RunTime:0.022148s ]
INFO: [ view_parse ] --END-- [ RunTime:0.022329s ]
INFO: [ view_filter ] --START--
INFO: ContentReplace Behavior ::run [ RunTime:0.000696s ]
INFO: TokenBuild Behavior ::run [ RunTime:0.000517s ]
INFO: WriteHtmlCache Behavior ::run [ RunTime:0.000350s ]
INFO: ShowRuntime Behavior ::run [ RunTime:0.000626s ]
INFO: [ view_filter ] --END-- [ RunTime:0.002522s ]
INFO: [ view_end ] --START--
INFO: ShowPageTrace Behavior ::run [ RunTime:0.000791s ]
INFO: [ view_end ] --END-- [ RunTime:0.000919s ]

[ 2014-11-25T09:46:10+08:00 ] 127.0.0.1 /projcet/babyweb/htdocs/pt/index.php/blog/index.shtml
INFO: [ route_check ] --START--
INFO: CheckRoute Behavior ::run [ RunTime:0.001141s ]
INFO: [ route_check ] --END-- [ RunTime:0.001312s ]
INFO: [ app_begin ] --START--
INFO: ReadHtmlCache Behavior ::run [ RunTime:0.000960s ]
INFO: [ app_begin ] --END-- [ RunTime:0.001163s ]
SQL: SHOW COLUMNS FROM `website_blog` [ RunTime:0.003103s ]
NOTIC: [8] Indirect modification of overloaded property BlogAction::$where has no effect D:\wamp\www\projcet\babyweb\pt\Lib\Action\BlogAction.class.php 第 12 行.
NOTIC: [8] Indirect modification of overloaded property BlogAction::$where has no effect D:\wamp\www\projcet\babyweb\pt\Lib\Action\BlogAction.class.php 第 13 行.
SQL: SELECT * FROM `website_blog` WHERE ( review=1 and lang='pt'  ) ORDER BY id desc LIMIT 0,3   [ RunTime:0.000573s ]
NOTIC: [2] Invalid argument supplied for foreach() D:\wamp\www\projcet\babyweb\pt\Lib\Action\BlogAction.class.php 第 27 行.
INFO: [ view_parse ] --START--
INFO: ParseTemplate Behavior ::run [ RunTime:0.018108s ]
INFO: [ view_parse ] --END-- [ RunTime:0.018279s ]
INFO: [ view_filter ] --START--
INFO: ContentReplace Behavior ::run [ RunTime:0.000877s ]
INFO: TokenBuild Behavior ::run [ RunTime:0.000507s ]
INFO: WriteHtmlCache Behavior ::run [ RunTime:0.000633s ]
INFO: ShowRuntime Behavior ::run [ RunTime:0.000890s ]
INFO: [ view_filter ] --END-- [ RunTime:0.003597s ]
INFO: [ view_end ] --START--
INFO: ShowPageTrace Behavior ::run [ RunTime:0.001082s ]
INFO: [ view_end ] --END-- [ RunTime:0.001209s ]

[ 2014-11-25T09:46:11+08:00 ] 127.0.0.1 /projcet/babyweb/htdocs/pt/index.php/blog/index.shtml
INFO: [ route_check ] --START--
INFO: CheckRoute Behavior ::run [ RunTime:0.001296s ]
INFO: [ route_check ] --END-- [ RunTime:0.001522s ]
INFO: [ app_begin ] --START--
INFO: ReadHtmlCache Behavior ::run [ RunTime:0.000688s ]
INFO: [ app_begin ] --END-- [ RunTime:0.000828s ]
SQL: SHOW COLUMNS FROM `website_blog` [ RunTime:0.003570s ]
NOTIC: [8] Indirect modification of overloaded property BlogAction::$where has no effect D:\wamp\www\projcet\babyweb\pt\Lib\Action\BlogAction.class.php 第 12 行.
NOTIC: [8] Indirect modification of overloaded property BlogAction::$where has no effect D:\wamp\www\projcet\babyweb\pt\Lib\Action\BlogAction.class.php 第 13 行.
SQL: SELECT * FROM `website_blog` WHERE ( review=1 and lang='pt'  ) ORDER BY id desc LIMIT 0,3   [ RunTime:0.001004s ]
NOTIC: [2] Invalid argument supplied for foreach() D:\wamp\www\projcet\babyweb\pt\Lib\Action\BlogAction.class.php 第 27 行.
INFO: [ view_parse ] --START--
INFO: ParseTemplate Behavior ::run [ RunTime:0.016679s ]
INFO: [ view_parse ] --END-- [ RunTime:0.016856s ]
INFO: [ view_filter ] --START--
INFO: ContentReplace Behavior ::run [ RunTime:0.000702s ]
INFO: TokenBuild Behavior ::run [ RunTime:0.000541s ]
INFO: WriteHtmlCache Behavior ::run [ RunTime:0.000280s ]
INFO: ShowRuntime Behavior ::run [ RunTime:0.000485s ]
INFO: [ view_filter ] --END-- [ RunTime:0.002487s ]
INFO: [ view_end ] --START--
INFO: ShowPageTrace Behavior ::run [ RunTime:0.000680s ]
INFO: [ view_end ] --END-- [ RunTime:0.000849s ]

[ 2014-11-25T09:46:11+08:00 ] 127.0.0.1 /projcet/babyweb/htdocs/pt/index.php/blog/index.shtml
INFO: [ route_check ] --START--
INFO: CheckRoute Behavior ::run [ RunTime:0.000902s ]
INFO: [ route_check ] --END-- [ RunTime:0.001079s ]
INFO: [ app_begin ] --START--
INFO: ReadHtmlCache Behavior ::run [ RunTime:0.001341s ]
INFO: [ app_begin ] --END-- [ RunTime:0.001601s ]
SQL: SHOW COLUMNS FROM `website_blog` [ RunTime:0.002985s ]
NOTIC: [8] Indirect modification of overloaded property BlogAction::$where has no effect D:\wamp\www\projcet\babyweb\pt\Lib\Action\BlogAction.class.php 第 12 行.
NOTIC: [8] Indirect modification of overloaded property BlogAction::$where has no effect D:\wamp\www\projcet\babyweb\pt\Lib\Action\BlogAction.class.php 第 13 行.
SQL: SELECT * FROM `website_blog` WHERE ( review=1 and lang='pt'  ) ORDER BY id desc LIMIT 0,3   [ RunTime:0.000647s ]
NOTIC: [2] Invalid argument supplied for foreach() D:\wamp\www\projcet\babyweb\pt\Lib\Action\BlogAction.class.php 第 27 行.
INFO: [ view_parse ] --START--
INFO: ParseTemplate Behavior ::run [ RunTime:0.017313s ]
INFO: [ view_parse ] --END-- [ RunTime:0.017494s ]
INFO: [ view_filter ] --START--
INFO: ContentReplace Behavior ::run [ RunTime:0.000535s ]
INFO: TokenBuild Behavior ::run [ RunTime:0.000630s ]
INFO: WriteHtmlCache Behavior ::run [ RunTime:0.000413s ]
INFO: ShowRuntime Behavior ::run [ RunTime:0.000818s ]
INFO: [ view_filter ] --END-- [ RunTime:0.002840s ]
INFO: [ view_end ] --START--
INFO: ShowPageTrace Behavior ::run [ RunTime:0.000827s ]
INFO: [ view_end ] --END-- [ RunTime:0.000958s ]

[ 2014-11-25T09:46:20+08:00 ] 127.0.0.1 /projcet/babyweb/htdocs/pt/index.php/blog/index.shtml
INFO: [ route_check ] --START--
INFO: CheckRoute Behavior ::run [ RunTime:0.000824s ]
INFO: [ route_check ] --END-- [ RunTime:0.000973s ]
INFO: [ app_begin ] --START--
INFO: ReadHtmlCache Behavior ::run [ RunTime:0.000633s ]
INFO: [ app_begin ] --END-- [ RunTime:0.000747s ]
SQL: SHOW COLUMNS FROM `website_blog` [ RunTime:0.003190s ]
NOTIC: [8] Indirect modification of overloaded property BlogAction::$where has no effect D:\wamp\www\projcet\babyweb\pt\Lib\Action\BlogAction.class.php 第 12 行.
NOTIC: [8] Indirect modification of overloaded property BlogAction::$where has no effect D:\wamp\www\projcet\babyweb\pt\Lib\Action\BlogAction.class.php 第 13 行.
SQL: SELECT * FROM `website_blog` WHERE ( review=1 and lang='pt'  ) ORDER BY id desc LIMIT 0,3   [ RunTime:0.000833s ]
INFO: [ view_parse ] --START--
INFO: ParseTemplate Behavior ::run [ RunTime:0.018322s ]
INFO: [ view_parse ] --END-- [ RunTime:0.018474s ]
INFO: [ view_filter ] --START--
INFO: ContentReplace Behavior ::run [ RunTime:0.000722s ]
INFO: TokenBuild Behavior ::run [ RunTime:0.000596s ]
INFO: WriteHtmlCache Behavior ::run [ RunTime:0.000253s ]
INFO: ShowRuntime Behavior ::run [ RunTime:0.000544s ]
INFO: [ view_filter ] --END-- [ RunTime:0.002415s ]
INFO: [ view_end ] --START--
INFO: ShowPageTrace Behavior ::run [ RunTime:0.000724s ]
INFO: [ view_end ] --END-- [ RunTime:0.000835s ]

[ 2014-11-25T09:46:20+08:00 ] 127.0.0.1 /projcet/babyweb/htdocs/pt/index.php/blog/infoMore/page/2.shtml
INFO: [ route_check ] --START--
INFO: CheckRoute Behavior ::run [ RunTime:0.001008s ]
INFO: [ route_check ] --END-- [ RunTime:0.001170s ]
INFO: [ app_begin ] --START--
INFO: ReadHtmlCache Behavior ::run [ RunTime:0.000719s ]
INFO: [ app_begin ] --END-- [ RunTime:0.000831s ]
SQL: SHOW COLUMNS FROM `website_blog` [ RunTime:0.004789s ]
NOTIC: [8] Indirect modification of overloaded property BlogAction::$where has no effect D:\wamp\www\projcet\babyweb\pt\Lib\Action\BlogAction.class.php 第 12 行.
NOTIC: [8] Indirect modification of overloaded property BlogAction::$where has no effect D:\wamp\www\projcet\babyweb\pt\Lib\Action\BlogAction.class.php 第 13 行.
SQL: SELECT * FROM `website_blog` WHERE ( review=1 and lang='pt'  ) ORDER BY id desc LIMIT 3,3   [ RunTime:0.001005s ]
NOTIC: [2] Invalid argument supplied for foreach() D:\wamp\www\projcet\babyweb\pt\Lib\Action\BlogAction.class.php 第 27 行.
INFO: [ view_parse ] --START--
INFO: ParseTemplate Behavior ::run [ RunTime:0.015557s ]
INFO: [ view_parse ] --END-- [ RunTime:0.015876s ]
INFO: [ view_filter ] --START--
INFO: ContentReplace Behavior ::run [ RunTime:0.001058s ]
INFO: TokenBuild Behavior ::run [ RunTime:0.001400s ]
INFO: WriteHtmlCache Behavior ::run [ RunTime:0.000422s ]
INFO: ShowRuntime Behavior ::run [ RunTime:0.000824s ]
INFO: [ view_filter ] --END-- [ RunTime:0.004329s ]
INFO: [ view_end ] --START--
INFO: ShowPageTrace Behavior ::run [ RunTime:0.001202s ]
INFO: [ view_end ] --END-- [ RunTime:0.001372s ]

[ 2014-11-25T09:46:26+08:00 ] 127.0.0.1 /projcet/babyweb/htdocs/pt/index.php/blog/info/id/40
INFO: [ route_check ] --START--
INFO: CheckRoute Behavior ::run [ RunTime:0.000999s ]
INFO: [ route_check ] --END-- [ RunTime:0.001138s ]
INFO: [ app_begin ] --START--
INFO: ReadHtmlCache Behavior ::run [ RunTime:0.000649s ]
INFO: [ app_begin ] --END-- [ RunTime:0.000759s ]
SQL: SHOW COLUMNS FROM `website_blog` [ RunTime:0.003027s ]
NOTIC: [8] Indirect modification of overloaded property BlogAction::$where has no effect D:\wamp\www\projcet\babyweb\pt\Lib\Action\BlogAction.class.php 第 12 行.
NOTIC: [8] Indirect modification of overloaded property BlogAction::$where has no effect D:\wamp\www\projcet\babyweb\pt\Lib\Action\BlogAction.class.php 第 13 行.
SQL: SHOW COLUMNS FROM `website_blog` [ RunTime:0.003038s ]
SQL: SELECT MIN(id) AS tp_min FROM `website_blog` WHERE (  lang='pt'  ) LIMIT 1   [ RunTime:0.013910s ]
SQL: SELECT MAX(id) AS tp_max FROM `website_blog` WHERE (  lang='pt'  ) LIMIT 1   [ RunTime:0.000482s ]
SQL: SELECT * FROM `website_blog` WHERE (  id<40 and lang='pt'  ) ORDER BY id desc LIMIT 1   [ RunTime:0.000589s ]
SQL: SELECT * FROM `website_blog` WHERE (  id>40 and lang='pt'  ) ORDER BY id asc LIMIT 1   [ RunTime:0.000378s ]
SQL: SELECT * FROM `website_blog` WHERE (  id=40 and lang='pt'  ) LIMIT 1   [ RunTime:0.000462s ]
INFO: [ view_parse ] --START--
INFO: ParseTemplate Behavior ::run [ RunTime:0.021597s ]
INFO: [ view_parse ] --END-- [ RunTime:0.021788s ]
INFO: [ view_filter ] --START--
INFO: ContentReplace Behavior ::run [ RunTime:0.000719s ]
INFO: TokenBuild Behavior ::run [ RunTime:0.000579s ]
INFO: WriteHtmlCache Behavior ::run [ RunTime:0.000427s ]
INFO: ShowRuntime Behavior ::run [ RunTime:0.000564s ]
INFO: [ view_filter ] --END-- [ RunTime:0.002679s ]
INFO: [ view_end ] --START--
INFO: ShowPageTrace Behavior ::run [ RunTime:0.000871s ]
INFO: [ view_end ] --END-- [ RunTime:0.001143s ]

[ 2014-11-25T09:46:32+08:00 ] 127.0.0.1 /projcet/babyweb/htdocs/pt/index.php/blog/infoMore/page/2.shtml
INFO: [ route_check ] --START--
INFO: CheckRoute Behavior ::run [ RunTime:0.001009s ]
INFO: [ route_check ] --END-- [ RunTime:0.001188s ]
INFO: [ app_begin ] --START--
INFO: ReadHtmlCache Behavior ::run [ RunTime:0.000610s ]
INFO: [ app_begin ] --END-- [ RunTime:0.000718s ]
SQL: SHOW COLUMNS FROM `website_blog` [ RunTime:0.003807s ]
NOTIC: [8] Indirect modification of overloaded property BlogAction::$where has no effect D:\wamp\www\projcet\babyweb\pt\Lib\Action\BlogAction.class.php 第 12 行.
NOTIC: [8] Indirect modification of overloaded property BlogAction::$where has no effect D:\wamp\www\projcet\babyweb\pt\Lib\Action\BlogAction.class.php 第 13 行.
SQL: SELECT * FROM `website_blog` WHERE ( review=1 and lang='pt'  ) ORDER BY id desc LIMIT 3,3   [ RunTime:0.001220s ]
NOTIC: [2] Invalid argument supplied for foreach() D:\wamp\www\projcet\babyweb\pt\Lib\Action\BlogAction.class.php 第 27 行.
INFO: [ view_parse ] --START--
INFO: ParseTemplate Behavior ::run [ RunTime:0.012469s ]
INFO: [ view_parse ] --END-- [ RunTime:0.012768s ]
INFO: [ view_filter ] --START--
INFO: ContentReplace Behavior ::run [ RunTime:0.000940s ]
INFO: TokenBuild Behavior ::run [ RunTime:0.001325s ]
INFO: WriteHtmlCache Behavior ::run [ RunTime:0.000585s ]
INFO: ShowRuntime Behavior ::run [ RunTime:0.000813s ]
INFO: [ view_filter ] --END-- [ RunTime:0.004431s ]
INFO: [ view_end ] --START--
INFO: ShowPageTrace Behavior ::run [ RunTime:0.001045s ]
INFO: [ view_end ] --END-- [ RunTime:0.001188s ]

[ 2014-11-25T09:46:36+08:00 ] 127.0.0.1 /projcet/babyweb/htdocs/pt/index.php/blog/info/id/40
INFO: [ route_check ] --START--
INFO: CheckRoute Behavior ::run [ RunTime:0.001082s ]
INFO: [ route_check ] --END-- [ RunTime:0.001225s ]
INFO: [ app_begin ] --START--
INFO: ReadHtmlCache Behavior ::run [ RunTime:0.000589s ]
INFO: [ app_begin ] --END-- [ RunTime:0.000715s ]
SQL: SHOW COLUMNS FROM `website_blog` [ RunTime:0.002927s ]
NOTIC: [8] Indirect modification of overloaded property BlogAction::$where has no effect D:\wamp\www\projcet\babyweb\pt\Lib\Action\BlogAction.class.php 第 12 行.
NOTIC: [8] Indirect modification of overloaded property BlogAction::$where has no effect D:\wamp\www\projcet\babyweb\pt\Lib\Action\BlogAction.class.php 第 13 行.
SQL: SHOW COLUMNS FROM `website_blog` [ RunTime:0.003034s ]
SQL: SELECT MIN(id) AS tp_min FROM `website_blog` WHERE (  lang='pt'  ) LIMIT 1   [ RunTime:0.000552s ]
SQL: SELECT MAX(id) AS tp_max FROM `website_blog` WHERE (  lang='pt'  ) LIMIT 1   [ RunTime:0.000446s ]
SQL: SELECT * FROM `website_blog` WHERE (  id<40 and lang='pt'  ) ORDER BY id desc LIMIT 1   [ RunTime:0.000626s ]
SQL: SELECT * FROM `website_blog` WHERE (  id>40 and lang='pt'  ) ORDER BY id asc LIMIT 1   [ RunTime:0.000389s ]
SQL: SELECT * FROM `website_blog` WHERE (  id=40 and lang='pt'  ) LIMIT 1   [ RunTime:0.000774s ]
INFO: [ view_parse ] --START--
INFO: ParseTemplate Behavior ::run [ RunTime:0.014676s ]
INFO: [ view_parse ] --END-- [ RunTime:0.014827s ]
INFO: [ view_filter ] --START--
INFO: ContentReplace Behavior ::run [ RunTime:0.000613s ]
INFO: TokenBuild Behavior ::run [ RunTime:0.000535s ]
INFO: WriteHtmlCache Behavior ::run [ RunTime:0.000271s ]
INFO: ShowRuntime Behavior ::run [ RunTime:0.000540s ]
INFO: [ view_filter ] --END-- [ RunTime:0.002306s ]
INFO: [ view_end ] --START--
INFO: ShowPageTrace Behavior ::run [ RunTime:0.000729s ]
INFO: [ view_end ] --END-- [ RunTime:0.000909s ]

[ 2014-11-25T09:48:24+08:00 ] 127.0.0.1 /projcet/babyweb/htdocs/pt/index.php/blog/info/id/40
INFO: [ route_check ] --START--
INFO: CheckRoute Behavior ::run [ RunTime:0.001304s ]
INFO: [ route_check ] --END-- [ RunTime:0.001606s ]
INFO: [ app_begin ] --START--
INFO: ReadHtmlCache Behavior ::run [ RunTime:0.000863s ]
INFO: [ app_begin ] --END-- [ RunTime:0.000993s ]
SQL: SHOW COLUMNS FROM `website_blog` [ RunTime:0.003131s ]
NOTIC: [8] Indirect modification of overloaded property BlogAction::$where has no effect D:\wamp\www\projcet\babyweb\pt\Lib\Action\BlogAction.class.php 第 12 行.
NOTIC: [8] Indirect modification of overloaded property BlogAction::$where has no effect D:\wamp\www\projcet\babyweb\pt\Lib\Action\BlogAction.class.php 第 13 行.
SQL: SELECT MIN(id) AS tp_min FROM `website_blog` WHERE (  lang='pt'  ) LIMIT 1   [ RunTime:0.000491s ]
SQL: SELECT MAX(id) AS tp_max FROM `website_blog` WHERE (  lang='pt'  ) LIMIT 1   [ RunTime:0.000343s ]
SQL: SELECT * FROM `website_blog` WHERE (  id<40 and lang='pt'  ) ORDER BY id desc LIMIT 1   [ RunTime:0.000574s ]
SQL: SELECT * FROM `website_blog` WHERE (  id>40 and lang='pt'  ) ORDER BY id asc LIMIT 1   [ RunTime:0.000361s ]
SQL: SELECT * FROM `website_blog` WHERE (  id=40 and lang='pt'  ) LIMIT 1   [ RunTime:0.000550s ]
INFO: [ view_parse ] --START--
INFO: ParseTemplate Behavior ::run [ RunTime:0.012813s ]
INFO: [ view_parse ] --END-- [ RunTime:0.012979s ]
INFO: [ view_filter ] --START--
INFO: ContentReplace Behavior ::run [ RunTime:0.000661s ]
INFO: TokenBuild Behavior ::run [ RunTime:0.000535s ]
INFO: WriteHtmlCache Behavior ::run [ RunTime:0.000273s ]
INFO: ShowRuntime Behavior ::run [ RunTime:0.000491s ]
INFO: [ view_filter ] --END-- [ RunTime:0.002328s ]
INFO: [ view_end ] --START--
INFO: ShowPageTrace Behavior ::run [ RunTime:0.000667s ]
INFO: [ view_end ] --END-- [ RunTime:0.000774s ]

[ 2014-11-25T09:48:31+08:00 ] 127.0.0.1 /projcet/babyweb/htdocs/pt/index.php/blog/index.shtml
INFO: [ route_check ] --START--
INFO: CheckRoute Behavior ::run [ RunTime:0.000946s ]
INFO: [ route_check ] --END-- [ RunTime:0.001087s ]
INFO: [ app_begin ] --START--
INFO: ReadHtmlCache Behavior ::run [ RunTime:0.000659s ]
INFO: [ app_begin ] --END-- [ RunTime:0.000780s ]
SQL: SHOW COLUMNS FROM `website_blog` [ RunTime:0.002989s ]
NOTIC: [8] Indirect modification of overloaded property BlogAction::$where has no effect D:\wamp\www\projcet\babyweb\pt\Lib\Action\BlogAction.class.php 第 12 行.
NOTIC: [8] Indirect modification of overloaded property BlogAction::$where has no effect D:\wamp\www\projcet\babyweb\pt\Lib\Action\BlogAction.class.php 第 13 行.
SQL: SELECT * FROM `website_blog` WHERE ( review=1 and lang='pt'  ) ORDER BY id desc LIMIT 0,3   [ RunTime:0.001120s ]
INFO: [ view_parse ] --START--
INFO: ParseTemplate Behavior ::run [ RunTime:0.013904s ]
INFO: [ view_parse ] --END-- [ RunTime:0.014060s ]
INFO: [ view_filter ] --START--
INFO: ContentReplace Behavior ::run [ RunTime:0.000707s ]
INFO: TokenBuild Behavior ::run [ RunTime:0.000594s ]
INFO: WriteHtmlCache Behavior ::run [ RunTime:0.000371s ]
INFO: ShowRuntime Behavior ::run [ RunTime:0.000626s ]
INFO: [ view_filter ] --END-- [ RunTime:0.002649s ]
INFO: [ view_end ] --START--
INFO: ShowPageTrace Behavior ::run [ RunTime:0.000735s ]
INFO: [ view_end ] --END-- [ RunTime:0.000848s ]

[ 2014-11-25T09:48:31+08:00 ] 127.0.0.1 /projcet/babyweb/htdocs/pt/index.php/blog/infoMore/page/2.shtml
INFO: [ route_check ] --START--
INFO: CheckRoute Behavior ::run [ RunTime:0.000755s ]
INFO: [ route_check ] --END-- [ RunTime:0.000905s ]
INFO: [ app_begin ] --START--
INFO: ReadHtmlCache Behavior ::run [ RunTime:0.000551s ]
INFO: [ app_begin ] --END-- [ RunTime:0.000643s ]
SQL: SHOW COLUMNS FROM `website_blog` [ RunTime:0.004123s ]
NOTIC: [8] Indirect modification of overloaded property BlogAction::$where has no effect D:\wamp\www\projcet\babyweb\pt\Lib\Action\BlogAction.class.php 第 12 行.
NOTIC: [8] Indirect modification of overloaded property BlogAction::$where has no effect D:\wamp\www\projcet\babyweb\pt\Lib\Action\BlogAction.class.php 第 13 行.
SQL: SELECT * FROM `website_blog` WHERE ( review=1 and lang='pt'  ) ORDER BY id desc LIMIT 3,3   [ RunTime:0.001988s ]
NOTIC: [2] Invalid argument supplied for foreach() D:\wamp\www\projcet\babyweb\pt\Lib\Action\BlogAction.class.php 第 27 行.
INFO: [ view_parse ] --START--
INFO: ParseTemplate Behavior ::run [ RunTime:0.010828s ]
INFO: [ view_parse ] --END-- [ RunTime:0.011003s ]
INFO: [ view_filter ] --START--
INFO: ContentReplace Behavior ::run [ RunTime:0.000508s ]
INFO: TokenBuild Behavior ::run [ RunTime:0.000499s ]
INFO: WriteHtmlCache Behavior ::run [ RunTime:0.000312s ]
INFO: ShowRuntime Behavior ::run [ RunTime:0.000532s ]
INFO: [ view_filter ] --END-- [ RunTime:0.002194s ]
INFO: [ view_end ] --START--
INFO: ShowPageTrace Behavior ::run [ RunTime:0.000878s ]
INFO: [ view_end ] --END-- [ RunTime:0.001009s ]

[ 2014-11-25T09:48:32+08:00 ] 127.0.0.1 /projcet/babyweb/htdocs/pt/index.php/blog/info/id/40
INFO: [ route_check ] --START--
INFO: CheckRoute Behavior ::run [ RunTime:0.000960s ]
INFO: [ route_check ] --END-- [ RunTime:0.001147s ]
INFO: [ app_begin ] --START--
INFO: ReadHtmlCache Behavior ::run [ RunTime:0.000516s ]
INFO: [ app_begin ] --END-- [ RunTime:0.000631s ]
SQL: SHOW COLUMNS FROM `website_blog` [ RunTime:0.003677s ]
NOTIC: [8] Indirect modification of overloaded property BlogAction::$where has no effect D:\wamp\www\projcet\babyweb\pt\Lib\Action\BlogAction.class.php 第 12 行.
NOTIC: [8] Indirect modification of overloaded property BlogAction::$where has no effect D:\wamp\www\projcet\babyweb\pt\Lib\Action\BlogAction.class.php 第 13 行.
SQL: SELECT MIN(id) AS tp_min FROM `website_blog` WHERE (  lang='pt'  ) LIMIT 1   [ RunTime:0.000832s ]
SQL: SELECT MAX(id) AS tp_max FROM `website_blog` WHERE (  lang='pt'  ) LIMIT 1   [ RunTime:0.000507s ]
SQL: SELECT * FROM `website_blog` WHERE (  id<40 and lang='pt'  ) ORDER BY id desc LIMIT 1   [ RunTime:0.000649s ]
SQL: SELECT * FROM `website_blog` WHERE (  id>40 and lang='pt'  ) ORDER BY id asc LIMIT 1   [ RunTime:0.000418s ]
SQL: SELECT * FROM `website_blog` WHERE (  id=40 and lang='pt'  ) LIMIT 1   [ RunTime:0.000662s ]
INFO: [ view_parse ] --START--
INFO: ParseTemplate Behavior ::run [ RunTime:0.015341s ]
INFO: [ view_parse ] --END-- [ RunTime:0.015552s ]
INFO: [ view_filter ] --START--
INFO: ContentReplace Behavior ::run [ RunTime:0.000690s ]
INFO: TokenBuild Behavior ::run [ RunTime:0.000508s ]
INFO: WriteHtmlCache Behavior ::run [ RunTime:0.000250s ]
INFO: ShowRuntime Behavior ::run [ RunTime:0.000654s ]
INFO: [ view_filter ] --END-- [ RunTime:0.002480s ]
INFO: [ view_end ] --START--
INFO: ShowPageTrace Behavior ::run [ RunTime:0.000792s ]
INFO: [ view_end ] --END-- [ RunTime:0.000968s ]

[ 2014-11-25T09:48:35+08:00 ] 127.0.0.1 /projcet/babyweb/htdocs/pt/index.php/blog/index.shtml
INFO: [ route_check ] --START--
INFO: CheckRoute Behavior ::run [ RunTime:0.000927s ]
INFO: [ route_check ] --END-- [ RunTime:0.001142s ]
INFO: [ app_begin ] --START--
INFO: ReadHtmlCache Behavior ::run [ RunTime:0.000612s ]
INFO: [ app_begin ] --END-- [ RunTime:0.000741s ]
SQL: SHOW COLUMNS FROM `website_blog` [ RunTime:0.003574s ]
NOTIC: [8] Indirect modification of overloaded property BlogAction::$where has no effect D:\wamp\www\projcet\babyweb\pt\Lib\Action\BlogAction.class.php 第 12 行.
NOTIC: [8] Indirect modification of overloaded property BlogAction::$where has no effect D:\wamp\www\projcet\babyweb\pt\Lib\Action\BlogAction.class.php 第 13 行.
SQL: SELECT * FROM `website_blog` WHERE ( review=1 and lang='pt'  ) ORDER BY id desc LIMIT 0,3   [ RunTime:0.000912s ]
INFO: [ view_parse ] --START--
INFO: ParseTemplate Behavior ::run [ RunTime:0.016072s ]
INFO: [ view_parse ] --END-- [ RunTime:0.016297s ]
INFO: [ view_filter ] --START--
INFO: ContentReplace Behavior ::run [ RunTime:0.000661s ]
INFO: TokenBuild Behavior ::run [ RunTime:0.000394s ]
INFO: WriteHtmlCache Behavior ::run [ RunTime:0.000264s ]
INFO: ShowRuntime Behavior ::run [ RunTime:0.000603s ]
INFO: [ view_filter ] --END-- [ RunTime:0.002233s ]
INFO: [ view_end ] --START--
INFO: ShowPageTrace Behavior ::run [ RunTime:0.000769s ]
INFO: [ view_end ] --END-- [ RunTime:0.000954s ]

[ 2014-11-25T09:48:35+08:00 ] 127.0.0.1 /projcet/babyweb/htdocs/pt/index.php/blog/infoMore/page/2.shtml
INFO: [ route_check ] --START--
INFO: CheckRoute Behavior ::run [ RunTime:0.000965s ]
INFO: [ route_check ] --END-- [ RunTime:0.001138s ]
INFO: [ app_begin ] --START--
INFO: ReadHtmlCache Behavior ::run [ RunTime:0.000601s ]
INFO: [ app_begin ] --END-- [ RunTime:0.000709s ]
SQL: SHOW COLUMNS FROM `website_blog` [ RunTime:0.003481s ]
NOTIC: [8] Indirect modification of overloaded property BlogAction::$where has no effect D:\wamp\www\projcet\babyweb\pt\Lib\Action\BlogAction.class.php 第 12 行.
NOTIC: [8] Indirect modification of overloaded property BlogAction::$where has no effect D:\wamp\www\projcet\babyweb\pt\Lib\Action\BlogAction.class.php 第 13 行.
SQL: SELECT * FROM `website_blog` WHERE ( review=1 and lang='pt'  ) ORDER BY id desc LIMIT 3,3   [ RunTime:0.000656s ]
NOTIC: [2] Invalid argument supplied for foreach() D:\wamp\www\projcet\babyweb\pt\Lib\Action\BlogAction.class.php 第 27 行.
INFO: [ view_parse ] --START--
INFO: ParseTemplate Behavior ::run [ RunTime:0.012258s ]
INFO: [ view_parse ] --END-- [ RunTime:0.012478s ]
INFO: [ view_filter ] --START--
INFO: ContentReplace Behavior ::run [ RunTime:0.000419s ]
INFO: TokenBuild Behavior ::run [ RunTime:0.000423s ]
INFO: WriteHtmlCache Behavior ::run [ RunTime:0.000269s ]
INFO: ShowRuntime Behavior ::run [ RunTime:0.000512s ]
INFO: [ view_filter ] --END-- [ RunTime:0.001914s ]
INFO: [ view_end ] --START--
INFO: ShowPageTrace Behavior ::run [ RunTime:0.000897s ]
INFO: [ view_end ] --END-- [ RunTime:0.001009s ]

[ 2014-11-25T09:48:49+08:00 ] 127.0.0.1 /projcet/babyweb/htdocs/pt/index.php/product/index.shtml
INFO: [ route_check ] --START--
INFO: CheckRoute Behavior ::run [ RunTime:0.001155s ]
INFO: [ route_check ] --END-- [ RunTime:0.001347s ]
INFO: [ app_begin ] --START--
INFO: ReadHtmlCache Behavior ::run [ RunTime:0.000754s ]
INFO: [ app_begin ] --END-- [ RunTime:0.000906s ]
SQL: SHOW COLUMNS FROM `website_apps` [ RunTime:0.004135s ]
NOTIC: [8] Undefined index: cata_id D:\wamp\www\projcet\babyweb\pt\Lib\Action\ProductAction.class.php 第 12 行.
NOTIC: [8] Undefined index: search_word D:\wamp\www\projcet\babyweb\pt\Lib\Action\ProductAction.class.php 第 13 行.
NOTIC: [8] Undefined index: cata_id D:\wamp\www\projcet\babyweb\pt\Lib\Action\ProductAction.class.php 第 19 行.
NOTIC: [8] Undefined index: is_hot D:\wamp\www\projcet\babyweb\pt\Lib\Action\ProductAction.class.php 第 20 行.
SQL: SELECT `id`,`ipad_id`,`iphone_id`,`cell_android_url`,`android_url`,`app_name`,`app_images`,`intro` FROM `website_apps` WHERE ( `del` = 0 ) AND ( `lang` = 'pt' ) ORDER BY last_top desc,id desc LIMIT 0,9   [ RunTime:0.001724s ]
NOTIC: [2] Invalid argument supplied for foreach() D:\wamp\www\projcet\babyweb\pt\Lib\Action\ProductAction.class.php 第 53 行.
INFO: [ view_parse ] --START--
INFO: ParseTemplate Behavior ::run [ RunTime:0.017555s ]
INFO: [ view_parse ] --END-- [ RunTime:0.017715s ]
INFO: [ view_filter ] --START--
INFO: ContentReplace Behavior ::run [ RunTime:0.000627s ]
INFO: TokenBuild Behavior ::run [ RunTime:0.000394s ]
INFO: WriteHtmlCache Behavior ::run [ RunTime:0.000307s ]
INFO: ShowRuntime Behavior ::run [ RunTime:0.000548s ]
INFO: [ view_filter ] --END-- [ RunTime:0.002171s ]
INFO: [ view_end ] --START--
INFO: ShowPageTrace Behavior ::run [ RunTime:0.000677s ]
INFO: [ view_end ] --END-- [ RunTime:0.000848s ]

[ 2014-11-25T09:49:35+08:00 ] 127.0.0.1 /projcet/babyweb/htdocs/pt/index.php/blog/index.shtml
INFO: [ route_check ] --START--
INFO: CheckRoute Behavior ::run [ RunTime:0.001127s ]
INFO: [ route_check ] --END-- [ RunTime:0.001297s ]
INFO: [ app_begin ] --START--
INFO: ReadHtmlCache Behavior ::run [ RunTime:0.000742s ]
INFO: [ app_begin ] --END-- [ RunTime:0.000880s ]
SQL: SHOW COLUMNS FROM `website_blog` [ RunTime:0.003230s ]
NOTIC: [8] Indirect modification of overloaded property BlogAction::$where has no effect D:\wamp\www\projcet\babyweb\pt\Lib\Action\BlogAction.class.php 第 12 行.
NOTIC: [8] Indirect modification of overloaded property BlogAction::$where has no effect D:\wamp\www\projcet\babyweb\pt\Lib\Action\BlogAction.class.php 第 13 行.
SQL: SELECT * FROM `website_blog` WHERE ( review=1 and lang='pt'  ) ORDER BY id desc LIMIT 0,3   [ RunTime:0.000934s ]
INFO: [ view_parse ] --START--
INFO: ParseTemplate Behavior ::run [ RunTime:0.014639s ]
INFO: [ view_parse ] --END-- [ RunTime:0.014795s ]
INFO: [ view_filter ] --START--
INFO: ContentReplace Behavior ::run [ RunTime:0.000636s ]
INFO: TokenBuild Behavior ::run [ RunTime:0.000482s ]
INFO: WriteHtmlCache Behavior ::run [ RunTime:0.000446s ]
INFO: ShowRuntime Behavior ::run [ RunTime:0.000560s ]
INFO: [ view_filter ] --END-- [ RunTime:0.002472s ]
INFO: [ view_end ] --START--
INFO: ShowPageTrace Behavior ::run [ RunTime:0.000733s ]
INFO: [ view_end ] --END-- [ RunTime:0.000894s ]

[ 2014-11-25T09:49:36+08:00 ] 127.0.0.1 /projcet/babyweb/htdocs/pt/index.php/download/index.shtml
INFO: [ route_check ] --START--
INFO: CheckRoute Behavior ::run [ RunTime:0.001197s ]
INFO: [ route_check ] --END-- [ RunTime:0.001416s ]
INFO: [ app_begin ] --START--
INFO: ReadHtmlCache Behavior ::run [ RunTime:0.000591s ]
INFO: [ app_begin ] --END-- [ RunTime:0.000723s ]
INFO: [ view_parse ] --START--
INFO: ParseTemplate Behavior ::run [ RunTime:0.018709s ]
INFO: [ view_parse ] --END-- [ RunTime:0.018936s ]
INFO: [ view_filter ] --START--
INFO: ContentReplace Behavior ::run [ RunTime:0.000851s ]
INFO: TokenBuild Behavior ::run [ RunTime:0.000485s ]
INFO: WriteHtmlCache Behavior ::run [ RunTime:0.000253s ]
INFO: ShowRuntime Behavior ::run [ RunTime:0.000540s ]
INFO: [ view_filter ] --END-- [ RunTime:0.002447s ]
INFO: [ view_end ] --START--
INFO: ShowPageTrace Behavior ::run [ RunTime:0.000763s ]
INFO: [ view_end ] --END-- [ RunTime:0.000872s ]

[ 2014-11-25T09:49:37+08:00 ] 127.0.0.1 /projcet/babyweb/htdocs/pt/index.php/product/index.shtml
INFO: [ route_check ] --START--
INFO: CheckRoute Behavior ::run [ RunTime:0.000798s ]
INFO: [ route_check ] --END-- [ RunTime:0.000952s ]
INFO: [ app_begin ] --START--
INFO: ReadHtmlCache Behavior ::run [ RunTime:0.000605s ]
INFO: [ app_begin ] --END-- [ RunTime:0.000724s ]
SQL: SHOW COLUMNS FROM `website_apps` [ RunTime:0.003888s ]
NOTIC: [8] Undefined index: cata_id D:\wamp\www\projcet\babyweb\pt\Lib\Action\ProductAction.class.php 第 12 行.
NOTIC: [8] Undefined index: search_word D:\wamp\www\projcet\babyweb\pt\Lib\Action\ProductAction.class.php 第 13 行.
NOTIC: [8] Undefined index: cata_id D:\wamp\www\projcet\babyweb\pt\Lib\Action\ProductAction.class.php 第 19 行.
NOTIC: [8] Undefined index: is_hot D:\wamp\www\projcet\babyweb\pt\Lib\Action\ProductAction.class.php 第 20 行.
SQL: SELECT `id`,`ipad_id`,`iphone_id`,`cell_android_url`,`android_url`,`app_name`,`app_images`,`intro` FROM `website_apps` WHERE ( `del` = 0 ) AND ( `lang` = 'pt' ) ORDER BY last_top desc,id desc LIMIT 0,9   [ RunTime:0.001507s ]
NOTIC: [2] Invalid argument supplied for foreach() D:\wamp\www\projcet\babyweb\pt\Lib\Action\ProductAction.class.php 第 53 行.
INFO: [ view_parse ] --START--
INFO: ParseTemplate Behavior ::run [ RunTime:0.018201s ]
INFO: [ view_parse ] --END-- [ RunTime:0.018354s ]
INFO: [ view_filter ] --START--
INFO: ContentReplace Behavior ::run [ RunTime:0.000575s ]
INFO: TokenBuild Behavior ::run [ RunTime:0.000439s ]
INFO: WriteHtmlCache Behavior ::run [ RunTime:0.000306s ]
INFO: ShowRuntime Behavior ::run [ RunTime:0.000530s ]
INFO: [ view_filter ] --END-- [ RunTime:0.002152s ]
INFO: [ view_end ] --START--
INFO: ShowPageTrace Behavior ::run [ RunTime:0.000652s ]
INFO: [ view_end ] --END-- [ RunTime:0.000768s ]

[ 2014-11-25T09:49:38+08:00 ] 127.0.0.1 /projcet/babyweb/htdocs/pt/index.php/about/index.shtml
INFO: [ route_check ] --START--
INFO: CheckRoute Behavior ::run [ RunTime:0.000923s ]
INFO: [ route_check ] --END-- [ RunTime:0.001154s ]
INFO: [ app_begin ] --START--
INFO: ReadHtmlCache Behavior ::run [ RunTime:0.000692s ]
INFO: [ app_begin ] --END-- [ RunTime:0.000828s ]
INFO: [ view_parse ] --START--
INFO: ParseTemplate Behavior ::run [ RunTime:0.015517s ]
INFO: [ view_parse ] --END-- [ RunTime:0.015724s ]
INFO: [ view_filter ] --START--
INFO: ContentReplace Behavior ::run [ RunTime:0.000610s ]
INFO: TokenBuild Behavior ::run [ RunTime:0.000478s ]
INFO: WriteHtmlCache Behavior ::run [ RunTime:0.000308s ]
INFO: ShowRuntime Behavior ::run [ RunTime:0.000540s ]
INFO: [ view_filter ] --END-- [ RunTime:0.002455s ]
INFO: [ view_end ] --START--
INFO: ShowPageTrace Behavior ::run [ RunTime:0.000847s ]
INFO: [ view_end ] --END-- [ RunTime:0.000957s ]

[ 2014-11-25T09:49:40+08:00 ] 127.0.0.1 /projcet/babyweb/htdocs/pt/index.php/product/index.shtml
INFO: [ route_check ] --START--
INFO: CheckRoute Behavior ::run [ RunTime:0.001278s ]
INFO: [ route_check ] --END-- [ RunTime:0.001574s ]
INFO: [ app_begin ] --START--
INFO: ReadHtmlCache Behavior ::run [ RunTime:0.000627s ]
INFO: [ app_begin ] --END-- [ RunTime:0.000737s ]
SQL: SHOW COLUMNS FROM `website_apps` [ RunTime:0.004325s ]
NOTIC: [8] Undefined index: cata_id D:\wamp\www\projcet\babyweb\pt\Lib\Action\ProductAction.class.php 第 12 行.
NOTIC: [8] Undefined index: search_word D:\wamp\www\projcet\babyweb\pt\Lib\Action\ProductAction.class.php 第 13 行.
NOTIC: [8] Undefined index: cata_id D:\wamp\www\projcet\babyweb\pt\Lib\Action\ProductAction.class.php 第 19 行.
NOTIC: [8] Undefined index: is_hot D:\wamp\www\projcet\babyweb\pt\Lib\Action\ProductAction.class.php 第 20 行.
SQL: SELECT `id`,`ipad_id`,`iphone_id`,`cell_android_url`,`android_url`,`app_name`,`app_images`,`intro` FROM `website_apps` WHERE ( `del` = 0 ) AND ( `lang` = 'pt' ) ORDER BY last_top desc,id desc LIMIT 0,9   [ RunTime:0.001495s ]
NOTIC: [2] Invalid argument supplied for foreach() D:\wamp\www\projcet\babyweb\pt\Lib\Action\ProductAction.class.php 第 53 行.
INFO: [ view_parse ] --START--
INFO: ParseTemplate Behavior ::run [ RunTime:0.017200s ]
INFO: [ view_parse ] --END-- [ RunTime:0.017355s ]
INFO: [ view_filter ] --START--
INFO: ContentReplace Behavior ::run [ RunTime:0.000525s ]
INFO: TokenBuild Behavior ::run [ RunTime:0.000450s ]
INFO: WriteHtmlCache Behavior ::run [ RunTime:0.000251s ]
INFO: ShowRuntime Behavior ::run [ RunTime:0.000552s ]
INFO: [ view_filter ] --END-- [ RunTime:0.002095s ]
INFO: [ view_end ] --START--
INFO: ShowPageTrace Behavior ::run [ RunTime:0.000739s ]
INFO: [ view_end ] --END-- [ RunTime:0.000871s ]

[ 2014-11-25T09:49:43+08:00 ] 127.0.0.1 /projcet/babyweb/htdocs/pt/index.php/index/index.shtml
INFO: [ route_check ] --START--
INFO: CheckRoute Behavior ::run [ RunTime:0.000878s ]
INFO: [ route_check ] --END-- [ RunTime:0.001046s ]
INFO: [ app_begin ] --START--
INFO: ReadHtmlCache Behavior ::run [ RunTime:0.000604s ]
INFO: [ app_begin ] --END-- [ RunTime:0.000733s ]
SQL: SHOW COLUMNS FROM `website_index_images` [ RunTime:0.005021s ]
SQL: SELECT * FROM `website_index_images` WHERE ( lang='pt' and used=1 ) ORDER BY num asc,id asc  [ RunTime:0.000575s ]
NOTIC: [2] Invalid argument supplied for foreach() D:\wamp\www\projcet\babyweb\pt\Lib\Action\IndexAction.class.php 第 9 行.
NOTIC: [8] Undefined variable: res D:\wamp\www\projcet\babyweb\pt\Lib\Action\IndexAction.class.php 第 15 行.
INFO: [ view_parse ] --START--
INFO: ParseTemplate Behavior ::run [ RunTime:0.034684s ]
INFO: [ view_parse ] --END-- [ RunTime:0.034894s ]
INFO: [ view_filter ] --START--
INFO: ContentReplace Behavior ::run [ RunTime:0.000570s ]
INFO: TokenBuild Behavior ::run [ RunTime:0.000523s ]
INFO: WriteHtmlCache Behavior ::run [ RunTime:0.000252s ]
INFO: ShowRuntime Behavior ::run [ RunTime:0.000490s ]
INFO: [ view_filter ] --END-- [ RunTime:0.002135s ]
INFO: [ view_end ] --START--
INFO: ShowPageTrace Behavior ::run [ RunTime:0.000755s ]
INFO: [ view_end ] --END-- [ RunTime:0.000871s ]

[ 2014-11-25T09:49:44+08:00 ] 127.0.0.1 /projcet/babyweb/htdocs/pt/index.php/blog/index.shtml
INFO: [ route_check ] --START--
INFO: CheckRoute Behavior ::run [ RunTime:0.001001s ]
INFO: [ route_check ] --END-- [ RunTime:0.001169s ]
INFO: [ app_begin ] --START--
INFO: ReadHtmlCache Behavior ::run [ RunTime:0.000702s ]
INFO: [ app_begin ] --END-- [ RunTime:0.000876s ]
SQL: SHOW COLUMNS FROM `website_blog` [ RunTime:0.003087s ]
NOTIC: [8] Indirect modification of overloaded property BlogAction::$where has no effect D:\wamp\www\projcet\babyweb\pt\Lib\Action\BlogAction.class.php 第 12 行.
NOTIC: [8] Indirect modification of overloaded property BlogAction::$where has no effect D:\wamp\www\projcet\babyweb\pt\Lib\Action\BlogAction.class.php 第 13 行.
SQL: SELECT * FROM `website_blog` WHERE ( review=1 and lang='pt'  ) ORDER BY id desc LIMIT 0,3   [ RunTime:0.001171s ]
INFO: [ view_parse ] --START--
INFO: ParseTemplate Behavior ::run [ RunTime:0.015445s ]
INFO: [ view_parse ] --END-- [ RunTime:0.015602s ]
INFO: [ view_filter ] --START--
INFO: ContentReplace Behavior ::run [ RunTime:0.000531s ]
INFO: TokenBuild Behavior ::run [ RunTime:0.000484s ]
INFO: WriteHtmlCache Behavior ::run [ RunTime:0.000281s ]
INFO: ShowRuntime Behavior ::run [ RunTime:0.000567s ]
INFO: [ view_filter ] --END-- [ RunTime:0.002197s ]
INFO: [ view_end ] --START--
INFO: ShowPageTrace Behavior ::run [ RunTime:0.000782s ]
INFO: [ view_end ] --END-- [ RunTime:0.000910s ]

[ 2014-11-25T09:49:45+08:00 ] 127.0.0.1 /projcet/babyweb/htdocs/pt/index.php/blog/infoMore/page/2.shtml
INFO: [ route_check ] --START--
INFO: CheckRoute Behavior ::run [ RunTime:0.001216s ]
INFO: [ route_check ] --END-- [ RunTime:0.001439s ]
INFO: [ app_begin ] --START--
INFO: ReadHtmlCache Behavior ::run [ RunTime:0.000839s ]
INFO: [ app_begin ] --END-- [ RunTime:0.000990s ]
SQL: SHOW COLUMNS FROM `website_blog` [ RunTime:0.004459s ]
NOTIC: [8] Indirect modification of overloaded property BlogAction::$where has no effect D:\wamp\www\projcet\babyweb\pt\Lib\Action\BlogAction.class.php 第 12 行.
NOTIC: [8] Indirect modification of overloaded property BlogAction::$where has no effect D:\wamp\www\projcet\babyweb\pt\Lib\Action\BlogAction.class.php 第 13 行.
SQL: SELECT * FROM `website_blog` WHERE ( review=1 and lang='pt'  ) ORDER BY id desc LIMIT 3,3   [ RunTime:0.000909s ]
NOTIC: [2] Invalid argument supplied for foreach() D:\wamp\www\projcet\babyweb\pt\Lib\Action\BlogAction.class.php 第 27 行.
INFO: [ view_parse ] --START--
INFO: ParseTemplate Behavior ::run [ RunTime:0.011542s ]
INFO: [ view_parse ] --END-- [ RunTime:0.011805s ]
INFO: [ view_filter ] --START--
INFO: ContentReplace Behavior ::run [ RunTime:0.000607s ]
INFO: TokenBuild Behavior ::run [ RunTime:0.000733s ]
INFO: WriteHtmlCache Behavior ::run [ RunTime:0.000437s ]
INFO: ShowRuntime Behavior ::run [ RunTime:0.000834s ]
INFO: [ view_filter ] --END-- [ RunTime:0.003059s ]
INFO: [ view_end ] --START--
INFO: ShowPageTrace Behavior ::run [ RunTime:0.001253s ]
INFO: [ view_end ] --END-- [ RunTime:0.001409s ]

[ 2014-11-25T09:49:46+08:00 ] 127.0.0.1 /projcet/babyweb/htdocs/pt/index.php/download/index.shtml
INFO: [ route_check ] --START--
INFO: CheckRoute Behavior ::run [ RunTime:0.001331s ]
INFO: [ route_check ] --END-- [ RunTime:0.001496s ]
INFO: [ app_begin ] --START--
INFO: ReadHtmlCache Behavior ::run [ RunTime:0.000572s ]
INFO: [ app_begin ] --END-- [ RunTime:0.000697s ]
INFO: [ view_parse ] --START--
INFO: ParseTemplate Behavior ::run [ RunTime:0.020597s ]
INFO: [ view_parse ] --END-- [ RunTime:0.020817s ]
INFO: [ view_filter ] --START--
INFO: ContentReplace Behavior ::run [ RunTime:0.000699s ]
INFO: TokenBuild Behavior ::run [ RunTime:0.000539s ]
INFO: WriteHtmlCache Behavior ::run [ RunTime:0.000250s ]
INFO: ShowRuntime Behavior ::run [ RunTime:0.000696s ]
INFO: [ view_filter ] --END-- [ RunTime:0.002536s ]
INFO: [ view_end ] --START--
INFO: ShowPageTrace Behavior ::run [ RunTime:0.000829s ]
INFO: [ view_end ] --END-- [ RunTime:0.000999s ]

[ 2014-11-25T09:50:03+08:00 ] 127.0.0.1 /projcet/babyweb/htdocs/pt/index.php/blog/index.shtml
INFO: [ route_check ] --START--
INFO: CheckRoute Behavior ::run [ RunTime:0.000969s ]
INFO: [ route_check ] --END-- [ RunTime:0.001159s ]
INFO: [ app_begin ] --START--
INFO: ReadHtmlCache Behavior ::run [ RunTime:0.000709s ]
INFO: [ app_begin ] --END-- [ RunTime:0.000862s ]
SQL: SHOW COLUMNS FROM `website_blog` [ RunTime:0.003485s ]
NOTIC: [8] Indirect modification of overloaded property BlogAction::$where has no effect D:\wamp\www\projcet\babyweb\pt\Lib\Action\BlogAction.class.php 第 12 行.
NOTIC: [8] Indirect modification of overloaded property BlogAction::$where has no effect D:\wamp\www\projcet\babyweb\pt\Lib\Action\BlogAction.class.php 第 13 行.
SQL: SELECT * FROM `website_blog` WHERE ( review=1 and lang='pt'  ) ORDER BY id desc LIMIT 0,3   [ RunTime:0.001347s ]
INFO: [ view_parse ] --START--
INFO: ParseTemplate Behavior ::run [ RunTime:0.015109s ]
INFO: [ view_parse ] --END-- [ RunTime:0.015271s ]
INFO: [ view_filter ] --START--
INFO: ContentReplace Behavior ::run [ RunTime:0.000580s ]
INFO: TokenBuild Behavior ::run [ RunTime:0.000534s ]
INFO: WriteHtmlCache Behavior ::run [ RunTime:0.000311s ]
INFO: ShowRuntime Behavior ::run [ RunTime:0.000632s ]
INFO: [ view_filter ] --END-- [ RunTime:0.002477s ]
INFO: [ view_end ] --START--
INFO: ShowPageTrace Behavior ::run [ RunTime:0.000809s ]
INFO: [ view_end ] --END-- [ RunTime:0.000931s ]

[ 2014-11-25T09:50:04+08:00 ] 127.0.0.1 /projcet/babyweb/htdocs/pt/index.php/product/index.shtml
INFO: [ route_check ] --START--
INFO: CheckRoute Behavior ::run [ RunTime:0.000824s ]
INFO: [ route_check ] --END-- [ RunTime:0.000977s ]
INFO: [ app_begin ] --START--
INFO: ReadHtmlCache Behavior ::run [ RunTime:0.000518s ]
INFO: [ app_begin ] --END-- [ RunTime:0.000640s ]
SQL: SHOW COLUMNS FROM `website_apps` [ RunTime:0.004148s ]
NOTIC: [8] Undefined index: cata_id D:\wamp\www\projcet\babyweb\pt\Lib\Action\ProductAction.class.php 第 12 行.
NOTIC: [8] Undefined index: search_word D:\wamp\www\projcet\babyweb\pt\Lib\Action\ProductAction.class.php 第 13 行.
NOTIC: [8] Undefined index: cata_id D:\wamp\www\projcet\babyweb\pt\Lib\Action\ProductAction.class.php 第 19 行.
NOTIC: [8] Undefined index: is_hot D:\wamp\www\projcet\babyweb\pt\Lib\Action\ProductAction.class.php 第 20 行.
SQL: SELECT `id`,`ipad_id`,`iphone_id`,`cell_android_url`,`android_url`,`app_name`,`app_images`,`intro` FROM `website_apps` WHERE ( `del` = 0 ) AND ( `lang` = 'pt' ) ORDER BY last_top desc,id desc LIMIT 0,9   [ RunTime:0.002093s ]
NOTIC: [2] Invalid argument supplied for foreach() D:\wamp\www\projcet\babyweb\pt\Lib\Action\ProductAction.class.php 第 53 行.
INFO: [ view_parse ] --START--
INFO: ParseTemplate Behavior ::run [ RunTime:0.017218s ]
INFO: [ view_parse ] --END-- [ RunTime:0.017380s ]
INFO: [ view_filter ] --START--
INFO: ContentReplace Behavior ::run [ RunTime:0.000655s ]
INFO: TokenBuild Behavior ::run [ RunTime:0.000467s ]
INFO: WriteHtmlCache Behavior ::run [ RunTime:0.000311s ]
INFO: ShowRuntime Behavior ::run [ RunTime:0.000806s ]
INFO: [ view_filter ] --END-- [ RunTime:0.002561s ]
INFO: [ view_end ] --START--
INFO: ShowPageTrace Behavior ::run [ RunTime:0.000786s ]
INFO: [ view_end ] --END-- [ RunTime:0.000911s ]

[ 2014-11-25T09:50:05+08:00 ] 127.0.0.1 /projcet/babyweb/htdocs/pt/index.php/download/index.shtml
INFO: [ route_check ] --START--
INFO: CheckRoute Behavior ::run [ RunTime:0.001298s ]
INFO: [ route_check ] --END-- [ RunTime:0.001547s ]
INFO: [ app_begin ] --START--
INFO: ReadHtmlCache Behavior ::run [ RunTime:0.000669s ]
INFO: [ app_begin ] --END-- [ RunTime:0.000808s ]
INFO: [ view_parse ] --START--
INFO: ParseTemplate Behavior ::run [ RunTime:0.022176s ]
INFO: [ view_parse ] --END-- [ RunTime:0.022347s ]
INFO: [ view_filter ] --START--
INFO: ContentReplace Behavior ::run [ RunTime:0.000745s ]
INFO: TokenBuild Behavior ::run [ RunTime:0.000494s ]
INFO: WriteHtmlCache Behavior ::run [ RunTime:0.000261s ]
INFO: ShowRuntime Behavior ::run [ RunTime:0.000621s ]
INFO: [ view_filter ] --END-- [ RunTime:0.002462s ]
INFO: [ view_end ] --START--
INFO: ShowPageTrace Behavior ::run [ RunTime:0.000803s ]
INFO: [ view_end ] --END-- [ RunTime:0.000921s ]

[ 2014-11-25T09:50:06+08:00 ] 127.0.0.1 /projcet/babyweb/htdocs/pt/index.php/product/index.shtml
INFO: [ route_check ] --START--
INFO: CheckRoute Behavior ::run [ RunTime:0.001262s ]
INFO: [ route_check ] --END-- [ RunTime:0.001497s ]
INFO: [ app_begin ] --START--
INFO: ReadHtmlCache Behavior ::run [ RunTime:0.000882s ]
INFO: [ app_begin ] --END-- [ RunTime:0.001070s ]
SQL: SHOW COLUMNS FROM `website_apps` [ RunTime:0.003433s ]
NOTIC: [8] Undefined index: cata_id D:\wamp\www\projcet\babyweb\pt\Lib\Action\ProductAction.class.php 第 12 行.
NOTIC: [8] Undefined index: search_word D:\wamp\www\projcet\babyweb\pt\Lib\Action\ProductAction.class.php 第 13 行.
NOTIC: [8] Undefined index: cata_id D:\wamp\www\projcet\babyweb\pt\Lib\Action\ProductAction.class.php 第 19 行.
NOTIC: [8] Undefined index: is_hot D:\wamp\www\projcet\babyweb\pt\Lib\Action\ProductAction.class.php 第 20 行.
SQL: SELECT `id`,`ipad_id`,`iphone_id`,`cell_android_url`,`android_url`,`app_name`,`app_images`,`intro` FROM `website_apps` WHERE ( `del` = 0 ) AND ( `lang` = 'pt' ) ORDER BY last_top desc,id desc LIMIT 0,9   [ RunTime:0.001307s ]
NOTIC: [2] Invalid argument supplied for foreach() D:\wamp\www\projcet\babyweb\pt\Lib\Action\ProductAction.class.php 第 53 行.
INFO: [ view_parse ] --START--
INFO: ParseTemplate Behavior ::run [ RunTime:0.015197s ]
INFO: [ view_parse ] --END-- [ RunTime:0.015362s ]
INFO: [ view_filter ] --START--
INFO: ContentReplace Behavior ::run [ RunTime:0.000676s ]
INFO: TokenBuild Behavior ::run [ RunTime:0.000702s ]
INFO: WriteHtmlCache Behavior ::run [ RunTime:0.000269s ]
INFO: ShowRuntime Behavior ::run [ RunTime:0.000484s ]
INFO: [ view_filter ] --END-- [ RunTime:0.002448s ]
INFO: [ view_end ] --START--
INFO: ShowPageTrace Behavior ::run [ RunTime:0.000652s ]
INFO: [ view_end ] --END-- [ RunTime:0.000763s ]

[ 2014-11-25T10:43:00+08:00 ] 10.1.1.220 /projcet/babyweb/htdocs/pt/
INFO: [ app_begin ] --START--
INFO: ReadHtmlCache Behavior ::run [ RunTime:0.001093s ]
INFO: [ app_begin ] --END-- [ RunTime:0.001358s ]
SQL: SHOW COLUMNS FROM `website_index_images` [ RunTime:0.003301s ]
SQL: SELECT * FROM `website_index_images` WHERE ( lang='pt' and used=1 ) ORDER BY num asc,id asc  [ RunTime:0.000802s ]
NOTIC: [2] Invalid argument supplied for foreach() D:\wamp\www\projcet\babyweb\pt\Lib\Action\IndexAction.class.php 第 9 行.
NOTIC: [8] Undefined variable: res D:\wamp\www\projcet\babyweb\pt\Lib\Action\IndexAction.class.php 第 15 行.
INFO: [ view_parse ] --START--
INFO: ParseTemplate Behavior ::run [ RunTime:0.031905s ]
INFO: [ view_parse ] --END-- [ RunTime:0.032128s ]
INFO: [ view_filter ] --START--
INFO: ContentReplace Behavior ::run [ RunTime:0.000598s ]
INFO: TokenBuild Behavior ::run [ RunTime:0.000514s ]
INFO: WriteHtmlCache Behavior ::run [ RunTime:0.000358s ]
INFO: ShowRuntime Behavior ::run [ RunTime:0.000570s ]
INFO: [ view_filter ] --END-- [ RunTime:0.002345s ]
INFO: [ view_end ] --START--
INFO: ShowPageTrace Behavior ::run [ RunTime:0.000605s ]
INFO: [ view_end ] --END-- [ RunTime:0.000730s ]

[ 2014-11-25T10:50:48+08:00 ] 10.1.1.228 /pt/
INFO: [ app_begin ] --START--
INFO: ReadHtmlCache Behavior ::run [ RunTime:0.000801s ]
INFO: [ app_begin ] --END-- [ RunTime:0.000957s ]
SQL: SHOW COLUMNS FROM `website_index_images` [ RunTime:0.005634s ]
SQL: SELECT * FROM `website_index_images` WHERE ( lang='pt' and used=1 ) ORDER BY num asc,id asc  [ RunTime:0.000709s ]
NOTIC: [2] Invalid argument supplied for foreach() D:\wamp\www\projcet\babyweb\pt\Lib\Action\IndexAction.class.php 第 9 行.
NOTIC: [8] Undefined variable: res D:\wamp\www\projcet\babyweb\pt\Lib\Action\IndexAction.class.php 第 15 行.
INFO: [ view_parse ] --START--
INFO: ParseTemplate Behavior ::run [ RunTime:0.032078s ]
INFO: [ view_parse ] --END-- [ RunTime:0.032270s ]
INFO: [ view_filter ] --START--
INFO: ContentReplace Behavior ::run [ RunTime:0.000789s ]
INFO: TokenBuild Behavior ::run [ RunTime:0.000570s ]
INFO: WriteHtmlCache Behavior ::run [ RunTime:0.000336s ]
INFO: ShowRuntime Behavior ::run [ RunTime:0.000616s ]
INFO: [ view_filter ] --END-- [ RunTime:0.002620s ]
INFO: [ view_end ] --START--
INFO: ShowPageTrace Behavior ::run [ RunTime:0.000590s ]
INFO: [ view_end ] --END-- [ RunTime:0.000763s ]

[ 2014-11-25T10:55:48+08:00 ] 10.1.1.228 /
INFO: [ app_begin ] --START--
INFO: ReadHtmlCache Behavior ::run [ RunTime:0.001713s ]
INFO: [ app_begin ] --END-- [ RunTime:0.002016s ]
SQL: SHOW COLUMNS FROM `website_index_images` [ RunTime:0.005238s ]
SQL: SELECT * FROM `website_index_images` WHERE ( lang='pt' and used=1 ) ORDER BY num asc,id asc  [ RunTime:0.000872s ]
NOTIC: [2] Invalid argument supplied for foreach() D:\wamp\www\projcet\babyweb\pt\Lib\Action\IndexAction.class.php 第 9 行.
NOTIC: [8] Undefined variable: res D:\wamp\www\projcet\babyweb\pt\Lib\Action\IndexAction.class.php 第 15 行.
INFO: [ view_parse ] --START--
INFO: ParseTemplate Behavior ::run [ RunTime:0.037066s ]
INFO: [ view_parse ] --END-- [ RunTime:0.037281s ]
INFO: [ view_filter ] --START--
INFO: ContentReplace Behavior ::run [ RunTime:0.000703s ]
INFO: TokenBuild Behavior ::run [ RunTime:0.000585s ]
INFO: WriteHtmlCache Behavior ::run [ RunTime:0.000499s ]
INFO: ShowRuntime Behavior ::run [ RunTime:0.000681s ]
INFO: [ view_filter ] --END-- [ RunTime:0.002808s ]
INFO: [ view_end ] --START--
INFO: ShowPageTrace Behavior ::run [ RunTime:0.001101s ]
INFO: [ view_end ] --END-- [ RunTime:0.001225s ]

[ 2014-11-25T11:00:28+08:00 ] 10.1.1.220 /
INFO: [ app_begin ] --START--
INFO: ReadHtmlCache Behavior ::run [ RunTime:0.001354s ]
INFO: [ app_begin ] --END-- [ RunTime:0.001606s ]
SQL: SHOW COLUMNS FROM `website_index_images` [ RunTime:0.003215s ]
SQL: SELECT * FROM `website_index_images` WHERE ( lang='pt' and used=1 ) ORDER BY num asc,id asc  [ RunTime:0.000538s ]
NOTIC: [2] Invalid argument supplied for foreach() D:\wamp\www\projcet\babyweb\pt\Lib\Action\IndexAction.class.php 第 9 行.
NOTIC: [8] Undefined variable: res D:\wamp\www\projcet\babyweb\pt\Lib\Action\IndexAction.class.php 第 15 行.
INFO: [ view_parse ] --START--
INFO: ParseTemplate Behavior ::run [ RunTime:0.030690s ]
INFO: [ view_parse ] --END-- [ RunTime:0.030850s ]
INFO: [ view_filter ] --START--
INFO: ContentReplace Behavior ::run [ RunTime:0.000549s ]
INFO: TokenBuild Behavior ::run [ RunTime:0.000444s ]
INFO: WriteHtmlCache Behavior ::run [ RunTime:0.000423s ]
INFO: ShowRuntime Behavior ::run [ RunTime:0.000624s ]
INFO: [ view_filter ] --END-- [ RunTime:0.002325s ]
INFO: [ view_end ] --START--
INFO: ShowPageTrace Behavior ::run [ RunTime:0.000589s ]
INFO: [ view_end ] --END-- [ RunTime:0.000692s ]

[ 2014-11-25T11:00:57+08:00 ] 10.1.1.228 /
INFO: [ app_begin ] --START--
INFO: ReadHtmlCache Behavior ::run [ RunTime:0.000672s ]
INFO: [ app_begin ] --END-- [ RunTime:0.000803s ]
SQL: SHOW COLUMNS FROM `website_index_images` [ RunTime:0.003169s ]
SQL: SELECT * FROM `website_index_images` WHERE ( lang='pt' and used=1 ) ORDER BY num asc,id asc  [ RunTime:0.000485s ]
NOTIC: [2] Invalid argument supplied for foreach() D:\wamp\www\projcet\babyweb\pt\Lib\Action\IndexAction.class.php 第 9 行.
NOTIC: [8] Undefined variable: res D:\wamp\www\projcet\babyweb\pt\Lib\Action\IndexAction.class.php 第 15 行.
INFO: [ view_parse ] --START--
INFO: ParseTemplate Behavior ::run [ RunTime:0.031940s ]
INFO: [ view_parse ] --END-- [ RunTime:0.032093s ]
INFO: [ view_filter ] --START--
INFO: ContentReplace Behavior ::run [ RunTime:0.000581s ]
INFO: TokenBuild Behavior ::run [ RunTime:0.000541s ]
INFO: WriteHtmlCache Behavior ::run [ RunTime:0.000370s ]
INFO: ShowRuntime Behavior ::run [ RunTime:0.000545s ]
INFO: [ view_filter ] --END-- [ RunTime:0.002313s ]
INFO: [ view_end ] --START--
INFO: ShowPageTrace Behavior ::run [ RunTime:0.000716s ]
INFO: [ view_end ] --END-- [ RunTime:0.000852s ]

[ 2014-11-25T11:01:00+08:00 ] 10.1.1.228 /index.php/blog/index.shtml
INFO: [ route_check ] --START--
INFO: CheckRoute Behavior ::run [ RunTime:0.001299s ]
INFO: [ route_check ] --END-- [ RunTime:0.001472s ]
INFO: [ app_begin ] --START--
INFO: ReadHtmlCache Behavior ::run [ RunTime:0.000757s ]
INFO: [ app_begin ] --END-- [ RunTime:0.000885s ]
SQL: SHOW COLUMNS FROM `website_blog` [ RunTime:0.076926s ]
NOTIC: [8] Indirect modification of overloaded property BlogAction::$where has no effect D:\wamp\www\projcet\babyweb\pt\Lib\Action\BlogAction.class.php 第 12 行.
NOTIC: [8] Indirect modification of overloaded property BlogAction::$where has no effect D:\wamp\www\projcet\babyweb\pt\Lib\Action\BlogAction.class.php 第 13 行.
SQL: SELECT * FROM `website_blog` WHERE ( review=1 and lang='pt'  ) ORDER BY id desc LIMIT 0,3   [ RunTime:0.001480s ]
INFO: [ view_parse ] --START--
INFO: ParseTemplate Behavior ::run [ RunTime:0.044803s ]
INFO: [ view_parse ] --END-- [ RunTime:0.045020s ]
INFO: [ view_filter ] --START--
INFO: ContentReplace Behavior ::run [ RunTime:0.001079s ]
INFO: TokenBuild Behavior ::run [ RunTime:0.000816s ]
INFO: WriteHtmlCache Behavior ::run [ RunTime:0.000592s ]
INFO: ShowRuntime Behavior ::run [ RunTime:0.000621s ]
INFO: [ view_filter ] --END-- [ RunTime:0.003602s ]
INFO: [ view_end ] --START--
INFO: ShowPageTrace Behavior ::run [ RunTime:0.001060s ]
INFO: [ view_end ] --END-- [ RunTime:0.001200s ]

[ 2014-11-25T11:01:15+08:00 ] 10.1.1.220 /
INFO: [ app_begin ] --START--
INFO: ReadHtmlCache Behavior ::run [ RunTime:0.000783s ]
INFO: [ app_begin ] --END-- [ RunTime:0.001052s ]
SQL: SHOW COLUMNS FROM `website_index_images` [ RunTime:0.003209s ]
SQL: SELECT * FROM `website_index_images` WHERE ( lang='pt' and used=1 ) ORDER BY num asc,id asc  [ RunTime:0.000854s ]
NOTIC: [2] Invalid argument supplied for foreach() D:\wamp\www\projcet\babyweb\pt\Lib\Action\IndexAction.class.php 第 9 行.
NOTIC: [8] Undefined variable: res D:\wamp\www\projcet\babyweb\pt\Lib\Action\IndexAction.class.php 第 15 行.
INFO: [ view_parse ] --START--
INFO: ParseTemplate Behavior ::run [ RunTime:0.031348s ]
INFO: [ view_parse ] --END-- [ RunTime:0.031511s ]
INFO: [ view_filter ] --START--
INFO: ContentReplace Behavior ::run [ RunTime:0.000443s ]
INFO: TokenBuild Behavior ::run [ RunTime:0.000501s ]
INFO: WriteHtmlCache Behavior ::run [ RunTime:0.000275s ]
INFO: ShowRuntime Behavior ::run [ RunTime:0.000521s ]
INFO: [ view_filter ] --END-- [ RunTime:0.002091s ]
INFO: [ view_end ] --START--
INFO: ShowPageTrace Behavior ::run [ RunTime:0.000602s ]
INFO: [ view_end ] --END-- [ RunTime:0.000716s ]

[ 2014-11-25T11:01:16+08:00 ] 10.1.1.220 /index.php/blog/index.shtml
INFO: [ route_check ] --START--
INFO: CheckRoute Behavior ::run [ RunTime:0.001153s ]
INFO: [ route_check ] --END-- [ RunTime:0.001346s ]
INFO: [ app_begin ] --START--
INFO: ReadHtmlCache Behavior ::run [ RunTime:0.000643s ]
INFO: [ app_begin ] --END-- [ RunTime:0.000768s ]
SQL: SHOW COLUMNS FROM `website_blog` [ RunTime:0.002872s ]
NOTIC: [8] Indirect modification of overloaded property BlogAction::$where has no effect D:\wamp\www\projcet\babyweb\pt\Lib\Action\BlogAction.class.php 第 12 行.
NOTIC: [8] Indirect modification of overloaded property BlogAction::$where has no effect D:\wamp\www\projcet\babyweb\pt\Lib\Action\BlogAction.class.php 第 13 行.
SQL: SELECT * FROM `website_blog` WHERE ( review=1 and lang='pt'  ) ORDER BY id desc LIMIT 0,3   [ RunTime:0.000709s ]
INFO: [ view_parse ] --START--
INFO: ParseTemplate Behavior ::run [ RunTime:0.014654s ]
INFO: [ view_parse ] --END-- [ RunTime:0.014800s ]
INFO: [ view_filter ] --START--
INFO: ContentReplace Behavior ::run [ RunTime:0.000486s ]
INFO: TokenBuild Behavior ::run [ RunTime:0.000409s ]
INFO: WriteHtmlCache Behavior ::run [ RunTime:0.000242s ]
INFO: ShowRuntime Behavior ::run [ RunTime:0.000500s ]
INFO: [ view_filter ] --END-- [ RunTime:0.001926s ]
INFO: [ view_end ] --START--
INFO: ShowPageTrace Behavior ::run [ RunTime:0.000596s ]
INFO: [ view_end ] --END-- [ RunTime:0.000735s ]

[ 2014-11-25T11:01:20+08:00 ] 10.1.1.220 /index.php/product/index.shtml
INFO: [ route_check ] --START--
INFO: CheckRoute Behavior ::run [ RunTime:0.001637s ]
INFO: [ route_check ] --END-- [ RunTime:0.002049s ]
INFO: [ app_begin ] --START--
INFO: ReadHtmlCache Behavior ::run [ RunTime:0.001011s ]
INFO: [ app_begin ] --END-- [ RunTime:0.001233s ]
SQL: SHOW COLUMNS FROM `website_apps` [ RunTime:0.004168s ]
NOTIC: [8] Undefined index: cata_id D:\wamp\www\projcet\babyweb\pt\Lib\Action\ProductAction.class.php 第 12 行.
NOTIC: [8] Undefined index: search_word D:\wamp\www\projcet\babyweb\pt\Lib\Action\ProductAction.class.php 第 13 行.
NOTIC: [8] Undefined index: cata_id D:\wamp\www\projcet\babyweb\pt\Lib\Action\ProductAction.class.php 第 19 行.
NOTIC: [8] Undefined index: is_hot D:\wamp\www\projcet\babyweb\pt\Lib\Action\ProductAction.class.php 第 20 行.
SQL: SELECT `id`,`ipad_id`,`iphone_id`,`cell_android_url`,`android_url`,`app_name`,`app_images`,`intro` FROM `website_apps` WHERE ( `del` = 0 ) AND ( `lang` = 'pt' ) ORDER BY last_top desc,id desc LIMIT 0,9   [ RunTime:0.002023s ]
NOTIC: [2] Invalid argument supplied for foreach() D:\wamp\www\projcet\babyweb\pt\Lib\Action\ProductAction.class.php 第 53 行.
INFO: [ view_parse ] --START--
INFO: ParseTemplate Behavior ::run [ RunTime:0.035191s ]
INFO: [ view_parse ] --END-- [ RunTime:0.035363s ]
INFO: [ view_filter ] --START--
INFO: ContentReplace Behavior ::run [ RunTime:0.000697s ]
INFO: TokenBuild Behavior ::run [ RunTime:0.000500s ]
INFO: WriteHtmlCache Behavior ::run [ RunTime:0.000303s ]
INFO: ShowRuntime Behavior ::run [ RunTime:0.000685s ]
INFO: [ view_filter ] --END-- [ RunTime:0.002540s ]
INFO: [ view_end ] --START--
INFO: ShowPageTrace Behavior ::run [ RunTime:0.000698s ]
INFO: [ view_end ] --END-- [ RunTime:0.000825s ]

[ 2014-11-25T11:01:20+08:00 ] 10.1.1.220 /index.php/blog/index.shtml
INFO: [ route_check ] --START--
INFO: CheckRoute Behavior ::run [ RunTime:0.001103s ]
INFO: [ route_check ] --END-- [ RunTime:0.001258s ]
INFO: [ app_begin ] --START--
INFO: ReadHtmlCache Behavior ::run [ RunTime:0.000687s ]
INFO: [ app_begin ] --END-- [ RunTime:0.000813s ]
SQL: SHOW COLUMNS FROM `website_blog` [ RunTime:0.003091s ]
NOTIC: [8] Indirect modification of overloaded property BlogAction::$where has no effect D:\wamp\www\projcet\babyweb\pt\Lib\Action\BlogAction.class.php 第 12 行.
NOTIC: [8] Indirect modification of overloaded property BlogAction::$where has no effect D:\wamp\www\projcet\babyweb\pt\Lib\Action\BlogAction.class.php 第 13 行.
SQL: SELECT * FROM `website_blog` WHERE ( review=1 and lang='pt'  ) ORDER BY id desc LIMIT 0,3   [ RunTime:0.001037s ]
INFO: [ view_parse ] --START--
INFO: ParseTemplate Behavior ::run [ RunTime:0.017036s ]
INFO: [ view_parse ] --END-- [ RunTime:0.017203s ]
INFO: [ view_filter ] --START--
INFO: ContentReplace Behavior ::run [ RunTime:0.001015s ]
INFO: TokenBuild Behavior ::run [ RunTime:0.000834s ]
INFO: WriteHtmlCache Behavior ::run [ RunTime:0.000367s ]
INFO: ShowRuntime Behavior ::run [ RunTime:0.000621s ]
INFO: [ view_filter ] --END-- [ RunTime:0.003248s ]
INFO: [ view_end ] --START--
INFO: ShowPageTrace Behavior ::run [ RunTime:0.000613s ]
INFO: [ view_end ] --END-- [ RunTime:0.000799s ]

[ 2014-11-25T11:01:21+08:00 ] 10.1.1.220 /index.php/download/index.shtml
INFO: [ route_check ] --START--
INFO: CheckRoute Behavior ::run [ RunTime:0.000799s ]
INFO: [ route_check ] --END-- [ RunTime:0.000949s ]
INFO: [ app_begin ] --START--
INFO: ReadHtmlCache Behavior ::run [ RunTime:0.000566s ]
INFO: [ app_begin ] --END-- [ RunTime:0.000681s ]
INFO: [ view_parse ] --START--
INFO: ParseTemplate Behavior ::run [ RunTime:0.073909s ]
INFO: [ view_parse ] --END-- [ RunTime:0.074064s ]
INFO: [ view_filter ] --START--
INFO: ContentReplace Behavior ::run [ RunTime:0.000521s ]
INFO: TokenBuild Behavior ::run [ RunTime:0.000428s ]
INFO: WriteHtmlCache Behavior ::run [ RunTime:0.000270s ]
INFO: ShowRuntime Behavior ::run [ RunTime:0.000562s ]
INFO: [ view_filter ] --END-- [ RunTime:0.002093s ]
INFO: [ view_end ] --START--
INFO: ShowPageTrace Behavior ::run [ RunTime:0.000594s ]
INFO: [ view_end ] --END-- [ RunTime:0.000704s ]

[ 2014-11-25T11:01:22+08:00 ] 10.1.1.220 /index.php/about/index.shtml
INFO: [ route_check ] --START--
INFO: CheckRoute Behavior ::run [ RunTime:0.001501s ]
INFO: [ route_check ] --END-- [ RunTime:0.001755s ]
INFO: [ app_begin ] --START--
INFO: ReadHtmlCache Behavior ::run [ RunTime:0.001093s ]
INFO: [ app_begin ] --END-- [ RunTime:0.001311s ]
INFO: [ view_parse ] --START--
INFO: ParseTemplate Behavior ::run [ RunTime:0.072251s ]
INFO: [ view_parse ] --END-- [ RunTime:0.072451s ]
INFO: [ view_filter ] --START--
INFO: ContentReplace Behavior ::run [ RunTime:0.000509s ]
INFO: TokenBuild Behavior ::run [ RunTime:0.000438s ]
INFO: WriteHtmlCache Behavior ::run [ RunTime:0.000265s ]
INFO: ShowRuntime Behavior ::run [ RunTime:0.000515s ]
INFO: [ view_filter ] --END-- [ RunTime:0.002007s ]
INFO: [ view_end ] --START--
INFO: ShowPageTrace Behavior ::run [ RunTime:0.000515s ]
INFO: [ view_end ] --END-- [ RunTime:0.000625s ]

