[ 2014-12-29T10:14:37+08:00 ] 127.0.0.1 /projcet/babyweb/htdocs/tw/index.php/index/declaration.shtml
INFO: [ route_check ] --START--
INFO: CheckRoute Behavior ::run [ RunTime:0.001878s ]
INFO: [ route_check ] --END-- [ RunTime:0.002137s ]
INFO: [ app_begin ] --START--
INFO: ReadHtmlCache Behavior ::run [ RunTime:0.001391s ]
INFO: [ app_begin ] --END-- [ RunTime:0.001506s ]
SQL: SHOW COLUMNS FROM `website_link` [ RunTime:0.004402s ]
SQL: SELECT * FROM `website_link` WHERE ( `lang` = 'zh-Hant' ) ORDER BY link_sort LIMIT 10   [ RunTime:0.000463s ]
SQL: SELECT COUNT(*) AS tp_count FROM `website_link` WHERE ( `lang` = 'zh-Hant' ) LIMIT 1   [ RunTime:0.000314s ]
INFO: [ view_parse ] --START--
INFO: ParseTemplate Behavior ::run [ RunTime:0.038206s ]
INFO: [ view_parse ] --END-- [ RunTime:0.038414s ]
INFO: [ view_filter ] --START--
INFO: ContentReplace Behavior ::run [ RunTime:0.001251s ]
INFO: TokenBuild Behavior ::run [ RunTime:0.000714s ]
INFO: WriteHtmlCache Behavior ::run [ RunTime:0.000562s ]
INFO: ShowRuntime Behavior ::run [ RunTime:0.000977s ]
INFO: [ view_filter ] --END-- [ RunTime:0.003813s ]
INFO: [ view_end ] --START--
INFO: ShowPageTrace Behavior ::run [ RunTime:0.001653s ]
INFO: [ view_end ] --END-- [ RunTime:0.001809s ]

[ 2014-12-29T10:14:39+08:00 ] 127.0.0.1 /projcet/babyweb/htdocs/tw/index.php/index/privacyPolicy.shtml
INFO: [ route_check ] --START--
INFO: CheckRoute Behavior ::run [ RunTime:0.001670s ]
INFO: [ route_check ] --END-- [ RunTime:0.001851s ]
INFO: [ app_begin ] --START--
INFO: ReadHtmlCache Behavior ::run [ RunTime:0.001050s ]
INFO: [ app_begin ] --END-- [ RunTime:0.001156s ]
SQL: SHOW COLUMNS FROM `website_link` [ RunTime:0.003830s ]
SQL: SELECT * FROM `website_link` WHERE ( `lang` = 'zh-Hant' ) ORDER BY link_sort LIMIT 10   [ RunTime:0.000803s ]
SQL: SELECT COUNT(*) AS tp_count FROM `website_link` WHERE ( `lang` = 'zh-Hant' ) LIMIT 1   [ RunTime:0.000430s ]
INFO: [ view_parse ] --START--
INFO: ParseTemplate Behavior ::run [ RunTime:0.015394s ]
INFO: [ view_parse ] --END-- [ RunTime:0.015525s ]
INFO: [ view_filter ] --START--
INFO: ContentReplace Behavior ::run [ RunTime:0.000800s ]
INFO: TokenBuild Behavior ::run [ RunTime:0.000812s ]
INFO: WriteHtmlCache Behavior ::run [ RunTime:0.000506s ]
INFO: ShowRuntime Behavior ::run [ RunTime:0.000884s ]
INFO: [ view_filter ] --END-- [ RunTime:0.003256s ]
INFO: [ view_end ] --START--
INFO: ShowPageTrace Behavior ::run [ RunTime:0.001110s ]
INFO: [ view_end ] --END-- [ RunTime:0.001203s ]

[ 2014-12-29T10:14:39+08:00 ] 127.0.0.1 /projcet/babyweb/htdocs/tw/index.php/index/declaration.shtml
INFO: [ route_check ] --START--
INFO: CheckRoute Behavior ::run [ RunTime:0.001549s ]
INFO: [ route_check ] --END-- [ RunTime:0.001705s ]
INFO: [ app_begin ] --START--
INFO: ReadHtmlCache Behavior ::run [ RunTime:0.000949s ]
INFO: [ app_begin ] --END-- [ RunTime:0.001060s ]
SQL: SHOW COLUMNS FROM `website_link` [ RunTime:0.005245s ]
SQL: SELECT * FROM `website_link` WHERE ( `lang` = 'zh-Hant' ) ORDER BY link_sort LIMIT 10   [ RunTime:0.001041s ]
SQL: SELECT COUNT(*) AS tp_count FROM `website_link` WHERE ( `lang` = 'zh-Hant' ) LIMIT 1   [ RunTime:0.000798s ]
INFO: [ view_parse ] --START--
INFO: ParseTemplate Behavior ::run [ RunTime:0.017239s ]
INFO: [ view_parse ] --END-- [ RunTime:0.017371s ]
INFO: [ view_filter ] --START--
INFO: ContentReplace Behavior ::run [ RunTime:0.000800s ]
INFO: TokenBuild Behavior ::run [ RunTime:0.000778s ]
INFO: WriteHtmlCache Behavior ::run [ RunTime:0.000509s ]
INFO: ShowRuntime Behavior ::run [ RunTime:0.000801s ]
INFO: [ view_filter ] --END-- [ RunTime:0.003173s ]
INFO: [ view_end ] --START--
INFO: ShowPageTrace Behavior ::run [ RunTime:0.001698s ]
INFO: [ view_end ] --END-- [ RunTime:0.001836s ]

[ 2014-12-29T10:14:39+08:00 ] 127.0.0.1 /projcet/babyweb/htdocs/tw/index.php/index/privacyPolicy.shtml
INFO: [ route_check ] --START--
INFO: CheckRoute Behavior ::run [ RunTime:0.001253s ]
INFO: [ route_check ] --END-- [ RunTime:0.001387s ]
INFO: [ app_begin ] --START--
INFO: ReadHtmlCache Behavior ::run [ RunTime:0.000875s ]
INFO: [ app_begin ] --END-- [ RunTime:0.000973s ]
SQL: SHOW COLUMNS FROM `website_link` [ RunTime:0.004256s ]
SQL: SELECT * FROM `website_link` WHERE ( `lang` = 'zh-Hant' ) ORDER BY link_sort LIMIT 10   [ RunTime:0.000400s ]
SQL: SELECT COUNT(*) AS tp_count FROM `website_link` WHERE ( `lang` = 'zh-Hant' ) LIMIT 1   [ RunTime:0.000286s ]
INFO: [ view_parse ] --START--
INFO: ParseTemplate Behavior ::run [ RunTime:0.015376s ]
INFO: [ view_parse ] --END-- [ RunTime:0.015518s ]
INFO: [ view_filter ] --START--
INFO: ContentReplace Behavior ::run [ RunTime:0.001360s ]
INFO: TokenBuild Behavior ::run [ RunTime:0.001107s ]
INFO: WriteHtmlCache Behavior ::run [ RunTime:0.000734s ]
INFO: ShowRuntime Behavior ::run [ RunTime:0.001233s ]
INFO: [ view_filter ] --END-- [ RunTime:0.004858s ]
INFO: [ view_end ] --START--
INFO: ShowPageTrace Behavior ::run [ RunTime:0.001397s ]
INFO: [ view_end ] --END-- [ RunTime:0.001534s ]

[ 2014-12-29T10:15:04+08:00 ] 127.0.0.1 /projcet/babyweb/htdocs/tw/index.php/index/privacyPolicy.shtml
INFO: [ route_check ] --START--
INFO: CheckRoute Behavior ::run [ RunTime:0.001641s ]
INFO: [ route_check ] --END-- [ RunTime:0.001765s ]
INFO: [ app_begin ] --START--
INFO: ReadHtmlCache Behavior ::run [ RunTime:0.001578s ]
INFO: [ app_begin ] --END-- [ RunTime:0.001695s ]
SQL: SHOW COLUMNS FROM `website_link` [ RunTime:0.004782s ]
SQL: SELECT * FROM `website_link` WHERE ( `lang` = 'zh-Hant' ) ORDER BY link_sort LIMIT 10   [ RunTime:0.000718s ]
SQL: SELECT COUNT(*) AS tp_count FROM `website_link` WHERE ( `lang` = 'zh-Hant' ) LIMIT 1   [ RunTime:0.000533s ]
INFO: [ view_parse ] --START--
INFO: ParseTemplate Behavior ::run [ RunTime:0.017050s ]
INFO: [ view_parse ] --END-- [ RunTime:0.017189s ]
INFO: [ view_filter ] --START--
INFO: ContentReplace Behavior ::run [ RunTime:0.001161s ]
INFO: TokenBuild Behavior ::run [ RunTime:0.001108s ]
INFO: WriteHtmlCache Behavior ::run [ RunTime:0.000997s ]
INFO: ShowRuntime Behavior ::run [ RunTime:0.001137s ]
INFO: [ view_filter ] --END-- [ RunTime:0.004680s ]
INFO: [ view_end ] --START--
INFO: ShowPageTrace Behavior ::run [ RunTime:0.001289s ]
INFO: [ view_end ] --END-- [ RunTime:0.001382s ]

[ 2014-12-29T10:21:04+08:00 ] 127.0.0.1 /projcet/babyweb/htdocs/tw/index.php/index/declaration.shtml
INFO: [ route_check ] --START--
INFO: CheckRoute Behavior ::run [ RunTime:0.001583s ]
INFO: [ route_check ] --END-- [ RunTime:0.001735s ]
INFO: [ app_begin ] --START--
INFO: ReadHtmlCache Behavior ::run [ RunTime:0.001098s ]
INFO: [ app_begin ] --END-- [ RunTime:0.001197s ]
SQL: SHOW COLUMNS FROM `website_link` [ RunTime:0.004637s ]
SQL: SELECT * FROM `website_link` WHERE ( `lang` = 'zh-Hant' ) ORDER BY link_sort LIMIT 10   [ RunTime:0.000639s ]
SQL: SELECT COUNT(*) AS tp_count FROM `website_link` WHERE ( `lang` = 'zh-Hant' ) LIMIT 1   [ RunTime:0.001143s ]
INFO: [ view_parse ] --START--
INFO: ParseTemplate Behavior ::run [ RunTime:0.025038s ]
INFO: [ view_parse ] --END-- [ RunTime:0.025175s ]
INFO: [ view_filter ] --START--
INFO: ContentReplace Behavior ::run [ RunTime:0.001205s ]
INFO: TokenBuild Behavior ::run [ RunTime:0.000982s ]
INFO: WriteHtmlCache Behavior ::run [ RunTime:0.000765s ]
INFO: ShowRuntime Behavior ::run [ RunTime:0.001148s ]
INFO: [ view_filter ] --END-- [ RunTime:0.004393s ]
INFO: [ view_end ] --START--
INFO: ShowPageTrace Behavior ::run [ RunTime:0.006066s ]
INFO: [ view_end ] --END-- [ RunTime:0.006196s ]

[ 2014-12-29T10:21:05+08:00 ] 127.0.0.1 /projcet/babyweb/htdocs/tw/index.php/index/privacyPolicy.shtml
INFO: [ route_check ] --START--
INFO: CheckRoute Behavior ::run [ RunTime:0.001778s ]
INFO: [ route_check ] --END-- [ RunTime:0.001941s ]
INFO: [ app_begin ] --START--
INFO: ReadHtmlCache Behavior ::run [ RunTime:0.001367s ]
INFO: [ app_begin ] --END-- [ RunTime:0.001490s ]
SQL: SHOW COLUMNS FROM `website_link` [ RunTime:0.004780s ]
SQL: SELECT * FROM `website_link` WHERE ( `lang` = 'zh-Hant' ) ORDER BY link_sort LIMIT 10   [ RunTime:0.000728s ]
SQL: SELECT COUNT(*) AS tp_count FROM `website_link` WHERE ( `lang` = 'zh-Hant' ) LIMIT 1   [ RunTime:0.000371s ]
INFO: [ view_parse ] --START--
INFO: ParseTemplate Behavior ::run [ RunTime:0.016876s ]
INFO: [ view_parse ] --END-- [ RunTime:0.017036s ]
INFO: [ view_filter ] --START--
INFO: ContentReplace Behavior ::run [ RunTime:0.001195s ]
INFO: TokenBuild Behavior ::run [ RunTime:0.001235s ]
INFO: WriteHtmlCache Behavior ::run [ RunTime:0.000949s ]
INFO: ShowRuntime Behavior ::run [ RunTime:0.001208s ]
INFO: [ view_filter ] --END-- [ RunTime:0.004886s ]
INFO: [ view_end ] --START--
INFO: ShowPageTrace Behavior ::run [ RunTime:0.001285s ]
INFO: [ view_end ] --END-- [ RunTime:0.001389s ]

[ 2014-12-29T10:21:05+08:00 ] 127.0.0.1 /projcet/babyweb/htdocs/tw/index.php/index/link.html
INFO: [ route_check ] --START--
INFO: CheckRoute Behavior ::run [ RunTime:0.002275s ]
INFO: [ route_check ] --END-- [ RunTime:0.002473s ]
INFO: [ app_begin ] --START--
INFO: ReadHtmlCache Behavior ::run [ RunTime:0.001219s ]
INFO: [ app_begin ] --END-- [ RunTime:0.001310s ]
SQL: SHOW COLUMNS FROM `website_link` [ RunTime:0.004647s ]
SQL: SELECT * FROM `website_link` WHERE ( `lang` = 'zh-Hant' ) ORDER BY link_sort LIMIT 10   [ RunTime:0.000711s ]
INFO: [ view_parse ] --START--
INFO: ParseTemplate Behavior ::run [ RunTime:0.018915s ]
INFO: [ view_parse ] --END-- [ RunTime:0.019084s ]
INFO: [ view_filter ] --START--
INFO: ContentReplace Behavior ::run [ RunTime:0.001059s ]
INFO: TokenBuild Behavior ::run [ RunTime:0.001086s ]
INFO: WriteHtmlCache Behavior ::run [ RunTime:0.000906s ]
INFO: ShowRuntime Behavior ::run [ RunTime:0.001064s ]
INFO: [ view_filter ] --END-- [ RunTime:0.004399s ]
INFO: [ view_end ] --START--
INFO: ShowPageTrace Behavior ::run [ RunTime:0.001220s ]
INFO: [ view_end ] --END-- [ RunTime:0.001308s ]

[ 2014-12-29T10:21:17+08:00 ] 127.0.0.1 /projcet/babyweb/htdocs/tw/index.php/index/link.html
INFO: [ route_check ] --START--
INFO: CheckRoute Behavior ::run [ RunTime:0.001962s ]
INFO: [ route_check ] --END-- [ RunTime:0.002104s ]
INFO: [ app_begin ] --START--
INFO: ReadHtmlCache Behavior ::run [ RunTime:0.003219s ]
INFO: [ app_begin ] --END-- [ RunTime:0.003338s ]
SQL: SHOW COLUMNS FROM `website_link` [ RunTime:0.004491s ]
SQL: SELECT * FROM `website_link` WHERE ( `lang` = 'zh-Hant' ) ORDER BY link_sort LIMIT 10   [ RunTime:0.000825s ]
INFO: [ view_parse ] --START--
INFO: ParseTemplate Behavior ::run [ RunTime:0.013461s ]
INFO: [ view_parse ] --END-- [ RunTime:0.013609s ]
INFO: [ view_filter ] --START--
INFO: ContentReplace Behavior ::run [ RunTime:0.000782s ]
INFO: TokenBuild Behavior ::run [ RunTime:0.000717s ]
INFO: WriteHtmlCache Behavior ::run [ RunTime:0.000543s ]
INFO: ShowRuntime Behavior ::run [ RunTime:0.000786s ]
INFO: [ view_filter ] --END-- [ RunTime:0.003064s ]
INFO: [ view_end ] --START--
INFO: ShowPageTrace Behavior ::run [ RunTime:0.001000s ]
INFO: [ view_end ] --END-- [ RunTime:0.001111s ]

[ 2014-12-29T10:22:05+08:00 ] 127.0.0.1 /projcet/babyweb/htdocs/tw/index.php/index/privacyPolicy.shtml
INFO: [ route_check ] --START--
INFO: CheckRoute Behavior ::run [ RunTime:0.001522s ]
INFO: [ route_check ] --END-- [ RunTime:0.001661s ]
INFO: [ app_begin ] --START--
INFO: ReadHtmlCache Behavior ::run [ RunTime:0.001203s ]
INFO: [ app_begin ] --END-- [ RunTime:0.001319s ]
SQL: SHOW COLUMNS FROM `website_link` [ RunTime:0.004802s ]
SQL: SELECT * FROM `website_link` WHERE ( `lang` = 'zh-Hant' ) ORDER BY link_sort LIMIT 10   [ RunTime:0.000716s ]
SQL: SELECT COUNT(*) AS tp_count FROM `website_link` WHERE ( `lang` = 'zh-Hant' ) LIMIT 1   [ RunTime:0.000446s ]
INFO: [ view_parse ] --START--
INFO: ParseTemplate Behavior ::run [ RunTime:0.019867s ]
INFO: [ view_parse ] --END-- [ RunTime:0.020056s ]
INFO: [ view_filter ] --START--
INFO: ContentReplace Behavior ::run [ RunTime:0.001066s ]
INFO: TokenBuild Behavior ::run [ RunTime:0.000739s ]
INFO: WriteHtmlCache Behavior ::run [ RunTime:0.000510s ]
INFO: ShowRuntime Behavior ::run [ RunTime:0.000797s ]
INFO: [ view_filter ] --END-- [ RunTime:0.003464s ]
INFO: [ view_end ] --START--
INFO: ShowPageTrace Behavior ::run [ RunTime:0.001309s ]
INFO: [ view_end ] --END-- [ RunTime:0.001417s ]

[ 2014-12-29T10:22:06+08:00 ] 127.0.0.1 /projcet/babyweb/htdocs/tw/index.php/index/declaration.shtml
INFO: [ route_check ] --START--
INFO: CheckRoute Behavior ::run [ RunTime:0.002445s ]
INFO: [ route_check ] --END-- [ RunTime:0.002591s ]
INFO: [ app_begin ] --START--
INFO: ReadHtmlCache Behavior ::run [ RunTime:0.000988s ]
INFO: [ app_begin ] --END-- [ RunTime:0.001101s ]
SQL: SHOW COLUMNS FROM `website_link` [ RunTime:0.005250s ]
SQL: SELECT * FROM `website_link` WHERE ( `lang` = 'zh-Hant' ) ORDER BY link_sort LIMIT 10   [ RunTime:0.000999s ]
SQL: SELECT COUNT(*) AS tp_count FROM `website_link` WHERE ( `lang` = 'zh-Hant' ) LIMIT 1   [ RunTime:0.000805s ]
INFO: [ view_parse ] --START--
INFO: ParseTemplate Behavior ::run [ RunTime:0.020379s ]
INFO: [ view_parse ] --END-- [ RunTime:0.020537s ]
INFO: [ view_filter ] --START--
INFO: ContentReplace Behavior ::run [ RunTime:0.001014s ]
INFO: TokenBuild Behavior ::run [ RunTime:0.001159s ]
INFO: WriteHtmlCache Behavior ::run [ RunTime:0.000885s ]
INFO: ShowRuntime Behavior ::run [ RunTime:0.001287s ]
INFO: [ view_filter ] --END-- [ RunTime:0.004777s ]
INFO: [ view_end ] --START--
INFO: ShowPageTrace Behavior ::run [ RunTime:0.001840s ]
INFO: [ view_end ] --END-- [ RunTime:0.002894s ]

[ 2014-12-29T10:22:07+08:00 ] 127.0.0.1 /projcet/babyweb/htdocs/tw/index.php/index/link.shtml
INFO: [ route_check ] --START--
INFO: CheckRoute Behavior ::run [ RunTime:0.001224s ]
INFO: [ route_check ] --END-- [ RunTime:0.001351s ]
INFO: [ app_begin ] --START--
INFO: ReadHtmlCache Behavior ::run [ RunTime:0.000941s ]
INFO: [ app_begin ] --END-- [ RunTime:0.001058s ]
SQL: SHOW COLUMNS FROM `website_link` [ RunTime:0.004349s ]
SQL: SELECT * FROM `website_link` WHERE ( `lang` = 'zh-Hant' ) ORDER BY link_sort LIMIT 10   [ RunTime:0.000960s ]
SQL: SELECT * FROM `website_link` WHERE ( `lang` = 'zh-Hant' ) ORDER BY link_sort  [ RunTime:0.000538s ]
INFO: [ view_parse ] --START--
INFO: ParseTemplate Behavior ::run [ RunTime:0.114282s ]
INFO: [ view_parse ] --END-- [ RunTime:0.114490s ]
INFO: [ view_filter ] --START--
INFO: ContentReplace Behavior ::run [ RunTime:0.001255s ]
INFO: TokenBuild Behavior ::run [ RunTime:0.001637s ]
INFO: WriteHtmlCache Behavior ::run [ RunTime:0.000764s ]
INFO: ShowRuntime Behavior ::run [ RunTime:0.001394s ]
INFO: [ view_filter ] --END-- [ RunTime:0.005515s ]
INFO: [ view_end ] --START--
INFO: ShowPageTrace Behavior ::run [ RunTime:0.001483s ]
INFO: [ view_end ] --END-- [ RunTime:0.001608s ]

[ 2014-12-29T10:22:08+08:00 ] 127.0.0.1 /projcet/babyweb/htdocs/tw/index.php/index/privacyPolicy.shtml
INFO: [ route_check ] --START--
INFO: CheckRoute Behavior ::run [ RunTime:0.001302s ]
INFO: [ route_check ] --END-- [ RunTime:0.001433s ]
INFO: [ app_begin ] --START--
INFO: ReadHtmlCache Behavior ::run [ RunTime:0.000872s ]
INFO: [ app_begin ] --END-- [ RunTime:0.000997s ]
SQL: SHOW COLUMNS FROM `website_link` [ RunTime:0.004176s ]
SQL: SELECT * FROM `website_link` WHERE ( `lang` = 'zh-Hant' ) ORDER BY link_sort LIMIT 10   [ RunTime:0.000905s ]
SQL: SELECT COUNT(*) AS tp_count FROM `website_link` WHERE ( `lang` = 'zh-Hant' ) LIMIT 1   [ RunTime:0.000920s ]
INFO: [ view_parse ] --START--
INFO: ParseTemplate Behavior ::run [ RunTime:0.015018s ]
INFO: [ view_parse ] --END-- [ RunTime:0.015340s ]
INFO: [ view_filter ] --START--
INFO: ContentReplace Behavior ::run [ RunTime:0.000771s ]
INFO: TokenBuild Behavior ::run [ RunTime:0.000710s ]
INFO: WriteHtmlCache Behavior ::run [ RunTime:0.000494s ]
INFO: ShowRuntime Behavior ::run [ RunTime:0.000765s ]
INFO: [ view_filter ] --END-- [ RunTime:0.002985s ]
INFO: [ view_end ] --START--
INFO: ShowPageTrace Behavior ::run [ RunTime:0.001092s ]
INFO: [ view_end ] --END-- [ RunTime:0.001185s ]

[ 2014-12-29T10:22:08+08:00 ] 127.0.0.1 /projcet/babyweb/htdocs/tw/index.php/index/declaration.shtml
INFO: [ route_check ] --START--
INFO: CheckRoute Behavior ::run [ RunTime:0.001360s ]
INFO: [ route_check ] --END-- [ RunTime:0.001495s ]
INFO: [ app_begin ] --START--
INFO: ReadHtmlCache Behavior ::run [ RunTime:0.000946s ]
INFO: [ app_begin ] --END-- [ RunTime:0.001037s ]
SQL: SHOW COLUMNS FROM `website_link` [ RunTime:0.004419s ]
SQL: SELECT * FROM `website_link` WHERE ( `lang` = 'zh-Hant' ) ORDER BY link_sort LIMIT 10   [ RunTime:0.000688s ]
SQL: SELECT COUNT(*) AS tp_count FROM `website_link` WHERE ( `lang` = 'zh-Hant' ) LIMIT 1   [ RunTime:0.000450s ]
INFO: [ view_parse ] --START--
INFO: ParseTemplate Behavior ::run [ RunTime:0.018011s ]
INFO: [ view_parse ] --END-- [ RunTime:0.018156s ]
INFO: [ view_filter ] --START--
INFO: ContentReplace Behavior ::run [ RunTime:0.000816s ]
INFO: TokenBuild Behavior ::run [ RunTime:0.000690s ]
INFO: WriteHtmlCache Behavior ::run [ RunTime:0.000649s ]
INFO: ShowRuntime Behavior ::run [ RunTime:0.000842s ]
INFO: [ view_filter ] --END-- [ RunTime:0.003329s ]
INFO: [ view_end ] --START--
INFO: ShowPageTrace Behavior ::run [ RunTime:0.001508s ]
INFO: [ view_end ] --END-- [ RunTime:0.001668s ]

[ 2014-12-29T10:22:09+08:00 ] 127.0.0.1 /projcet/babyweb/htdocs/tw/index.php/index/privacyPolicy.shtml
INFO: [ route_check ] --START--
INFO: CheckRoute Behavior ::run [ RunTime:0.001221s ]
INFO: [ route_check ] --END-- [ RunTime:0.001354s ]
INFO: [ app_begin ] --START--
INFO: ReadHtmlCache Behavior ::run [ RunTime:0.000900s ]
INFO: [ app_begin ] --END-- [ RunTime:0.001000s ]
SQL: SHOW COLUMNS FROM `website_link` [ RunTime:0.003985s ]
SQL: SELECT * FROM `website_link` WHERE ( `lang` = 'zh-Hant' ) ORDER BY link_sort LIMIT 10   [ RunTime:0.000638s ]
SQL: SELECT COUNT(*) AS tp_count FROM `website_link` WHERE ( `lang` = 'zh-Hant' ) LIMIT 1   [ RunTime:0.000576s ]
INFO: [ view_parse ] --START--
INFO: ParseTemplate Behavior ::run [ RunTime:0.015348s ]
INFO: [ view_parse ] --END-- [ RunTime:0.015478s ]
INFO: [ view_filter ] --START--
INFO: ContentReplace Behavior ::run [ RunTime:0.000709s ]
INFO: TokenBuild Behavior ::run [ RunTime:0.000753s ]
INFO: WriteHtmlCache Behavior ::run [ RunTime:0.000624s ]
INFO: ShowRuntime Behavior ::run [ RunTime:0.000760s ]
INFO: [ view_filter ] --END-- [ RunTime:0.003088s ]
INFO: [ view_end ] --START--
INFO: ShowPageTrace Behavior ::run [ RunTime:0.001084s ]
INFO: [ view_end ] --END-- [ RunTime:0.001177s ]

[ 2014-12-29T10:22:10+08:00 ] 127.0.0.1 /projcet/babyweb/htdocs/tw/index.php/index/link.shtml
INFO: [ route_check ] --START--
INFO: CheckRoute Behavior ::run [ RunTime:0.001558s ]
INFO: [ route_check ] --END-- [ RunTime:0.001731s ]
INFO: [ app_begin ] --START--
INFO: ReadHtmlCache Behavior ::run [ RunTime:0.000948s ]
INFO: [ app_begin ] --END-- [ RunTime:0.001063s ]
SQL: SHOW COLUMNS FROM `website_link` [ RunTime:0.004178s ]
SQL: SELECT * FROM `website_link` WHERE ( `lang` = 'zh-Hant' ) ORDER BY link_sort LIMIT 10   [ RunTime:0.000520s ]
SQL: SELECT * FROM `website_link` WHERE ( `lang` = 'zh-Hant' ) ORDER BY link_sort  [ RunTime:0.000389s ]
INFO: [ view_parse ] --START--
INFO: ParseTemplate Behavior ::run [ RunTime:0.018467s ]
INFO: [ view_parse ] --END-- [ RunTime:0.018599s ]
INFO: [ view_filter ] --START--
INFO: ContentReplace Behavior ::run [ RunTime:0.000997s ]
INFO: TokenBuild Behavior ::run [ RunTime:0.000717s ]
INFO: WriteHtmlCache Behavior ::run [ RunTime:0.000585s ]
INFO: ShowRuntime Behavior ::run [ RunTime:0.000839s ]
INFO: [ view_filter ] --END-- [ RunTime:0.003406s ]
INFO: [ view_end ] --START--
INFO: ShowPageTrace Behavior ::run [ RunTime:0.000986s ]
INFO: [ view_end ] --END-- [ RunTime:0.001074s ]

[ 2014-12-29T10:22:10+08:00 ] 127.0.0.1 /projcet/babyweb/htdocs/tw/index.php/index/declaration.shtml
INFO: [ route_check ] --START--
INFO: CheckRoute Behavior ::run [ RunTime:0.001245s ]
INFO: [ route_check ] --END-- [ RunTime:0.001375s ]
INFO: [ app_begin ] --START--
INFO: ReadHtmlCache Behavior ::run [ RunTime:0.000882s ]
INFO: [ app_begin ] --END-- [ RunTime:0.000976s ]
SQL: SHOW COLUMNS FROM `website_link` [ RunTime:0.003824s ]
SQL: SELECT * FROM `website_link` WHERE ( `lang` = 'zh-Hant' ) ORDER BY link_sort LIMIT 10   [ RunTime:0.001401s ]
SQL: SELECT COUNT(*) AS tp_count FROM `website_link` WHERE ( `lang` = 'zh-Hant' ) LIMIT 1   [ RunTime:0.001006s ]
INFO: [ view_parse ] --START--
INFO: ParseTemplate Behavior ::run [ RunTime:0.017795s ]
INFO: [ view_parse ] --END-- [ RunTime:0.017930s ]
INFO: [ view_filter ] --START--
INFO: ContentReplace Behavior ::run [ RunTime:0.000860s ]
INFO: TokenBuild Behavior ::run [ RunTime:0.000750s ]
INFO: WriteHtmlCache Behavior ::run [ RunTime:0.000525s ]
INFO: ShowRuntime Behavior ::run [ RunTime:0.001001s ]
INFO: [ view_filter ] --END-- [ RunTime:0.003477s ]
INFO: [ view_end ] --START--
INFO: ShowPageTrace Behavior ::run [ RunTime:0.001074s ]
INFO: [ view_end ] --END-- [ RunTime:0.001216s ]

[ 2014-12-29T10:22:11+08:00 ] 127.0.0.1 /projcet/babyweb/htdocs/tw/index.php/index/link.shtml
INFO: [ route_check ] --START--
INFO: CheckRoute Behavior ::run [ RunTime:0.001216s ]
INFO: [ route_check ] --END-- [ RunTime:0.001338s ]
INFO: [ app_begin ] --START--
INFO: ReadHtmlCache Behavior ::run [ RunTime:0.000860s ]
INFO: [ app_begin ] --END-- [ RunTime:0.000956s ]
SQL: SHOW COLUMNS FROM `website_link` [ RunTime:0.004392s ]
SQL: SELECT * FROM `website_link` WHERE ( `lang` = 'zh-Hant' ) ORDER BY link_sort LIMIT 10   [ RunTime:0.000888s ]
SQL: SELECT * FROM `website_link` WHERE ( `lang` = 'zh-Hant' ) ORDER BY link_sort  [ RunTime:0.000509s ]
INFO: [ view_parse ] --START--
INFO: ParseTemplate Behavior ::run [ RunTime:0.016963s ]
INFO: [ view_parse ] --END-- [ RunTime:0.017094s ]
INFO: [ view_filter ] --START--
INFO: ContentReplace Behavior ::run [ RunTime:0.000721s ]
INFO: TokenBuild Behavior ::run [ RunTime:0.000855s ]
INFO: WriteHtmlCache Behavior ::run [ RunTime:0.000539s ]
INFO: ShowRuntime Behavior ::run [ RunTime:0.000792s ]
INFO: [ view_filter ] --END-- [ RunTime:0.003149s ]
INFO: [ view_end ] --START--
INFO: ShowPageTrace Behavior ::run [ RunTime:0.001195s ]
INFO: [ view_end ] --END-- [ RunTime:0.001285s ]

[ 2014-12-29T10:22:12+08:00 ] 127.0.0.1 /projcet/babyweb/htdocs/tw/index.php/index/declaration.shtml
INFO: [ route_check ] --START--
INFO: CheckRoute Behavior ::run [ RunTime:0.001381s ]
INFO: [ route_check ] --END-- [ RunTime:0.001518s ]
INFO: [ app_begin ] --START--
INFO: ReadHtmlCache Behavior ::run [ RunTime:0.000889s ]
INFO: [ app_begin ] --END-- [ RunTime:0.000985s ]
SQL: SHOW COLUMNS FROM `website_link` [ RunTime:0.003817s ]
SQL: SELECT * FROM `website_link` WHERE ( `lang` = 'zh-Hant' ) ORDER BY link_sort LIMIT 10   [ RunTime:0.000563s ]
SQL: SELECT COUNT(*) AS tp_count FROM `website_link` WHERE ( `lang` = 'zh-Hant' ) LIMIT 1   [ RunTime:0.000424s ]
INFO: [ view_parse ] --START--
INFO: ParseTemplate Behavior ::run [ RunTime:0.017550s ]
INFO: [ view_parse ] --END-- [ RunTime:0.017729s ]
INFO: [ view_filter ] --START--
INFO: ContentReplace Behavior ::run [ RunTime:0.000776s ]
INFO: TokenBuild Behavior ::run [ RunTime:0.000689s ]
INFO: WriteHtmlCache Behavior ::run [ RunTime:0.000627s ]
INFO: ShowRuntime Behavior ::run [ RunTime:0.000786s ]
INFO: [ view_filter ] --END-- [ RunTime:0.003169s ]
INFO: [ view_end ] --START--
INFO: ShowPageTrace Behavior ::run [ RunTime:0.001185s ]
INFO: [ view_end ] --END-- [ RunTime:0.001287s ]

[ 2014-12-29T10:22:12+08:00 ] 127.0.0.1 /projcet/babyweb/htdocs/tw/index.php/index/privacyPolicy.shtml
INFO: [ route_check ] --START--
INFO: CheckRoute Behavior ::run [ RunTime:0.001353s ]
INFO: [ route_check ] --END-- [ RunTime:0.001501s ]
INFO: [ app_begin ] --START--
INFO: ReadHtmlCache Behavior ::run [ RunTime:0.000882s ]
INFO: [ app_begin ] --END-- [ RunTime:0.000979s ]
SQL: SHOW COLUMNS FROM `website_link` [ RunTime:0.004880s ]
SQL: SELECT * FROM `website_link` WHERE ( `lang` = 'zh-Hant' ) ORDER BY link_sort LIMIT 10   [ RunTime:0.000991s ]
SQL: SELECT COUNT(*) AS tp_count FROM `website_link` WHERE ( `lang` = 'zh-Hant' ) LIMIT 1   [ RunTime:0.000537s ]
INFO: [ view_parse ] --START--
INFO: ParseTemplate Behavior ::run [ RunTime:0.014621s ]
INFO: [ view_parse ] --END-- [ RunTime:0.014748s ]
INFO: [ view_filter ] --START--
INFO: ContentReplace Behavior ::run [ RunTime:0.000913s ]
INFO: TokenBuild Behavior ::run [ RunTime:0.000699s ]
INFO: WriteHtmlCache Behavior ::run [ RunTime:0.000490s ]
INFO: ShowRuntime Behavior ::run [ RunTime:0.000741s ]
INFO: [ view_filter ] --END-- [ RunTime:0.003087s ]
INFO: [ view_end ] --START--
INFO: ShowPageTrace Behavior ::run [ RunTime:0.000957s ]
INFO: [ view_end ] --END-- [ RunTime:0.001048s ]

[ 2014-12-29T10:22:13+08:00 ] 127.0.0.1 /projcet/babyweb/htdocs/tw/index.php/index/link.shtml
INFO: [ route_check ] --START--
INFO: CheckRoute Behavior ::run [ RunTime:0.001237s ]
INFO: [ route_check ] --END-- [ RunTime:0.001366s ]
INFO: [ app_begin ] --START--
INFO: ReadHtmlCache Behavior ::run [ RunTime:0.000915s ]
INFO: [ app_begin ] --END-- [ RunTime:0.001006s ]
SQL: SHOW COLUMNS FROM `website_link` [ RunTime:0.003867s ]
SQL: SELECT * FROM `website_link` WHERE ( `lang` = 'zh-Hant' ) ORDER BY link_sort LIMIT 10   [ RunTime:0.000582s ]
SQL: SELECT * FROM `website_link` WHERE ( `lang` = 'zh-Hant' ) ORDER BY link_sort  [ RunTime:0.000439s ]
INFO: [ view_parse ] --START--
INFO: ParseTemplate Behavior ::run [ RunTime:0.017044s ]
INFO: [ view_parse ] --END-- [ RunTime:0.017174s ]
INFO: [ view_filter ] --START--
INFO: ContentReplace Behavior ::run [ RunTime:0.000717s ]
INFO: TokenBuild Behavior ::run [ RunTime:0.000693s ]
INFO: WriteHtmlCache Behavior ::run [ RunTime:0.000487s ]
INFO: ShowRuntime Behavior ::run [ RunTime:0.000817s ]
INFO: [ view_filter ] --END-- [ RunTime:0.002957s ]
INFO: [ view_end ] --START--
INFO: ShowPageTrace Behavior ::run [ RunTime:0.001087s ]
INFO: [ view_end ] --END-- [ RunTime:0.001175s ]

[ 2014-12-29T10:22:13+08:00 ] 127.0.0.1 /projcet/babyweb/htdocs/tw/index.php/index/privacyPolicy.shtml
INFO: [ route_check ] --START--
INFO: CheckRoute Behavior ::run [ RunTime:0.001535s ]
INFO: [ route_check ] --END-- [ RunTime:0.001676s ]
INFO: [ app_begin ] --START--
INFO: ReadHtmlCache Behavior ::run [ RunTime:0.001123s ]
INFO: [ app_begin ] --END-- [ RunTime:0.001230s ]
SQL: SHOW COLUMNS FROM `website_link` [ RunTime:0.004360s ]
SQL: SELECT * FROM `website_link` WHERE ( `lang` = 'zh-Hant' ) ORDER BY link_sort LIMIT 10   [ RunTime:0.000633s ]
SQL: SELECT COUNT(*) AS tp_count FROM `website_link` WHERE ( `lang` = 'zh-Hant' ) LIMIT 1   [ RunTime:0.000468s ]
INFO: [ view_parse ] --START--
INFO: ParseTemplate Behavior ::run [ RunTime:0.017606s ]
INFO: [ view_parse ] --END-- [ RunTime:0.017741s ]
INFO: [ view_filter ] --START--
INFO: ContentReplace Behavior ::run [ RunTime:0.000726s ]
INFO: TokenBuild Behavior ::run [ RunTime:0.000778s ]
INFO: WriteHtmlCache Behavior ::run [ RunTime:0.000538s ]
INFO: ShowRuntime Behavior ::run [ RunTime:0.004617s ]
INFO: [ view_filter ] --END-- [ RunTime:0.006942s ]
INFO: [ view_end ] --START--
INFO: ShowPageTrace Behavior ::run [ RunTime:0.001131s ]
INFO: [ view_end ] --END-- [ RunTime:0.001231s ]

[ 2014-12-29T10:22:14+08:00 ] 127.0.0.1 /projcet/babyweb/htdocs/tw/index.php/index/declaration.shtml
INFO: [ route_check ] --START--
INFO: CheckRoute Behavior ::run [ RunTime:0.001275s ]
INFO: [ route_check ] --END-- [ RunTime:0.001415s ]
INFO: [ app_begin ] --START--
INFO: ReadHtmlCache Behavior ::run [ RunTime:0.000859s ]
INFO: [ app_begin ] --END-- [ RunTime:0.000949s ]
SQL: SHOW COLUMNS FROM `website_link` [ RunTime:0.004030s ]
SQL: SELECT * FROM `website_link` WHERE ( `lang` = 'zh-Hant' ) ORDER BY link_sort LIMIT 10   [ RunTime:0.000976s ]
SQL: SELECT COUNT(*) AS tp_count FROM `website_link` WHERE ( `lang` = 'zh-Hant' ) LIMIT 1   [ RunTime:0.000528s ]
INFO: [ view_parse ] --START--
INFO: ParseTemplate Behavior ::run [ RunTime:0.018129s ]
INFO: [ view_parse ] --END-- [ RunTime:0.018263s ]
INFO: [ view_filter ] --START--
INFO: ContentReplace Behavior ::run [ RunTime:0.000832s ]
INFO: TokenBuild Behavior ::run [ RunTime:0.000780s ]
INFO: WriteHtmlCache Behavior ::run [ RunTime:0.000542s ]
INFO: ShowRuntime Behavior ::run [ RunTime:0.000887s ]
INFO: [ view_filter ] --END-- [ RunTime:0.003284s ]
INFO: [ view_end ] --START--
INFO: ShowPageTrace Behavior ::run [ RunTime:0.001460s ]
INFO: [ view_end ] --END-- [ RunTime:0.001610s ]

[ 2014-12-29T10:26:12+08:00 ] 127.0.0.1 /projcet/babyweb/htdocs/tw/index.php/index/link.shtml
INFO: [ route_check ] --START--
INFO: CheckRoute Behavior ::run [ RunTime:0.002509s ]
INFO: [ route_check ] --END-- [ RunTime:0.002723s ]
INFO: [ app_begin ] --START--
INFO: ReadHtmlCache Behavior ::run [ RunTime:0.001384s ]
INFO: [ app_begin ] --END-- [ RunTime:0.001528s ]
SQL: SHOW COLUMNS FROM `website_link` [ RunTime:0.003945s ]
SQL: SELECT * FROM `website_link` WHERE ( `lang` = 'zh-Hant' ) ORDER BY link_sort LIMIT 10   [ RunTime:0.000999s ]
SQL: SELECT * FROM `website_link` WHERE ( `lang` = 'zh-Hant' ) ORDER BY link_sort  [ RunTime:0.000670s ]
INFO: [ view_parse ] --START--
INFO: ParseTemplate Behavior ::run [ RunTime:0.019333s ]
INFO: [ view_parse ] --END-- [ RunTime:0.019498s ]
INFO: [ view_filter ] --START--
INFO: ContentReplace Behavior ::run [ RunTime:0.001560s ]
INFO: TokenBuild Behavior ::run [ RunTime:0.001122s ]
INFO: WriteHtmlCache Behavior ::run [ RunTime:0.000857s ]
INFO: ShowRuntime Behavior ::run [ RunTime:0.001058s ]
INFO: [ view_filter ] --END-- [ RunTime:0.004998s ]
INFO: [ view_end ] --START--
INFO: ShowPageTrace Behavior ::run [ RunTime:0.001605s ]
INFO: [ view_end ] --END-- [ RunTime:0.001752s ]

[ 2014-12-29T10:26:13+08:00 ] 127.0.0.1 /projcet/babyweb/htdocs/tw/index.php/index/index.shtml
INFO: [ route_check ] --START--
INFO: CheckRoute Behavior ::run [ RunTime:0.001772s ]
INFO: [ route_check ] --END-- [ RunTime:0.001980s ]
INFO: [ app_begin ] --START--
INFO: ReadHtmlCache Behavior ::run [ RunTime:0.001045s ]
INFO: [ app_begin ] --END-- [ RunTime:0.001237s ]
SQL: SHOW COLUMNS FROM `website_link` [ RunTime:0.004200s ]
SQL: SELECT * FROM `website_link` WHERE ( `lang` = 'zh-Hant' ) ORDER BY link_sort LIMIT 10   [ RunTime:0.001015s ]
SQL: SHOW COLUMNS FROM `website_index_images` [ RunTime:0.005519s ]
SQL: SELECT * FROM `website_index_images` WHERE ( lang='zh-Hant' and used=1 ) ORDER BY num asc,id asc  [ RunTime:0.000908s ]
NOTIC: [8] Trying to get property of non-object D:\wamp\www\projcet\babyweb\tw\Lib\Action\IndexAction.class.php 第 11 行.
NOTIC: [8] Trying to get property of non-object D:\wamp\www\projcet\babyweb\tw\Lib\Action\IndexAction.class.php 第 11 行.
NOTIC: [8] Trying to get property of non-object D:\wamp\www\projcet\babyweb\tw\Lib\Action\IndexAction.class.php 第 12 行.
NOTIC: [8] Trying to get property of non-object D:\wamp\www\projcet\babyweb\tw\Lib\Action\IndexAction.class.php 第 12 行.
NOTIC: [8] Trying to get property of non-object D:\wamp\www\projcet\babyweb\tw\Lib\Action\IndexAction.class.php 第 13 行.
INFO: [ view_parse ] --START--
NOTIC: [8] Use of undefined constant one - assumed 'one' D:\wamp\www\projcet\babyweb\tw\Runtime\Cache\4c6e177df3f5a9c7b6ac6d38bdb09bfe.php 第 133 行.
NOTIC: [8] Use of undefined constant one3 - assumed 'one3' D:\wamp\www\projcet\babyweb\tw\Runtime\Cache\4c6e177df3f5a9c7b6ac6d38bdb09bfe.php 第 146 行.
NOTIC: [8] Use of undefined constant one - assumed 'one' D:\wamp\www\projcet\babyweb\tw\Runtime\Cache\4c6e177df3f5a9c7b6ac6d38bdb09bfe.php 第 133 行.
NOTIC: [8] Use of undefined constant one3 - assumed 'one3' D:\wamp\www\projcet\babyweb\tw\Runtime\Cache\4c6e177df3f5a9c7b6ac6d38bdb09bfe.php 第 133 行.
NOTIC: [8] Use of undefined constant one3 - assumed 'one3' D:\wamp\www\projcet\babyweb\tw\Runtime\Cache\4c6e177df3f5a9c7b6ac6d38bdb09bfe.php 第 146 行.
NOTIC: [8] Use of undefined constant one - assumed 'one' D:\wamp\www\projcet\babyweb\tw\Runtime\Cache\4c6e177df3f5a9c7b6ac6d38bdb09bfe.php 第 218 行.
NOTIC: [8] Use of undefined constant one3 - assumed 'one3' D:\wamp\www\projcet\babyweb\tw\Runtime\Cache\4c6e177df3f5a9c7b6ac6d38bdb09bfe.php 第 231 行.
NOTIC: [8] Use of undefined constant one - assumed 'one' D:\wamp\www\projcet\babyweb\tw\Runtime\Cache\4c6e177df3f5a9c7b6ac6d38bdb09bfe.php 第 218 行.
NOTIC: [8] Use of undefined constant one3 - assumed 'one3' D:\wamp\www\projcet\babyweb\tw\Runtime\Cache\4c6e177df3f5a9c7b6ac6d38bdb09bfe.php 第 218 行.
NOTIC: [8] Use of undefined constant one3 - assumed 'one3' D:\wamp\www\projcet\babyweb\tw\Runtime\Cache\4c6e177df3f5a9c7b6ac6d38bdb09bfe.php 第 231 行.
INFO: ParseTemplate Behavior ::run [ RunTime:0.075627s ]
INFO: [ view_parse ] --END-- [ RunTime:0.075738s ]
INFO: [ view_filter ] --START--
INFO: ContentReplace Behavior ::run [ RunTime:0.001161s ]
INFO: TokenBuild Behavior ::run [ RunTime:0.000870s ]
INFO: WriteHtmlCache Behavior ::run [ RunTime:0.000669s ]
INFO: ShowRuntime Behavior ::run [ RunTime:0.001166s ]
INFO: [ view_filter ] --END-- [ RunTime:0.004183s ]
INFO: [ view_end ] --START--
INFO: ShowPageTrace Behavior ::run [ RunTime:0.002294s ]
INFO: [ view_end ] --END-- [ RunTime:0.002441s ]

[ 2014-12-29T10:26:16+08:00 ] 127.0.0.1 /projcet/babyweb/htdocs/tw/index.php/index/link.shtml
INFO: [ route_check ] --START--
INFO: CheckRoute Behavior ::run [ RunTime:0.002749s ]
INFO: [ route_check ] --END-- [ RunTime:0.002969s ]
INFO: [ app_begin ] --START--
INFO: ReadHtmlCache Behavior ::run [ RunTime:0.001829s ]
INFO: [ app_begin ] --END-- [ RunTime:0.002019s ]
SQL: SHOW COLUMNS FROM `website_link` [ RunTime:0.011109s ]
SQL: SELECT * FROM `website_link` WHERE ( `lang` = 'zh-Hant' ) ORDER BY link_sort LIMIT 10   [ RunTime:0.000697s ]
SQL: SELECT * FROM `website_link` WHERE ( `lang` = 'zh-Hant' ) ORDER BY link_sort  [ RunTime:0.000659s ]
INFO: [ view_parse ] --START--
INFO: ParseTemplate Behavior ::run [ RunTime:0.029806s ]
INFO: [ view_parse ] --END-- [ RunTime:0.029988s ]
INFO: [ view_filter ] --START--
INFO: ContentReplace Behavior ::run [ RunTime:0.001545s ]
INFO: TokenBuild Behavior ::run [ RunTime:0.002672s ]
INFO: WriteHtmlCache Behavior ::run [ RunTime:0.001473s ]
INFO: ShowRuntime Behavior ::run [ RunTime:0.001710s ]
INFO: [ view_filter ] --END-- [ RunTime:0.007853s ]
INFO: [ view_end ] --START--
INFO: ShowPageTrace Behavior ::run [ RunTime:0.001853s ]
INFO: [ view_end ] --END-- [ RunTime:0.002093s ]

