[ 2014-12-19T10:04:21+08:00 ] 127.0.0.1 /projcet/babyweb/htdocs/tw/
INFO: [ app_begin ] --START--
INFO: ReadHtmlCache Behavior ::run [ RunTime:0.002154s ]
INFO: [ app_begin ] --END-- [ RunTime:0.002367s ]
SQL: SHOW COLUMNS FROM `website_index_images` [ RunTime:0.005106s ]
SQL: SELECT * FROM `website_index_images` WHERE ( lang='zh-Hant' and used=1 ) ORDER BY num asc,id asc  [ RunTime:0.000859s ]
INFO: [ view_parse ] --START--
NOTIC: [8] Use of undefined constant one - assumed 'one' D:\wamp\www\projcet\babyweb\tw\Runtime\Cache\4c6e177df3f5a9c7b6ac6d38bdb09bfe.php 第 133 行.
NOTIC: [8] Use of undefined constant one3 - assumed 'one3' D:\wamp\www\projcet\babyweb\tw\Runtime\Cache\4c6e177df3f5a9c7b6ac6d38bdb09bfe.php 第 133 行.
NOTIC: [8] Use of undefined constant one3 - assumed 'one3' D:\wamp\www\projcet\babyweb\tw\Runtime\Cache\4c6e177df3f5a9c7b6ac6d38bdb09bfe.php 第 146 行.
NOTIC: [8] Use of undefined constant one - assumed 'one' D:\wamp\www\projcet\babyweb\tw\Runtime\Cache\4c6e177df3f5a9c7b6ac6d38bdb09bfe.php 第 133 行.
NOTIC: [8] Use of undefined constant one3 - assumed 'one3' D:\wamp\www\projcet\babyweb\tw\Runtime\Cache\4c6e177df3f5a9c7b6ac6d38bdb09bfe.php 第 146 行.
NOTIC: [8] Use of undefined constant one - assumed 'one' D:\wamp\www\projcet\babyweb\tw\Runtime\Cache\4c6e177df3f5a9c7b6ac6d38bdb09bfe.php 第 218 行.
NOTIC: [8] Use of undefined constant one3 - assumed 'one3' D:\wamp\www\projcet\babyweb\tw\Runtime\Cache\4c6e177df3f5a9c7b6ac6d38bdb09bfe.php 第 218 行.
NOTIC: [8] Use of undefined constant one3 - assumed 'one3' D:\wamp\www\projcet\babyweb\tw\Runtime\Cache\4c6e177df3f5a9c7b6ac6d38bdb09bfe.php 第 231 行.
NOTIC: [8] Use of undefined constant one - assumed 'one' D:\wamp\www\projcet\babyweb\tw\Runtime\Cache\4c6e177df3f5a9c7b6ac6d38bdb09bfe.php 第 218 行.
NOTIC: [8] Use of undefined constant one3 - assumed 'one3' D:\wamp\www\projcet\babyweb\tw\Runtime\Cache\4c6e177df3f5a9c7b6ac6d38bdb09bfe.php 第 231 行.
INFO: ParseTemplate Behavior ::run [ RunTime:0.105692s ]
INFO: [ view_parse ] --END-- [ RunTime:0.105806s ]
INFO: [ view_filter ] --START--
INFO: ContentReplace Behavior ::run [ RunTime:0.001580s ]
INFO: TokenBuild Behavior ::run [ RunTime:0.001012s ]
INFO: WriteHtmlCache Behavior ::run [ RunTime:0.000825s ]
INFO: ShowRuntime Behavior ::run [ RunTime:0.001107s ]
INFO: [ view_filter ] --END-- [ RunTime:0.004767s ]
INFO: [ view_end ] --START--
INFO: ShowPageTrace Behavior ::run [ RunTime:0.001605s ]
INFO: [ view_end ] --END-- [ RunTime:0.001819s ]

[ 2014-12-19T10:05:33+08:00 ] 127.0.0.1 /projcet/babyweb/htdocs/tw/
INFO: [ app_begin ] --START--
INFO: ReadHtmlCache Behavior ::run [ RunTime:0.001957s ]
INFO: [ app_begin ] --END-- [ RunTime:0.002199s ]
SQL: SHOW COLUMNS FROM `website_index_images` [ RunTime:0.007333s ]
SQL: SELECT * FROM `website_index_images` WHERE ( lang='zh-Hant' and used=1 ) ORDER BY num asc,id asc  [ RunTime:0.001720s ]
INFO: [ view_parse ] --START--
NOTIC: [8] Use of undefined constant one - assumed 'one' D:\wamp\www\projcet\babyweb\tw\Runtime\Cache\4c6e177df3f5a9c7b6ac6d38bdb09bfe.php 第 133 行.
NOTIC: [8] Use of undefined constant one3 - assumed 'one3' D:\wamp\www\projcet\babyweb\tw\Runtime\Cache\4c6e177df3f5a9c7b6ac6d38bdb09bfe.php 第 133 行.
NOTIC: [8] Use of undefined constant one3 - assumed 'one3' D:\wamp\www\projcet\babyweb\tw\Runtime\Cache\4c6e177df3f5a9c7b6ac6d38bdb09bfe.php 第 146 行.
NOTIC: [8] Use of undefined constant one - assumed 'one' D:\wamp\www\projcet\babyweb\tw\Runtime\Cache\4c6e177df3f5a9c7b6ac6d38bdb09bfe.php 第 133 行.
NOTIC: [8] Use of undefined constant one3 - assumed 'one3' D:\wamp\www\projcet\babyweb\tw\Runtime\Cache\4c6e177df3f5a9c7b6ac6d38bdb09bfe.php 第 146 行.
NOTIC: [8] Use of undefined constant one - assumed 'one' D:\wamp\www\projcet\babyweb\tw\Runtime\Cache\4c6e177df3f5a9c7b6ac6d38bdb09bfe.php 第 218 行.
NOTIC: [8] Use of undefined constant one3 - assumed 'one3' D:\wamp\www\projcet\babyweb\tw\Runtime\Cache\4c6e177df3f5a9c7b6ac6d38bdb09bfe.php 第 218 行.
NOTIC: [8] Use of undefined constant one3 - assumed 'one3' D:\wamp\www\projcet\babyweb\tw\Runtime\Cache\4c6e177df3f5a9c7b6ac6d38bdb09bfe.php 第 231 行.
NOTIC: [8] Use of undefined constant one - assumed 'one' D:\wamp\www\projcet\babyweb\tw\Runtime\Cache\4c6e177df3f5a9c7b6ac6d38bdb09bfe.php 第 218 行.
NOTIC: [8] Use of undefined constant one3 - assumed 'one3' D:\wamp\www\projcet\babyweb\tw\Runtime\Cache\4c6e177df3f5a9c7b6ac6d38bdb09bfe.php 第 231 行.
INFO: ParseTemplate Behavior ::run [ RunTime:0.079037s ]
INFO: [ view_parse ] --END-- [ RunTime:0.079308s ]
INFO: [ view_filter ] --START--
INFO: ContentReplace Behavior ::run [ RunTime:0.002212s ]
INFO: TokenBuild Behavior ::run [ RunTime:0.001787s ]
INFO: WriteHtmlCache Behavior ::run [ RunTime:0.001114s ]
INFO: ShowRuntime Behavior ::run [ RunTime:0.001615s ]
INFO: [ view_filter ] --END-- [ RunTime:0.007515s ]
INFO: [ view_end ] --START--
INFO: ShowPageTrace Behavior ::run [ RunTime:0.005396s ]
INFO: [ view_end ] --END-- [ RunTime:0.005649s ]

[ 2014-12-19T10:05:45+08:00 ] 127.0.0.1 /projcet/babyweb/htdocs/tw/
INFO: [ app_begin ] --START--
INFO: ReadHtmlCache Behavior ::run [ RunTime:0.001917s ]
INFO: [ app_begin ] --END-- [ RunTime:0.002125s ]
SQL: SHOW COLUMNS FROM `website_index_images` [ RunTime:0.012207s ]
SQL: SELECT * FROM `website_index_images` WHERE ( lang='zh-Hant' and used=1 ) ORDER BY num asc,id asc  [ RunTime:0.001307s ]
INFO: [ view_parse ] --START--
NOTIC: [8] Use of undefined constant one - assumed 'one' D:\wamp\www\projcet\babyweb\tw\Runtime\Cache\4c6e177df3f5a9c7b6ac6d38bdb09bfe.php 第 133 行.
NOTIC: [8] Use of undefined constant one3 - assumed 'one3' D:\wamp\www\projcet\babyweb\tw\Runtime\Cache\4c6e177df3f5a9c7b6ac6d38bdb09bfe.php 第 133 行.
NOTIC: [8] Use of undefined constant one3 - assumed 'one3' D:\wamp\www\projcet\babyweb\tw\Runtime\Cache\4c6e177df3f5a9c7b6ac6d38bdb09bfe.php 第 146 行.
NOTIC: [8] Use of undefined constant one - assumed 'one' D:\wamp\www\projcet\babyweb\tw\Runtime\Cache\4c6e177df3f5a9c7b6ac6d38bdb09bfe.php 第 133 行.
NOTIC: [8] Use of undefined constant one3 - assumed 'one3' D:\wamp\www\projcet\babyweb\tw\Runtime\Cache\4c6e177df3f5a9c7b6ac6d38bdb09bfe.php 第 146 行.
NOTIC: [8] Use of undefined constant one - assumed 'one' D:\wamp\www\projcet\babyweb\tw\Runtime\Cache\4c6e177df3f5a9c7b6ac6d38bdb09bfe.php 第 218 行.
NOTIC: [8] Use of undefined constant one3 - assumed 'one3' D:\wamp\www\projcet\babyweb\tw\Runtime\Cache\4c6e177df3f5a9c7b6ac6d38bdb09bfe.php 第 218 行.
NOTIC: [8] Use of undefined constant one3 - assumed 'one3' D:\wamp\www\projcet\babyweb\tw\Runtime\Cache\4c6e177df3f5a9c7b6ac6d38bdb09bfe.php 第 231 行.
NOTIC: [8] Use of undefined constant one - assumed 'one' D:\wamp\www\projcet\babyweb\tw\Runtime\Cache\4c6e177df3f5a9c7b6ac6d38bdb09bfe.php 第 218 行.
NOTIC: [8] Use of undefined constant one3 - assumed 'one3' D:\wamp\www\projcet\babyweb\tw\Runtime\Cache\4c6e177df3f5a9c7b6ac6d38bdb09bfe.php 第 231 行.
INFO: ParseTemplate Behavior ::run [ RunTime:0.085717s ]
INFO: [ view_parse ] --END-- [ RunTime:0.085899s ]
INFO: [ view_filter ] --START--
INFO: ContentReplace Behavior ::run [ RunTime:0.011143s ]
INFO: TokenBuild Behavior ::run [ RunTime:0.003136s ]
INFO: WriteHtmlCache Behavior ::run [ RunTime:0.001411s ]
INFO: ShowRuntime Behavior ::run [ RunTime:0.001802s ]
INFO: [ view_filter ] --END-- [ RunTime:0.017996s ]
INFO: [ view_end ] --START--
INFO: ShowPageTrace Behavior ::run [ RunTime:0.003260s ]
INFO: [ view_end ] --END-- [ RunTime:0.003456s ]

[ 2014-12-19T10:06:07+08:00 ] 127.0.0.1 /projcet/babyweb/htdocs/tw/
INFO: [ app_begin ] --START--
INFO: ReadHtmlCache Behavior ::run [ RunTime:0.032307s ]
INFO: [ app_begin ] --END-- [ RunTime:0.032453s ]
SQL: SHOW COLUMNS FROM `website_index_images` [ RunTime:0.004917s ]
SQL: SELECT * FROM `website_index_images` WHERE ( lang='zh-Hant' and used=1 ) ORDER BY num asc,id asc  [ RunTime:0.001324s ]
INFO: [ view_parse ] --START--
NOTIC: [8] Use of undefined constant one - assumed 'one' D:\wamp\www\projcet\babyweb\tw\Runtime\Cache\4c6e177df3f5a9c7b6ac6d38bdb09bfe.php 第 133 行.
NOTIC: [8] Use of undefined constant one3 - assumed 'one3' D:\wamp\www\projcet\babyweb\tw\Runtime\Cache\4c6e177df3f5a9c7b6ac6d38bdb09bfe.php 第 133 行.
NOTIC: [8] Use of undefined constant one3 - assumed 'one3' D:\wamp\www\projcet\babyweb\tw\Runtime\Cache\4c6e177df3f5a9c7b6ac6d38bdb09bfe.php 第 146 行.
NOTIC: [8] Use of undefined constant one - assumed 'one' D:\wamp\www\projcet\babyweb\tw\Runtime\Cache\4c6e177df3f5a9c7b6ac6d38bdb09bfe.php 第 133 行.
NOTIC: [8] Use of undefined constant one3 - assumed 'one3' D:\wamp\www\projcet\babyweb\tw\Runtime\Cache\4c6e177df3f5a9c7b6ac6d38bdb09bfe.php 第 146 行.
NOTIC: [8] Use of undefined constant one - assumed 'one' D:\wamp\www\projcet\babyweb\tw\Runtime\Cache\4c6e177df3f5a9c7b6ac6d38bdb09bfe.php 第 218 行.
NOTIC: [8] Use of undefined constant one3 - assumed 'one3' D:\wamp\www\projcet\babyweb\tw\Runtime\Cache\4c6e177df3f5a9c7b6ac6d38bdb09bfe.php 第 218 行.
NOTIC: [8] Use of undefined constant one3 - assumed 'one3' D:\wamp\www\projcet\babyweb\tw\Runtime\Cache\4c6e177df3f5a9c7b6ac6d38bdb09bfe.php 第 231 行.
NOTIC: [8] Use of undefined constant one - assumed 'one' D:\wamp\www\projcet\babyweb\tw\Runtime\Cache\4c6e177df3f5a9c7b6ac6d38bdb09bfe.php 第 218 行.
NOTIC: [8] Use of undefined constant one3 - assumed 'one3' D:\wamp\www\projcet\babyweb\tw\Runtime\Cache\4c6e177df3f5a9c7b6ac6d38bdb09bfe.php 第 231 行.
INFO: ParseTemplate Behavior ::run [ RunTime:0.081541s ]
INFO: [ view_parse ] --END-- [ RunTime:0.081651s ]
INFO: [ view_filter ] --START--
INFO: ContentReplace Behavior ::run [ RunTime:0.008762s ]
INFO: TokenBuild Behavior ::run [ RunTime:0.010228s ]
INFO: WriteHtmlCache Behavior ::run [ RunTime:0.015607s ]
INFO: ShowRuntime Behavior ::run [ RunTime:0.002357s ]
INFO: [ view_filter ] --END-- [ RunTime:0.037377s ]
INFO: [ view_end ] --START--
INFO: ShowPageTrace Behavior ::run [ RunTime:0.002705s ]
INFO: [ view_end ] --END-- [ RunTime:0.002827s ]

[ 2014-12-19T10:06:19+08:00 ] 127.0.0.1 /projcet/babyweb/htdocs/tw/
INFO: [ app_begin ] --START--
INFO: ReadHtmlCache Behavior ::run [ RunTime:0.002247s ]
INFO: [ app_begin ] --END-- [ RunTime:0.002473s ]
SQL: SHOW COLUMNS FROM `website_index_images` [ RunTime:0.006531s ]
SQL: SELECT * FROM `website_index_images` WHERE ( lang='zh-Hant' and used=1 ) ORDER BY num asc,id asc  [ RunTime:0.001632s ]
INFO: [ view_parse ] --START--
NOTIC: [8] Use of undefined constant one - assumed 'one' D:\wamp\www\projcet\babyweb\tw\Runtime\Cache\4c6e177df3f5a9c7b6ac6d38bdb09bfe.php 第 133 行.
NOTIC: [8] Use of undefined constant one3 - assumed 'one3' D:\wamp\www\projcet\babyweb\tw\Runtime\Cache\4c6e177df3f5a9c7b6ac6d38bdb09bfe.php 第 133 行.
NOTIC: [8] Use of undefined constant one3 - assumed 'one3' D:\wamp\www\projcet\babyweb\tw\Runtime\Cache\4c6e177df3f5a9c7b6ac6d38bdb09bfe.php 第 146 行.
NOTIC: [8] Use of undefined constant one - assumed 'one' D:\wamp\www\projcet\babyweb\tw\Runtime\Cache\4c6e177df3f5a9c7b6ac6d38bdb09bfe.php 第 133 行.
NOTIC: [8] Use of undefined constant one3 - assumed 'one3' D:\wamp\www\projcet\babyweb\tw\Runtime\Cache\4c6e177df3f5a9c7b6ac6d38bdb09bfe.php 第 146 行.
NOTIC: [8] Use of undefined constant one - assumed 'one' D:\wamp\www\projcet\babyweb\tw\Runtime\Cache\4c6e177df3f5a9c7b6ac6d38bdb09bfe.php 第 218 行.
NOTIC: [8] Use of undefined constant one3 - assumed 'one3' D:\wamp\www\projcet\babyweb\tw\Runtime\Cache\4c6e177df3f5a9c7b6ac6d38bdb09bfe.php 第 218 行.
NOTIC: [8] Use of undefined constant one3 - assumed 'one3' D:\wamp\www\projcet\babyweb\tw\Runtime\Cache\4c6e177df3f5a9c7b6ac6d38bdb09bfe.php 第 231 行.
NOTIC: [8] Use of undefined constant one - assumed 'one' D:\wamp\www\projcet\babyweb\tw\Runtime\Cache\4c6e177df3f5a9c7b6ac6d38bdb09bfe.php 第 218 行.
NOTIC: [8] Use of undefined constant one3 - assumed 'one3' D:\wamp\www\projcet\babyweb\tw\Runtime\Cache\4c6e177df3f5a9c7b6ac6d38bdb09bfe.php 第 231 行.
INFO: ParseTemplate Behavior ::run [ RunTime:0.100912s ]
INFO: [ view_parse ] --END-- [ RunTime:0.101088s ]
INFO: [ view_filter ] --START--
INFO: ContentReplace Behavior ::run [ RunTime:0.002687s ]
INFO: TokenBuild Behavior ::run [ RunTime:0.002494s ]
INFO: WriteHtmlCache Behavior ::run [ RunTime:0.001636s ]
INFO: ShowRuntime Behavior ::run [ RunTime:0.002056s ]
INFO: [ view_filter ] --END-- [ RunTime:0.009517s ]
INFO: [ view_end ] --START--
INFO: ShowPageTrace Behavior ::run [ RunTime:0.002798s ]
INFO: [ view_end ] --END-- [ RunTime:0.002990s ]

[ 2014-12-19T10:06:24+08:00 ] 127.0.0.1 /projcet/babyweb/htdocs/tw/
INFO: [ app_begin ] --START--
INFO: ReadHtmlCache Behavior ::run [ RunTime:0.001417s ]
INFO: [ app_begin ] --END-- [ RunTime:0.001632s ]
SQL: SHOW COLUMNS FROM `website_index_images` [ RunTime:0.007039s ]
SQL: SELECT * FROM `website_index_images` WHERE ( lang='zh-Hant' and used=1 ) ORDER BY num asc,id asc  [ RunTime:0.001952s ]
INFO: [ view_parse ] --START--
NOTIC: [8] Use of undefined constant one - assumed 'one' D:\wamp\www\projcet\babyweb\tw\Runtime\Cache\4c6e177df3f5a9c7b6ac6d38bdb09bfe.php 第 133 行.
NOTIC: [8] Use of undefined constant one3 - assumed 'one3' D:\wamp\www\projcet\babyweb\tw\Runtime\Cache\4c6e177df3f5a9c7b6ac6d38bdb09bfe.php 第 133 行.
NOTIC: [8] Use of undefined constant one3 - assumed 'one3' D:\wamp\www\projcet\babyweb\tw\Runtime\Cache\4c6e177df3f5a9c7b6ac6d38bdb09bfe.php 第 146 行.
NOTIC: [8] Use of undefined constant one - assumed 'one' D:\wamp\www\projcet\babyweb\tw\Runtime\Cache\4c6e177df3f5a9c7b6ac6d38bdb09bfe.php 第 133 行.
NOTIC: [8] Use of undefined constant one3 - assumed 'one3' D:\wamp\www\projcet\babyweb\tw\Runtime\Cache\4c6e177df3f5a9c7b6ac6d38bdb09bfe.php 第 146 行.
NOTIC: [8] Use of undefined constant one - assumed 'one' D:\wamp\www\projcet\babyweb\tw\Runtime\Cache\4c6e177df3f5a9c7b6ac6d38bdb09bfe.php 第 218 行.
NOTIC: [8] Use of undefined constant one3 - assumed 'one3' D:\wamp\www\projcet\babyweb\tw\Runtime\Cache\4c6e177df3f5a9c7b6ac6d38bdb09bfe.php 第 218 行.
NOTIC: [8] Use of undefined constant one3 - assumed 'one3' D:\wamp\www\projcet\babyweb\tw\Runtime\Cache\4c6e177df3f5a9c7b6ac6d38bdb09bfe.php 第 231 行.
NOTIC: [8] Use of undefined constant one - assumed 'one' D:\wamp\www\projcet\babyweb\tw\Runtime\Cache\4c6e177df3f5a9c7b6ac6d38bdb09bfe.php 第 218 行.
NOTIC: [8] Use of undefined constant one3 - assumed 'one3' D:\wamp\www\projcet\babyweb\tw\Runtime\Cache\4c6e177df3f5a9c7b6ac6d38bdb09bfe.php 第 231 行.
INFO: ParseTemplate Behavior ::run [ RunTime:0.078079s ]
INFO: [ view_parse ] --END-- [ RunTime:0.078272s ]
INFO: [ view_filter ] --START--
INFO: ContentReplace Behavior ::run [ RunTime:0.001419s ]
INFO: TokenBuild Behavior ::run [ RunTime:0.001406s ]
INFO: WriteHtmlCache Behavior ::run [ RunTime:0.000854s ]
INFO: ShowRuntime Behavior ::run [ RunTime:0.001735s ]
INFO: [ view_filter ] --END-- [ RunTime:0.005875s ]
INFO: [ view_end ] --START--
INFO: ShowPageTrace Behavior ::run [ RunTime:0.001876s ]
INFO: [ view_end ] --END-- [ RunTime:0.002120s ]

[ 2014-12-19T10:06:34+08:00 ] 127.0.0.1 /projcet/babyweb/htdocs/tw/
INFO: [ app_begin ] --START--
INFO: ReadHtmlCache Behavior ::run [ RunTime:0.001201s ]
INFO: [ app_begin ] --END-- [ RunTime:0.001389s ]
SQL: SHOW COLUMNS FROM `website_index_images` [ RunTime:0.005449s ]
SQL: SELECT * FROM `website_index_images` WHERE ( lang='zh-Hant' and used=1 ) ORDER BY num asc,id asc  [ RunTime:0.001525s ]
INFO: [ view_parse ] --START--
NOTIC: [8] Use of undefined constant one - assumed 'one' D:\wamp\www\projcet\babyweb\tw\Runtime\Cache\4c6e177df3f5a9c7b6ac6d38bdb09bfe.php 第 133 行.
NOTIC: [8] Use of undefined constant one3 - assumed 'one3' D:\wamp\www\projcet\babyweb\tw\Runtime\Cache\4c6e177df3f5a9c7b6ac6d38bdb09bfe.php 第 133 行.
NOTIC: [8] Use of undefined constant one3 - assumed 'one3' D:\wamp\www\projcet\babyweb\tw\Runtime\Cache\4c6e177df3f5a9c7b6ac6d38bdb09bfe.php 第 146 行.
NOTIC: [8] Use of undefined constant one - assumed 'one' D:\wamp\www\projcet\babyweb\tw\Runtime\Cache\4c6e177df3f5a9c7b6ac6d38bdb09bfe.php 第 133 行.
NOTIC: [8] Use of undefined constant one3 - assumed 'one3' D:\wamp\www\projcet\babyweb\tw\Runtime\Cache\4c6e177df3f5a9c7b6ac6d38bdb09bfe.php 第 146 行.
NOTIC: [8] Use of undefined constant one - assumed 'one' D:\wamp\www\projcet\babyweb\tw\Runtime\Cache\4c6e177df3f5a9c7b6ac6d38bdb09bfe.php 第 218 行.
NOTIC: [8] Use of undefined constant one3 - assumed 'one3' D:\wamp\www\projcet\babyweb\tw\Runtime\Cache\4c6e177df3f5a9c7b6ac6d38bdb09bfe.php 第 218 行.
NOTIC: [8] Use of undefined constant one3 - assumed 'one3' D:\wamp\www\projcet\babyweb\tw\Runtime\Cache\4c6e177df3f5a9c7b6ac6d38bdb09bfe.php 第 231 行.
NOTIC: [8] Use of undefined constant one - assumed 'one' D:\wamp\www\projcet\babyweb\tw\Runtime\Cache\4c6e177df3f5a9c7b6ac6d38bdb09bfe.php 第 218 行.
NOTIC: [8] Use of undefined constant one3 - assumed 'one3' D:\wamp\www\projcet\babyweb\tw\Runtime\Cache\4c6e177df3f5a9c7b6ac6d38bdb09bfe.php 第 231 行.
INFO: ParseTemplate Behavior ::run [ RunTime:0.064873s ]
INFO: [ view_parse ] --END-- [ RunTime:0.065044s ]
INFO: [ view_filter ] --START--
INFO: ContentReplace Behavior ::run [ RunTime:0.001339s ]
INFO: TokenBuild Behavior ::run [ RunTime:0.001888s ]
INFO: WriteHtmlCache Behavior ::run [ RunTime:0.000903s ]
INFO: ShowRuntime Behavior ::run [ RunTime:0.001236s ]
INFO: [ view_filter ] --END-- [ RunTime:0.005807s ]
INFO: [ view_end ] --START--
INFO: ShowPageTrace Behavior ::run [ RunTime:0.001205s ]
INFO: [ view_end ] --END-- [ RunTime:0.001328s ]

