[ 2014-12-03T10:13:41+08:00 ] 127.0.0.1 /projcet/babyweb/htdocs/ru/
INFO: [ app_begin ] --START--
INFO: ReadHtmlCache Behavior ::run [ RunTime:0.012908s ]
INFO: [ app_begin ] --END-- [ RunTime:0.037147s ]
SQL: SHOW COLUMNS FROM `website_index_images` [ RunTime:0.006642s ]
SQL: SELECT * FROM `website_index_images` WHERE ( lang='ru' and used=1 ) ORDER BY num asc,id asc  [ RunTime:0.001322s ]
NOTIC: [2] Invalid argument supplied for foreach() D:\wamp\www\projcet\babyweb\ru\Lib\Action\IndexAction.class.php 第 9 行.
NOTIC: [8] Undefined variable: res D:\wamp\www\projcet\babyweb\ru\Lib\Action\IndexAction.class.php 第 15 行.
INFO: [ view_parse ] --START--
INFO: ParseTemplate Behavior ::run [ RunTime:0.143193s ]
INFO: [ view_parse ] --END-- [ RunTime:0.143362s ]
INFO: [ view_filter ] --START--
INFO: ContentReplace Behavior ::run [ RunTime:0.007687s ]
INFO: TokenBuild Behavior ::run [ RunTime:0.010415s ]
INFO: WriteHtmlCache Behavior ::run [ RunTime:0.001079s ]
INFO: ShowRuntime Behavior ::run [ RunTime:0.006776s ]
INFO: [ view_filter ] --END-- [ RunTime:0.026279s ]
INFO: [ view_end ] --START--
INFO: ShowPageTrace Behavior ::run [ RunTime:0.020148s ]
INFO: [ view_end ] --END-- [ RunTime:0.020284s ]

[ 2014-12-03T10:13:58+08:00 ] 127.0.0.1 /projcet/babyweb/htdocs/ru/index.php/product/index.shtml
INFO: [ route_check ] --START--
INFO: CheckRoute Behavior ::run [ RunTime:0.053411s ]
INFO: [ route_check ] --END-- [ RunTime:0.053561s ]
INFO: [ app_begin ] --START--
INFO: ReadHtmlCache Behavior ::run [ RunTime:0.001174s ]
INFO: [ app_begin ] --END-- [ RunTime:0.001311s ]
SQL: SHOW COLUMNS FROM `website_apps` [ RunTime:0.005936s ]
NOTIC: [8] Undefined index: cata_id D:\wamp\www\projcet\babyweb\ru\Lib\Action\ProductAction.class.php 第 12 行.
NOTIC: [8] Undefined index: search_word D:\wamp\www\projcet\babyweb\ru\Lib\Action\ProductAction.class.php 第 13 行.
NOTIC: [8] Undefined index: cata_id D:\wamp\www\projcet\babyweb\ru\Lib\Action\ProductAction.class.php 第 19 行.
NOTIC: [8] Undefined index: is_hot D:\wamp\www\projcet\babyweb\ru\Lib\Action\ProductAction.class.php 第 20 行.
SQL: SELECT `id`,`ipad_id`,`iphone_id`,`cell_android_url`,`android_url`,`app_name`,`app_images`,`intro` FROM `website_apps` WHERE ( `del` = 0 ) AND ( `lang` = 'ru' ) ORDER BY last_top desc,id desc LIMIT 0,9   [ RunTime:0.003159s ]
SQL: SHOW COLUMNS FROM `app_langs` [ RunTime:0.006984s ]
SQL: SELECT `app_id`,`store_url` FROM `app_langs` WHERE ( lang = 'ru' and (app_id = 430 or app_id = 440) )  [ RunTime:0.001484s ]
SQL: SELECT `app_id`,`store_url` FROM `app_langs` WHERE ( lang = 'ru' and (app_id = 0 or app_id = 0) )  [ RunTime:0.000831s ]
NOTIC: [2] Invalid argument supplied for foreach() D:\wamp\www\projcet\babyweb\ru\Lib\Action\ProductAction.class.php 第 62 行.
NOTIC: [8] Undefined index: ipad_url D:\wamp\www\projcet\babyweb\ru\Lib\Action\ProductAction.class.php 第 70 行.
NOTIC: [8] Undefined index: iphone_url D:\wamp\www\projcet\babyweb\ru\Lib\Action\ProductAction.class.php 第 70 行.
SQL: SELECT `app_id`,`store_url` FROM `app_langs` WHERE ( lang = 'ru' and (app_id = 0 or app_id = 0) )  [ RunTime:0.000695s ]
NOTIC: [2] Invalid argument supplied for foreach() D:\wamp\www\projcet\babyweb\ru\Lib\Action\ProductAction.class.php 第 62 行.
NOTIC: [8] Undefined index: ipad_url D:\wamp\www\projcet\babyweb\ru\Lib\Action\ProductAction.class.php 第 70 行.
NOTIC: [8] Undefined index: iphone_url D:\wamp\www\projcet\babyweb\ru\Lib\Action\ProductAction.class.php 第 70 行.
SQL: SELECT `app_id`,`store_url` FROM `app_langs` WHERE ( lang = 'ru' and (app_id = 0 or app_id = 0) )  [ RunTime:0.000587s ]
NOTIC: [2] Invalid argument supplied for foreach() D:\wamp\www\projcet\babyweb\ru\Lib\Action\ProductAction.class.php 第 62 行.
NOTIC: [8] Undefined index: ipad_url D:\wamp\www\projcet\babyweb\ru\Lib\Action\ProductAction.class.php 第 70 行.
NOTIC: [8] Undefined index: iphone_url D:\wamp\www\projcet\babyweb\ru\Lib\Action\ProductAction.class.php 第 70 行.
SQL: SELECT `app_id`,`store_url` FROM `app_langs` WHERE ( lang = 'ru' and (app_id = 6 or app_id = 19) )  [ RunTime:0.000934s ]
SQL: SELECT `app_id`,`store_url` FROM `app_langs` WHERE ( lang = 'ru' and (app_id = 0 or app_id = 0) )  [ RunTime:0.000679s ]
NOTIC: [2] Invalid argument supplied for foreach() D:\wamp\www\projcet\babyweb\ru\Lib\Action\ProductAction.class.php 第 62 行.
NOTIC: [8] Undefined index: ipad_url D:\wamp\www\projcet\babyweb\ru\Lib\Action\ProductAction.class.php 第 70 行.
NOTIC: [8] Undefined index: iphone_url D:\wamp\www\projcet\babyweb\ru\Lib\Action\ProductAction.class.php 第 70 行.
SQL: SELECT `app_id`,`store_url` FROM `app_langs` WHERE ( lang = 'ru' and (app_id = 310 or app_id = 315) )  [ RunTime:0.000906s ]
SQL: SELECT `app_id`,`store_url` FROM `app_langs` WHERE ( lang = 'ru' and (app_id = 0 or app_id = 277) )  [ RunTime:0.000810s ]
NOTIC: [8] Undefined index: ipad_url D:\wamp\www\projcet\babyweb\ru\Lib\Action\ProductAction.class.php 第 70 行.
SQL: SELECT `app_id`,`store_url` FROM `app_langs` WHERE ( lang = 'ru' and (app_id = 226 or app_id = 228) )  [ RunTime:0.000854s ]
INFO: [ view_parse ] --START--
NOTIC: [8] Use of undefined constant android_url - assumed 'android_url' D:\wamp\www\projcet\babyweb\ru\Runtime\Cache\69fa1c7b553dd36cf6fb02470c209956.php 第 152 行.
NOTIC: [8] Use of undefined constant cell_android_url - assumed 'cell_android_url' D:\wamp\www\projcet\babyweb\ru\Runtime\Cache\69fa1c7b553dd36cf6fb02470c209956.php 第 152 行.
NOTIC: [8] Use of undefined constant iphone_url - assumed 'iphone_url' D:\wamp\www\projcet\babyweb\ru\Runtime\Cache\69fa1c7b553dd36cf6fb02470c209956.php 第 152 行.
NOTIC: [8] Use of undefined constant ipad_url - assumed 'ipad_url' D:\wamp\www\projcet\babyweb\ru\Runtime\Cache\69fa1c7b553dd36cf6fb02470c209956.php 第 152 行.
NOTIC: [8] Undefined variable: down D:\wamp\www\projcet\babyweb\ru\Common\common.php 第 121 行.
NOTIC: [8] Use of undefined constant android_url - assumed 'android_url' D:\wamp\www\projcet\babyweb\ru\Runtime\Cache\69fa1c7b553dd36cf6fb02470c209956.php 第 152 行.
NOTIC: [8] Use of undefined constant cell_android_url - assumed 'cell_android_url' D:\wamp\www\projcet\babyweb\ru\Runtime\Cache\69fa1c7b553dd36cf6fb02470c209956.php 第 152 行.
NOTIC: [8] Use of undefined constant iphone_url - assumed 'iphone_url' D:\wamp\www\projcet\babyweb\ru\Runtime\Cache\69fa1c7b553dd36cf6fb02470c209956.php 第 152 行.
NOTIC: [8] Use of undefined constant ipad_url - assumed 'ipad_url' D:\wamp\www\projcet\babyweb\ru\Runtime\Cache\69fa1c7b553dd36cf6fb02470c209956.php 第 152 行.
NOTIC: [8] Undefined variable: down D:\wamp\www\projcet\babyweb\ru\Common\common.php 第 121 行.
NOTIC: [8] Use of undefined constant android_url - assumed 'android_url' D:\wamp\www\projcet\babyweb\ru\Runtime\Cache\69fa1c7b553dd36cf6fb02470c209956.php 第 152 行.
NOTIC: [8] Use of undefined constant cell_android_url - assumed 'cell_android_url' D:\wamp\www\projcet\babyweb\ru\Runtime\Cache\69fa1c7b553dd36cf6fb02470c209956.php 第 152 行.
NOTIC: [8] Use of undefined constant iphone_url - assumed 'iphone_url' D:\wamp\www\projcet\babyweb\ru\Runtime\Cache\69fa1c7b553dd36cf6fb02470c209956.php 第 152 行.
NOTIC: [8] Use of undefined constant ipad_url - assumed 'ipad_url' D:\wamp\www\projcet\babyweb\ru\Runtime\Cache\69fa1c7b553dd36cf6fb02470c209956.php 第 152 行.
NOTIC: [8] Undefined variable: down D:\wamp\www\projcet\babyweb\ru\Common\common.php 第 121 行.
NOTIC: [8] Use of undefined constant android_url - assumed 'android_url' D:\wamp\www\projcet\babyweb\ru\Runtime\Cache\69fa1c7b553dd36cf6fb02470c209956.php 第 152 行.
NOTIC: [8] Use of undefined constant cell_android_url - assumed 'cell_android_url' D:\wamp\www\projcet\babyweb\ru\Runtime\Cache\69fa1c7b553dd36cf6fb02470c209956.php 第 152 行.
NOTIC: [8] Use of undefined constant iphone_url - assumed 'iphone_url' D:\wamp\www\projcet\babyweb\ru\Runtime\Cache\69fa1c7b553dd36cf6fb02470c209956.php 第 152 行.
NOTIC: [8] Use of undefined constant ipad_url - assumed 'ipad_url' D:\wamp\www\projcet\babyweb\ru\Runtime\Cache\69fa1c7b553dd36cf6fb02470c209956.php 第 152 行.
NOTIC: [8] Undefined index: ipad_url D:\wamp\www\projcet\babyweb\ru\Runtime\Cache\69fa1c7b553dd36cf6fb02470c209956.php 第 152 行.
NOTIC: [8] Undefined variable: down D:\wamp\www\projcet\babyweb\ru\Common\common.php 第 121 行.
NOTIC: [8] Use of undefined constant android_url - assumed 'android_url' D:\wamp\www\projcet\babyweb\ru\Runtime\Cache\69fa1c7b553dd36cf6fb02470c209956.php 第 152 行.
NOTIC: [8] Use of undefined constant cell_android_url - assumed 'cell_android_url' D:\wamp\www\projcet\babyweb\ru\Runtime\Cache\69fa1c7b553dd36cf6fb02470c209956.php 第 152 行.
NOTIC: [8] Use of undefined constant iphone_url - assumed 'iphone_url' D:\wamp\www\projcet\babyweb\ru\Runtime\Cache\69fa1c7b553dd36cf6fb02470c209956.php 第 152 行.
NOTIC: [8] Use of undefined constant ipad_url - assumed 'ipad_url' D:\wamp\www\projcet\babyweb\ru\Runtime\Cache\69fa1c7b553dd36cf6fb02470c209956.php 第 152 行.
NOTIC: [8] Undefined variable: down D:\wamp\www\projcet\babyweb\ru\Common\common.php 第 121 行.
INFO: ParseTemplate Behavior ::run [ RunTime:0.023922s ]
INFO: [ view_parse ] --END-- [ RunTime:0.024060s ]
INFO: [ view_filter ] --START--
INFO: ContentReplace Behavior ::run [ RunTime:0.000934s ]
INFO: TokenBuild Behavior ::run [ RunTime:0.000616s ]
INFO: WriteHtmlCache Behavior ::run [ RunTime:0.000443s ]
INFO: ShowRuntime Behavior ::run [ RunTime:0.000720s ]
INFO: [ view_filter ] --END-- [ RunTime:0.002965s ]
INFO: [ view_end ] --START--
INFO: ShowPageTrace Behavior ::run [ RunTime:0.001045s ]
INFO: [ view_end ] --END-- [ RunTime:0.001180s ]

[ 2014-12-03T10:14:05+08:00 ] 127.0.0.1 /projcet/babyweb/htdocs/ru/index.php/blog/index.shtml
INFO: [ route_check ] --START--
INFO: CheckRoute Behavior ::run [ RunTime:0.001506s ]
INFO: [ route_check ] --END-- [ RunTime:0.001661s ]
INFO: [ app_begin ] --START--
INFO: ReadHtmlCache Behavior ::run [ RunTime:0.001139s ]
INFO: [ app_begin ] --END-- [ RunTime:0.001263s ]
SQL: SHOW COLUMNS FROM `website_blog` [ RunTime:0.005282s ]
SQL: SELECT * FROM `website_blog` WHERE ( review=1 and lang='ru'  ) ORDER BY id desc LIMIT 0,3   [ RunTime:0.000847s ]
NOTIC: [2] Invalid argument supplied for foreach() D:\wamp\www\projcet\babyweb\ru\Lib\Action\BlogAction.class.php 第 20 行.
INFO: [ view_parse ] --START--
INFO: ParseTemplate Behavior ::run [ RunTime:0.019799s ]
INFO: [ view_parse ] --END-- [ RunTime:0.019932s ]
INFO: [ view_filter ] --START--
INFO: ContentReplace Behavior ::run [ RunTime:0.000895s ]
INFO: TokenBuild Behavior ::run [ RunTime:0.000945s ]
INFO: WriteHtmlCache Behavior ::run [ RunTime:0.000767s ]
INFO: ShowRuntime Behavior ::run [ RunTime:0.000779s ]
INFO: [ view_filter ] --END-- [ RunTime:0.003678s ]
INFO: [ view_end ] --START--
INFO: ShowPageTrace Behavior ::run [ RunTime:0.001308s ]
INFO: [ view_end ] --END-- [ RunTime:0.001466s ]

[ 2014-12-03T10:14:06+08:00 ] 127.0.0.1 /projcet/babyweb/htdocs/ru/index.php/download/index.shtml
INFO: [ route_check ] --START--
INFO: CheckRoute Behavior ::run [ RunTime:0.001126s ]
INFO: [ route_check ] --END-- [ RunTime:0.001251s ]
INFO: [ app_begin ] --START--
INFO: ReadHtmlCache Behavior ::run [ RunTime:0.000688s ]
INFO: [ app_begin ] --END-- [ RunTime:0.000776s ]
INFO: [ view_parse ] --START--
INFO: ParseTemplate Behavior ::run [ RunTime:0.023916s ]
INFO: [ view_parse ] --END-- [ RunTime:0.024049s ]
INFO: [ view_filter ] --START--
INFO: ContentReplace Behavior ::run [ RunTime:0.000690s ]
INFO: TokenBuild Behavior ::run [ RunTime:0.000554s ]
INFO: WriteHtmlCache Behavior ::run [ RunTime:0.000336s ]
INFO: ShowRuntime Behavior ::run [ RunTime:0.000658s ]
INFO: [ view_filter ] --END-- [ RunTime:0.002487s ]
INFO: [ view_end ] --START--
INFO: ShowPageTrace Behavior ::run [ RunTime:0.000815s ]
INFO: [ view_end ] --END-- [ RunTime:0.000918s ]

[ 2014-12-03T10:15:05+08:00 ] 10.1.1.228 /
INFO: [ app_begin ] --START--
INFO: ReadHtmlCache Behavior ::run [ RunTime:0.000714s ]
INFO: [ app_begin ] --END-- [ RunTime:0.000839s ]
SQL: SHOW COLUMNS FROM `website_index_images` [ RunTime:0.004880s ]
SQL: SELECT * FROM `website_index_images` WHERE ( lang='ru' and used=1 ) ORDER BY num asc,id asc  [ RunTime:0.001332s ]
NOTIC: [2] Invalid argument supplied for foreach() D:\wamp\www\projcet\babyweb\ru\Lib\Action\IndexAction.class.php 第 9 行.
NOTIC: [8] Undefined variable: res D:\wamp\www\projcet\babyweb\ru\Lib\Action\IndexAction.class.php 第 15 行.
INFO: [ view_parse ] --START--
INFO: ParseTemplate Behavior ::run [ RunTime:0.038811s ]
INFO: [ view_parse ] --END-- [ RunTime:0.038967s ]
INFO: [ view_filter ] --START--
INFO: ContentReplace Behavior ::run [ RunTime:0.000655s ]
INFO: TokenBuild Behavior ::run [ RunTime:0.000518s ]
INFO: WriteHtmlCache Behavior ::run [ RunTime:0.000347s ]
INFO: ShowRuntime Behavior ::run [ RunTime:0.000623s ]
INFO: [ view_filter ] --END-- [ RunTime:0.002452s ]
INFO: [ view_end ] --START--
INFO: ShowPageTrace Behavior ::run [ RunTime:0.001180s ]
INFO: [ view_end ] --END-- [ RunTime:0.001314s ]

[ 2014-12-03T10:21:54+08:00 ] 10.1.1.228 /index.php/product/index.shtml
INFO: [ route_check ] --START--
INFO: CheckRoute Behavior ::run [ RunTime:0.001881s ]
INFO: [ route_check ] --END-- [ RunTime:0.002025s ]
INFO: [ app_begin ] --START--
INFO: ReadHtmlCache Behavior ::run [ RunTime:0.001684s ]
INFO: [ app_begin ] --END-- [ RunTime:0.001808s ]
SQL: SHOW COLUMNS FROM `website_apps` [ RunTime:0.006499s ]
NOTIC: [8] Undefined index: cata_id D:\wamp\www\projcet\babyweb\ru\Lib\Action\ProductAction.class.php 第 12 行.
NOTIC: [8] Undefined index: search_word D:\wamp\www\projcet\babyweb\ru\Lib\Action\ProductAction.class.php 第 13 行.
NOTIC: [8] Undefined index: cata_id D:\wamp\www\projcet\babyweb\ru\Lib\Action\ProductAction.class.php 第 19 行.
NOTIC: [8] Undefined index: is_hot D:\wamp\www\projcet\babyweb\ru\Lib\Action\ProductAction.class.php 第 20 行.
SQL: SELECT `id`,`ipad_id`,`iphone_id`,`cell_android_url`,`android_url`,`app_name`,`app_images`,`intro` FROM `website_apps` WHERE ( `del` = 0 ) AND ( `lang` = 'ru' ) ORDER BY last_top desc,id desc LIMIT 0,9   [ RunTime:0.003732s ]
SQL: SHOW COLUMNS FROM `app_langs` [ RunTime:0.005863s ]
SQL: SELECT `app_id`,`store_url` FROM `app_langs` WHERE ( lang = 'ru' and (app_id = 430 or app_id = 440) )  [ RunTime:0.000810s ]
SQL: SELECT `app_id`,`store_url` FROM `app_langs` WHERE ( lang = 'ru' and (app_id = 0 or app_id = 0) )  [ RunTime:0.000512s ]
NOTIC: [2] Invalid argument supplied for foreach() D:\wamp\www\projcet\babyweb\ru\Lib\Action\ProductAction.class.php 第 62 行.
NOTIC: [8] Undefined index: ipad_url D:\wamp\www\projcet\babyweb\ru\Lib\Action\ProductAction.class.php 第 70 行.
NOTIC: [8] Undefined index: iphone_url D:\wamp\www\projcet\babyweb\ru\Lib\Action\ProductAction.class.php 第 70 行.
SQL: SELECT `app_id`,`store_url` FROM `app_langs` WHERE ( lang = 'ru' and (app_id = 0 or app_id = 0) )  [ RunTime:0.000354s ]
NOTIC: [2] Invalid argument supplied for foreach() D:\wamp\www\projcet\babyweb\ru\Lib\Action\ProductAction.class.php 第 62 行.
NOTIC: [8] Undefined index: ipad_url D:\wamp\www\projcet\babyweb\ru\Lib\Action\ProductAction.class.php 第 70 行.
NOTIC: [8] Undefined index: iphone_url D:\wamp\www\projcet\babyweb\ru\Lib\Action\ProductAction.class.php 第 70 行.
SQL: SELECT `app_id`,`store_url` FROM `app_langs` WHERE ( lang = 'ru' and (app_id = 0 or app_id = 0) )  [ RunTime:0.000439s ]
NOTIC: [2] Invalid argument supplied for foreach() D:\wamp\www\projcet\babyweb\ru\Lib\Action\ProductAction.class.php 第 62 行.
NOTIC: [8] Undefined index: ipad_url D:\wamp\www\projcet\babyweb\ru\Lib\Action\ProductAction.class.php 第 70 行.
NOTIC: [8] Undefined index: iphone_url D:\wamp\www\projcet\babyweb\ru\Lib\Action\ProductAction.class.php 第 70 行.
SQL: SELECT `app_id`,`store_url` FROM `app_langs` WHERE ( lang = 'ru' and (app_id = 6 or app_id = 19) )  [ RunTime:0.000932s ]
SQL: SELECT `app_id`,`store_url` FROM `app_langs` WHERE ( lang = 'ru' and (app_id = 0 or app_id = 0) )  [ RunTime:0.000472s ]
NOTIC: [2] Invalid argument supplied for foreach() D:\wamp\www\projcet\babyweb\ru\Lib\Action\ProductAction.class.php 第 62 行.
NOTIC: [8] Undefined index: ipad_url D:\wamp\www\projcet\babyweb\ru\Lib\Action\ProductAction.class.php 第 70 行.
NOTIC: [8] Undefined index: iphone_url D:\wamp\www\projcet\babyweb\ru\Lib\Action\ProductAction.class.php 第 70 行.
SQL: SELECT `app_id`,`store_url` FROM `app_langs` WHERE ( lang = 'ru' and (app_id = 310 or app_id = 315) )  [ RunTime:0.000784s ]
SQL: SELECT `app_id`,`store_url` FROM `app_langs` WHERE ( lang = 'ru' and (app_id = 0 or app_id = 277) )  [ RunTime:0.001029s ]
NOTIC: [8] Undefined index: ipad_url D:\wamp\www\projcet\babyweb\ru\Lib\Action\ProductAction.class.php 第 70 行.
SQL: SELECT `app_id`,`store_url` FROM `app_langs` WHERE ( lang = 'ru' and (app_id = 226 or app_id = 228) )  [ RunTime:0.001147s ]
INFO: [ view_parse ] --START--
NOTIC: [8] Use of undefined constant android_url - assumed 'android_url' D:\wamp\www\projcet\babyweb\ru\Runtime\Cache\69fa1c7b553dd36cf6fb02470c209956.php 第 152 行.
NOTIC: [8] Use of undefined constant cell_android_url - assumed 'cell_android_url' D:\wamp\www\projcet\babyweb\ru\Runtime\Cache\69fa1c7b553dd36cf6fb02470c209956.php 第 152 行.
NOTIC: [8] Use of undefined constant iphone_url - assumed 'iphone_url' D:\wamp\www\projcet\babyweb\ru\Runtime\Cache\69fa1c7b553dd36cf6fb02470c209956.php 第 152 行.
NOTIC: [8] Use of undefined constant ipad_url - assumed 'ipad_url' D:\wamp\www\projcet\babyweb\ru\Runtime\Cache\69fa1c7b553dd36cf6fb02470c209956.php 第 152 行.
NOTIC: [8] Undefined variable: down D:\wamp\www\projcet\babyweb\ru\Common\common.php 第 121 行.
NOTIC: [8] Use of undefined constant android_url - assumed 'android_url' D:\wamp\www\projcet\babyweb\ru\Runtime\Cache\69fa1c7b553dd36cf6fb02470c209956.php 第 152 行.
NOTIC: [8] Use of undefined constant cell_android_url - assumed 'cell_android_url' D:\wamp\www\projcet\babyweb\ru\Runtime\Cache\69fa1c7b553dd36cf6fb02470c209956.php 第 152 行.
NOTIC: [8] Use of undefined constant iphone_url - assumed 'iphone_url' D:\wamp\www\projcet\babyweb\ru\Runtime\Cache\69fa1c7b553dd36cf6fb02470c209956.php 第 152 行.
NOTIC: [8] Use of undefined constant ipad_url - assumed 'ipad_url' D:\wamp\www\projcet\babyweb\ru\Runtime\Cache\69fa1c7b553dd36cf6fb02470c209956.php 第 152 行.
NOTIC: [8] Undefined variable: down D:\wamp\www\projcet\babyweb\ru\Common\common.php 第 121 行.
NOTIC: [8] Use of undefined constant android_url - assumed 'android_url' D:\wamp\www\projcet\babyweb\ru\Runtime\Cache\69fa1c7b553dd36cf6fb02470c209956.php 第 152 行.
NOTIC: [8] Use of undefined constant cell_android_url - assumed 'cell_android_url' D:\wamp\www\projcet\babyweb\ru\Runtime\Cache\69fa1c7b553dd36cf6fb02470c209956.php 第 152 行.
NOTIC: [8] Use of undefined constant iphone_url - assumed 'iphone_url' D:\wamp\www\projcet\babyweb\ru\Runtime\Cache\69fa1c7b553dd36cf6fb02470c209956.php 第 152 行.
NOTIC: [8] Use of undefined constant ipad_url - assumed 'ipad_url' D:\wamp\www\projcet\babyweb\ru\Runtime\Cache\69fa1c7b553dd36cf6fb02470c209956.php 第 152 行.
NOTIC: [8] Undefined variable: down D:\wamp\www\projcet\babyweb\ru\Common\common.php 第 121 行.
NOTIC: [8] Use of undefined constant android_url - assumed 'android_url' D:\wamp\www\projcet\babyweb\ru\Runtime\Cache\69fa1c7b553dd36cf6fb02470c209956.php 第 152 行.
NOTIC: [8] Use of undefined constant cell_android_url - assumed 'cell_android_url' D:\wamp\www\projcet\babyweb\ru\Runtime\Cache\69fa1c7b553dd36cf6fb02470c209956.php 第 152 行.
NOTIC: [8] Use of undefined constant iphone_url - assumed 'iphone_url' D:\wamp\www\projcet\babyweb\ru\Runtime\Cache\69fa1c7b553dd36cf6fb02470c209956.php 第 152 行.
NOTIC: [8] Use of undefined constant ipad_url - assumed 'ipad_url' D:\wamp\www\projcet\babyweb\ru\Runtime\Cache\69fa1c7b553dd36cf6fb02470c209956.php 第 152 行.
NOTIC: [8] Undefined index: ipad_url D:\wamp\www\projcet\babyweb\ru\Runtime\Cache\69fa1c7b553dd36cf6fb02470c209956.php 第 152 行.
NOTIC: [8] Undefined variable: down D:\wamp\www\projcet\babyweb\ru\Common\common.php 第 121 行.
NOTIC: [8] Use of undefined constant android_url - assumed 'android_url' D:\wamp\www\projcet\babyweb\ru\Runtime\Cache\69fa1c7b553dd36cf6fb02470c209956.php 第 152 行.
NOTIC: [8] Use of undefined constant cell_android_url - assumed 'cell_android_url' D:\wamp\www\projcet\babyweb\ru\Runtime\Cache\69fa1c7b553dd36cf6fb02470c209956.php 第 152 行.
NOTIC: [8] Use of undefined constant iphone_url - assumed 'iphone_url' D:\wamp\www\projcet\babyweb\ru\Runtime\Cache\69fa1c7b553dd36cf6fb02470c209956.php 第 152 行.
NOTIC: [8] Use of undefined constant ipad_url - assumed 'ipad_url' D:\wamp\www\projcet\babyweb\ru\Runtime\Cache\69fa1c7b553dd36cf6fb02470c209956.php 第 152 行.
NOTIC: [8] Undefined variable: down D:\wamp\www\projcet\babyweb\ru\Common\common.php 第 121 行.
INFO: ParseTemplate Behavior ::run [ RunTime:0.027340s ]
INFO: [ view_parse ] --END-- [ RunTime:0.027477s ]
INFO: [ view_filter ] --START--
INFO: ContentReplace Behavior ::run [ RunTime:0.001653s ]
INFO: TokenBuild Behavior ::run [ RunTime:0.001233s ]
INFO: WriteHtmlCache Behavior ::run [ RunTime:0.001143s ]
INFO: ShowRuntime Behavior ::run [ RunTime:0.001457s ]
INFO: [ view_filter ] --END-- [ RunTime:0.005774s ]
INFO: [ view_end ] --START--
INFO: ShowPageTrace Behavior ::run [ RunTime:0.001744s ]
INFO: [ view_end ] --END-- [ RunTime:0.001864s ]

[ 2014-12-03T10:21:56+08:00 ] 10.1.1.228 /index.php/Product/search/cata_id/3
INFO: [ route_check ] --START--
INFO: CheckRoute Behavior ::run [ RunTime:0.001621s ]
INFO: [ route_check ] --END-- [ RunTime:0.001777s ]
INFO: [ app_begin ] --START--
INFO: ReadHtmlCache Behavior ::run [ RunTime:0.000891s ]
INFO: [ app_begin ] --END-- [ RunTime:0.000985s ]
SQL: SHOW COLUMNS FROM `website_apps` [ RunTime:0.004874s ]
NOTIC: [8] Undefined index: search_word D:\wamp\www\projcet\babyweb\ru\Lib\Action\ProductAction.class.php 第 13 行.
NOTIC: [8] Undefined index: search_word D:\wamp\www\projcet\babyweb\ru\Lib\Action\ProductAction.class.php 第 35 行.
NOTIC: [8] Undefined index: is_hot D:\wamp\www\projcet\babyweb\ru\Lib\Action\ProductAction.class.php 第 38 行.
SQL: SELECT `id`,`ipad_id`,`iphone_id`,`cell_android_url`,`android_url`,`app_name`,`app_images`,`intro` FROM `website_apps` WHERE ( `del` = 0 ) AND ( `lang` = 'ru' ) AND ( `cata_id` = 3 ) ORDER BY last_top desc,id desc LIMIT 0,9   [ RunTime:0.002011s ]
SQL: SHOW COLUMNS FROM `app_langs` [ RunTime:0.004740s ]
SQL: SELECT `app_id`,`store_url` FROM `app_langs` WHERE ( lang = 'ru' and (app_id = 0 or app_id = 0) )  [ RunTime:0.000606s ]
NOTIC: [2] Invalid argument supplied for foreach() D:\wamp\www\projcet\babyweb\ru\Lib\Action\ProductAction.class.php 第 62 行.
NOTIC: [8] Undefined index: ipad_url D:\wamp\www\projcet\babyweb\ru\Lib\Action\ProductAction.class.php 第 70 行.
NOTIC: [8] Undefined index: iphone_url D:\wamp\www\projcet\babyweb\ru\Lib\Action\ProductAction.class.php 第 70 行.
SQL: SELECT `app_id`,`store_url` FROM `app_langs` WHERE ( lang = 'ru' and (app_id = 38 or app_id = 0) )  [ RunTime:0.128923s ]
SQL: SELECT `app_id`,`store_url` FROM `app_langs` WHERE ( lang = 'ru' and (app_id = 0 or app_id = 0) )  [ RunTime:0.000650s ]
NOTIC: [2] Invalid argument supplied for foreach() D:\wamp\www\projcet\babyweb\ru\Lib\Action\ProductAction.class.php 第 62 行.
NOTIC: [8] Undefined index: ipad_url D:\wamp\www\projcet\babyweb\ru\Lib\Action\ProductAction.class.php 第 70 行.
NOTIC: [8] Undefined index: iphone_url D:\wamp\www\projcet\babyweb\ru\Lib\Action\ProductAction.class.php 第 70 行.
SQL: SELECT `app_id`,`store_url` FROM `app_langs` WHERE ( lang = 'ru' and (app_id = 0 or app_id = 27) )  [ RunTime:0.011956s ]
NOTIC: [8] Undefined index: ipad_url D:\wamp\www\projcet\babyweb\ru\Lib\Action\ProductAction.class.php 第 70 行.
SQL: SELECT `app_id`,`store_url` FROM `app_langs` WHERE ( lang = 'ru' and (app_id = 46 or app_id = 45) )  [ RunTime:0.076390s ]
INFO: [ view_parse ] --START--
NOTIC: [8] Use of undefined constant android_url - assumed 'android_url' D:\wamp\www\projcet\babyweb\ru\Runtime\Cache\22d4c51299d77f81adcda17440945a8b.php 第 8 行.
NOTIC: [8] Use of undefined constant cell_android_url - assumed 'cell_android_url' D:\wamp\www\projcet\babyweb\ru\Runtime\Cache\22d4c51299d77f81adcda17440945a8b.php 第 8 行.
NOTIC: [8] Use of undefined constant iphone_url - assumed 'iphone_url' D:\wamp\www\projcet\babyweb\ru\Runtime\Cache\22d4c51299d77f81adcda17440945a8b.php 第 8 行.
NOTIC: [8] Undefined index: iphone_url D:\wamp\www\projcet\babyweb\ru\Runtime\Cache\22d4c51299d77f81adcda17440945a8b.php 第 8 行.
NOTIC: [8] Use of undefined constant ipad_url - assumed 'ipad_url' D:\wamp\www\projcet\babyweb\ru\Runtime\Cache\22d4c51299d77f81adcda17440945a8b.php 第 8 行.
NOTIC: [8] Undefined variable: down D:\wamp\www\projcet\babyweb\ru\Common\common.php 第 121 行.
NOTIC: [8] Use of undefined constant android_url - assumed 'android_url' D:\wamp\www\projcet\babyweb\ru\Runtime\Cache\22d4c51299d77f81adcda17440945a8b.php 第 8 行.
NOTIC: [8] Use of undefined constant cell_android_url - assumed 'cell_android_url' D:\wamp\www\projcet\babyweb\ru\Runtime\Cache\22d4c51299d77f81adcda17440945a8b.php 第 8 行.
NOTIC: [8] Use of undefined constant iphone_url - assumed 'iphone_url' D:\wamp\www\projcet\babyweb\ru\Runtime\Cache\22d4c51299d77f81adcda17440945a8b.php 第 8 行.
NOTIC: [8] Use of undefined constant ipad_url - assumed 'ipad_url' D:\wamp\www\projcet\babyweb\ru\Runtime\Cache\22d4c51299d77f81adcda17440945a8b.php 第 8 行.
NOTIC: [8] Undefined index: ipad_url D:\wamp\www\projcet\babyweb\ru\Runtime\Cache\22d4c51299d77f81adcda17440945a8b.php 第 8 行.
NOTIC: [8] Undefined variable: down D:\wamp\www\projcet\babyweb\ru\Common\common.php 第 121 行.
NOTIC: [8] Use of undefined constant android_url - assumed 'android_url' D:\wamp\www\projcet\babyweb\ru\Runtime\Cache\22d4c51299d77f81adcda17440945a8b.php 第 8 行.
NOTIC: [8] Use of undefined constant cell_android_url - assumed 'cell_android_url' D:\wamp\www\projcet\babyweb\ru\Runtime\Cache\22d4c51299d77f81adcda17440945a8b.php 第 8 行.
NOTIC: [8] Use of undefined constant iphone_url - assumed 'iphone_url' D:\wamp\www\projcet\babyweb\ru\Runtime\Cache\22d4c51299d77f81adcda17440945a8b.php 第 8 行.
NOTIC: [8] Use of undefined constant ipad_url - assumed 'ipad_url' D:\wamp\www\projcet\babyweb\ru\Runtime\Cache\22d4c51299d77f81adcda17440945a8b.php 第 8 行.
NOTIC: [8] Undefined variable: down D:\wamp\www\projcet\babyweb\ru\Common\common.php 第 121 行.
INFO: ParseTemplate Behavior ::run [ RunTime:0.017673s ]
INFO: [ view_parse ] --END-- [ RunTime:0.017821s ]
INFO: [ view_filter ] --START--
INFO: ContentReplace Behavior ::run [ RunTime:0.001142s ]
INFO: TokenBuild Behavior ::run [ RunTime:0.001127s ]
INFO: WriteHtmlCache Behavior ::run [ RunTime:0.000817s ]
INFO: ShowRuntime Behavior ::run [ RunTime:0.001227s ]
INFO: [ view_filter ] --END-- [ RunTime:0.004812s ]
INFO: [ view_end ] --START--
INFO: ShowPageTrace Behavior ::run [ RunTime:0.001554s ]
INFO: [ view_end ] --END-- [ RunTime:0.001720s ]

[ 2014-12-03T10:21:57+08:00 ] 10.1.1.228 /index.php/Product/search/cata_id/3/page/2.html
INFO: [ route_check ] --START--
INFO: CheckRoute Behavior ::run [ RunTime:0.001197s ]
INFO: [ route_check ] --END-- [ RunTime:0.001359s ]
INFO: [ app_begin ] --START--
INFO: ReadHtmlCache Behavior ::run [ RunTime:0.000874s ]
INFO: [ app_begin ] --END-- [ RunTime:0.000982s ]
SQL: SHOW COLUMNS FROM `website_apps` [ RunTime:0.006309s ]
NOTIC: [8] Undefined index: search_word D:\wamp\www\projcet\babyweb\ru\Lib\Action\ProductAction.class.php 第 13 行.
NOTIC: [8] Undefined index: search_word D:\wamp\www\projcet\babyweb\ru\Lib\Action\ProductAction.class.php 第 35 行.
NOTIC: [8] Undefined index: is_hot D:\wamp\www\projcet\babyweb\ru\Lib\Action\ProductAction.class.php 第 38 行.
SQL: SELECT `id`,`ipad_id`,`iphone_id`,`cell_android_url`,`android_url`,`app_name`,`app_images`,`intro` FROM `website_apps` WHERE ( `del` = 0 ) AND ( `lang` = 'ru' ) AND ( `cata_id` = 3 ) ORDER BY last_top desc,id desc LIMIT 9,9   [ RunTime:0.002560s ]
NOTIC: [2] Invalid argument supplied for foreach() D:\wamp\www\projcet\babyweb\ru\Lib\Action\ProductAction.class.php 第 53 行.
INFO: [ view_parse ] --START--
INFO: ParseTemplate Behavior ::run [ RunTime:0.013361s ]
INFO: [ view_parse ] --END-- [ RunTime:0.013488s ]
INFO: [ view_filter ] --START--
INFO: ContentReplace Behavior ::run [ RunTime:0.000557s ]
INFO: TokenBuild Behavior ::run [ RunTime:0.000839s ]
INFO: WriteHtmlCache Behavior ::run [ RunTime:0.000512s ]
INFO: ShowRuntime Behavior ::run [ RunTime:0.000734s ]
INFO: [ view_filter ] --END-- [ RunTime:0.002919s ]
INFO: [ view_end ] --START--
INFO: ShowPageTrace Behavior ::run [ RunTime:0.001108s ]
INFO: [ view_end ] --END-- [ RunTime:0.001205s ]

[ 2014-12-03T10:22:18+08:00 ] 10.1.1.228 /index.php/Product/search/cata_id/7
INFO: [ route_check ] --START--
INFO: CheckRoute Behavior ::run [ RunTime:0.001143s ]
INFO: [ route_check ] --END-- [ RunTime:0.001280s ]
INFO: [ app_begin ] --START--
INFO: ReadHtmlCache Behavior ::run [ RunTime:0.000694s ]
INFO: [ app_begin ] --END-- [ RunTime:0.000778s ]
SQL: SHOW COLUMNS FROM `website_apps` [ RunTime:0.004683s ]
NOTIC: [8] Undefined index: search_word D:\wamp\www\projcet\babyweb\ru\Lib\Action\ProductAction.class.php 第 13 行.
NOTIC: [8] Undefined index: search_word D:\wamp\www\projcet\babyweb\ru\Lib\Action\ProductAction.class.php 第 35 行.
NOTIC: [8] Undefined index: is_hot D:\wamp\www\projcet\babyweb\ru\Lib\Action\ProductAction.class.php 第 38 行.
SQL: SELECT `id`,`ipad_id`,`iphone_id`,`cell_android_url`,`android_url`,`app_name`,`app_images`,`intro` FROM `website_apps` WHERE ( `del` = 0 ) AND ( `lang` = 'ru' ) AND ( `cata_id` = 7 ) ORDER BY last_top desc,id desc LIMIT 0,9   [ RunTime:0.002080s ]
SQL: SHOW COLUMNS FROM `app_langs` [ RunTime:0.004427s ]
SQL: SELECT `app_id`,`store_url` FROM `app_langs` WHERE ( lang = 'ru' and (app_id = 430 or app_id = 440) )  [ RunTime:0.000941s ]
SQL: SELECT `app_id`,`store_url` FROM `app_langs` WHERE ( lang = 'ru' and (app_id = 176 or app_id = 195) )  [ RunTime:0.109212s ]
SQL: SELECT `app_id`,`store_url` FROM `app_langs` WHERE ( lang = 'ru' and (app_id = 319 or app_id = 327) )  [ RunTime:0.007331s ]
INFO: [ view_parse ] --START--
NOTIC: [8] Use of undefined constant android_url - assumed 'android_url' D:\wamp\www\projcet\babyweb\ru\Runtime\Cache\22d4c51299d77f81adcda17440945a8b.php 第 8 行.
NOTIC: [8] Use of undefined constant cell_android_url - assumed 'cell_android_url' D:\wamp\www\projcet\babyweb\ru\Runtime\Cache\22d4c51299d77f81adcda17440945a8b.php 第 8 行.
NOTIC: [8] Use of undefined constant iphone_url - assumed 'iphone_url' D:\wamp\www\projcet\babyweb\ru\Runtime\Cache\22d4c51299d77f81adcda17440945a8b.php 第 8 行.
NOTIC: [8] Use of undefined constant ipad_url - assumed 'ipad_url' D:\wamp\www\projcet\babyweb\ru\Runtime\Cache\22d4c51299d77f81adcda17440945a8b.php 第 8 行.
NOTIC: [8] Undefined variable: down D:\wamp\www\projcet\babyweb\ru\Common\common.php 第 121 行.
NOTIC: [8] Use of undefined constant android_url - assumed 'android_url' D:\wamp\www\projcet\babyweb\ru\Runtime\Cache\22d4c51299d77f81adcda17440945a8b.php 第 8 行.
NOTIC: [8] Use of undefined constant cell_android_url - assumed 'cell_android_url' D:\wamp\www\projcet\babyweb\ru\Runtime\Cache\22d4c51299d77f81adcda17440945a8b.php 第 8 行.
NOTIC: [8] Use of undefined constant iphone_url - assumed 'iphone_url' D:\wamp\www\projcet\babyweb\ru\Runtime\Cache\22d4c51299d77f81adcda17440945a8b.php 第 8 行.
NOTIC: [8] Use of undefined constant ipad_url - assumed 'ipad_url' D:\wamp\www\projcet\babyweb\ru\Runtime\Cache\22d4c51299d77f81adcda17440945a8b.php 第 8 行.
NOTIC: [8] Undefined variable: down D:\wamp\www\projcet\babyweb\ru\Common\common.php 第 121 行.
NOTIC: [8] Use of undefined constant android_url - assumed 'android_url' D:\wamp\www\projcet\babyweb\ru\Runtime\Cache\22d4c51299d77f81adcda17440945a8b.php 第 8 行.
NOTIC: [8] Use of undefined constant cell_android_url - assumed 'cell_android_url' D:\wamp\www\projcet\babyweb\ru\Runtime\Cache\22d4c51299d77f81adcda17440945a8b.php 第 8 行.
NOTIC: [8] Use of undefined constant iphone_url - assumed 'iphone_url' D:\wamp\www\projcet\babyweb\ru\Runtime\Cache\22d4c51299d77f81adcda17440945a8b.php 第 8 行.
NOTIC: [8] Use of undefined constant ipad_url - assumed 'ipad_url' D:\wamp\www\projcet\babyweb\ru\Runtime\Cache\22d4c51299d77f81adcda17440945a8b.php 第 8 行.
NOTIC: [8] Undefined variable: down D:\wamp\www\projcet\babyweb\ru\Common\common.php 第 121 行.
INFO: ParseTemplate Behavior ::run [ RunTime:0.015692s ]
INFO: [ view_parse ] --END-- [ RunTime:0.015810s ]
INFO: [ view_filter ] --START--
INFO: ContentReplace Behavior ::run [ RunTime:0.000779s ]
INFO: TokenBuild Behavior ::run [ RunTime:0.000756s ]
INFO: WriteHtmlCache Behavior ::run [ RunTime:0.000420s ]
INFO: ShowRuntime Behavior ::run [ RunTime:0.000799s ]
INFO: [ view_filter ] --END-- [ RunTime:0.003026s ]
INFO: [ view_end ] --START--
INFO: ShowPageTrace Behavior ::run [ RunTime:0.001523s ]
INFO: [ view_end ] --END-- [ RunTime:0.001646s ]

[ 2014-12-03T10:22:18+08:00 ] 10.1.1.228 /index.php/Product/search/cata_id/7/page/2.html
INFO: [ route_check ] --START--
INFO: CheckRoute Behavior ::run [ RunTime:0.001159s ]
INFO: [ route_check ] --END-- [ RunTime:0.001299s ]
INFO: [ app_begin ] --START--
INFO: ReadHtmlCache Behavior ::run [ RunTime:0.000716s ]
INFO: [ app_begin ] --END-- [ RunTime:0.000804s ]
SQL: SHOW COLUMNS FROM `website_apps` [ RunTime:0.006653s ]
NOTIC: [8] Undefined index: search_word D:\wamp\www\projcet\babyweb\ru\Lib\Action\ProductAction.class.php 第 13 行.
NOTIC: [8] Undefined index: search_word D:\wamp\www\projcet\babyweb\ru\Lib\Action\ProductAction.class.php 第 35 行.
NOTIC: [8] Undefined index: is_hot D:\wamp\www\projcet\babyweb\ru\Lib\Action\ProductAction.class.php 第 38 行.
SQL: SELECT `id`,`ipad_id`,`iphone_id`,`cell_android_url`,`android_url`,`app_name`,`app_images`,`intro` FROM `website_apps` WHERE ( `del` = 0 ) AND ( `lang` = 'ru' ) AND ( `cata_id` = 7 ) ORDER BY last_top desc,id desc LIMIT 9,9   [ RunTime:0.004242s ]
NOTIC: [2] Invalid argument supplied for foreach() D:\wamp\www\projcet\babyweb\ru\Lib\Action\ProductAction.class.php 第 53 行.
INFO: [ view_parse ] --START--
INFO: ParseTemplate Behavior ::run [ RunTime:0.012299s ]
INFO: [ view_parse ] --END-- [ RunTime:0.012430s ]
INFO: [ view_filter ] --START--
INFO: ContentReplace Behavior ::run [ RunTime:0.000565s ]
INFO: TokenBuild Behavior ::run [ RunTime:0.000578s ]
INFO: WriteHtmlCache Behavior ::run [ RunTime:0.000333s ]
INFO: ShowRuntime Behavior ::run [ RunTime:0.000571s ]
INFO: [ view_filter ] --END-- [ RunTime:0.002268s ]
INFO: [ view_end ] --START--
INFO: ShowPageTrace Behavior ::run [ RunTime:0.000848s ]
INFO: [ view_end ] --END-- [ RunTime:0.000925s ]

[ 2014-12-03T10:22:25+08:00 ] 10.1.1.228 /index.php/Product/search/is_hot/1
INFO: [ route_check ] --START--
INFO: CheckRoute Behavior ::run [ RunTime:0.001135s ]
INFO: [ route_check ] --END-- [ RunTime:0.001268s ]
INFO: [ app_begin ] --START--
INFO: ReadHtmlCache Behavior ::run [ RunTime:0.000765s ]
INFO: [ app_begin ] --END-- [ RunTime:0.000868s ]
SQL: SHOW COLUMNS FROM `website_apps` [ RunTime:0.005040s ]
NOTIC: [8] Undefined index: cata_id D:\wamp\www\projcet\babyweb\ru\Lib\Action\ProductAction.class.php 第 12 行.
NOTIC: [8] Undefined index: search_word D:\wamp\www\projcet\babyweb\ru\Lib\Action\ProductAction.class.php 第 13 行.
NOTIC: [8] Undefined index: cata_id D:\wamp\www\projcet\babyweb\ru\Lib\Action\ProductAction.class.php 第 31 行.
NOTIC: [8] Undefined index: search_word D:\wamp\www\projcet\babyweb\ru\Lib\Action\ProductAction.class.php 第 35 行.
SQL: SELECT `id`,`ipad_id`,`iphone_id`,`cell_android_url`,`android_url`,`app_name`,`app_images`,`intro` FROM `website_apps` WHERE ( `del` = 0 ) AND ( `lang` = 'ru' ) AND ( `is_hot` = 1 ) ORDER BY last_top desc,id desc LIMIT 0,9   [ RunTime:0.001580s ]
NOTIC: [2] Invalid argument supplied for foreach() D:\wamp\www\projcet\babyweb\ru\Lib\Action\ProductAction.class.php 第 53 行.
INFO: [ view_parse ] --START--
INFO: ParseTemplate Behavior ::run [ RunTime:0.012238s ]
INFO: [ view_parse ] --END-- [ RunTime:0.012364s ]
INFO: [ view_filter ] --START--
INFO: ContentReplace Behavior ::run [ RunTime:0.000561s ]
INFO: TokenBuild Behavior ::run [ RunTime:0.000538s ]
INFO: WriteHtmlCache Behavior ::run [ RunTime:0.000341s ]
INFO: ShowRuntime Behavior ::run [ RunTime:0.000563s ]
INFO: [ view_filter ] --END-- [ RunTime:0.002219s ]
INFO: [ view_end ] --START--
INFO: ShowPageTrace Behavior ::run [ RunTime:0.000797s ]
INFO: [ view_end ] --END-- [ RunTime:0.000875s ]

[ 2014-12-03T10:22:26+08:00 ] 10.1.1.228 /index.php/Product/search/cata_id/3
INFO: [ route_check ] --START--
INFO: CheckRoute Behavior ::run [ RunTime:0.001103s ]
INFO: [ route_check ] --END-- [ RunTime:0.001230s ]
INFO: [ app_begin ] --START--
INFO: ReadHtmlCache Behavior ::run [ RunTime:0.000659s ]
INFO: [ app_begin ] --END-- [ RunTime:0.000739s ]
SQL: SHOW COLUMNS FROM `website_apps` [ RunTime:0.005027s ]
NOTIC: [8] Undefined index: search_word D:\wamp\www\projcet\babyweb\ru\Lib\Action\ProductAction.class.php 第 13 行.
NOTIC: [8] Undefined index: search_word D:\wamp\www\projcet\babyweb\ru\Lib\Action\ProductAction.class.php 第 35 行.
NOTIC: [8] Undefined index: is_hot D:\wamp\www\projcet\babyweb\ru\Lib\Action\ProductAction.class.php 第 38 行.
SQL: SELECT `id`,`ipad_id`,`iphone_id`,`cell_android_url`,`android_url`,`app_name`,`app_images`,`intro` FROM `website_apps` WHERE ( `del` = 0 ) AND ( `lang` = 'ru' ) AND ( `cata_id` = 3 ) ORDER BY last_top desc,id desc LIMIT 0,9   [ RunTime:0.002222s ]
SQL: SHOW COLUMNS FROM `app_langs` [ RunTime:0.005636s ]
SQL: SELECT `app_id`,`store_url` FROM `app_langs` WHERE ( lang = 'ru' and (app_id = 0 or app_id = 0) )  [ RunTime:0.000926s ]
NOTIC: [2] Invalid argument supplied for foreach() D:\wamp\www\projcet\babyweb\ru\Lib\Action\ProductAction.class.php 第 62 行.
NOTIC: [8] Undefined index: ipad_url D:\wamp\www\projcet\babyweb\ru\Lib\Action\ProductAction.class.php 第 70 行.
NOTIC: [8] Undefined index: iphone_url D:\wamp\www\projcet\babyweb\ru\Lib\Action\ProductAction.class.php 第 70 行.
SQL: SELECT `app_id`,`store_url` FROM `app_langs` WHERE ( lang = 'ru' and (app_id = 38 or app_id = 0) )  [ RunTime:0.001072s ]
SQL: SELECT `app_id`,`store_url` FROM `app_langs` WHERE ( lang = 'ru' and (app_id = 0 or app_id = 0) )  [ RunTime:0.000703s ]
NOTIC: [2] Invalid argument supplied for foreach() D:\wamp\www\projcet\babyweb\ru\Lib\Action\ProductAction.class.php 第 62 行.
NOTIC: [8] Undefined index: ipad_url D:\wamp\www\projcet\babyweb\ru\Lib\Action\ProductAction.class.php 第 70 行.
NOTIC: [8] Undefined index: iphone_url D:\wamp\www\projcet\babyweb\ru\Lib\Action\ProductAction.class.php 第 70 行.
SQL: SELECT `app_id`,`store_url` FROM `app_langs` WHERE ( lang = 'ru' and (app_id = 0 or app_id = 27) )  [ RunTime:0.000710s ]
NOTIC: [8] Undefined index: ipad_url D:\wamp\www\projcet\babyweb\ru\Lib\Action\ProductAction.class.php 第 70 行.
SQL: SELECT `app_id`,`store_url` FROM `app_langs` WHERE ( lang = 'ru' and (app_id = 46 or app_id = 45) )  [ RunTime:0.000690s ]
INFO: [ view_parse ] --START--
NOTIC: [8] Use of undefined constant android_url - assumed 'android_url' D:\wamp\www\projcet\babyweb\ru\Runtime\Cache\22d4c51299d77f81adcda17440945a8b.php 第 8 行.
NOTIC: [8] Use of undefined constant cell_android_url - assumed 'cell_android_url' D:\wamp\www\projcet\babyweb\ru\Runtime\Cache\22d4c51299d77f81adcda17440945a8b.php 第 8 行.
NOTIC: [8] Use of undefined constant iphone_url - assumed 'iphone_url' D:\wamp\www\projcet\babyweb\ru\Runtime\Cache\22d4c51299d77f81adcda17440945a8b.php 第 8 行.
NOTIC: [8] Undefined index: iphone_url D:\wamp\www\projcet\babyweb\ru\Runtime\Cache\22d4c51299d77f81adcda17440945a8b.php 第 8 行.
NOTIC: [8] Use of undefined constant ipad_url - assumed 'ipad_url' D:\wamp\www\projcet\babyweb\ru\Runtime\Cache\22d4c51299d77f81adcda17440945a8b.php 第 8 行.
NOTIC: [8] Undefined variable: down D:\wamp\www\projcet\babyweb\ru\Common\common.php 第 121 行.
NOTIC: [8] Use of undefined constant android_url - assumed 'android_url' D:\wamp\www\projcet\babyweb\ru\Runtime\Cache\22d4c51299d77f81adcda17440945a8b.php 第 8 行.
NOTIC: [8] Use of undefined constant cell_android_url - assumed 'cell_android_url' D:\wamp\www\projcet\babyweb\ru\Runtime\Cache\22d4c51299d77f81adcda17440945a8b.php 第 8 行.
NOTIC: [8] Use of undefined constant iphone_url - assumed 'iphone_url' D:\wamp\www\projcet\babyweb\ru\Runtime\Cache\22d4c51299d77f81adcda17440945a8b.php 第 8 行.
NOTIC: [8] Use of undefined constant ipad_url - assumed 'ipad_url' D:\wamp\www\projcet\babyweb\ru\Runtime\Cache\22d4c51299d77f81adcda17440945a8b.php 第 8 行.
NOTIC: [8] Undefined index: ipad_url D:\wamp\www\projcet\babyweb\ru\Runtime\Cache\22d4c51299d77f81adcda17440945a8b.php 第 8 行.
NOTIC: [8] Undefined variable: down D:\wamp\www\projcet\babyweb\ru\Common\common.php 第 121 行.
NOTIC: [8] Use of undefined constant android_url - assumed 'android_url' D:\wamp\www\projcet\babyweb\ru\Runtime\Cache\22d4c51299d77f81adcda17440945a8b.php 第 8 行.
NOTIC: [8] Use of undefined constant cell_android_url - assumed 'cell_android_url' D:\wamp\www\projcet\babyweb\ru\Runtime\Cache\22d4c51299d77f81adcda17440945a8b.php 第 8 行.
NOTIC: [8] Use of undefined constant iphone_url - assumed 'iphone_url' D:\wamp\www\projcet\babyweb\ru\Runtime\Cache\22d4c51299d77f81adcda17440945a8b.php 第 8 行.
NOTIC: [8] Use of undefined constant ipad_url - assumed 'ipad_url' D:\wamp\www\projcet\babyweb\ru\Runtime\Cache\22d4c51299d77f81adcda17440945a8b.php 第 8 行.
NOTIC: [8] Undefined variable: down D:\wamp\www\projcet\babyweb\ru\Common\common.php 第 121 行.
INFO: ParseTemplate Behavior ::run [ RunTime:0.012572s ]
INFO: [ view_parse ] --END-- [ RunTime:0.012685s ]
INFO: [ view_filter ] --START--
INFO: ContentReplace Behavior ::run [ RunTime:0.000587s ]
INFO: TokenBuild Behavior ::run [ RunTime:0.000601s ]
INFO: WriteHtmlCache Behavior ::run [ RunTime:0.000439s ]
INFO: ShowRuntime Behavior ::run [ RunTime:0.000708s ]
INFO: [ view_filter ] --END-- [ RunTime:0.002709s ]
INFO: [ view_end ] --START--
INFO: ShowPageTrace Behavior ::run [ RunTime:0.000894s ]
INFO: [ view_end ] --END-- [ RunTime:0.000984s ]

[ 2014-12-03T10:22:27+08:00 ] 10.1.1.228 /index.php/Product/search/cata_id/3/page/2.html
INFO: [ route_check ] --START--
INFO: CheckRoute Behavior ::run [ RunTime:0.001172s ]
INFO: [ route_check ] --END-- [ RunTime:0.001301s ]
INFO: [ app_begin ] --START--
INFO: ReadHtmlCache Behavior ::run [ RunTime:0.000748s ]
INFO: [ app_begin ] --END-- [ RunTime:0.000837s ]
SQL: SHOW COLUMNS FROM `website_apps` [ RunTime:0.007373s ]
NOTIC: [8] Undefined index: search_word D:\wamp\www\projcet\babyweb\ru\Lib\Action\ProductAction.class.php 第 13 行.
NOTIC: [8] Undefined index: search_word D:\wamp\www\projcet\babyweb\ru\Lib\Action\ProductAction.class.php 第 35 行.
NOTIC: [8] Undefined index: is_hot D:\wamp\www\projcet\babyweb\ru\Lib\Action\ProductAction.class.php 第 38 行.
SQL: SELECT `id`,`ipad_id`,`iphone_id`,`cell_android_url`,`android_url`,`app_name`,`app_images`,`intro` FROM `website_apps` WHERE ( `del` = 0 ) AND ( `lang` = 'ru' ) AND ( `cata_id` = 3 ) ORDER BY last_top desc,id desc LIMIT 9,9   [ RunTime:0.002810s ]
NOTIC: [2] Invalid argument supplied for foreach() D:\wamp\www\projcet\babyweb\ru\Lib\Action\ProductAction.class.php 第 53 行.
INFO: [ view_parse ] --START--
INFO: ParseTemplate Behavior ::run [ RunTime:0.013691s ]
INFO: [ view_parse ] --END-- [ RunTime:0.013857s ]
INFO: [ view_filter ] --START--
INFO: ContentReplace Behavior ::run [ RunTime:0.000620s ]
INFO: TokenBuild Behavior ::run [ RunTime:0.000605s ]
INFO: WriteHtmlCache Behavior ::run [ RunTime:0.000426s ]
INFO: ShowRuntime Behavior ::run [ RunTime:0.000604s ]
INFO: [ view_filter ] --END-- [ RunTime:0.002517s ]
INFO: [ view_end ] --START--
INFO: ShowPageTrace Behavior ::run [ RunTime:0.000885s ]
INFO: [ view_end ] --END-- [ RunTime:0.000985s ]

[ 2014-12-03T10:22:42+08:00 ] 10.1.1.228 /index.php/blog/index.shtml
INFO: [ route_check ] --START--
INFO: CheckRoute Behavior ::run [ RunTime:0.001160s ]
INFO: [ route_check ] --END-- [ RunTime:0.001295s ]
INFO: [ app_begin ] --START--
INFO: ReadHtmlCache Behavior ::run [ RunTime:0.001117s ]
INFO: [ app_begin ] --END-- [ RunTime:0.001254s ]
SQL: SHOW COLUMNS FROM `website_blog` [ RunTime:0.005190s ]
SQL: SELECT * FROM `website_blog` WHERE ( review=1 and lang='ru'  ) ORDER BY id desc LIMIT 0,3   [ RunTime:0.000872s ]
NOTIC: [2] Invalid argument supplied for foreach() D:\wamp\www\projcet\babyweb\ru\Lib\Action\BlogAction.class.php 第 20 行.
INFO: [ view_parse ] --START--
INFO: ParseTemplate Behavior ::run [ RunTime:0.017446s ]
INFO: [ view_parse ] --END-- [ RunTime:0.017577s ]
INFO: [ view_filter ] --START--
INFO: ContentReplace Behavior ::run [ RunTime:0.000693s ]
INFO: TokenBuild Behavior ::run [ RunTime:0.000546s ]
INFO: WriteHtmlCache Behavior ::run [ RunTime:0.000326s ]
INFO: ShowRuntime Behavior ::run [ RunTime:0.000586s ]
INFO: [ view_filter ] --END-- [ RunTime:0.002395s ]
INFO: [ view_end ] --START--
INFO: ShowPageTrace Behavior ::run [ RunTime:0.000847s ]
INFO: [ view_end ] --END-- [ RunTime:0.000961s ]

[ 2014-12-03T10:22:45+08:00 ] 10.1.1.228 /index.php/download/index.shtml
INFO: [ route_check ] --START--
INFO: CheckRoute Behavior ::run [ RunTime:0.001108s ]
INFO: [ route_check ] --END-- [ RunTime:0.001242s ]
INFO: [ app_begin ] --START--
INFO: ReadHtmlCache Behavior ::run [ RunTime:0.000843s ]
INFO: [ app_begin ] --END-- [ RunTime:0.000942s ]
INFO: [ view_parse ] --START--
INFO: ParseTemplate Behavior ::run [ RunTime:0.023466s ]
INFO: [ view_parse ] --END-- [ RunTime:0.023679s ]
INFO: [ view_filter ] --START--
INFO: ContentReplace Behavior ::run [ RunTime:0.000790s ]
INFO: TokenBuild Behavior ::run [ RunTime:0.000688s ]
INFO: WriteHtmlCache Behavior ::run [ RunTime:0.000389s ]
INFO: ShowRuntime Behavior ::run [ RunTime:0.000741s ]
INFO: [ view_filter ] --END-- [ RunTime:0.002917s ]
INFO: [ view_end ] --START--
INFO: ShowPageTrace Behavior ::run [ RunTime:0.001017s ]
INFO: [ view_end ] --END-- [ RunTime:0.001145s ]

[ 2014-12-03T10:22:47+08:00 ] 10.1.1.228 /index.php/blog/index.shtml
INFO: [ route_check ] --START--
INFO: CheckRoute Behavior ::run [ RunTime:0.001584s ]
INFO: [ route_check ] --END-- [ RunTime:0.001770s ]
INFO: [ app_begin ] --START--
INFO: ReadHtmlCache Behavior ::run [ RunTime:0.000919s ]
INFO: [ app_begin ] --END-- [ RunTime:0.001029s ]
SQL: SHOW COLUMNS FROM `website_blog` [ RunTime:0.005074s ]
SQL: SELECT * FROM `website_blog` WHERE ( review=1 and lang='ru'  ) ORDER BY id desc LIMIT 0,3   [ RunTime:0.001240s ]
NOTIC: [2] Invalid argument supplied for foreach() D:\wamp\www\projcet\babyweb\ru\Lib\Action\BlogAction.class.php 第 20 行.
INFO: [ view_parse ] --START--
INFO: ParseTemplate Behavior ::run [ RunTime:0.020072s ]
INFO: [ view_parse ] --END-- [ RunTime:0.020205s ]
INFO: [ view_filter ] --START--
INFO: ContentReplace Behavior ::run [ RunTime:0.000949s ]
INFO: TokenBuild Behavior ::run [ RunTime:0.000862s ]
INFO: WriteHtmlCache Behavior ::run [ RunTime:0.000485s ]
INFO: ShowRuntime Behavior ::run [ RunTime:0.000717s ]
INFO: [ view_filter ] --END-- [ RunTime:0.003415s ]
INFO: [ view_end ] --START--
INFO: ShowPageTrace Behavior ::run [ RunTime:0.001324s ]
INFO: [ view_end ] --END-- [ RunTime:0.001483s ]

[ 2014-12-03T10:23:15+08:00 ] 10.1.1.228 /index.php/download/index.shtml
INFO: [ route_check ] --START--
INFO: CheckRoute Behavior ::run [ RunTime:0.001127s ]
INFO: [ route_check ] --END-- [ RunTime:0.001262s ]
INFO: [ app_begin ] --START--
INFO: ReadHtmlCache Behavior ::run [ RunTime:0.000824s ]
INFO: [ app_begin ] --END-- [ RunTime:0.000928s ]
INFO: [ view_parse ] --START--
INFO: ParseTemplate Behavior ::run [ RunTime:0.024510s ]
INFO: [ view_parse ] --END-- [ RunTime:0.024648s ]
INFO: [ view_filter ] --START--
INFO: ContentReplace Behavior ::run [ RunTime:0.000880s ]
INFO: TokenBuild Behavior ::run [ RunTime:0.000622s ]
INFO: WriteHtmlCache Behavior ::run [ RunTime:0.000330s ]
INFO: ShowRuntime Behavior ::run [ RunTime:0.000661s ]
INFO: [ view_filter ] --END-- [ RunTime:0.002745s ]
INFO: [ view_end ] --START--
INFO: ShowPageTrace Behavior ::run [ RunTime:0.001400s ]
INFO: [ view_end ] --END-- [ RunTime:0.001529s ]

[ 2014-12-03T10:23:20+08:00 ] 10.1.1.228 /index.php/about/index.shtml
INFO: [ route_check ] --START--
INFO: CheckRoute Behavior ::run [ RunTime:0.001949s ]
INFO: [ route_check ] --END-- [ RunTime:0.002088s ]
INFO: [ app_begin ] --START--
INFO: ReadHtmlCache Behavior ::run [ RunTime:0.001462s ]
INFO: [ app_begin ] --END-- [ RunTime:0.001557s ]
INFO: [ view_parse ] --START--
INFO: ParseTemplate Behavior ::run [ RunTime:0.025753s ]
INFO: [ view_parse ] --END-- [ RunTime:0.025889s ]
INFO: [ view_filter ] --START--
INFO: ContentReplace Behavior ::run [ RunTime:0.001643s ]
INFO: TokenBuild Behavior ::run [ RunTime:0.001119s ]
INFO: WriteHtmlCache Behavior ::run [ RunTime:0.000891s ]
INFO: ShowRuntime Behavior ::run [ RunTime:0.001156s ]
INFO: [ view_filter ] --END-- [ RunTime:0.005066s ]
INFO: [ view_end ] --START--
INFO: ShowPageTrace Behavior ::run [ RunTime:0.001704s ]
INFO: [ view_end ] --END-- [ RunTime:0.001883s ]

[ 2014-12-03T10:23:25+08:00 ] 10.1.1.228 /index.php/index/index.shtml
INFO: [ route_check ] --START--
INFO: CheckRoute Behavior ::run [ RunTime:0.001343s ]
INFO: [ route_check ] --END-- [ RunTime:0.001469s ]
INFO: [ app_begin ] --START--
INFO: ReadHtmlCache Behavior ::run [ RunTime:0.000946s ]
INFO: [ app_begin ] --END-- [ RunTime:0.001052s ]
SQL: SHOW COLUMNS FROM `website_index_images` [ RunTime:0.005123s ]
SQL: SELECT * FROM `website_index_images` WHERE ( lang='ru' and used=1 ) ORDER BY num asc,id asc  [ RunTime:0.001145s ]
NOTIC: [2] Invalid argument supplied for foreach() D:\wamp\www\projcet\babyweb\ru\Lib\Action\IndexAction.class.php 第 9 行.
NOTIC: [8] Undefined variable: res D:\wamp\www\projcet\babyweb\ru\Lib\Action\IndexAction.class.php 第 15 行.
INFO: [ view_parse ] --START--
INFO: ParseTemplate Behavior ::run [ RunTime:0.037857s ]
INFO: [ view_parse ] --END-- [ RunTime:0.038035s ]
INFO: [ view_filter ] --START--
INFO: ContentReplace Behavior ::run [ RunTime:0.000762s ]
INFO: TokenBuild Behavior ::run [ RunTime:0.000640s ]
INFO: WriteHtmlCache Behavior ::run [ RunTime:0.000466s ]
INFO: ShowRuntime Behavior ::run [ RunTime:0.000694s ]
INFO: [ view_filter ] --END-- [ RunTime:0.002876s ]
INFO: [ view_end ] --START--
INFO: ShowPageTrace Behavior ::run [ RunTime:0.001141s ]
INFO: [ view_end ] --END-- [ RunTime:0.001256s ]

[ 2014-12-03T10:24:44+08:00 ] 10.1.1.228 /index.php/blog/index.shtml
INFO: [ route_check ] --START--
INFO: CheckRoute Behavior ::run [ RunTime:0.001959s ]
INFO: [ route_check ] --END-- [ RunTime:0.002097s ]
INFO: [ app_begin ] --START--
INFO: ReadHtmlCache Behavior ::run [ RunTime:0.001452s ]
INFO: [ app_begin ] --END-- [ RunTime:0.001546s ]
SQL: SHOW COLUMNS FROM `website_blog` [ RunTime:0.006299s ]
SQL: SELECT * FROM `website_blog` WHERE ( review=1 and lang='ru'  ) ORDER BY id desc LIMIT 0,3   [ RunTime:0.000952s ]
NOTIC: [2] Invalid argument supplied for foreach() D:\wamp\www\projcet\babyweb\ru\Lib\Action\BlogAction.class.php 第 20 行.
INFO: [ view_parse ] --START--
INFO: ParseTemplate Behavior ::run [ RunTime:0.019620s ]
INFO: [ view_parse ] --END-- [ RunTime:0.019748s ]
INFO: [ view_filter ] --START--
INFO: ContentReplace Behavior ::run [ RunTime:0.001006s ]
INFO: TokenBuild Behavior ::run [ RunTime:0.000994s ]
INFO: WriteHtmlCache Behavior ::run [ RunTime:0.000789s ]
INFO: ShowRuntime Behavior ::run [ RunTime:0.001052s ]
INFO: [ view_filter ] --END-- [ RunTime:0.004178s ]
INFO: [ view_end ] --START--
INFO: ShowPageTrace Behavior ::run [ RunTime:0.001492s ]
INFO: [ view_end ] --END-- [ RunTime:0.001603s ]

[ 2014-12-03T10:24:46+08:00 ] 10.1.1.228 /index.php/blog/index.shtml
INFO: [ route_check ] --START--
INFO: CheckRoute Behavior ::run [ RunTime:0.002011s ]
INFO: [ route_check ] --END-- [ RunTime:0.002160s ]
INFO: [ app_begin ] --START--
INFO: ReadHtmlCache Behavior ::run [ RunTime:0.002134s ]
INFO: [ app_begin ] --END-- [ RunTime:0.002302s ]
SQL: SHOW COLUMNS FROM `website_blog` [ RunTime:0.005246s ]
SQL: SELECT * FROM `website_blog` WHERE ( review=1 and lang='ru'  ) ORDER BY id desc LIMIT 0,3   [ RunTime:0.001165s ]
NOTIC: [2] Invalid argument supplied for foreach() D:\wamp\www\projcet\babyweb\ru\Lib\Action\BlogAction.class.php 第 20 行.
INFO: [ view_parse ] --START--
INFO: ParseTemplate Behavior ::run [ RunTime:0.022408s ]
INFO: [ view_parse ] --END-- [ RunTime:0.022571s ]
INFO: [ view_filter ] --START--
INFO: ContentReplace Behavior ::run [ RunTime:0.001174s ]
INFO: TokenBuild Behavior ::run [ RunTime:0.001101s ]
INFO: WriteHtmlCache Behavior ::run [ RunTime:0.001005s ]
INFO: ShowRuntime Behavior ::run [ RunTime:0.001235s ]
INFO: [ view_filter ] --END-- [ RunTime:0.004769s ]
INFO: [ view_end ] --START--
INFO: ShowPageTrace Behavior ::run [ RunTime:0.001582s ]
INFO: [ view_end ] --END-- [ RunTime:0.001705s ]

[ 2014-12-03T10:24:47+08:00 ] 10.1.1.228 /index.php/blog/index.shtml
INFO: [ route_check ] --START--
INFO: CheckRoute Behavior ::run [ RunTime:0.001587s ]
INFO: [ route_check ] --END-- [ RunTime:0.001722s ]
INFO: [ app_begin ] --START--
INFO: ReadHtmlCache Behavior ::run [ RunTime:0.001248s ]
INFO: [ app_begin ] --END-- [ RunTime:0.001357s ]
SQL: SHOW COLUMNS FROM `website_blog` [ RunTime:0.004169s ]
SQL: SELECT * FROM `website_blog` WHERE ( review=1 and lang='ru'  ) ORDER BY id desc LIMIT 0,3   [ RunTime:0.000789s ]
NOTIC: [2] Invalid argument supplied for foreach() D:\wamp\www\projcet\babyweb\ru\Lib\Action\BlogAction.class.php 第 20 行.
INFO: [ view_parse ] --START--
INFO: ParseTemplate Behavior ::run [ RunTime:0.020785s ]
INFO: [ view_parse ] --END-- [ RunTime:0.020912s ]
INFO: [ view_filter ] --START--
INFO: ContentReplace Behavior ::run [ RunTime:0.001082s ]
INFO: TokenBuild Behavior ::run [ RunTime:0.000956s ]
INFO: WriteHtmlCache Behavior ::run [ RunTime:0.000797s ]
INFO: ShowRuntime Behavior ::run [ RunTime:0.001032s ]
INFO: [ view_filter ] --END-- [ RunTime:0.004116s ]
INFO: [ view_end ] --START--
INFO: ShowPageTrace Behavior ::run [ RunTime:0.001507s ]
INFO: [ view_end ] --END-- [ RunTime:0.001678s ]

[ 2014-12-03T10:24:48+08:00 ] 10.1.1.228 /index.php/blog/index.shtml
INFO: [ route_check ] --START--
INFO: CheckRoute Behavior ::run [ RunTime:0.001579s ]
INFO: [ route_check ] --END-- [ RunTime:0.001707s ]
INFO: [ app_begin ] --START--
INFO: ReadHtmlCache Behavior ::run [ RunTime:0.001656s ]
INFO: [ app_begin ] --END-- [ RunTime:0.001751s ]
SQL: SHOW COLUMNS FROM `website_blog` [ RunTime:0.005042s ]
SQL: SELECT * FROM `website_blog` WHERE ( review=1 and lang='ru'  ) ORDER BY id desc LIMIT 0,3   [ RunTime:0.001414s ]
NOTIC: [2] Invalid argument supplied for foreach() D:\wamp\www\projcet\babyweb\ru\Lib\Action\BlogAction.class.php 第 20 行.
INFO: [ view_parse ] --START--
INFO: ParseTemplate Behavior ::run [ RunTime:0.021138s ]
INFO: [ view_parse ] --END-- [ RunTime:0.021265s ]
INFO: [ view_filter ] --START--
INFO: ContentReplace Behavior ::run [ RunTime:0.001048s ]
INFO: TokenBuild Behavior ::run [ RunTime:0.000933s ]
INFO: WriteHtmlCache Behavior ::run [ RunTime:0.000780s ]
INFO: ShowRuntime Behavior ::run [ RunTime:0.001315s ]
INFO: [ view_filter ] --END-- [ RunTime:0.004592s ]
INFO: [ view_end ] --START--
INFO: ShowPageTrace Behavior ::run [ RunTime:0.001712s ]
INFO: [ view_end ] --END-- [ RunTime:0.001833s ]

[ 2014-12-03T10:27:07+08:00 ] 10.1.1.228 /index.php/blog/index.shtml
INFO: [ route_check ] --START--
INFO: CheckRoute Behavior ::run [ RunTime:0.001448s ]
INFO: [ route_check ] --END-- [ RunTime:0.001582s ]
INFO: [ app_begin ] --START--
INFO: ReadHtmlCache Behavior ::run [ RunTime:0.000837s ]
INFO: [ app_begin ] --END-- [ RunTime:0.000935s ]
SQL: SHOW COLUMNS FROM `website_blog` [ RunTime:0.004538s ]
SQL: SELECT * FROM `website_blog` WHERE ( review=1 and lang='ru'  ) ORDER BY id desc LIMIT 0,3   [ RunTime:0.000858s ]
INFO: [ view_parse ] --START--
INFO: ParseTemplate Behavior ::run [ RunTime:0.019550s ]
INFO: [ view_parse ] --END-- [ RunTime:0.019682s ]
INFO: [ view_filter ] --START--
INFO: ContentReplace Behavior ::run [ RunTime:0.000835s ]
INFO: TokenBuild Behavior ::run [ RunTime:0.000721s ]
INFO: WriteHtmlCache Behavior ::run [ RunTime:0.000485s ]
INFO: ShowRuntime Behavior ::run [ RunTime:0.000722s ]
INFO: [ view_filter ] --END-- [ RunTime:0.003039s ]
INFO: [ view_end ] --START--
INFO: ShowPageTrace Behavior ::run [ RunTime:0.001018s ]
INFO: [ view_end ] --END-- [ RunTime:0.001126s ]

[ 2014-12-03T10:27:08+08:00 ] 10.1.1.228 /index.php/blog/infoMore/page/2.shtml
INFO: [ route_check ] --START--
INFO: CheckRoute Behavior ::run [ RunTime:0.001532s ]
INFO: [ route_check ] --END-- [ RunTime:0.001687s ]
INFO: [ app_begin ] --START--
INFO: ReadHtmlCache Behavior ::run [ RunTime:0.000936s ]
INFO: [ app_begin ] --END-- [ RunTime:0.001036s ]
SQL: SHOW COLUMNS FROM `website_blog` [ RunTime:0.006057s ]
SQL: SELECT * FROM `website_blog` WHERE ( review=1 and lang='ru'  ) ORDER BY id desc LIMIT 3,3   [ RunTime:0.001440s ]
NOTIC: [2] Invalid argument supplied for foreach() D:\wamp\www\projcet\babyweb\ru\Lib\Action\BlogAction.class.php 第 20 行.
INFO: [ view_parse ] --START--
INFO: ParseTemplate Behavior ::run [ RunTime:0.012935s ]
INFO: [ view_parse ] --END-- [ RunTime:0.013071s ]
INFO: [ view_filter ] --START--
INFO: ContentReplace Behavior ::run [ RunTime:0.000598s ]
INFO: TokenBuild Behavior ::run [ RunTime:0.000623s ]
INFO: WriteHtmlCache Behavior ::run [ RunTime:0.000443s ]
INFO: ShowRuntime Behavior ::run [ RunTime:0.000674s ]
INFO: [ view_filter ] --END-- [ RunTime:0.002606s ]
INFO: [ view_end ] --START--
INFO: ShowPageTrace Behavior ::run [ RunTime:0.000845s ]
INFO: [ view_end ] --END-- [ RunTime:0.000923s ]

[ 2014-12-03T10:27:11+08:00 ] 10.1.1.228 /index.php/blog/info/id/41
INFO: [ route_check ] --START--
INFO: CheckRoute Behavior ::run [ RunTime:0.001023s ]
INFO: [ route_check ] --END-- [ RunTime:0.001186s ]
INFO: [ app_begin ] --START--
INFO: ReadHtmlCache Behavior ::run [ RunTime:0.000782s ]
INFO: [ app_begin ] --END-- [ RunTime:0.000873s ]
SQL: SHOW COLUMNS FROM `website_blog` [ RunTime:0.004101s ]
SQL: SELECT MIN(id) AS tp_min FROM `website_blog` WHERE (  lang='ru'  ) LIMIT 1   [ RunTime:0.000678s ]
SQL: SELECT MAX(id) AS tp_max FROM `website_blog` WHERE (  lang='ru'  ) LIMIT 1   [ RunTime:0.000435s ]
SQL: SELECT * FROM `website_blog` WHERE (  id<41 and lang='ru'  ) ORDER BY id desc LIMIT 1   [ RunTime:0.000681s ]
SQL: SELECT * FROM `website_blog` WHERE (  id>41 and lang='ru'  ) ORDER BY id asc LIMIT 1   [ RunTime:0.000440s ]
SQL: SELECT * FROM `website_blog` WHERE (  id=41 and lang='ru'  ) LIMIT 1   [ RunTime:0.000550s ]
INFO: [ view_parse ] --START--
INFO: ParseTemplate Behavior ::run [ RunTime:0.016423s ]
INFO: [ view_parse ] --END-- [ RunTime:0.016554s ]
INFO: [ view_filter ] --START--
INFO: ContentReplace Behavior ::run [ RunTime:0.000609s ]
INFO: TokenBuild Behavior ::run [ RunTime:0.000491s ]
INFO: WriteHtmlCache Behavior ::run [ RunTime:0.000527s ]
INFO: ShowRuntime Behavior ::run [ RunTime:0.000628s ]
INFO: [ view_filter ] --END-- [ RunTime:0.002505s ]
INFO: [ view_end ] --START--
INFO: ShowPageTrace Behavior ::run [ RunTime:0.001014s ]
INFO: [ view_end ] --END-- [ RunTime:0.001116s ]

[ 2014-12-03T10:27:13+08:00 ] 10.1.1.228 /index.php/blog/infoMore/page/2.shtml
INFO: [ route_check ] --START--
INFO: CheckRoute Behavior ::run [ RunTime:0.001534s ]
INFO: [ route_check ] --END-- [ RunTime:0.001718s ]
INFO: [ app_begin ] --START--
INFO: ReadHtmlCache Behavior ::run [ RunTime:0.000784s ]
INFO: [ app_begin ] --END-- [ RunTime:0.000896s ]
SQL: SHOW COLUMNS FROM `website_blog` [ RunTime:0.004857s ]
SQL: SELECT * FROM `website_blog` WHERE ( review=1 and lang='ru'  ) ORDER BY id desc LIMIT 3,3   [ RunTime:0.000973s ]
NOTIC: [2] Invalid argument supplied for foreach() D:\wamp\www\projcet\babyweb\ru\Lib\Action\BlogAction.class.php 第 20 行.
INFO: [ view_parse ] --START--
INFO: ParseTemplate Behavior ::run [ RunTime:0.015447s ]
INFO: [ view_parse ] --END-- [ RunTime:0.015615s ]
INFO: [ view_filter ] --START--
INFO: ContentReplace Behavior ::run [ RunTime:0.000813s ]
INFO: TokenBuild Behavior ::run [ RunTime:0.000902s ]
INFO: WriteHtmlCache Behavior ::run [ RunTime:0.000595s ]
INFO: ShowRuntime Behavior ::run [ RunTime:0.000914s ]
INFO: [ view_filter ] --END-- [ RunTime:0.003601s ]
INFO: [ view_end ] --START--
INFO: ShowPageTrace Behavior ::run [ RunTime:0.001474s ]
INFO: [ view_end ] --END-- [ RunTime:0.001613s ]

[ 2014-12-03T11:16:27+08:00 ] 10.1.1.228 /index.php/blog/index.shtml
INFO: [ route_check ] --START--
INFO: CheckRoute Behavior ::run [ RunTime:0.001646s ]
INFO: [ route_check ] --END-- [ RunTime:0.001783s ]
INFO: [ app_begin ] --START--
INFO: ReadHtmlCache Behavior ::run [ RunTime:0.001180s ]
INFO: [ app_begin ] --END-- [ RunTime:0.001272s ]
SQL: SHOW COLUMNS FROM `website_blog` [ RunTime:0.005435s ]
SQL: SELECT * FROM `website_blog` WHERE ( review=1 and lang='ru'  ) ORDER BY id desc LIMIT 0,3   [ RunTime:0.001092s ]
INFO: [ view_parse ] --START--
INFO: ParseTemplate Behavior ::run [ RunTime:0.029823s ]
INFO: [ view_parse ] --END-- [ RunTime:0.029984s ]
INFO: [ view_filter ] --START--
INFO: ContentReplace Behavior ::run [ RunTime:0.001654s ]
INFO: TokenBuild Behavior ::run [ RunTime:0.001039s ]
INFO: WriteHtmlCache Behavior ::run [ RunTime:0.000910s ]
INFO: ShowRuntime Behavior ::run [ RunTime:0.001195s ]
INFO: [ view_filter ] --END-- [ RunTime:0.005148s ]
INFO: [ view_end ] --START--
INFO: ShowPageTrace Behavior ::run [ RunTime:0.001886s ]
INFO: [ view_end ] --END-- [ RunTime:0.002027s ]

