[ 2014-12-22T14:06:52+08:00 ] 10.1.1.228 /
INFO: [ app_begin ] --START--
INFO: ReadHtmlCache Behavior ::run [ RunTime:0.001264s ]
INFO: [ app_begin ] --END-- [ RunTime:0.001426s ]
SQL: SHOW COLUMNS FROM `website_index_images` [ RunTime:0.006813s ]
SQL: SELECT * FROM `website_index_images` WHERE ( lang='de' and used=1 ) ORDER BY num asc,id asc  [ RunTime:0.001103s ]
NOTIC: [2] Invalid argument supplied for foreach() D:\wamp\www\projcet\babyweb\de\Lib\Action\IndexAction.class.php 第 9 行.
NOTIC: [8] Undefined variable: res D:\wamp\www\projcet\babyweb\de\Lib\Action\IndexAction.class.php 第 15 行.
INFO: [ view_parse ] --START--
INFO: ParseTemplate Behavior ::run [ RunTime:0.081152s ]
INFO: [ view_parse ] --END-- [ RunTime:0.081287s ]
INFO: [ view_filter ] --START--
INFO: ContentReplace Behavior ::run [ RunTime:0.001022s ]
INFO: TokenBuild Behavior ::run [ RunTime:0.000726s ]
INFO: WriteHtmlCache Behavior ::run [ RunTime:0.000485s ]
INFO: ShowRuntime Behavior ::run [ RunTime:0.000736s ]
INFO: [ view_filter ] --END-- [ RunTime:0.003242s ]
INFO: [ view_end ] --START--
INFO: ShowPageTrace Behavior ::run [ RunTime:0.003702s ]
INFO: [ view_end ] --END-- [ RunTime:0.004091s ]

[ 2014-12-22T14:07:45+08:00 ] 10.1.1.228 /
INFO: [ app_begin ] --START--
INFO: ReadHtmlCache Behavior ::run [ RunTime:0.000985s ]
INFO: [ app_begin ] --END-- [ RunTime:0.001114s ]
SQL: SHOW COLUMNS FROM `website_index_images` [ RunTime:0.004410s ]
SQL: SELECT * FROM `website_index_images` WHERE ( lang='de' and used=1 ) ORDER BY num asc,id asc  [ RunTime:0.000841s ]
NOTIC: [2] Invalid argument supplied for foreach() D:\wamp\www\projcet\babyweb\de\Lib\Action\IndexAction.class.php 第 9 行.
NOTIC: [8] Undefined variable: res D:\wamp\www\projcet\babyweb\de\Lib\Action\IndexAction.class.php 第 18 行.
INFO: [ view_parse ] --START--
INFO: ParseTemplate Behavior ::run [ RunTime:0.037451s ]
INFO: [ view_parse ] --END-- [ RunTime:0.037593s ]
INFO: [ view_filter ] --START--
INFO: ContentReplace Behavior ::run [ RunTime:0.001099s ]
INFO: TokenBuild Behavior ::run [ RunTime:0.000616s ]
INFO: WriteHtmlCache Behavior ::run [ RunTime:0.000496s ]
INFO: ShowRuntime Behavior ::run [ RunTime:0.000750s ]
INFO: [ view_filter ] --END-- [ RunTime:0.003301s ]
INFO: [ view_end ] --START--
INFO: ShowPageTrace Behavior ::run [ RunTime:0.001123s ]
INFO: [ view_end ] --END-- [ RunTime:0.001252s ]

[ 2014-12-22T14:10:26+08:00 ] 10.1.1.228 /
INFO: [ app_begin ] --START--
INFO: ReadHtmlCache Behavior ::run [ RunTime:0.001064s ]
INFO: [ app_begin ] --END-- [ RunTime:0.001191s ]
SQL: SHOW COLUMNS FROM `website_index_images` [ RunTime:0.004256s ]
SQL: SELECT * FROM `website_index_images` WHERE ( lang='de' and used=1 ) ORDER BY num asc,id asc  [ RunTime:0.000603s ]
NOTIC: [2] Invalid argument supplied for foreach() D:\wamp\www\projcet\babyweb\de\Lib\Action\IndexAction.class.php 第 9 行.
NOTIC: [8] Undefined variable: res D:\wamp\www\projcet\babyweb\de\Lib\Action\IndexAction.class.php 第 18 行.
INFO: [ view_parse ] --START--
INFO: ParseTemplate Behavior ::run [ RunTime:0.036946s ]
INFO: [ view_parse ] --END-- [ RunTime:0.037114s ]
INFO: [ view_filter ] --START--
INFO: ContentReplace Behavior ::run [ RunTime:0.000704s ]
INFO: TokenBuild Behavior ::run [ RunTime:0.000597s ]
INFO: WriteHtmlCache Behavior ::run [ RunTime:0.000464s ]
INFO: ShowRuntime Behavior ::run [ RunTime:0.000706s ]
INFO: [ view_filter ] --END-- [ RunTime:0.002730s ]
INFO: [ view_end ] --START--
INFO: ShowPageTrace Behavior ::run [ RunTime:0.001282s ]
INFO: [ view_end ] --END-- [ RunTime:0.001422s ]

[ 2014-12-22T14:10:30+08:00 ] 10.1.1.228 /
INFO: [ app_begin ] --START--
INFO: ReadHtmlCache Behavior ::run [ RunTime:0.000925s ]
INFO: [ app_begin ] --END-- [ RunTime:0.001057s ]
SQL: SHOW COLUMNS FROM `website_index_images` [ RunTime:0.003966s ]
SQL: SELECT * FROM `website_index_images` WHERE ( lang='de' and used=1 ) ORDER BY num asc,id asc  [ RunTime:0.000695s ]
NOTIC: [2] Invalid argument supplied for foreach() D:\wamp\www\projcet\babyweb\de\Lib\Action\IndexAction.class.php 第 9 行.
NOTIC: [8] Undefined variable: res D:\wamp\www\projcet\babyweb\de\Lib\Action\IndexAction.class.php 第 18 行.
INFO: [ view_parse ] --START--
INFO: ParseTemplate Behavior ::run [ RunTime:0.033893s ]
INFO: [ view_parse ] --END-- [ RunTime:0.034016s ]
INFO: [ view_filter ] --START--
INFO: ContentReplace Behavior ::run [ RunTime:0.002319s ]
INFO: TokenBuild Behavior ::run [ RunTime:0.000762s ]
INFO: WriteHtmlCache Behavior ::run [ RunTime:0.000339s ]
INFO: ShowRuntime Behavior ::run [ RunTime:0.000596s ]
INFO: [ view_filter ] --END-- [ RunTime:0.004302s ]
INFO: [ view_end ] --START--
INFO: ShowPageTrace Behavior ::run [ RunTime:0.001067s ]
INFO: [ view_end ] --END-- [ RunTime:0.001162s ]

[ 2014-12-22T14:10:33+08:00 ] 10.1.1.228 /
INFO: [ app_begin ] --START--
INFO: ReadHtmlCache Behavior ::run [ RunTime:0.001201s ]
INFO: [ app_begin ] --END-- [ RunTime:0.001341s ]
SQL: SHOW COLUMNS FROM `website_index_images` [ RunTime:0.004319s ]
SQL: SELECT * FROM `website_index_images` WHERE ( lang='de' and used=1 ) ORDER BY num asc,id asc  [ RunTime:0.000877s ]
NOTIC: [2] Invalid argument supplied for foreach() D:\wamp\www\projcet\babyweb\de\Lib\Action\IndexAction.class.php 第 9 行.
NOTIC: [8] Undefined variable: res D:\wamp\www\projcet\babyweb\de\Lib\Action\IndexAction.class.php 第 18 行.
INFO: [ view_parse ] --START--
INFO: ParseTemplate Behavior ::run [ RunTime:0.035415s ]
INFO: [ view_parse ] --END-- [ RunTime:0.035549s ]
INFO: [ view_filter ] --START--
INFO: ContentReplace Behavior ::run [ RunTime:0.000748s ]
INFO: TokenBuild Behavior ::run [ RunTime:0.000604s ]
INFO: WriteHtmlCache Behavior ::run [ RunTime:0.000444s ]
INFO: ShowRuntime Behavior ::run [ RunTime:0.000707s ]
INFO: [ view_filter ] --END-- [ RunTime:0.002739s ]
INFO: [ view_end ] --START--
INFO: ShowPageTrace Behavior ::run [ RunTime:0.001209s ]
INFO: [ view_end ] --END-- [ RunTime:0.001316s ]

[ 2014-12-22T14:11:08+08:00 ] 10.1.1.228 /
INFO: [ app_begin ] --START--
INFO: ReadHtmlCache Behavior ::run [ RunTime:0.000957s ]
INFO: [ app_begin ] --END-- [ RunTime:0.001074s ]
SQL: SHOW COLUMNS FROM `website_index_images` [ RunTime:0.004166s ]
SQL: SELECT * FROM `website_index_images` WHERE ( lang='de' and used=1 ) ORDER BY num asc,id asc  [ RunTime:0.000935s ]
NOTIC: [8] Trying to get property of non-object D:\wamp\www\projcet\babyweb\de\Lib\Action\IndexAction.class.php 第 11 行.
NOTIC: [8] Trying to get property of non-object D:\wamp\www\projcet\babyweb\de\Lib\Action\IndexAction.class.php 第 11 行.
NOTIC: [8] Trying to get property of non-object D:\wamp\www\projcet\babyweb\de\Lib\Action\IndexAction.class.php 第 12 行.
NOTIC: [8] Trying to get property of non-object D:\wamp\www\projcet\babyweb\de\Lib\Action\IndexAction.class.php 第 12 行.
NOTIC: [8] Trying to get property of non-object D:\wamp\www\projcet\babyweb\de\Lib\Action\IndexAction.class.php 第 13 行.
INFO: [ view_parse ] --START--
NOTIC: [8] Use of undefined constant one - assumed 'one' D:\wamp\www\projcet\babyweb\de\Runtime\Cache\6d2f5fd2f3988efe26204a1b7e6951b2.php 第 130 行.
NOTIC: [8] Use of undefined constant one - assumed 'one' D:\wamp\www\projcet\babyweb\de\Runtime\Cache\6d2f5fd2f3988efe26204a1b7e6951b2.php 第 130 行.
NOTIC: [8] Use of undefined constant one - assumed 'one' D:\wamp\www\projcet\babyweb\de\Runtime\Cache\6d2f5fd2f3988efe26204a1b7e6951b2.php 第 201 行.
NOTIC: [8] Use of undefined constant one3 - assumed 'one3' D:\wamp\www\projcet\babyweb\de\Runtime\Cache\6d2f5fd2f3988efe26204a1b7e6951b2.php 第 216 行.
NOTIC: [8] Use of undefined constant one - assumed 'one' D:\wamp\www\projcet\babyweb\de\Runtime\Cache\6d2f5fd2f3988efe26204a1b7e6951b2.php 第 201 行.
NOTIC: [8] Use of undefined constant one3 - assumed 'one3' D:\wamp\www\projcet\babyweb\de\Runtime\Cache\6d2f5fd2f3988efe26204a1b7e6951b2.php 第 216 行.
INFO: ParseTemplate Behavior ::run [ RunTime:0.037754s ]
INFO: [ view_parse ] --END-- [ RunTime:0.037864s ]
INFO: [ view_filter ] --START--
INFO: ContentReplace Behavior ::run [ RunTime:0.001039s ]
INFO: TokenBuild Behavior ::run [ RunTime:0.000708s ]
INFO: WriteHtmlCache Behavior ::run [ RunTime:0.000522s ]
INFO: ShowRuntime Behavior ::run [ RunTime:0.000753s ]
INFO: [ view_filter ] --END-- [ RunTime:0.003309s ]
INFO: [ view_end ] --START--
INFO: ShowPageTrace Behavior ::run [ RunTime:0.001630s ]
INFO: [ view_end ] --END-- [ RunTime:0.001763s ]

