[ 2014-12-25T14:31:15+08:00 ] 127.0.0.1 /projcet/babyweb/htdocs/de/
INFO: [ app_begin ] --START--
INFO: ReadHtmlCache Behavior ::run [ RunTime:0.001873s ]
INFO: [ app_begin ] --END-- [ RunTime:0.002069s ]
SQL: SHOW COLUMNS FROM `link` [ RunTime:0.006017s ]
SQL: SELECT * FROM `link` WHERE ( `lang` = 'de' ) ORDER BY link_sort LIMIT 10   [ RunTime:0.001120s ]
SQL: SHOW COLUMNS FROM `website_index_images` [ RunTime:0.006011s ]
SQL: SELECT * FROM `website_index_images` WHERE ( lang='de' and used=1 ) ORDER BY num asc,id asc  [ RunTime:0.001148s ]
NOTIC: [8] Trying to get property of non-object D:\wamp\www\projcet\babyweb\de\Lib\Action\IndexAction.class.php 第 11 行.
NOTIC: [8] Trying to get property of non-object D:\wamp\www\projcet\babyweb\de\Lib\Action\IndexAction.class.php 第 11 行.
NOTIC: [8] Trying to get property of non-object D:\wamp\www\projcet\babyweb\de\Lib\Action\IndexAction.class.php 第 12 行.
NOTIC: [8] Trying to get property of non-object D:\wamp\www\projcet\babyweb\de\Lib\Action\IndexAction.class.php 第 12 行.
NOTIC: [8] Trying to get property of non-object D:\wamp\www\projcet\babyweb\de\Lib\Action\IndexAction.class.php 第 13 行.
INFO: [ view_parse ] --START--
NOTIC: [8] Use of undefined constant one - assumed 'one' D:\wamp\www\projcet\babyweb\de\Runtime\Cache\6d2f5fd2f3988efe26204a1b7e6951b2.php 第 130 行.
NOTIC: [8] Use of undefined constant one - assumed 'one' D:\wamp\www\projcet\babyweb\de\Runtime\Cache\6d2f5fd2f3988efe26204a1b7e6951b2.php 第 130 行.
NOTIC: [8] Use of undefined constant one - assumed 'one' D:\wamp\www\projcet\babyweb\de\Runtime\Cache\6d2f5fd2f3988efe26204a1b7e6951b2.php 第 201 行.
NOTIC: [8] Use of undefined constant one3 - assumed 'one3' D:\wamp\www\projcet\babyweb\de\Runtime\Cache\6d2f5fd2f3988efe26204a1b7e6951b2.php 第 216 行.
NOTIC: [8] Use of undefined constant one - assumed 'one' D:\wamp\www\projcet\babyweb\de\Runtime\Cache\6d2f5fd2f3988efe26204a1b7e6951b2.php 第 201 行.
NOTIC: [8] Use of undefined constant one3 - assumed 'one3' D:\wamp\www\projcet\babyweb\de\Runtime\Cache\6d2f5fd2f3988efe26204a1b7e6951b2.php 第 216 行.
INFO: ParseTemplate Behavior ::run [ RunTime:0.081624s ]
INFO: [ view_parse ] --END-- [ RunTime:0.081775s ]
INFO: [ view_filter ] --START--
INFO: ContentReplace Behavior ::run [ RunTime:0.014781s ]
INFO: TokenBuild Behavior ::run [ RunTime:0.001202s ]
INFO: WriteHtmlCache Behavior ::run [ RunTime:0.001296s ]
INFO: ShowRuntime Behavior ::run [ RunTime:0.001607s ]
INFO: [ view_filter ] --END-- [ RunTime:0.019392s ]
INFO: [ view_end ] --START--
INFO: ShowPageTrace Behavior ::run [ RunTime:0.001941s ]
INFO: [ view_end ] --END-- [ RunTime:0.002125s ]

[ 2014-12-25T14:33:32+08:00 ] 127.0.0.1 /projcet/babyweb/htdocs/de/
INFO: [ app_begin ] --START--
INFO: ReadHtmlCache Behavior ::run [ RunTime:0.002046s ]
INFO: [ app_begin ] --END-- [ RunTime:0.002259s ]
SQL: SHOW COLUMNS FROM `link` [ RunTime:0.005490s ]
SQL: SELECT * FROM `link` WHERE ( `lang` = 'de' ) ORDER BY link_sort LIMIT 10   [ RunTime:0.001078s ]
SQL: SHOW COLUMNS FROM `website_index_images` [ RunTime:0.007362s ]
SQL: SELECT * FROM `website_index_images` WHERE ( lang='de' and used=1 ) ORDER BY num asc,id asc  [ RunTime:0.001779s ]
NOTIC: [8] Trying to get property of non-object D:\wamp\www\projcet\babyweb\de\Lib\Action\IndexAction.class.php 第 11 行.
NOTIC: [8] Trying to get property of non-object D:\wamp\www\projcet\babyweb\de\Lib\Action\IndexAction.class.php 第 11 行.
NOTIC: [8] Trying to get property of non-object D:\wamp\www\projcet\babyweb\de\Lib\Action\IndexAction.class.php 第 12 行.
NOTIC: [8] Trying to get property of non-object D:\wamp\www\projcet\babyweb\de\Lib\Action\IndexAction.class.php 第 12 行.
NOTIC: [8] Trying to get property of non-object D:\wamp\www\projcet\babyweb\de\Lib\Action\IndexAction.class.php 第 13 行.
INFO: [ view_parse ] --START--
NOTIC: [8] Use of undefined constant one - assumed 'one' D:\wamp\www\projcet\babyweb\de\Runtime\Cache\6d2f5fd2f3988efe26204a1b7e6951b2.php 第 130 行.
NOTIC: [8] Use of undefined constant one - assumed 'one' D:\wamp\www\projcet\babyweb\de\Runtime\Cache\6d2f5fd2f3988efe26204a1b7e6951b2.php 第 130 行.
NOTIC: [8] Use of undefined constant one - assumed 'one' D:\wamp\www\projcet\babyweb\de\Runtime\Cache\6d2f5fd2f3988efe26204a1b7e6951b2.php 第 201 行.
NOTIC: [8] Use of undefined constant one3 - assumed 'one3' D:\wamp\www\projcet\babyweb\de\Runtime\Cache\6d2f5fd2f3988efe26204a1b7e6951b2.php 第 216 行.
NOTIC: [8] Use of undefined constant one - assumed 'one' D:\wamp\www\projcet\babyweb\de\Runtime\Cache\6d2f5fd2f3988efe26204a1b7e6951b2.php 第 201 行.
NOTIC: [8] Use of undefined constant one3 - assumed 'one3' D:\wamp\www\projcet\babyweb\de\Runtime\Cache\6d2f5fd2f3988efe26204a1b7e6951b2.php 第 216 行.
INFO: ParseTemplate Behavior ::run [ RunTime:0.059744s ]
INFO: [ view_parse ] --END-- [ RunTime:0.059916s ]
INFO: [ view_filter ] --START--
INFO: ContentReplace Behavior ::run [ RunTime:0.001721s ]
INFO: TokenBuild Behavior ::run [ RunTime:0.001576s ]
INFO: WriteHtmlCache Behavior ::run [ RunTime:0.001351s ]
INFO: ShowRuntime Behavior ::run [ RunTime:0.001499s ]
INFO: [ view_filter ] --END-- [ RunTime:0.006642s ]
INFO: [ view_end ] --START--
INFO: ShowPageTrace Behavior ::run [ RunTime:0.001917s ]
INFO: [ view_end ] --END-- [ RunTime:0.002110s ]

[ 2014-12-25T14:44:33+08:00 ] 127.0.0.1 /projcet/babyweb/htdocs/de/
INFO: [ app_begin ] --START--
INFO: ReadHtmlCache Behavior ::run [ RunTime:0.002273s ]
INFO: [ app_begin ] --END-- [ RunTime:0.002480s ]
SQL: SHOW COLUMNS FROM `link` [ RunTime:0.005688s ]
SQL: SELECT * FROM `link` WHERE ( `lang` = 'de' ) ORDER BY link_sort LIMIT 10   [ RunTime:0.001243s ]
SQL: SHOW COLUMNS FROM `website_index_images` [ RunTime:0.006265s ]
SQL: SELECT * FROM `website_index_images` WHERE ( lang='de' and used=1 ) ORDER BY num asc,id asc  [ RunTime:0.001300s ]
NOTIC: [8] Trying to get property of non-object D:\wamp\www\projcet\babyweb\de\Lib\Action\IndexAction.class.php 第 11 行.
NOTIC: [8] Trying to get property of non-object D:\wamp\www\projcet\babyweb\de\Lib\Action\IndexAction.class.php 第 11 行.
NOTIC: [8] Trying to get property of non-object D:\wamp\www\projcet\babyweb\de\Lib\Action\IndexAction.class.php 第 12 行.
NOTIC: [8] Trying to get property of non-object D:\wamp\www\projcet\babyweb\de\Lib\Action\IndexAction.class.php 第 12 行.
NOTIC: [8] Trying to get property of non-object D:\wamp\www\projcet\babyweb\de\Lib\Action\IndexAction.class.php 第 13 行.
INFO: [ view_parse ] --START--
NOTIC: [8] Use of undefined constant one - assumed 'one' D:\wamp\www\projcet\babyweb\de\Runtime\Cache\6d2f5fd2f3988efe26204a1b7e6951b2.php 第 130 行.
NOTIC: [8] Use of undefined constant one - assumed 'one' D:\wamp\www\projcet\babyweb\de\Runtime\Cache\6d2f5fd2f3988efe26204a1b7e6951b2.php 第 130 行.
NOTIC: [8] Use of undefined constant one - assumed 'one' D:\wamp\www\projcet\babyweb\de\Runtime\Cache\6d2f5fd2f3988efe26204a1b7e6951b2.php 第 201 行.
NOTIC: [8] Use of undefined constant one3 - assumed 'one3' D:\wamp\www\projcet\babyweb\de\Runtime\Cache\6d2f5fd2f3988efe26204a1b7e6951b2.php 第 216 行.
NOTIC: [8] Use of undefined constant one - assumed 'one' D:\wamp\www\projcet\babyweb\de\Runtime\Cache\6d2f5fd2f3988efe26204a1b7e6951b2.php 第 201 行.
NOTIC: [8] Use of undefined constant one3 - assumed 'one3' D:\wamp\www\projcet\babyweb\de\Runtime\Cache\6d2f5fd2f3988efe26204a1b7e6951b2.php 第 216 行.
INFO: ParseTemplate Behavior ::run [ RunTime:0.084806s ]
INFO: [ view_parse ] --END-- [ RunTime:0.084987s ]
INFO: [ view_filter ] --START--
INFO: ContentReplace Behavior ::run [ RunTime:0.002061s ]
INFO: TokenBuild Behavior ::run [ RunTime:0.001763s ]
INFO: WriteHtmlCache Behavior ::run [ RunTime:0.001460s ]
INFO: ShowRuntime Behavior ::run [ RunTime:0.001801s ]
INFO: [ view_filter ] --END-- [ RunTime:0.007611s ]
INFO: [ view_end ] --START--
INFO: ShowPageTrace Behavior ::run [ RunTime:0.002084s ]
INFO: [ view_end ] --END-- [ RunTime:0.002251s ]

