[ 2014-11-18T15:51:12+08:00 ] 127.0.0.1 /projcet/babyweb/htdocs/ja/
INFO: [ app_begin ] --START--
INFO: ReadHtmlCache Behavior ::run [ RunTime:0.001048s ]
INFO: [ app_begin ] --END-- [ RunTime:0.001286s ]
SQL: SHOW COLUMNS FROM `website_index_images` [ RunTime:0.003195s ]
SQL: SELECT * FROM `website_index_images` WHERE ( lang='ja' and used=1 ) ORDER BY num asc,id asc  [ RunTime:0.001083s ]
NOTIC: [2] Invalid argument supplied for foreach() D:\wamp\www\projcet\babyweb\ja\Lib\Action\IndexAction.class.php 第 9 行.
NOTIC: [8] Undefined variable: res D:\wamp\www\projcet\babyweb\ja\Lib\Action\IndexAction.class.php 第 15 行.
INFO: [ view_parse ] --START--
INFO: ParseTemplate Behavior ::run [ RunTime:0.070208s ]
INFO: [ view_parse ] --END-- [ RunTime:0.070936s ]
INFO: [ view_filter ] --START--
INFO: ContentReplace Behavior ::run [ RunTime:0.000812s ]
INFO: TokenBuild Behavior ::run [ RunTime:0.000731s ]
INFO: WriteHtmlCache Behavior ::run [ RunTime:0.000544s ]
INFO: ShowRuntime Behavior ::run [ RunTime:0.000816s ]
INFO: [ view_filter ] --END-- [ RunTime:0.003226s ]
INFO: [ view_end ] --START--
INFO: ShowPageTrace Behavior ::run [ RunTime:0.001242s ]
INFO: [ view_end ] --END-- [ RunTime:0.001366s ]

