[ 2014-12-22T14:14:25+08:00 ] 10.1.1.228 /
INFO: [ app_begin ] --START--
INFO: ReadHtmlCache Behavior ::run [ RunTime:0.001083s ]
INFO: [ app_begin ] --END-- [ RunTime:0.001221s ]
SQL: SHOW COLUMNS FROM `website_index_images` [ RunTime:0.005691s ]
SQL: SELECT * FROM `website_index_images` WHERE ( lang='ja' and used=1 ) ORDER BY num asc,id asc  [ RunTime:0.001364s ]
NOTIC: [8] unserialize() [<a href='function.unserialize'>function.unserialize</a>]: Error at offset 0 of 211 bytes D:\wamp\www\projcet\babyweb\ja\Lib\Action\IndexAction.class.php 第 10 行.
INFO: [ view_parse ] --START--
NOTIC: [8] Use of undefined constant one - assumed 'one' D:\wamp\www\projcet\babyweb\ja\Runtime\Cache\5cdc59ca564554b0ed3964191a28ef71.php 第 128 行.
NOTIC: [8] Use of undefined constant one3 - assumed 'one3' D:\wamp\www\projcet\babyweb\ja\Runtime\Cache\5cdc59ca564554b0ed3964191a28ef71.php 第 143 行.
NOTIC: [8] Use of undefined constant one - assumed 'one' D:\wamp\www\projcet\babyweb\ja\Runtime\Cache\5cdc59ca564554b0ed3964191a28ef71.php 第 213 行.
INFO: ParseTemplate Behavior ::run [ RunTime:0.102722s ]
INFO: [ view_parse ] --END-- [ RunTime:0.102875s ]
INFO: [ view_filter ] --START--
INFO: ContentReplace Behavior ::run [ RunTime:0.001132s ]
INFO: TokenBuild Behavior ::run [ RunTime:0.000722s ]
INFO: WriteHtmlCache Behavior ::run [ RunTime:0.000472s ]
INFO: ShowRuntime Behavior ::run [ RunTime:0.000735s ]
INFO: [ view_filter ] --END-- [ RunTime:0.003339s ]
INFO: [ view_end ] --START--
INFO: ShowPageTrace Behavior ::run [ RunTime:0.001247s ]
INFO: [ view_end ] --END-- [ RunTime:0.001389s ]

[ 2014-12-22T14:15:02+08:00 ] 10.1.1.228 /
INFO: [ app_begin ] --START--
INFO: ReadHtmlCache Behavior ::run [ RunTime:0.000951s ]
INFO: [ app_begin ] --END-- [ RunTime:0.001077s ]
SQL: SHOW COLUMNS FROM `website_index_images` [ RunTime:0.004469s ]
SQL: SELECT * FROM `website_index_images` WHERE ( lang='ja' and used=1 ) ORDER BY num asc,id asc  [ RunTime:0.001229s ]
INFO: [ view_parse ] --START--
NOTIC: [8] Use of undefined constant one - assumed 'one' D:\wamp\www\projcet\babyweb\ja\Runtime\Cache\5cdc59ca564554b0ed3964191a28ef71.php 第 128 行.
NOTIC: [8] Use of undefined constant one3 - assumed 'one3' D:\wamp\www\projcet\babyweb\ja\Runtime\Cache\5cdc59ca564554b0ed3964191a28ef71.php 第 143 行.
NOTIC: [8] Use of undefined constant one - assumed 'one' D:\wamp\www\projcet\babyweb\ja\Runtime\Cache\5cdc59ca564554b0ed3964191a28ef71.php 第 213 行.
INFO: ParseTemplate Behavior ::run [ RunTime:0.040383s ]
INFO: [ view_parse ] --END-- [ RunTime:0.040496s ]
INFO: [ view_filter ] --START--
INFO: ContentReplace Behavior ::run [ RunTime:0.000761s ]
INFO: TokenBuild Behavior ::run [ RunTime:0.000587s ]
INFO: WriteHtmlCache Behavior ::run [ RunTime:0.000440s ]
INFO: ShowRuntime Behavior ::run [ RunTime:0.000710s ]
INFO: [ view_filter ] --END-- [ RunTime:0.002737s ]
INFO: [ view_end ] --START--
INFO: ShowPageTrace Behavior ::run [ RunTime:0.000996s ]
INFO: [ view_end ] --END-- [ RunTime:0.001105s ]

[ 2014-12-22T14:15:34+08:00 ] 10.1.1.228 /
INFO: [ app_begin ] --START--
INFO: ReadHtmlCache Behavior ::run [ RunTime:0.000944s ]
INFO: [ app_begin ] --END-- [ RunTime:0.001070s ]
SQL: SHOW COLUMNS FROM `website_index_images` [ RunTime:0.004553s ]
SQL: SELECT * FROM `website_index_images` WHERE ( lang='ja' and used=1 ) ORDER BY num asc,id asc  [ RunTime:0.001270s ]
INFO: [ view_parse ] --START--
NOTIC: [8] Use of undefined constant one - assumed 'one' D:\wamp\www\projcet\babyweb\ja\Runtime\Cache\5cdc59ca564554b0ed3964191a28ef71.php 第 128 行.
NOTIC: [8] Use of undefined constant one3 - assumed 'one3' D:\wamp\www\projcet\babyweb\ja\Runtime\Cache\5cdc59ca564554b0ed3964191a28ef71.php 第 140 行.
NOTIC: [8] Use of undefined constant one - assumed 'one' D:\wamp\www\projcet\babyweb\ja\Runtime\Cache\5cdc59ca564554b0ed3964191a28ef71.php 第 210 行.
INFO: ParseTemplate Behavior ::run [ RunTime:0.037762s ]
INFO: [ view_parse ] --END-- [ RunTime:0.037873s ]
INFO: [ view_filter ] --START--
INFO: ContentReplace Behavior ::run [ RunTime:0.000739s ]
INFO: TokenBuild Behavior ::run [ RunTime:0.000609s ]
INFO: WriteHtmlCache Behavior ::run [ RunTime:0.000465s ]
INFO: ShowRuntime Behavior ::run [ RunTime:0.000768s ]
INFO: [ view_filter ] --END-- [ RunTime:0.002842s ]
INFO: [ view_end ] --START--
INFO: ShowPageTrace Behavior ::run [ RunTime:0.001696s ]
INFO: [ view_end ] --END-- [ RunTime:0.001879s ]

[ 2014-12-22T14:16:07+08:00 ] 10.1.1.228 /
INFO: [ app_begin ] --START--
INFO: ReadHtmlCache Behavior ::run [ RunTime:0.001411s ]
INFO: [ app_begin ] --END-- [ RunTime:0.001580s ]
SQL: SHOW COLUMNS FROM `website_index_images` [ RunTime:0.004522s ]
SQL: SELECT * FROM `website_index_images` WHERE ( lang='ja' and used=1 ) ORDER BY num asc,id asc  [ RunTime:0.001233s ]
INFO: [ view_parse ] --START--
NOTIC: [8] Use of undefined constant one - assumed 'one' D:\wamp\www\projcet\babyweb\ja\Runtime\Cache\5cdc59ca564554b0ed3964191a28ef71.php 第 128 行.
NOTIC: [8] Use of undefined constant one3 - assumed 'one3' D:\wamp\www\projcet\babyweb\ja\Runtime\Cache\5cdc59ca564554b0ed3964191a28ef71.php 第 140 行.
NOTIC: [8] Use of undefined constant one - assumed 'one' D:\wamp\www\projcet\babyweb\ja\Runtime\Cache\5cdc59ca564554b0ed3964191a28ef71.php 第 210 行.
INFO: ParseTemplate Behavior ::run [ RunTime:0.043662s ]
INFO: [ view_parse ] --END-- [ RunTime:0.043798s ]
INFO: [ view_filter ] --START--
INFO: ContentReplace Behavior ::run [ RunTime:0.000876s ]
INFO: TokenBuild Behavior ::run [ RunTime:0.000634s ]
INFO: WriteHtmlCache Behavior ::run [ RunTime:0.000607s ]
INFO: ShowRuntime Behavior ::run [ RunTime:0.001008s ]
INFO: [ view_filter ] --END-- [ RunTime:0.003410s ]
INFO: [ view_end ] --START--
INFO: ShowPageTrace Behavior ::run [ RunTime:0.001406s ]
INFO: [ view_end ] --END-- [ RunTime:0.001583s ]

[ 2014-12-22T14:16:53+08:00 ] 10.1.1.228 /
INFO: [ app_begin ] --START--
INFO: ReadHtmlCache Behavior ::run [ RunTime:0.001468s ]
INFO: [ app_begin ] --END-- [ RunTime:0.001605s ]
SQL: SHOW COLUMNS FROM `website_index_images` [ RunTime:0.005931s ]
SQL: SELECT * FROM `website_index_images` WHERE ( lang='ja' and used=1 ) ORDER BY num asc,id asc  [ RunTime:0.001872s ]
INFO: [ view_parse ] --START--
NOTIC: [8] Use of undefined constant one - assumed 'one' D:\wamp\www\projcet\babyweb\ja\Runtime\Cache\5cdc59ca564554b0ed3964191a28ef71.php 第 128 行.
NOTIC: [8] Use of undefined constant one3 - assumed 'one3' D:\wamp\www\projcet\babyweb\ja\Runtime\Cache\5cdc59ca564554b0ed3964191a28ef71.php 第 139 行.
NOTIC: [8] Use of undefined constant one - assumed 'one' D:\wamp\www\projcet\babyweb\ja\Runtime\Cache\5cdc59ca564554b0ed3964191a28ef71.php 第 209 行.
INFO: ParseTemplate Behavior ::run [ RunTime:0.044184s ]
INFO: [ view_parse ] --END-- [ RunTime:0.044296s ]
INFO: [ view_filter ] --START--
INFO: ContentReplace Behavior ::run [ RunTime:0.001184s ]
INFO: TokenBuild Behavior ::run [ RunTime:0.000952s ]
INFO: WriteHtmlCache Behavior ::run [ RunTime:0.000791s ]
INFO: ShowRuntime Behavior ::run [ RunTime:0.001374s ]
INFO: [ view_filter ] --END-- [ RunTime:0.004583s ]
INFO: [ view_end ] --START--
INFO: ShowPageTrace Behavior ::run [ RunTime:0.002635s ]
INFO: [ view_end ] --END-- [ RunTime:0.002971s ]

