[ 2015-02-13T10:02:30+08:00 ] 127.0.0.1 /projcet/babyweb/htdocs/ja/index.php/index/link.shtml
INFO: [ route_check ] --START--
INFO: CheckRoute Behavior ::run [ RunTime:0.006281s ]
INFO: [ route_check ] --END-- [ RunTime:0.006433s ]
INFO: [ app_begin ] --START--
INFO: ReadHtmlCache Behavior ::run [ RunTime:0.001538s ]
INFO: [ app_begin ] --END-- [ RunTime:0.001741s ]
SQL: SHOW COLUMNS FROM `website_link` [ RunTime:0.007011s ]
SQL: SELECT * FROM `website_link` WHERE ( `lang` = 'ja' ) ORDER BY link_sort LIMIT 10   [ RunTime:0.014508s ]
SQL: SELECT * FROM `website_link` WHERE ( `lang` = 'ja' ) ORDER BY link_sort  [ RunTime:0.000577s ]
INFO: [ view_parse ] --START--
INFO: ParseTemplate Behavior ::run [ RunTime:0.084137s ]
INFO: [ view_parse ] --END-- [ RunTime:0.084280s ]
INFO: [ view_filter ] --START--
INFO: ContentReplace Behavior ::run [ RunTime:0.014157s ]
INFO: TokenBuild Behavior ::run [ RunTime:0.010213s ]
INFO: WriteHtmlCache Behavior ::run [ RunTime:0.013350s ]
INFO: ShowRuntime Behavior ::run [ RunTime:0.004248s ]
INFO: [ view_filter ] --END-- [ RunTime:0.042323s ]
INFO: [ view_end ] --START--
INFO: ShowPageTrace Behavior ::run [ RunTime:0.007835s ]
INFO: [ view_end ] --END-- [ RunTime:0.008066s ]

